<?xml version="1.0" encoding="utf-8"?>
<test>
  <userstory name="us1">
    <testapp name="my app">
      <version>1.1</version>
      <server>server</server>
      <profile>profile</profile>
    </testapp>
    <testcase name="case1">
      <result>1</result>
      <start>3:39:47 AM</start>
      <end>3:41:20 AM</end>
      <log>Microsoft.</log>
      <screen>C:\\*.png</screen>
    </testcase>
    <testcase name="case2">
      <result>0</result>
      <start>3:39:47 AM</start>
      <end>3:41:20 AM</end>
      <log>Microsoft.</log>
      <screen>C:\\*.png</screen>
    </testcase>
  </userstory>
</test>