<?xml version="1.0" encoding="utf-8"?>
<test>
  <userstory name="E2E">
    <testapp name="OrderEntry">
      <version> 4.19.248.1</version>
      <server>Development</server>
      <profile>Integration</profile>
    </testapp>
    <testapp name="Office">
      <version> 1.19.248.1</version>
      <server>Development</server>
      <profile>Integration</profile>
    </testapp>
    <testcase name="BasicQuoteAndApprove_2267">
      <result>1</result>
      <start>3:59:14 AM</start>
      <end>4:06:14 AM</end>
      <log>Microsoft.VisualStudio.TestTools.UITest.Extension.UITestControlNotFoundException: The playback failed to find the control with the given search properties. Additional Details: 
TechnologyName:  'MSAA'
ControlType:  'ComboBox'
ControlName:  'cboDisposition'
 ---  System.Runtime.InteropServices.COMException: Error HRESULT E_FAIL has been returned from a call to a COM component.
   at Microsoft.VisualStudio.TestTools.UITest.Playback.Engine.IRPFPlayback.FindAllScreenElements IScreenElement pScreenElementStart, String bstrQueryId, Object  pvarResKeys, Int32 cResKeys, Int32 nMaxDepth, Object    foundDescendants 
   at Microsoft.VisualStudio.TestTools.UITest.Playback.ScreenElement.FindTopLevelWindowHelper String queryId 
   at Microsoft.VisualStudio.TestTools.UITest.Playback.ScreenElement.FindFromPartialQueryId String queryId, Boolean resetSkipStep 
   at Microsoft.VisualStudio.TestTools.UITesting.UITestControl..ctor String queryId 
   --- End of inner exception stack trace ---
   at Microsoft.VisualStudio.TestTools.UITesting.Playback.MapControlNotFoundException COMException ex, IPlaybackContext context 
   at Microsoft.VisualStudio.TestTools.UITesting.Playback.MapAndThrowComException COMException innerException, IPlaybackContext context 
   at Microsoft.VisualStudio.TestTools.UITesting.Playback.MapAndThrowException Exception exception, IPlaybackContext context 
   at Microsoft.VisualStudio.TestTools.UITesting.Playback.MapAndThrowException Exception exception, String queryId 
   at Microsoft.VisualStudio.TestTools.UITesting.UITestControl..ctor String queryId 
   at Microsoft.VisualStudio.TestTools.UITesting.SearchHelper.SearchTopLevelWindow ISearchArgument topLevelSearchArg, String topLevelElementQueryId 
   at Microsoft.VisualStudio.TestTools.UITesting.SearchHelper.GetTitleUpdatedTopLevelWindow ISearchArgument topLevelSearchArg, String queryId, IList`1 windowTitles 
   at Microsoft.VisualStudio.TestTools.UITesting.SearchHelper.GetTopLevelElement Boolean useCache, Boolean useCacheOnly, ISearchArgument searchArg, IList`1 windowTitles, Int32  timeLeft 
   at Microsoft.VisualStudio.TestTools.UITesting.SearchHelper.GetElement Boolean useCache, ISearchArgument searchArg 
   at Microsoft.VisualStudio.TestTools.UITesting.SearchHelper.Search ISearchArgument searchArg 
   at Microsoft.VisualStudio.TestTools.UITesting.UITestControl.FindInternal  
   at Microsoft.VisualStudio.TestTools.UITesting.UITestControl.FindControlIfNecessary  
   at Microsoft.VisualStudio.TestTools.UITesting.UITestControl.SetPropertyPrivate String propertyName, Object value 
   at Microsoft.VisualStudio.TestTools.UITesting.UITestControl.  c__DisplayClass3e. SetProperty b__3d  
   at Microsoft.VisualStudio.TestTools.UITesting.CodedUITestMethodInvoker.InvokeMethod T  Func`1 function, UITestControl control, Boolean firePlaybackErrorEvent, Boolean logAsAction 
   at Microsoft.VisualStudio.TestTools.UITesting.UITestControl.SetProperty String propertyName, Object value 
   at Microsoft.VisualStudio.TestTools.UITesting.WinControls.WinComboBox.set_SelectedItem String value 
   at TOG.WinUITest.Office.Agents.CustomerService.ParticipantsUI.Disposition String disCode  in c:\WeiMing\Workspaces\TOG\Novatus\Development\Testing\NovatusWinUIAuto\NovatusOfficeAutoTest\OfficeAgents\CustomerService\ParticipantsUI.cs:line 193
   at TOG.WinUITest.OrderEntry.TestCases.E2E.BasicQuoteAndApprove_2267   in c:\WeiMing\Workspaces\TOG\Novatus\Development\Testing\NovatusWinUIAuto\E2EWinUIAutoTest\TestCases\E2E.cs:line 450</log>
      <screen>C:\\NewTestPass\\Screenshot\\2019-09-09 04.06.14.png</screen>
    </testcase>
    <testcase name="BasicQuoteAndVoid_2269">
      <result>0</result>
      <start>4:06:14 AM</start>
      <end>4:13:07 AM</end>
      <log>
      </log>
      <screen>
      </screen>
    </testcase>
    <testcase name="MakeProofWithMix_2281">
      <result>0</result>
      <start>4:13:07 AM</start>
      <end>4:19:24 AM</end>
      <log>OrderNumber: 191002276</log>
      <screen>
      </screen>
    </testcase>
    <testcase name="MakeProofWithQuesion_2283">
      <result>0</result>
      <start>4:19:25 AM</start>
      <end>4:23:44 AM</end>
      <log>OrderNumber: 191002279</log>
      <screen>
      </screen>
    </testcase>
    <testcase name="ProofAproveAsIS_2236">
      <result>0</result>
      <start>4:23:44 AM</start>
      <end>4:34:43 AM</end>
      <log>OrderNumber: 191002281 br  Start reroute to prod at 9 9 2019 4:28:03 AM br  End reroute to prod at 9 9 2019 4:34:09 AM br  </log>
      <screen>
      </screen>
    </testcase>
    <testcase name="ProofRequestAnother_2264">
      <result>0</result>
      <start>4:34:43 AM</start>
      <end>4:48:35 AM</end>
      <log>OrderNumber: 191002284 br  Start reroute to prod at 9 9 2019 4:41:57 AM br  End reroute to prod at 9 9 2019 4:48:03 AM br  </log>
      <screen>
      </screen>
    </testcase>
    <testcase name="ProofRequestWithTwoProofs_2282">
      <result>0</result>
      <start>4:48:35 AM</start>
      <end>4:59:21 AM</end>
      <log>OrderNumber: 191002287</log>
      <screen>
      </screen>
    </testcase>
    <testcase name="ProofVerifyWIP_2557">
      <result>0</result>
      <start>4:59:21 AM</start>
      <end>5:04:58 AM</end>
      <log>OrderNumber is: 191002290</log>
      <screen>
      </screen>
    </testcase>
    <testcase name="ProofWithChanges_2257">
      <result>0</result>
      <start>5:04:58 AM</start>
      <end>5:17:12 AM</end>
      <log>OrderNumber: 191002293</log>
      <screen>
      </screen>
    </testcase>
    <testcase name="ProofWithInternalReviewer_2234">
      <result>0</result>
      <start>5:17:12 AM</start>
      <end>5:21:48 AM</end>
      <log>OrderNumber: 191002296</log>
      <screen>
      </screen>
    </testcase>
    <testcase name="ProofWithInternalReviewer_2556">
      <result>0</result>
      <start>5:21:48 AM</start>
      <end>5:27:16 AM</end>
      <log>OrderNumber: 191002298</log>
      <screen>
      </screen>
    </testcase>
    <testcase name="ReworkQuote_2271">
      <result>1</result>
      <start>5:27:16 AM</start>
      <end>5:30:14 AM</end>
      <log>System.Exception: Exception of type 'System.Exception' was thrown.
   at TOG.WinUITest.Common.AssertWaiting.WaitForControlExits UITestControl control  in c:\WeiMing\Workspaces\TOG\Novatus\Development\Testing\NovatusWinUIAuto\Utilities\AssertWaiting.cs:line 38
   at TOG.WinUITest.OrderEntry.Agents.AgentUIBase.WaitForCurrentScreen UITestControl control  in c:\WeiMing\Workspaces\TOG\Novatus\Development\Testing\NovatusWinUIAuto\OrderEntryWinUIAutoTest\OEAgents\AgentUIBase.cs:line 91
   at TOG.WinUITest.OrderEntry.Agents.NewOrder.MessageBoardUI.ManageBySelection Int32 optionToSelect  in c:\WeiMing\Workspaces\TOG\Novatus\Development\Testing\NovatusWinUIAuto\OrderEntryWinUIAutoTest\OEAgents\MessageBoardUI.cs:line 67
   at TOG.WinUITest.OrderEntry.Agents.NewOrder.MessageBoardUI.TypeMessageBoard Int32 manageBy, String anserwedAs, String modeType  in c:\WeiMing\Workspaces\TOG\Novatus\Development\Testing\NovatusWinUIAuto\OrderEntryWinUIAutoTest\OEAgents\MessageBoardUI.cs:line 130
   at TOG.WinUITest.OrderEntry.TestCases.E2E.ReworkQuote_2271   in c:\WeiMing\Workspaces\TOG\Novatus\Development\Testing\NovatusWinUIAuto\E2EWinUIAutoTest\TestCases\E2E.cs:line 264</log>
      <screen>C:\\NewTestPass\\Screenshot\\2019-09-09 05.30.14.png</screen>
    </testcase>
    <testcase name="ReworkQuoteAndPull_2273">
      <result>0</result>
      <start>5:30:14 AM</start>
      <end>5:41:56 AM</end>
      <log> br  Bill an order: 191002303 br  Rework order number: 191002305 br   OrderNumber: 191002303</log>
      <screen>
      </screen>
    </testcase>
    <testcase name="RouteAfterProofApproved_2555">
      <result>0</result>
      <start>5:41:56 AM</start>
      <end>5:46:42 AM</end>
      <log>OrderNumber: 191002308</log>
      <screen>
      </screen>
    </testcase>
    <testcase name="RTLWHSPriceCrossTitle_4648">
      <result>0</result>
      <start>5:46:42 AM</start>
      <end>5:50:56 AM</end>
      <log>OrderNumber: 191002210</log>
      <screen>
      </screen>
    </testcase>
    <testcase name="TaxService3_10698">
      <result>0</result>
      <start>5:50:56 AM</start>
      <end>5:53:15 AM</end>
      <log> br  </log>
      <screen>
      </screen>
    </testcase>
    <testcase name="VerifyServiceBus_10477">
      <result>1</result>
      <start>5:53:15 AM</start>
      <end>5:59:37 AM</end>
      <log> br  Order number is: 191002315 br  System.ServiceModel.ActionNotSupportedException: The message with Action 'TOG.PJM.Contracts.Service IJobTracking ScanJob' cannot be processed at the receiver, due to a ContractFilter mismatch at the EndpointDispatcher. This may be because of either a contract mismatch  mismatched Actions between sender and receiver  or a binding security mismatch between the sender and the receiver.  Check that sender and receiver have the same contract and the same binding  including security requirements, e.g. Message, Transport, None .

Server stack trace: 
   at System.ServiceModel.Channels.ServiceChannel.ThrowIfFaultUnderstood Message reply, MessageFault fault, String action, MessageVersion version, FaultConverter faultConverter 
   at System.ServiceModel.Channels.ServiceChannel.HandleReply ProxyOperationRuntime operation, ProxyRpc  rpc 
   at System.ServiceModel.Channels.ServiceChannel.Call String action, Boolean oneway, ProxyOperationRuntime operation, Object   ins, Object   outs, TimeSpan timeout 
   at System.ServiceModel.Channels.ServiceChannelProxy.InvokeService IMethodCallMessage methodCall, ProxyOperationRuntime operation 
   at System.ServiceModel.Channels.ServiceChannelProxy.Invoke IMessage message 

Exception rethrown at  0 : 
   at System.Runtime.Remoting.Proxies.RealProxy.HandleReturnMessage IMessage reqMsg, IMessage retMsg 
   at System.Runtime.Remoting.Proxies.RealProxy.PrivateInvoke MessageData  msgData, Int32 type 
   at OEAgents.PrdManagement.IJobTracking.ScanJob JobTrackingRequest jobTrackingRequest 
   at OEAgents.PrdManagement.JobTrackingClient.ScanJob JobTrackingRequest jobTrackingRequest  in c:\WeiMing\Workspaces\TOG\Novatus\Development\Testing\NovatusWinUIAuto\OrderEntryWinUIAutoTest\OEAgents\Service References\PrdManagement\Reference.cs:line 18150
   at OEAgents.WebService.TrackingStation.BarcodeTracking   in c:\WeiMing\Workspaces\TOG\Novatus\Development\Testing\NovatusWinUIAuto\OrderEntryWinUIAutoTest\OEAgents\WebService\TrackingStation.cs:line 55
   at TOG.WinUITest.OrderEntry.TestCases.E2E.VerifyServiceBus_10477   in c:\WeiMing\Workspaces\TOG\Novatus\Development\Testing\NovatusWinUIAuto\E2EWinUIAutoTest\TestCases\E2E.cs:line 2494</log>
      <screen>C:\\NewTestPass\\Screenshot\\2019-09-09 05.59.37.png</screen>
    </testcase>
  </userstory>
  <userstory name="US2568">
    <testapp name="OrderEntry">
      <version> 4.19.248.1</version>
      <server>Development</server>
      <profile>Integration</profile>
    </testapp>
    <testapp name="Office">
      <version>
      </version>
      <server>Development</server>
      <profile>Integration</profile>
    </testapp>
    <testcase name="CalculatedAfterHoliday_6229">
      <result>0</result>
      <start>3:59:18 AM</start>
      <end>4:08:29 AM</end>
      <log> br  Bill order:191002609 br  Finish test of date: 05 24 2015 br  Bill order:191002612 br  Finish test of date: 07 02 2015 br  </log>
      <screen>
      </screen>
    </testcase>
    <testcase name="CalculatedOnHoliday_4885">
      <result>0</result>
      <start>4:08:30 AM</start>
      <end>4:17:44 AM</end>
      <log> br  Bill order:191002616 br  Finish test of date: 09 01 2017 br  Bill order:191002619 br  Finish test of date: 09 06 2017 br  </log>
      <screen>
      </screen>
    </testcase>
  </userstory>
  <userstory name="US4390">
    <testapp name="OrderEntry">
      <version> 4.19.248.1</version>
      <server>Development</server>
      <profile>Integration</profile>
    </testapp>
    <testapp name="Office">
      <version>
      </version>
      <server>Development</server>
      <profile>Integration</profile>
    </testapp>
    <testcase name="PJMVoidLines_4812">
      <result>0</result>
      <start>4:17:47 AM</start>
      <end>4:31:37 AM</end>
      <log>OrderNumber: 191002623</log>
      <screen>
      </screen>
    </testcase>
    <testcase name="PJMVoidOrders_4813">
      <result>0</result>
      <start>4:31:37 AM</start>
      <end>4:43:54 AM</end>
      <log>OrderNumber: 191002626</log>
      <screen>
      </screen>
    </testcase>
  </userstory>
  <userstory name="US11707">
    <testapp name="OrderEntry">
      <version> 4.19.248.1</version>
      <server>Development</server>
      <profile>Integration</profile>
    </testapp>
    <testapp name="Office">
      <version> 1.19.252.1</version>
      <server>Development</server>
      <profile>Integration</profile>
    </testapp>
    <testcase name="BillOrderWithFax_12539">
      <result>0</result>
      <start>4:43:56 AM</start>
      <end>4:46:46 AM</end>
      <log> br  </log>
      <screen>
      </screen>
    </testcase>
    <testcase name="MakeAnnotation_12545">
      <result>0</result>
      <start>4:46:47 AM</start>
      <end>4:49:54 AM</end>
      <log> br  </log>
      <screen>
      </screen>
    </testcase>
    <testcase name="MultipleQuestionOnItem_12548">
      <result>0</result>
      <start>4:49:55 AM</start>
      <end>4:53:22 AM</end>
      <log> br  </log>
      <screen>
      </screen>
    </testcase>
    <testcase name="RouteQuestionFaxWithFTR_12547">
      <result>1</result>
      <start>4:53:22 AM</start>
      <end>4:57:35 AM</end>
      <log> br  C:\\NewTestPass\\Screenshot\\2019-09-10 04.57.35.pngMicrosoft.VisualStudio.TestTools.UnitTesting.AssertFailedException: Assert.IsFalse failed. Actual:Fax viewer popup, Expeced:No fax viewer popup. after change next campaign
   at Microsoft.VisualStudio.TestTools.UnitTesting.Assert.HandleFailure String assertionName, String message 
   at Microsoft.VisualStudio.TestTools.UnitTesting.Assert.IsFalse Boolean condition, String message 
   at TOG.WinUITest.OrderEntry.TestCases.US11707.RouteQuestionFaxWithFTR_12547   in c:\WeiMing\Workspaces\TOG\Novatus\Development\Testing\NovatusWinUIAuto\E2EWinUIAutoTest\TestCases\US11707.cs:line 409</log>
      <screen>
      </screen>
    </testcase>
    <testcase name="RouteQuestionNoFaxWithFTR_12546">
      <result>1</result>
      <start>4:57:35 AM</start>
      <end>5:00:55 AM</end>
      <log> br  C:\\NewTestPass\\Screenshot\\2019-09-10 05.00.55.pngMicrosoft.VisualStudio.TestTools.UITest.Extension.PlaybackFailureException: Cannot perform 'Click' on the control. Additional Details: 
TechnologyName:  'MSAA'
Name:  'Held-Released with Question'
ControlType:  'Text'
 ---  System.Runtime.InteropServices.COMException: Error HRESULT E_FAIL has been returned from a call to a COM component.
   at Microsoft.VisualStudio.TestTools.UITest.Playback.Engine.IScreenElement.MouseButtonClick Int32 x, Int32 y, Int32 nButton, Int32 fEnsureVisible, String bstrKeyModifiers 
   at Microsoft.VisualStudio.TestTools.UITest.Playback.ScreenElement.MouseButtonClick Int32 x, Int32 y, MouseButtons button, ModifierKeys modifierKeys, Int32 ensureVisible 
   at Microsoft.VisualStudio.TestTools.UITesting.UITestControl.Click MouseButtons button, ModifierKeys modifierKeys, Point relativeCoordinates 
   --- End of inner exception stack trace ---
   at Microsoft.VisualStudio.TestTools.UITesting.Playback.MapAndThrowComException COMException innerException, IPlaybackContext context 
   at Microsoft.VisualStudio.TestTools.UITesting.Playback.MapAndThrowException Exception exception, IPlaybackContext context 
   at Microsoft.VisualStudio.TestTools.UITesting.Playback.MapAndThrowException Exception exception, String actionName, UITestControl uiControl, Int32 X, Int32 Y 
   at Microsoft.VisualStudio.TestTools.UITesting.UITestControl.Click MouseButtons button, ModifierKeys modifierKeys, Point relativeCoordinates 
   at Microsoft.VisualStudio.TestTools.UITesting.UITestActionExecutorCore.Click UITestControl control, MouseButtons button, ModifierKeys modifierKeys, Point relativeCoordinate 
   at Microsoft.VisualStudio.TestTools.UITesting.Mouse.ClickImplementation UITestControl control, MouseButtons button, ModifierKeys modifierKeys, Point relativeCoordinate 
   at Microsoft.VisualStudio.TestTools.UITesting.Mouse.  c__DisplayClass6. Click b__5  
   at Microsoft.VisualStudio.TestTools.UITesting.CodedUITestMethodInvoker.InvokeMethod T  Func`1 function, UITestControl control, Boolean firePlaybackErrorEvent, Boolean logAsAction 
   at Microsoft.VisualStudio.TestTools.UITesting.Mouse.Click UITestControl control, MouseButtons button, ModifierKeys modifierKeys, Point relativeCoordinate 
   at Microsoft.VisualStudio.TestTools.UITesting.Mouse.Click UITestControl control 
   at TOG.WinUITest.Office.Agents.CustomerService.OrderDetailUI.ClickInvoice   in c:\WeiMing\Workspaces\TOG\Novatus\Development\Testing\NovatusWinUIAuto\NovatusOfficeAutoTest\OfficeAgents\CustomerService\OrderDetailUI.cs:line 98
   at TOG.WinUITest.OrderEntry.TestCases.US11707.RouteQuestionNoFaxWithFTR_12546   in c:\WeiMing\Workspaces\TOG\Novatus\Development\Testing\NovatusWinUIAuto\E2EWinUIAutoTest\TestCases\US11707.cs:line 343</log>
      <screen>
      </screen>
    </testcase>
    <testcase name="RouteQuestionWithFax_12541">
      <result>1</result>
      <start>5:00:55 AM</start>
      <end>5:04:40 AM</end>
      <log> br  C:\\NewTestPass\\Screenshot\\2019-09-10 05.04.39.pngMicrosoft.VisualStudio.TestTools.UnitTesting.AssertFailedException: Assert.IsFalse failed. Actual:Fax viewer popup, Expeced:No fax viewer popup. after change next campaign
   at Microsoft.VisualStudio.TestTools.UnitTesting.Assert.HandleFailure String assertionName, String message 
   at Microsoft.VisualStudio.TestTools.UnitTesting.Assert.IsFalse Boolean condition, String message 
   at TOG.WinUITest.OrderEntry.TestCases.US11707.CheckFaxInOffice String orderNumber, Boolean needPart  in c:\WeiMing\Workspaces\TOG\Novatus\Development\Testing\NovatusWinUIAuto\E2EWinUIAutoTest\TestCases\US11707.cs:line 603
   at TOG.WinUITest.OrderEntry.TestCases.US11707.RouteQuestionWithFax_12541   in c:\WeiMing\Workspaces\TOG\Novatus\Development\Testing\NovatusWinUIAuto\E2EWinUIAutoTest\TestCases\US11707.cs:line 246</log>
      <screen>
      </screen>
    </testcase>
    <testcase name="RouteQuestionWithNoFax_12540">
      <result>0</result>
      <start>5:04:40 AM</start>
      <end>5:08:20 AM</end>
      <log> br  </log>
      <screen>
      </screen>
    </testcase>
  </userstory>
  <userstory name="OEP1">
    <testapp name="OrderEntry">
      <version> 4.19.248.1</version>
      <server>Development</server>
      <profile>Integration</profile>
    </testapp>
    <testapp name="Office">
      <version> 1.19.252.1</version>
      <server>Development</server>
      <profile>Integration</profile>
    </testapp>
    <testcase name="ChargeShippingFlatOption_2444">
      <result>0</result>
      <start>5:08:23 AM</start>
      <end>5:13:50 AM</end>
      <log>
      </log>
      <screen>
      </screen>
    </testcase>
    <testcase name="LoadCustomerInfo_2315">
      <result>0</result>
      <start>5:13:50 AM</start>
      <end>5:14:19 AM</end>
      <log>
      </log>
      <screen>
      </screen>
    </testcase>
    <testcase name="PONumberRequired_2268">
      <result>0</result>
      <start>5:14:19 AM</start>
      <end>5:15:22 AM</end>
      <log>
      </log>
      <screen>
      </screen>
    </testcase>
    <testcase name="QuoteWithTextCopy_2569">
      <result>1</result>
      <start>5:15:22 AM</start>
      <end>5:20:14 AM</end>
      <log>Microsoft.VisualStudio.TestTools.UITest.Extension.UITestControlNotFoundException: The playback failed to find the control with the given search properties. Additional Details: 
TechnologyName:  'MSAA'
ControlType:  'List'
ControlName:  'treeListView'
 ---  System.Runtime.InteropServices.COMException: Error HRESULT E_FAIL has been returned from a call to a COM component.
   at Microsoft.VisualStudio.TestTools.UITest.Playback.Engine.IRPFPlayback.FindAllScreenElements IScreenElement pScreenElementStart, String bstrQueryId, Object  pvarResKeys, Int32 cResKeys, Int32 nMaxDepth, Object    foundDescendants 
   at Microsoft.VisualStudio.TestTools.UITest.Playback.ScreenElement.FindTopLevelWindowHelper String queryId 
   at Microsoft.VisualStudio.TestTools.UITest.Playback.ScreenElement.FindFromPartialQueryId String queryId, Boolean resetSkipStep 
   at Microsoft.VisualStudio.TestTools.UITesting.UITestControl..ctor String queryId 
   --- End of inner exception stack trace ---
   at Microsoft.VisualStudio.TestTools.UITesting.Playback.MapControlNotFoundException COMException ex, IPlaybackContext context 
   at Microsoft.VisualStudio.TestTools.UITesting.Playback.MapAndThrowComException COMException innerException, IPlaybackContext context 
   at Microsoft.VisualStudio.TestTools.UITesting.Playback.MapAndThrowException Exception exception, IPlaybackContext context 
   at Microsoft.VisualStudio.TestTools.UITesting.Playback.MapAndThrowException Exception exception, String queryId 
   at Microsoft.VisualStudio.TestTools.UITesting.UITestControl..ctor String queryId 
   at Microsoft.VisualStudio.TestTools.UITesting.SearchHelper.SearchTopLevelWindow ISearchArgument topLevelSearchArg, String topLevelElementQueryId 
   at Microsoft.VisualStudio.TestTools.UITesting.SearchHelper.GetTitleUpdatedTopLevelWindow ISearchArgument topLevelSearchArg, String queryId, IList`1 windowTitles 
   at Microsoft.VisualStudio.TestTools.UITesting.SearchHelper.GetTopLevelElement Boolean useCache, Boolean useCacheOnly, ISearchArgument searchArg, IList`1 windowTitles, Int32  timeLeft 
   at Microsoft.VisualStudio.TestTools.UITesting.SearchHelper.GetElement Boolean useCache, ISearchArgument searchArg 
   at Microsoft.VisualStudio.TestTools.UITesting.SearchHelper.Search ISearchArgument searchArg 
   at Microsoft.VisualStudio.TestTools.UITesting.UITestControl.FindInternal  
   at Microsoft.VisualStudio.TestTools.UITesting.UITestControl.FindControlIfNecessary  
   at Microsoft.VisualStudio.TestTools.UITesting.UITestControl.GetChildrenPrivate  
   at Microsoft.VisualStudio.TestTools.UITesting.UITestControl. GetChildren b__41  
   at Microsoft.VisualStudio.TestTools.UITesting.CodedUITestMethodInvoker.InvokeMethod T  Func`1 function, UITestControl control, Boolean firePlaybackErrorEvent, Boolean logAsAction 
   at Microsoft.VisualStudio.TestTools.UITesting.UITestControl.GetChildren  
   at TOG.WinUITest.OrderEntry.Agents.ReworkItemUI.SelectItems Int32 itemIndex  in c:\WeiMing\Workspaces\TOG\Novatus\Development\Testing\NovatusWinUIAuto\OrderEntryWinUIAutoTest\OEAgents\ReworkItemUI.cs:line 31
   at OEAgents.InitializeStepsForOEAgents.Rework_AddReworkReasonAndContinue   in c:\WeiMing\Workspaces\TOG\Novatus\Development\Testing\NovatusWinUIAuto\OrderEntryWinUIAutoTest\OEAgents\InitializeStepsForOEAgents.cs:line 302
   at TOG.WinUITest.OrderEntry.TestCases.TextMaintence.OEP1.QuoteWithTextCopy_2569   in c:\WeiMing\Workspaces\TOG\Novatus\Development\Testing\NovatusWinUIAuto\OrderEntryWinUIAutoTest\TestCases\OEP1.cs:line 503</log>
      <screen>C:\\NewTestPass\\Screenshot\\2019-09-10 05.20.14.png</screen>
    </testcase>
    <testcase name="ShippingFlat_2552">
      <result>0</result>
      <start>5:20:14 AM</start>
      <end>5:21:58 AM</end>
      <log>
      </log>
      <screen>
      </screen>
    </testcase>
  </userstory>
  <userstory name="OEP2">
    <testapp name="OrderEntry">
      <version> 4.19.248.1</version>
      <server>Development</server>
      <profile>Integration</profile>
    </testapp>
    <testapp name="Office">
      <version>
      </version>
      <server>Development</server>
      <profile>Integration</profile>
    </testapp>
    <testcase name="CustomerInfoOfEmail_2270">
      <result>0</result>
      <start>5:22:02 AM</start>
      <end>5:22:36 AM</end>
      <log>
      </log>
      <screen>
      </screen>
    </testcase>
    <testcase name="DeleteProof_2309">
      <result>0</result>
      <start>5:22:36 AM</start>
      <end>5:24:35 AM</end>
      <log>
      </log>
      <screen>
      </screen>
    </testcase>
    <testcase name="MakeQuoteOrder_2272">
      <result>1</result>
      <start>5:24:36 AM</start>
      <end>5:28:28 AM</end>
      <log>Microsoft.VisualStudio.TestTools.UITest.Extension.UITestControlNotFoundException: The playback failed to find the control with the given search properties. Additional Details: 
TechnologyName:  'MSAA'
ControlName:  'dgvMessages'
Instance:  '1'
ControlType:  'Window'
 ---  System.Runtime.InteropServices.COMException: Error HRESULT E_FAIL has been returned from a call to a COM component.
   at Microsoft.VisualStudio.TestTools.UITest.Playback.Engine.IRPFPlayback.FindAllScreenElements IScreenElement pScreenElementStart, String bstrQueryId, Object  pvarResKeys, Int32 cResKeys, Int32 nMaxDepth, Object    foundDescendants 
   at Microsoft.VisualStudio.TestTools.UITest.Playback.ScreenElement.FindTopLevelWindowHelper String queryId 
   at Microsoft.VisualStudio.TestTools.UITest.Playback.ScreenElement.FindFromPartialQueryId String queryId, Boolean resetSkipStep 
   at Microsoft.VisualStudio.TestTools.UITesting.UITestControl..ctor String queryId 
   --- End of inner exception stack trace ---
   at Microsoft.VisualStudio.TestTools.UITesting.Playback.MapControlNotFoundException COMException ex, IPlaybackContext context 
   at Microsoft.VisualStudio.TestTools.UITesting.Playback.MapAndThrowComException COMException innerException, IPlaybackContext context 
   at Microsoft.VisualStudio.TestTools.UITesting.Playback.MapAndThrowException Exception exception, IPlaybackContext context 
   at Microsoft.VisualStudio.TestTools.UITesting.Playback.MapAndThrowException Exception exception, String queryId 
   at Microsoft.VisualStudio.TestTools.UITesting.UITestControl..ctor String queryId 
   at Microsoft.VisualStudio.TestTools.UITesting.SearchHelper.SearchTopLevelWindow ISearchArgument topLevelSearchArg, String topLevelElementQueryId 
   at Microsoft.VisualStudio.TestTools.UITesting.SearchHelper.GetTitleUpdatedTopLevelWindow ISearchArgument topLevelSearchArg, String queryId, IList`1 windowTitles 
   at Microsoft.VisualStudio.TestTools.UITesting.SearchHelper.GetTopLevelElement Boolean useCache, Boolean useCacheOnly, ISearchArgument searchArg, IList`1 windowTitles, Int32  timeLeft 
   at Microsoft.VisualStudio.TestTools.UITesting.SearchHelper.GetElement Boolean useCache, ISearchArgument searchArg 
   at Microsoft.VisualStudio.TestTools.UITesting.SearchHelper.Search ISearchArgument searchArg 
   at Microsoft.VisualStudio.TestTools.UITesting.UITestControl.FindInternal  
   at Microsoft.VisualStudio.TestTools.UITesting.UITestControl. Find b__37  
   at Microsoft.VisualStudio.TestTools.UITesting.CodedUITestMethodInvoker.InvokeMethod T  Func`1 function, UITestControl control, Boolean firePlaybackErrorEvent, Boolean logAsAction 
   at Microsoft.VisualStudio.TestTools.UITesting.UITestControl.Find  
   at Microsoft.VisualStudio.TestTools.UITesting.UITestControl.GetPropertyPrivate String propertyName 
   at Microsoft.VisualStudio.TestTools.UITesting.UITestControl.  c__DisplayClass3b. GetProperty b__3a  
   at Microsoft.VisualStudio.TestTools.UITesting.CodedUITestMethodInvoker.InvokeMethod T  Func`1 function, UITestControl control, Boolean firePlaybackErrorEvent, Boolean logAsAction 
   at Microsoft.VisualStudio.TestTools.UITesting.UITestControl.GetProperty String propertyName 
   at Microsoft.VisualStudio.TestTools.UITesting.WinControls.WinTable.get_Cells  
   at TOG.WinUITest.OrderEntry.Agents.NewOrder.MessageBoardUI.GetOrderNumber UITestControl window  in c:\WeiMing\Workspaces\TOG\Novatus\Development\Testing\NovatusWinUIAuto\OrderEntryWinUIAutoTest\OEAgents\MessageBoardUI.cs:line 201
   at TOG.WinUITest.OrderEntry.TestCases.TextMaintence.OEP2.MakeQuoteOrder_2272   in c:\WeiMing\Workspaces\TOG\Novatus\Development\Testing\NovatusWinUIAuto\OrderEntryWinUIAutoTest\TestCases\OEP2.cs:line 518</log>
      <screen>C:\\NewTestPass\\Screenshot\\2019-09-10 05.28.28.png</screen>
    </testcase>
    <testcase name="OneTimeUseEmail_2313">
      <result>0</result>
      <start>5:28:28 AM</start>
      <end>5:31:42 AM</end>
      <log>Proof order number is: 191002658</log>
      <screen>
      </screen>
    </testcase>
    <testcase name="ProofEditContact_2312">
      <result>0</result>
      <start>5:31:43 AM</start>
      <end>5:34:09 AM</end>
      <log>True</log>
      <screen>
      </screen>
    </testcase>
    <testcase name="ProofOption_2306">
      <result>0</result>
      <start>5:34:09 AM</start>
      <end>5:36:10 AM</end>
      <log>
      </log>
      <screen>
      </screen>
    </testcase>
    <testcase name="ProofTypeDefault_2310">
      <result>0</result>
      <start>5:36:10 AM</start>
      <end>5:38:40 AM</end>
      <log>
      </log>
      <screen>
      </screen>
    </testcase>
    <testcase name="QuoteAliasName_2239">
      <result>0</result>
      <start>5:38:40 AM</start>
      <end>5:39:20 AM</end>
      <log>
      </log>
      <screen>
      </screen>
    </testcase>
    <testcase name="QuoteAutoDiscount_2262">
      <result>0</result>
      <start>5:39:20 AM</start>
      <end>5:43:26 AM</end>
      <log>
      </log>
      <screen>
      </screen>
    </testcase>
    <testcase name="QuoteOptionAvaliable_2233">
      <result>0</result>
      <start>5:43:27 AM</start>
      <end>5:43:50 AM</end>
      <log>
      </log>
      <screen>
      </screen>
    </testcase>
    <testcase name="QuoteOrderStatus_2263">
      <result>1</result>
      <start>5:43:50 AM</start>
      <end>5:47:00 AM</end>
      <log>Microsoft.VisualStudio.TestTools.UnitTesting.AssertFailedException: Assert.IsTrue failed. Actual:order number is not 0,Expected:order number is 0, in message board
   at Microsoft.VisualStudio.TestTools.UnitTesting.Assert.HandleFailure String assertionName, String message 
   at Microsoft.VisualStudio.TestTools.UnitTesting.Assert.IsTrue Boolean condition, String message 
   at TOG.WinUITest.OrderEntry.TestCases.TextMaintence.OEP2.QuoteOrderStatus_2263   in c:\WeiMing\Workspaces\TOG\Novatus\Development\Testing\NovatusWinUIAuto\OrderEntryWinUIAutoTest\TestCases\OEP2.cs:line 210</log>
      <screen>C:\\NewTestPass\\Screenshot\\2019-09-10 05.47.00.png</screen>
    </testcase>
    <testcase name="ShippingApplicable_2238">
      <result>1</result>
      <start>5:47:01 AM</start>
      <end>5:52:43 AM</end>
      <log>System.Exception: Exception of type 'System.Exception' was thrown.
   at TOG.WinUITest.Common.AssertWaiting.WaitForControlExits UITestControl control  in c:\WeiMing\Workspaces\TOG\Novatus\Development\Testing\NovatusWinUIAuto\Utilities\AssertWaiting.cs:line 38
   at TOG.WinUITest.OrderEntry.Agents.AgentUIBase.WaitForCurrentScreen UITestControl control  in c:\WeiMing\Workspaces\TOG\Novatus\Development\Testing\NovatusWinUIAuto\OrderEntryWinUIAutoTest\OEAgents\AgentUIBase.cs:line 91
   at TOG.WinUITest.OrderEntry.Agents.ItemSummaryUI.AddNewItem   in c:\WeiMing\Workspaces\TOG\Novatus\Development\Testing\NovatusWinUIAuto\OrderEntryWinUIAutoTest\OEAgents\ItemSummaryUI.cs:line 48
   at TOG.WinUITest.OrderEntry.Agents.ItemSummaryUI.AddItem NewItem newItem  in c:\WeiMing\Workspaces\TOG\Novatus\Development\Testing\NovatusWinUIAuto\OrderEntryWinUIAutoTest\OEAgents\ItemSummaryUI.cs:line 246
   at TOG.WinUITest.OrderEntry.TestCases.TextMaintence.OEP2.ShippingApplicable_2238   in c:\WeiMing\Workspaces\TOG\Novatus\Development\Testing\NovatusWinUIAuto\OrderEntryWinUIAutoTest\TestCases\OEP2.cs:line 410</log>
      <screen>C:\\NewTestPass\\Screenshot\\2019-09-10 05.52.43.png</screen>
    </testcase>
  </userstory>
  <userstory name="OfficeP1">
    <testapp name="OrderEntry">
      <version>
      </version>
      <server>Development</server>
      <profile>Integration</profile>
    </testapp>
    <testapp name="Office">
      <version> 1.19.252.1</version>
      <server>Development</server>
      <profile>Integration</profile>
    </testapp>
    <testcase name="Case2726_AddCustomerMessage">
      <result>0</result>
      <start>5:52:47 AM</start>
      <end>5:53:24 AM</end>
      <log>
      </log>
      <screen>
      </screen>
    </testcase>
    <testcase name="Case2728_DeleteCustomerMessage">
      <result>0</result>
      <start>5:53:25 AM</start>
      <end>5:54:04 AM</end>
      <log>
      </log>
      <screen>
      </screen>
    </testcase>
    <testcase name="Case2729_EditCustomerMessage">
      <result>0</result>
      <start>5:54:04 AM</start>
      <end>5:54:51 AM</end>
      <log>
      </log>
      <screen>
      </screen>
    </testcase>
    <testcase name="Case2730_OrderVoid">
      <result>0</result>
      <start>5:54:52 AM</start>
      <end>5:57:26 AM</end>
      <log>
      </log>
      <screen>
      </screen>
    </testcase>
    <testcase name="Case2731_CustomerSearch">
      <result>0</result>
      <start>5:57:26 AM</start>
      <end>5:58:43 AM</end>
      <log>
      </log>
      <screen>
      </screen>
    </testcase>
    <testcase name="Case2744_OrderSearch">
      <result>0</result>
      <start>5:58:43 AM</start>
      <end>6:01:14 AM</end>
      <log>
      </log>
      <screen>
      </screen>
    </testcase>
    <testcase name="Case2745_VerifyOrderDispositioned">
      <result>1</result>
      <start>6:01:15 AM</start>
      <end>6:04:12 AM</end>
      <log>System.Exception: Exception of type 'System.Exception' was thrown.
   at TOG.WinUITest.Common.AssertWaiting.WaitForControlExits UITestControl control  in c:\WeiMing\Workspaces\TOG\Novatus\Development\Testing\NovatusWinUIAuto\Utilities\AssertWaiting.cs:line 38
   at TOG.WinUITest.OrderEntry.Agents.AgentUIBase.WaitForCurrentScreen UITestControl control  in c:\WeiMing\Workspaces\TOG\Novatus\Development\Testing\NovatusWinUIAuto\OrderEntryWinUIAutoTest\OEAgents\AgentUIBase.cs:line 91
   at TOG.WinUITest.OrderEntry.Agents.NewOrder.MessageBoardUI.ManageBySelection Int32 optionToSelect  in c:\WeiMing\Workspaces\TOG\Novatus\Development\Testing\NovatusWinUIAuto\OrderEntryWinUIAutoTest\OEAgents\MessageBoardUI.cs:line 67
   at TOG.WinUITest.OrderEntry.Agents.NewOrder.MessageBoardUI.TypeMessageBoard Int32 manageBy, String anserwedAs, String modeType  in c:\WeiMing\Workspaces\TOG\Novatus\Development\Testing\NovatusWinUIAuto\OrderEntryWinUIAutoTest\OEAgents\MessageBoardUI.cs:line 130
   at OEAgents.Control.OEAssembleAgents.MessageBoard_TypeMessageBoard   in c:\WeiMing\Workspaces\TOG\Novatus\Development\Testing\NovatusWinUIAuto\OrderEntryWinUIAutoTest\OEAgents\Control\OEAssembleAgents.cs:line 122
   at TOG.WinUITest.Office.TestCases.OfficeP1.DispositionWithHeld OEDataSource oeDataSource, String dispositionType, String badCodeCustomer  in c:\WeiMing\Workspaces\TOG\Novatus\Development\Testing\NovatusWinUIAuto\NovatusOfficeAutoTest\TestCases\OfficeP1.cs:line 632
   at TOG.WinUITest.Office.TestCases.OfficeP1.Case2745_VerifyOrderDispositioned   in c:\WeiMing\Workspaces\TOG\Novatus\Development\Testing\NovatusWinUIAuto\NovatusOfficeAutoTest\TestCases\OfficeP1.cs:line 551</log>
      <screen>C:\\NewTestPass\\Screenshot\\2019-09-10 06.04.12.png</screen>
    </testcase>
    <testcase name="Case2747_CustomerMaintain">
      <result>0</result>
      <start>6:04:13 AM</start>
      <end>6:05:48 AM</end>
      <log>
      </log>
      <screen>
      </screen>
    </testcase>
    <testcase name="VerifySkillSets_2316">
      <result>0</result>
      <start>6:05:48 AM</start>
      <end>6:11:13 AM</end>
      <log>OrderNumber: 191002672</log>
      <screen>
      </screen>
    </testcase>
  </userstory>
  <userstory name="OfficeP2">
    <testapp name="OrderEntry">
      <version> 4.19.248.1</version>
      <server>Development</server>
      <profile>Integration</profile>
    </testapp>
    <testapp name="Office">
      <version> 1.19.252.1</version>
      <server>Development</server>
      <profile>Integration</profile>
    </testapp>
    <testcase name="CheckQuoteInfoAndFile_2266">
      <result>0</result>
      <start>6:11:17 AM</start>
      <end>6:15:39 AM</end>
      <log> br  Order number is :191002674 br  </log>
      <screen>
      </screen>
    </testcase>
    <testcase name="ProofCampaign_2311">
      <result>0</result>
      <start>6:15:39 AM</start>
      <end>6:19:27 AM</end>
      <log>
      </log>
      <screen>
      </screen>
    </testcase>
    <testcase name="QuoteButton_2317">
      <result>0</result>
      <start>6:19:27 AM</start>
      <end>6:24:50 AM</end>
      <log>
      </log>
      <screen>
      </screen>
    </testcase>
    <testcase name="VerifyQuoteDueDate_2240">
      <result>0</result>
      <start>6:24:50 AM</start>
      <end>6:29:09 AM</end>
      <log>OrderNumber: 191002680</log>
      <screen>
      </screen>
    </testcase>
    <testcase name="VerifyQuoteFrench_2329">
      <result>0</result>
      <start>6:29:10 AM</start>
      <end>6:32:14 AM</end>
      <log>OrderNumber: 191002682</log>
      <screen>
      </screen>
    </testcase>
    <testcase name="VerifyQuoteSheet_2318">
      <result>0</result>
      <start>6:32:14 AM</start>
      <end>6:40:55 AM</end>
      <log>
      </log>
      <screen>
      </screen>
    </testcase>
  </userstory>
  <userstory name="US5045">
    <testapp name="OrderEntry">
      <version> 4.19.248.1</version>
      <server>Development</server>
      <profile>Integration</profile>
    </testapp>
    <testapp name="Office">
      <version> 1.19.252.1</version>
      <server>Development</server>
      <profile>Integration</profile>
    </testapp>
    <testcase name="Case5046_ManualEditDeleteReasonCode">
      <result>1</result>
      <start>6:40:59 AM</start>
      <end>6:50:37 AM</end>
      <log> br  Bill the order number: 191002689 br  Start verify order by Confirmation Number 100167 br  System.Exception: Exception of type 'System.Exception' was thrown.
   at TOG.WinUITest.Common.AssertWaiting.WaitForControlExits UITestControl control  in c:\WeiMing\Workspaces\TOG\Novatus\Development\Testing\NovatusWinUIAuto\Utilities\AssertWaiting.cs:line 38
   at TOG.WinUITest.OrderEntry.Agents.AgentUIBase.WaitForCurrentScreen UITestControl control  in c:\WeiMing\Workspaces\TOG\Novatus\Development\Testing\NovatusWinUIAuto\OrderEntryWinUIAutoTest\OEAgents\AgentUIBase.cs:line 91
   at TOG.WinUITest.OrderEntry.Agents.OrderInformationUI.WaitOrderInformationStep   in c:\WeiMing\Workspaces\TOG\Novatus\Development\Testing\NovatusWinUIAuto\OrderEntryWinUIAutoTest\OEAgents\OrderInformationUI.cs:line 121
   at TOG.WinUITest.E2E.TestCases.US5045.Case5046_ManualEditDeleteReasonCode   in c:\WeiMing\Workspaces\TOG\Novatus\Development\Testing\NovatusWinUIAuto\E2EWinUIAutoTest\TestCases\US5045.cs:line 1675</log>
      <screen>C:\\NewTestPass\\Screenshot\\2019-09-10 06.50.37.png</screen>
    </testcase>
    <testcase name="Case6919_FlagForManualEdit">
      <result>0</result>
      <start>6:50:37 AM</start>
      <end>6:56:26 AM</end>
      <log>
      </log>
      <screen>
      </screen>
    </testcase>
    <testcase name="Case6920_ManualEditRetainInVerify">
      <result>0</result>
      <start>6:56:26 AM</start>
      <end>7:00:55 AM</end>
      <log> br  Reroute order 191002698 till status is PRD br  </log>
      <screen>
      </screen>
    </testcase>
    <testcase name="Case6921_ManualEditRetainInRetrieve">
      <result>0</result>
      <start>7:00:55 AM</start>
      <end>7:05:48 AM</end>
      <log>
      </log>
      <screen>
      </screen>
    </testcase>
    <testcase name="Case6922_ManualEditReasonCodeDisplayInPJM">
      <result>0</result>
      <start>7:05:48 AM</start>
      <end>7:13:23 AM</end>
      <log>
      </log>
      <screen>
      </screen>
    </testcase>
    <testcase name="Case6923_SpecialCharacters">
      <result>0</result>
      <start>7:13:23 AM</start>
      <end>7:17:02 AM</end>
      <log>
      </log>
      <screen>
      </screen>
    </testcase>
    <testcase name="Case6924_MaxCharacterCount">
      <result>0</result>
      <start>7:17:02 AM</start>
      <end>7:18:45 AM</end>
      <log>
      </log>
      <screen>
      </screen>
    </testcase>
    <testcase name="Case6925_ReworkCodeVerification">
      <result>0</result>
      <start>7:18:45 AM</start>
      <end>7:51:35 AM</end>
      <log> br  Order for rework191002713 br  Rework reason index of CustomerSatisfaction br  Rework reason index of DealerError br  Rework reason index of Quoted br  Rework reason index of Reorder br  Rework reason index of ReworderWithChanges br  Rework reason index of Reprint br  </log>
      <screen>
      </screen>
    </testcase>
    <testcase name="Case6926_ManualEditComplete">
      <result>0</result>
      <start>7:51:35 AM</start>
      <end>7:57:37 AM</end>
      <log> br  Order Number: 191002733 br  </log>
      <screen>
      </screen>
    </testcase>
    <testcase name="Case6927_OverrideManualEdit">
      <result>0</result>
      <start>7:57:37 AM</start>
      <end>8:02:43 AM</end>
      <log> br  orderNumber 191002739 br  </log>
      <screen>
      </screen>
    </testcase>
    <testcase name="Case6928_ManualEditWithCSRoute">
      <result>0</result>
      <start>8:02:43 AM</start>
      <end>8:08:51 AM</end>
      <log>
      </log>
      <screen>
      </screen>
    </testcase>
    <testcase name="Case6930_AddManualEditFromContextKey">
      <result>1</result>
      <start>8:08:51 AM</start>
      <end>8:16:02 AM</end>
      <log>System.Exception: Exception of type 'System.Exception' was thrown.
   at TOG.WinUITest.Common.AssertWaiting.WaitForControlExits UITestControl control  in c:\WeiMing\Workspaces\TOG\Novatus\Development\Testing\NovatusWinUIAuto\Utilities\AssertWaiting.cs:line 38
   at TOG.WinUITest.OrderEntry.Agents.AgentUIBase.WaitForCurrentScreen UITestControl control  in c:\WeiMing\Workspaces\TOG\Novatus\Development\Testing\NovatusWinUIAuto\OrderEntryWinUIAutoTest\OEAgents\AgentUIBase.cs:line 91
   at TOG.WinUITest.OrderEntry.Agents.ItemSummaryUI.WaitItemSummaryStep   in c:\WeiMing\Workspaces\TOG\Novatus\Development\Testing\NovatusWinUIAuto\OrderEntryWinUIAutoTest\OEAgents\ItemSummaryUI.cs:line 187
   at TOG.WinUITest.E2E.TestCases.US5045.Case6930_AddManualEditFromContextKey   in c:\WeiMing\Workspaces\TOG\Novatus\Development\Testing\NovatusWinUIAuto\E2EWinUIAutoTest\TestCases\US5045.cs:line 2625</log>
      <screen>C:\\NewTestPass\\Screenshot\\2019-09-10 08.16.01.png</screen>
    </testcase>
    <testcase name="Case6931_ManualEditWithArtPending">
      <result>0</result>
      <start>8:16:02 AM</start>
      <end>8:24:04 AM</end>
      <log>
      </log>
      <screen>
      </screen>
    </testcase>
    <testcase name="Case6932_VersonControlOfManualEdit">
      <result>0</result>
      <start>8:24:04 AM</start>
      <end>8:30:44 AM</end>
      <log>
      </log>
      <screen>
      </screen>
    </testcase>
    <testcase name="Case6933_RetrieveAddManualEdit">
      <result>1</result>
      <start>8:30:44 AM</start>
      <end>8:34:13 AM</end>
      <log>Microsoft.VisualStudio.TestTools.UITest.Extension.UITestControlNotFoundException: The playback failed to find the control with the given search properties. Additional Details: 
TechnologyName:  'MSAA'
ControlName:  'trvItemExplorer'
Instance:  '1'
ControlType:  'Window'
 ---  System.Runtime.InteropServices.COMException: Error HRESULT E_FAIL has been returned from a call to a COM component.
   at Microsoft.VisualStudio.TestTools.UITest.Playback.Engine.IRPFPlayback.FindAllScreenElements IScreenElement pScreenElementStart, String bstrQueryId, Object  pvarResKeys, Int32 cResKeys, Int32 nMaxDepth, Object    foundDescendants 
   at Microsoft.VisualStudio.TestTools.UITest.Playback.ScreenElement.FindTopLevelWindowHelper String queryId 
   at Microsoft.VisualStudio.TestTools.UITest.Playback.ScreenElement.FindFromPartialQueryId String queryId, Boolean resetSkipStep 
   at Microsoft.VisualStudio.TestTools.UITesting.UITestControl..ctor String queryId 
   --- End of inner exception stack trace ---
   at Microsoft.VisualStudio.TestTools.UITesting.Playback.MapControlNotFoundException COMException ex, IPlaybackContext context 
   at Microsoft.VisualStudio.TestTools.UITesting.Playback.MapAndThrowComException COMException innerException, IPlaybackContext context 
   at Microsoft.VisualStudio.TestTools.UITesting.Playback.MapAndThrowException Exception exception, IPlaybackContext context 
   at Microsoft.VisualStudio.TestTools.UITesting.Playback.MapAndThrowException Exception exception, String queryId 
   at Microsoft.VisualStudio.TestTools.UITesting.UITestControl..ctor String queryId 
   at Microsoft.VisualStudio.TestTools.UITesting.SearchHelper.SearchTopLevelWindow ISearchArgument topLevelSearchArg, String topLevelElementQueryId 
   at Microsoft.VisualStudio.TestTools.UITesting.SearchHelper.GetTitleUpdatedTopLevelWindow ISearchArgument topLevelSearchArg, String queryId, IList`1 windowTitles 
   at Microsoft.VisualStudio.TestTools.UITesting.SearchHelper.GetTopLevelElement Boolean useCache, Boolean useCacheOnly, ISearchArgument searchArg, IList`1 windowTitles, Int32  timeLeft 
   at Microsoft.VisualStudio.TestTools.UITesting.SearchHelper.GetElement Boolean useCache, ISearchArgument searchArg 
   at Microsoft.VisualStudio.TestTools.UITesting.SearchHelper.Search ISearchArgument searchArg 
   at Microsoft.VisualStudio.TestTools.UITesting.UITestControl.FindInternal  
   at Microsoft.VisualStudio.TestTools.UITesting.UITestControl. Find b__37  
   at Microsoft.VisualStudio.TestTools.UITesting.CodedUITestMethodInvoker.InvokeMethod T  Func`1 function, UITestControl control, Boolean firePlaybackErrorEvent, Boolean logAsAction 
   at Microsoft.VisualStudio.TestTools.UITesting.UITestControl.Find  
   at Microsoft.VisualStudio.TestTools.UITesting.UITestControl.GetPropertyPrivate String propertyName 
   at Microsoft.VisualStudio.TestTools.UITesting.UITestControl.  c__DisplayClass3b. GetProperty b__3a  
   at Microsoft.VisualStudio.TestTools.UITesting.CodedUITestMethodInvoker.InvokeMethod T  Func`1 function, UITestControl control, Boolean firePlaybackErrorEvent, Boolean logAsAction 
   at Microsoft.VisualStudio.TestTools.UITesting.UITestControl.GetProperty String propertyName 
   at Microsoft.VisualStudio.TestTools.UITesting.ALUtility.GetTechElementFromUITestControl UITestControl uiTestControl 
   at Microsoft.VisualStudio.TestTools.UITesting.ActionExecutorManager.GetActionExecutor UITestControl uiControl 
   at Microsoft.VisualStudio.TestTools.UITesting.Mouse.ClickImplementation UITestControl control, MouseButtons button, ModifierKeys modifierKeys, Point relativeCoordinate 
   at Microsoft.VisualStudio.TestTools.UITesting.Mouse.  c__DisplayClass6. Click b__5  
   at Microsoft.VisualStudio.TestTools.UITesting.CodedUITestMethodInvoker.InvokeMethod T  Func`1 function, UITestControl control, Boolean firePlaybackErrorEvent, Boolean logAsAction 
   at Microsoft.VisualStudio.TestTools.UITesting.Mouse.Click UITestControl control, MouseButtons button, ModifierKeys modifierKeys, Point relativeCoordinate 
   at Microsoft.VisualStudio.TestTools.UITesting.Mouse.Click UITestControl control 
   at TOG.WinUITest.OrderEntry.Agents.ItemDetailUI.EditItem   in c:\WeiMing\Workspaces\TOG\Novatus\Development\Testing\NovatusWinUIAuto\OrderEntryWinUIAutoTest\OEAgents\ItemDetailUI.cs:line 63
   at TOG.WinUITest.E2E.TestCases.US5045.RetrieveAndAddManualEdit String orderNumber  in c:\WeiMing\Workspaces\TOG\Novatus\Development\Testing\NovatusWinUIAuto\E2EWinUIAutoTest\TestCases\US5045.cs:line 2121
   at TOG.WinUITest.E2E.TestCases.US5045.Case6933_RetrieveAddManualEdit   in c:\WeiMing\Workspaces\TOG\Novatus\Development\Testing\NovatusWinUIAuto\E2EWinUIAutoTest\TestCases\US5045.cs:line 2061</log>
      <screen>C:\\NewTestPass\\Screenshot\\2019-09-10 08.34.13.png</screen>
    </testcase>
    <testcase name="Case6934_ManualEditOnQuote">
      <result>0</result>
      <start>8:34:13 AM</start>
      <end>8:42:18 AM</end>
      <log>
      </log>
      <screen>
      </screen>
    </testcase>
    <testcase name="Case6957_ManualEditWithReproof">
      <result>0</result>
      <start>8:42:18 AM</start>
      <end>9:00:22 AM</end>
      <log>OrderNumber: 191002788 br  OrderNumber is191002788 br  Start Pull 9 10 2019 8:49:22 AM br  End Pull 9 10 2019 8:52:44 AM br  Start Pull9 10 2019 8:56:38 AM br  End Pull9 10 2019 9:00:14 AM br  </log>
      <screen>
      </screen>
    </testcase>
    <testcase name="Case6958_ManualEditWithNoChanges">
      <result>0</result>
      <start>9:00:22 AM</start>
      <end>9:14:34 AM</end>
      <log>OrderNumber: 191002790 br  Start get DeviceTypeName from barcode 19100279000001 br  </log>
      <screen>
      </screen>
    </testcase>
    <testcase name="Case6959_ManualEditWithResponedLatter">
      <result>0</result>
      <start>9:14:35 AM</start>
      <end>9:28:30 AM</end>
      <log>OrderNumber: 191002793 br  Start Pull9 10 2019 9:21:41 AM br  End Pull9 10 2019 9:25:03 AM br  Get DeviceTypeName from barcode:19100279300001 br  </log>
      <screen>
      </screen>
    </testcase>
    <testcase name="Case7004_ReorderAndReprint">
      <result>0</result>
      <start>9:28:31 AM</start>
      <end>9:43:41 AM</end>
      <log> br  </log>
      <screen>
      </screen>
    </testcase>
    <testcase name="Case7013_ManualEditReasonInItemTrackingForReasonCodeUpdateAndTextCopyOverride">
      <result>0</result>
      <start>9:43:41 AM</start>
      <end>9:52:34 AM</end>
      <log>
      </log>
      <screen>
      </screen>
    </testcase>
  </userstory>
  <userstory name="TextMaintenanceTestCases">
    <testapp name="Prepress">
      <version>1.16.104.1</version>
      <server>
      </server>
      <profile>Integration</profile>
    </testapp>
    <testcase name="AddDeleteDieCutGroups_2374">
      <result>0</result>
      <start>9:52:41 AM</start>
      <end>9:54:18 AM</end>
      <log>
      </log>
      <screen>
      </screen>
    </testcase>
    <testcase name="AddDieCutGroupsWithAbnormalData_2375">
      <result>0</result>
      <start>9:54:20 AM</start>
      <end>9:54:38 AM</end>
      <log>
      </log>
      <screen>
      </screen>
    </testcase>
    <testcase name="AddImpositionCodes_2385">
      <result>0</result>
      <start>9:54:41 AM</start>
      <end>9:55:45 AM</end>
      <log>
      </log>
      <screen>
      </screen>
    </testcase>
    <testcase name="AddImpositionCodesWithAbnormalData_2386">
      <result>0</result>
      <start>9:55:48 AM</start>
      <end>9:56:01 AM</end>
      <log>
      </log>
      <screen>
      </screen>
    </testcase>
    <testcase name="AddLayout_2393">
      <result>0</result>
      <start>9:56:03 AM</start>
      <end>9:57:20 AM</end>
      <log>
      </log>
      <screen>
      </screen>
    </testcase>
    <testcase name="AddLayoutWithAbnormalData_2394">
      <result>0</result>
      <start>9:57:23 AM</start>
      <end>9:57:40 AM</end>
      <log>
      </log>
      <screen>
      </screen>
    </testcase>
    <testcase name="AddStock_2408">
      <result>0</result>
      <start>9:57:42 AM</start>
      <end>9:58:59 AM</end>
      <log>
      </log>
      <screen>
      </screen>
    </testcase>
    <testcase name="AddStockGroups_2422">
      <result>0</result>
      <start>9:59:01 AM</start>
      <end>10:00:13 AM</end>
      <log>
      </log>
      <screen>
      </screen>
    </testcase>
    <testcase name="AddStockGroupsWithAbnormalData_2423">
      <result>0</result>
      <start>10:00:15 AM</start>
      <end>10:00:33 AM</end>
      <log>
      </log>
      <screen>
      </screen>
    </testcase>
    <testcase name="AddStockWithAbnormalData_2409">
      <result>0</result>
      <start>10:00:36 AM</start>
      <end>10:01:00 AM</end>
      <log>
      </log>
      <screen>
      </screen>
    </testcase>
    <testcase name="CopyDieCutGroups_2380">
      <result>0</result>
      <start>10:01:03 AM</start>
      <end>10:01:33 AM</end>
      <log>
      </log>
      <screen>
      </screen>
    </testcase>
    <testcase name="CopyImpositionCodes_2390">
      <result>0</result>
      <start>10:01:35 AM</start>
      <end>10:01:52 AM</end>
      <log>
      </log>
      <screen>
      </screen>
    </testcase>
    <testcase name="CopyLayout_2403">
      <result>0</result>
      <start>10:01:54 AM</start>
      <end>10:02:32 AM</end>
      <log>
      </log>
      <screen>
      </screen>
    </testcase>
    <testcase name="CopyStock_2413">
      <result>0</result>
      <start>10:02:34 AM</start>
      <end>10:03:05 AM</end>
      <log>
      </log>
      <screen>
      </screen>
    </testcase>
    <testcase name="CopyStockGroups_2428">
      <result>0</result>
      <start>10:03:07 AM</start>
      <end>10:03:36 AM</end>
      <log>
      </log>
      <screen>
      </screen>
    </testcase>
    <testcase name="DeleteDieCutGroups_2381">
      <result>0</result>
      <start>10:03:38 AM</start>
      <end>10:04:33 AM</end>
      <log>
      </log>
      <screen>
      </screen>
    </testcase>
    <testcase name="DeleteImpositionCodes_2391">
      <result>0</result>
      <start>10:04:35 AM</start>
      <end>10:05:19 AM</end>
      <log>
      </log>
      <screen>
      </screen>
    </testcase>
    <testcase name="DeleteLayout_2404">
      <result>0</result>
      <start>10:05:21 AM</start>
      <end>10:06:10 AM</end>
      <log>
      </log>
      <screen>
      </screen>
    </testcase>
    <testcase name="DeleteStock_2414">
      <result>0</result>
      <start>10:06:12 AM</start>
      <end>10:07:14 AM</end>
      <log>
      </log>
      <screen>
      </screen>
    </testcase>
    <testcase name="DeleteStockGroups_2429">
      <result>0</result>
      <start>10:07:16 AM</start>
      <end>10:07:48 AM</end>
      <log>
      </log>
      <screen>
      </screen>
    </testcase>
    <testcase name="EditDieCutGroups_2378">
      <result>0</result>
      <start>10:07:50 AM</start>
      <end>10:08:16 AM</end>
      <log>
      </log>
      <screen>
      </screen>
    </testcase>
    <testcase name="EditImpositionCodes_2388">
      <result>0</result>
      <start>10:08:18 AM</start>
      <end>10:08:47 AM</end>
      <log>
      </log>
      <screen>
      </screen>
    </testcase>
    <testcase name="EditLayout_2399">
      <result>0</result>
      <start>10:08:50 AM</start>
      <end>10:09:48 AM</end>
      <log>
      </log>
      <screen>
      </screen>
    </testcase>
    <testcase name="EditStock_2411">
      <result>0</result>
      <start>10:09:50 AM</start>
      <end>10:10:24 AM</end>
      <log>
      </log>
      <screen>
      </screen>
    </testcase>
    <testcase name="EditStockGroups_2426">
      <result>0</result>
      <start>10:10:27 AM</start>
      <end>10:11:16 AM</end>
      <log>
      </log>
      <screen>
      </screen>
    </testcase>
    <testcase name="ViewDieCutGroups_2379">
      <result>0</result>
      <start>10:11:22 AM</start>
      <end>10:11:46 AM</end>
      <log>
      </log>
      <screen>
      </screen>
    </testcase>
    <testcase name="ViewImpositionCodes_2389">
      <result>0</result>
      <start>10:11:49 AM</start>
      <end>10:12:13 AM</end>
      <log>
      </log>
      <screen>
      </screen>
    </testcase>
    <testcase name="ViewLayout_2401">
      <result>0</result>
      <start>10:12:15 AM</start>
      <end>10:12:41 AM</end>
      <log>
      </log>
      <screen>
      </screen>
    </testcase>
    <testcase name="ViewStock_2412">
      <result>0</result>
      <start>10:12:43 AM</start>
      <end>10:13:08 AM</end>
      <log>
      </log>
      <screen>
      </screen>
    </testcase>
    <testcase name="ViewStockGroups_2427">
      <result>0</result>
      <start>10:13:10 AM</start>
      <end>10:13:33 AM</end>
      <log>
      </log>
      <screen>
      </screen>
    </testcase>
  </userstory>
  <userstory name="US6892">
    <testapp name="Prepress">
      <version>1.16.104.1</version>
      <server>
      </server>
      <profile>Integration</profile>
    </testapp>
    <testcase name="AddDuplicateAlias_Case7274">
      <result>0</result>
      <start>10:13:40 AM</start>
      <end>10:20:42 AM</end>
      <log>
      </log>
      <screen>
      </screen>
    </testcase>
    <testcase name="AddNewAliasCancel_Case7280">
      <result>0</result>
      <start>10:20:45 AM</start>
      <end>10:22:28 AM</end>
      <log>
      </log>
      <screen>
      </screen>
    </testcase>
    <testcase name="AddNewAliasSave_Case7270">
      <result>0</result>
      <start>10:22:30 AM</start>
      <end>10:23:53 AM</end>
      <log>
      </log>
      <screen>
      </screen>
    </testcase>
    <testcase name="AddNewAliasSaveAdd_Case7275">
      <result>0</result>
      <start>10:23:55 AM</start>
      <end>10:25:21 AM</end>
      <log>
      </log>
      <screen>
      </screen>
    </testcase>
    <testcase name="AliasCodeNotAssociated_Case7284">
      <result>0</result>
      <start>10:25:23 AM</start>
      <end>10:26:54 AM</end>
      <log>
      </log>
      <screen>
      </screen>
    </testcase>
    <testcase name="AliasCount_Case7283">
      <result>0</result>
      <start>10:26:56 AM</start>
      <end>10:28:15 AM</end>
      <log>
      </log>
      <screen>
      </screen>
    </testcase>
    <testcase name="DataGridFunctionality_Case7271">
      <result>0</result>
      <start>10:28:17 AM</start>
      <end>10:29:32 AM</end>
      <log>
      </log>
      <screen>
      </screen>
    </testcase>
    <testcase name="DeleteAliasCancel_Case7281">
      <result>0</result>
      <start>10:29:35 AM</start>
      <end>10:31:06 AM</end>
      <log>
      </log>
      <screen>
      </screen>
    </testcase>
    <testcase name="DeleteNewAliasSave_Case7278">
      <result>0</result>
      <start>10:31:08 AM</start>
      <end>10:32:23 AM</end>
      <log>
      </log>
      <screen>
      </screen>
    </testcase>
    <testcase name="DeleteNewAliasSaveAdd_Case7279">
      <result>0</result>
      <start>10:32:25 AM</start>
      <end>10:33:44 AM</end>
      <log>
      </log>
      <screen>
      </screen>
    </testcase>
    <testcase name="EditNewAliasCancel_Case7282">
      <result>0</result>
      <start>10:33:46 AM</start>
      <end>10:35:15 AM</end>
      <log>
      </log>
      <screen>
      </screen>
    </testcase>
    <testcase name="EditNewAliasSave_Case7276">
      <result>0</result>
      <start>10:35:17 AM</start>
      <end>10:36:36 AM</end>
      <log>
      </log>
      <screen>
      </screen>
    </testcase>
    <testcase name="EditNewAliasSaveAdd_Case7277">
      <result>0</result>
      <start>10:36:38 AM</start>
      <end>10:37:59 AM</end>
      <log>
      </log>
      <screen>
      </screen>
    </testcase>
    <testcase name="FirstLoadingByDefault_Case7273">
      <result>0</result>
      <start>10:38:01 AM</start>
      <end>10:39:58 AM</end>
      <log>
      </log>
      <screen>
      </screen>
    </testcase>
    <testcase name="FontAliasHotkeys_Case7272">
      <result>0</result>
      <start>10:40:00 AM</start>
      <end>10:41:49 AM</end>
      <log>
      </log>
      <screen>
      </screen>
    </testcase>
    <testcase name="PositionToMeetYourInput_Case7285">
      <result>0</result>
      <start>10:41:51 AM</start>
      <end>10:43:05 AM</end>
      <log>
      </log>
      <screen>
      </screen>
    </testcase>
  </userstory>
  <userstory name="US6149">
    <testapp name="Prepress">
      <version>1.16.104.1</version>
      <server>
      </server>
      <profile>Integration</profile>
    </testapp>
    <testcase name="AliasCount_Case6730">
      <result>0</result>
      <start>1:01:52 PM</start>
      <end>1:03:02 PM</end>
      <log>
      </log>
      <screen>
      </screen>
    </testcase>
    <testcase name="ApplyDesWithChangesCancel_Case6296">
      <result>0</result>
      <start>1:03:05 PM</start>
      <end>1:03:59 PM</end>
      <log>
      </log>
      <screen>
      </screen>
    </testcase>
    <testcase name="ApplyDesWithChangesNo_Case6295">
      <result>0</result>
      <start>1:04:02 PM</start>
      <end>1:04:57 PM</end>
      <log>
      </log>
      <screen>
      </screen>
    </testcase>
    <testcase name="ApplyDesWithChangesYes_Case6294">
      <result>0</result>
      <start>1:05:00 PM</start>
      <end>1:05:55 PM</end>
      <log>
      </log>
      <screen>
      </screen>
    </testcase>
    <testcase name="DataGridFunctionality_Case6297">
      <result>0</result>
      <start>1:05:58 PM</start>
      <end>1:06:54 PM</end>
      <log>
      </log>
      <screen>
      </screen>
    </testcase>
    <testcase name="DesNoMoreThan70Characters_Case6299">
      <result>0</result>
      <start>1:06:56 PM</start>
      <end>1:07:50 PM</end>
      <log>
      </log>
      <screen>
      </screen>
    </testcase>
    <testcase name="DieCutSortCut_Case6303">
      <result>0</result>
      <start>1:07:52 PM</start>
      <end>1:08:45 PM</end>
      <log>
      </log>
      <screen>
      </screen>
    </testcase>
    <testcase name="FirstLoadingByDefault_Case6298">
      <result>0</result>
      <start>1:08:47 PM</start>
      <end>1:09:37 PM</end>
      <log>
      </log>
      <screen>
      </screen>
    </testcase>
    <testcase name="MaintainAlias_Case6291">
      <result>0</result>
      <start>1:09:40 PM</start>
      <end>1:10:36 PM</end>
      <log>
      </log>
      <screen>
      </screen>
    </testcase>
    <testcase name="PositionToMeetYourInput_Case6301">
      <result>0</result>
      <start>1:10:39 PM</start>
      <end>1:11:26 PM</end>
      <log>
      </log>
      <screen>
      </screen>
    </testcase>
    <testcase name="RemoveAlias_Case6292">
      <result>0</result>
      <start>1:11:29 PM</start>
      <end>1:12:23 PM</end>
      <log>
      </log>
      <screen>
      </screen>
    </testcase>
    <testcase name="SameAliasDescription_Case6293">
      <result>0</result>
      <start>1:12:26 PM</start>
      <end>1:13:22 PM</end>
      <log>
      </log>
      <screen>
      </screen>
    </testcase>
    <testcase name="SearchForWorksAsExpect_Caes6300">
      <result>0</result>
      <start>1:13:24 PM</start>
      <end>1:15:06 PM</end>
      <log>
      </log>
      <screen>
      </screen>
    </testcase>
  </userstory>
  <userstory name="US6150">
    <testapp name="Prepress">
      <version>1.16.104.1</version>
      <server>
      </server>
      <profile>Integration</profile>
    </testapp>
    <testcase name="AliasCount_Case6730">
      <result>0</result>
      <start>1:15:12 PM</start>
      <end>1:17:36 PM</end>
      <log>
      </log>
      <screen>
      </screen>
    </testcase>
    <testcase name="ApplyDesWithChangesCancel_Case6724">
      <result>0</result>
      <start>1:17:38 PM</start>
      <end>1:19:41 PM</end>
      <log>
      </log>
      <screen>
      </screen>
    </testcase>
    <testcase name="ApplyDesWithChangesNo_Case6723">
      <result>0</result>
      <start>1:19:43 PM</start>
      <end>1:21:47 PM</end>
      <log>
      </log>
      <screen>
      </screen>
    </testcase>
    <testcase name="ApplyDesWithChangesYes_Case6722">
      <result>0</result>
      <start>1:21:49 PM</start>
      <end>1:23:54 PM</end>
      <log>
      </log>
      <screen>
      </screen>
    </testcase>
    <testcase name="DataGridFunctionality_Case6725">
      <result>0</result>
      <start>1:23:56 PM</start>
      <end>1:24:53 PM</end>
      <log>
      </log>
      <screen>
      </screen>
    </testcase>
    <testcase name="DesNoMoreThan70Characters_Case6727">
      <result>0</result>
      <start>1:24:55 PM</start>
      <end>1:26:50 PM</end>
      <log>
      </log>
      <screen>
      </screen>
    </testcase>
    <testcase name="DieCutSortCut_Case6731">
      <result>0</result>
      <start>1:26:52 PM</start>
      <end>1:27:46 PM</end>
      <log>
      </log>
      <screen>
      </screen>
    </testcase>
    <testcase name="FirstLoadingByDefault_Case6726">
      <result>0</result>
      <start>1:27:48 PM</start>
      <end>1:29:41 PM</end>
      <log>
      </log>
      <screen>
      </screen>
    </testcase>
    <testcase name="MaintainAlias_Case6719">
      <result>0</result>
      <start>1:29:44 PM</start>
      <end>1:31:48 PM</end>
      <log>
      </log>
      <screen>
      </screen>
    </testcase>
    <testcase name="PositionToMeetYourInput_Case6729">
      <result>0</result>
      <start>1:31:50 PM</start>
      <end>1:32:38 PM</end>
      <log>
      </log>
      <screen>
      </screen>
    </testcase>
    <testcase name="RemoveAlias_Case6720">
      <result>0</result>
      <start>1:32:40 PM</start>
      <end>1:33:35 PM</end>
      <log>
      </log>
      <screen>
      </screen>
    </testcase>
    <testcase name="SameAliasDescription_Case6721">
      <result>1</result>
      <start>1:33:37 PM</start>
      <end>1:36:12 PM</end>
      <log>Microsoft.VisualStudio.TestTools.UnitTesting.AssertFailedException: Assert.IsTrue failed. Actual:message not displays,Expected:duplicate message displays,layout alias screen
   at Microsoft.VisualStudio.TestTools.UnitTesting.Assert.HandleFailure String assertionName, String message 
   at Microsoft.VisualStudio.TestTools.UnitTesting.Assert.IsTrue Boolean condition, String message 
   at TOG.WinUITest.PrepressMaintenance.TestCases.Alias.US6150.SameAliasDescription_Case6721   in c:\WeiMing\Workspaces\TOG\Novatus\Development\Testing\NovatusWinUIAuto\PrepressMaintenanceWinUIAutoTest\TestCases\Alias\US6150.cs:line 206</log>
      <screen>C:\\NewTestPass\\Screenshot\\2019-09-10 01.36.12.png</screen>
    </testcase>
    <testcase name="SearchForWorksAsExpect_Case6728">
      <result>0</result>
      <start>1:36:15 PM</start>
      <end>1:37:56 PM</end>
      <log>
      </log>
      <screen>
      </screen>
    </testcase>
  </userstory>
  <userstory name="Stock">
    <testapp name="Prepress">
      <version>1.16.104.1</version>
      <server>
      </server>
      <profile>Integration</profile>
    </testapp>
    <testcase name="AliasCount_Case6730">
      <result>0</result>
      <start>1:38:02 PM</start>
      <end>1:39:35 PM</end>
      <log>
      </log>
      <screen>
      </screen>
    </testcase>
    <testcase name="ApplyDesWithChangesCancel_Case6764">
      <result>0</result>
      <start>1:39:37 PM</start>
      <end>1:41:00 PM</end>
      <log>
      </log>
      <screen>
      </screen>
    </testcase>
    <testcase name="ApplyDesWithChangesNo_Case6763">
      <result>0</result>
      <start>1:41:02 PM</start>
      <end>1:42:16 PM</end>
      <log>
      </log>
      <screen>
      </screen>
    </testcase>
    <testcase name="ApplyDesWithChangesYes_Case6762">
      <result>0</result>
      <start>1:42:18 PM</start>
      <end>1:43:33 PM</end>
      <log>
      </log>
      <screen>
      </screen>
    </testcase>
    <testcase name="DataGridFunctionality_Case6765">
      <result>0</result>
      <start>1:43:35 PM</start>
      <end>1:44:29 PM</end>
      <log>
      </log>
      <screen>
      </screen>
    </testcase>
    <testcase name="DesNoMoreThan70Characters_Case6767">
      <result>0</result>
      <start>1:44:31 PM</start>
      <end>1:45:53 PM</end>
      <log>
      </log>
      <screen>
      </screen>
    </testcase>
    <testcase name="FirstLoadingByDefault_Case6766">
      <result>0</result>
      <start>1:45:55 PM</start>
      <end>1:46:45 PM</end>
      <log>
      </log>
      <screen>
      </screen>
    </testcase>
    <testcase name="MaintainAlias_Case6759">
      <result>0</result>
      <start>1:46:47 PM</start>
      <end>1:48:02 PM</end>
      <log>
      </log>
      <screen>
      </screen>
    </testcase>
    <testcase name="PositionToMeetYourInput_Case6769">
      <result>0</result>
      <start>1:48:04 PM</start>
      <end>1:49:32 PM</end>
      <log>
      </log>
      <screen>
      </screen>
    </testcase>
    <testcase name="RemoveAlias_Case6760">
      <result>0</result>
      <start>1:49:34 PM</start>
      <end>1:50:35 PM</end>
      <log>
      </log>
      <screen>
      </screen>
    </testcase>
    <testcase name="SameAliasDescription_Case6761">
      <result>0</result>
      <start>1:50:37 PM</start>
      <end>1:52:11 PM</end>
      <log>
      </log>
      <screen>
      </screen>
    </testcase>
    <testcase name="SearchForWorksAsExpect_Caes6768">
      <result>0</result>
      <start>1:52:13 PM</start>
      <end>1:54:05 PM</end>
      <log>
      </log>
      <screen>
      </screen>
    </testcase>
    <testcase name="StockortCut_Case6771">
      <result>0</result>
      <start>1:54:07 PM</start>
      <end>1:55:38 PM</end>
      <log>
      </log>
      <screen>
      </screen>
    </testcase>
  </userstory>
  <userstory name="US6152">
    <testapp name="Prepress">
      <version>1.16.104.1</version>
      <server>
      </server>
      <profile>Integration</profile>
    </testapp>
    <testcase name="AliasCount_Case6730">
      <result>0</result>
      <start>1:55:44 PM</start>
      <end>1:56:59 PM</end>
      <log>
      </log>
      <screen>
      </screen>
    </testcase>
    <testcase name="ApplyDesWithChangesCancel_Case6778">
      <result>0</result>
      <start>1:57:01 PM</start>
      <end>1:57:57 PM</end>
      <log>
      </log>
      <screen>
      </screen>
    </testcase>
    <testcase name="ApplyDesWithChangesNo_Case6777">
      <result>0</result>
      <start>1:58:00 PM</start>
      <end>1:58:58 PM</end>
      <log>
      </log>
      <screen>
      </screen>
    </testcase>
    <testcase name="ApplyDesWithChangesYes_Case6776">
      <result>0</result>
      <start>1:59:00 PM</start>
      <end>2:00:00 PM</end>
      <log>
      </log>
      <screen>
      </screen>
    </testcase>
    <testcase name="DataGridFunctionality_Case6779">
      <result>0</result>
      <start>2:00:02 PM</start>
      <end>2:00:55 PM</end>
      <log>
      </log>
      <screen>
      </screen>
    </testcase>
    <testcase name="DesNoMoreThan70Characters_Case6781">
      <result>0</result>
      <start>2:00:57 PM</start>
      <end>2:01:52 PM</end>
      <log>
      </log>
      <screen>
      </screen>
    </testcase>
    <testcase name="FirstLoadingByDefault_Case6780">
      <result>0</result>
      <start>2:01:55 PM</start>
      <end>2:02:42 PM</end>
      <log>
      </log>
      <screen>
      </screen>
    </testcase>
    <testcase name="MaintainAlias_Case6773">
      <result>0</result>
      <start>2:02:45 PM</start>
      <end>2:03:45 PM</end>
      <log>
      </log>
      <screen>
      </screen>
    </testcase>
    <testcase name="PositionToMeetYourInput_Case6783">
      <result>0</result>
      <start>2:03:47 PM</start>
      <end>2:04:58 PM</end>
      <log>
      </log>
      <screen>
      </screen>
    </testcase>
    <testcase name="RemoveAlias_Case6774">
      <result>0</result>
      <start>2:05:01 PM</start>
      <end>2:05:58 PM</end>
      <log>
      </log>
      <screen>
      </screen>
    </testcase>
    <testcase name="SameAliasDescription_Case6775">
      <result>0</result>
      <start>2:06:00 PM</start>
      <end>2:06:59 PM</end>
      <log>
      </log>
      <screen>
      </screen>
    </testcase>
    <testcase name="SearchForWorksAsExpect_Caes6782">
      <result>0</result>
      <start>2:07:01 PM</start>
      <end>2:08:18 PM</end>
      <log>
      </log>
      <screen>
      </screen>
    </testcase>
    <testcase name="StoredTextortCut_Case6785">
      <result>0</result>
      <start>2:08:20 PM</start>
      <end>2:09:12 PM</end>
      <log>
      </log>
      <screen>
      </screen>
    </testcase>
  </userstory>
  <userstory name="US6904">
    <testapp name="Prepress">
      <version>1.16.104.1</version>
      <server>
      </server>
      <profile>Integration</profile>
    </testapp>
    <testcase name="AddDuplicateAliasSave_Case7683">
      <result>0</result>
      <start>2:09:18 PM</start>
      <end>2:11:22 PM</end>
      <log>
      </log>
      <screen>
      </screen>
    </testcase>
    <testcase name="AddDuplicateAliasSaveAdd_Case7684">
      <result>0</result>
      <start>2:11:24 PM</start>
      <end>2:13:26 PM</end>
      <log>
      </log>
      <screen>
      </screen>
    </testcase>
    <testcase name="AddNewAliasCancel_Case7685">
      <result>0</result>
      <start>2:13:28 PM</start>
      <end>2:16:51 PM</end>
      <log>
      </log>
      <screen>
      </screen>
    </testcase>
    <testcase name="AddNewAliasSave_Case7682">
      <result>0</result>
      <start>2:16:53 PM</start>
      <end>2:17:33 PM</end>
      <log>
      </log>
      <screen>
      </screen>
    </testcase>
    <testcase name="AddNewAliasSaveAdd_Case7684">
      <result>0</result>
      <start>2:17:35 PM</start>
      <end>2:18:24 PM</end>
      <log>
      </log>
      <screen>
      </screen>
    </testcase>
  </userstory>
  <userstory name="US6905">
    <testapp name="Prepress">
      <version>1.16.104.1</version>
      <server>
      </server>
      <profile>Integration</profile>
    </testapp>
    <testcase name="AddDuplicateAliasSave_Case7524">
      <result>1</result>
      <start>2:18:30 PM</start>
      <end>2:20:06 PM</end>
      <log>Microsoft.VisualStudio.TestTools.UITest.Extension.FailedToPerformActionOnBlockedControlException: Another control is blocking the control. Please make the blocked control visible and retry the action. Additional Details: 
TechnologyName:  'MSAA'
Name:  'Search for:'
ControlType:  'ComboBox'
 ---  System.Runtime.InteropServices.COMException: Exception from HRESULT: 0xF004F003
   at Microsoft.VisualStudio.TestTools.UITest.Playback.Engine.IScreenElement.SetValueAsComboBox String bstrNewValue, Int32 nSetValueAsComboBoxFlag 
   at Microsoft.VisualStudio.TestTools.UITest.Playback.ScreenElement.SetValueAsComboBoxInternal String value, SetValueAsComboBoxType setValueAsComboBoxType 
   at Microsoft.VisualStudio.TestTools.UITest.Playback.ScreenElement.SetValueAsComboBoxUsingQueryId String value 
   at Microsoft.VisualStudio.TestTools.UITesting.TechnologyElementPropertyProvider.SetValueUsingQueryId UITestControl uiControl, Int32   selectedIndices, String technologyName, Int32 maxCount 
   at Microsoft.VisualStudio.TestTools.UITesting.WinPropertyProvider.SetComboBoxProperty String propertyName, Object value 
   at Microsoft.VisualStudio.TestTools.UITesting.WinPropertyProvider.SetPropertyValue UITestControl uiControl, String propertyName, Object value 
   at Microsoft.VisualStudio.TestTools.UITesting.UITestPropertyProvider.SetPropertyValueWrapper UITestControl uiControl, String propertyName, Object value 
   at Microsoft.VisualStudio.TestTools.UITesting.UITestControl.SetPropertyValue String propertyName, Object propertyValue 
   --- End of inner exception stack trace ---
   at Microsoft.VisualStudio.TestTools.UITesting.Playback.MapAndThrowComException COMException innerException, IPlaybackContext context 
   at Microsoft.VisualStudio.TestTools.UITesting.Playback.MapAndThrowException Exception exception, IPlaybackContext context 
   at Microsoft.VisualStudio.TestTools.UITesting.Playback.MapAndThrowException Exception exception, String actionName, UITestControl uiControl 
   at Microsoft.VisualStudio.TestTools.UITesting.Playback.MapAndThrowException Exception exception, String actionName, Object parameterValue, UITestControl uiControl 
   at Microsoft.VisualStudio.TestTools.UITesting.UITestControl.SetPropertyValue String propertyName, Object propertyValue 
   at Microsoft.VisualStudio.TestTools.UITesting.UITestControl.SetPropertyPrivate String propertyName, Object value 
   at Microsoft.VisualStudio.TestTools.UITesting.UITestControl.  c__DisplayClass3e. SetProperty b__3d  
   at Microsoft.VisualStudio.TestTools.UITesting.CodedUITestMethodInvoker.InvokeMethod T  Func`1 function, UITestControl control, Boolean firePlaybackErrorEvent, Boolean logAsAction 
   at Microsoft.VisualStudio.TestTools.UITesting.UITestControl.SetProperty String propertyName, Object value 
   at Microsoft.VisualStudio.TestTools.UITesting.WinControls.WinComboBox.set_SelectedIndex Int32 value 
   at PrepressAgents.Agents.AttributeGroup.FontUI.SearchForGroup Int32 filedIndex, Int32 criteriaIndex, String searchValue  in c:\WeiMing\Workspaces\TOG\Novatus\Development\Testing\NovatusWinUIAuto\PrepressMaintenanceWinUIAutoTest\PrepressAgents\Agents\AttributeGroup\FontUI.cs:line 164
   at TOG.WinUITest.PrepressMaintenance.TestCases.AttributeGroup.US6905.AddDuplicateAliasSave_Case7524   in c:\WeiMing\Workspaces\TOG\Novatus\Development\Testing\NovatusWinUIAuto\PrepressMaintenanceWinUIAutoTest\TestCases\AttributeGroup\US6905.cs:line 322</log>
      <screen>C:\\NewTestPass\\Screenshot\\2019-09-10 02.20.06.png</screen>
    </testcase>
    <testcase name="AddDuplicateAliasSaveAdd_Case7529">
      <result>1</result>
      <start>2:20:10 PM</start>
      <end>2:21:47 PM</end>
      <log>Microsoft.VisualStudio.TestTools.UITest.Extension.UITestControlNotFoundException: The playback failed to find the control with the given search properties. Additional Details: 
TechnologyName:  'MSAA'
ControlType:  'Window'
Name:  'Prompt'
 ---  System.Runtime.InteropServices.COMException: Error HRESULT E_FAIL has been returned from a call to a COM component.
   at Microsoft.VisualStudio.TestTools.UITest.Playback.Engine.IRPFPlayback.FindAllScreenElements IScreenElement pScreenElementStart, String bstrQueryId, Object  pvarResKeys, Int32 cResKeys, Int32 nMaxDepth, Object    foundDescendants 
   at Microsoft.VisualStudio.TestTools.UITest.Playback.ScreenElement.FindTopLevelWindowHelper String queryId 
   at Microsoft.VisualStudio.TestTools.UITest.Playback.ScreenElement.FindFromPartialQueryId String queryId, Boolean resetSkipStep 
   at Microsoft.VisualStudio.TestTools.UITesting.UITestControl..ctor String queryId 
   --- End of inner exception stack trace ---
   at Microsoft.VisualStudio.TestTools.UITesting.Playback.MapControlNotFoundException COMException ex, IPlaybackContext context 
   at Microsoft.VisualStudio.TestTools.UITesting.Playback.MapAndThrowComException COMException innerException, IPlaybackContext context 
   at Microsoft.VisualStudio.TestTools.UITesting.Playback.MapAndThrowException Exception exception, IPlaybackContext context 
   at Microsoft.VisualStudio.TestTools.UITesting.Playback.MapAndThrowException Exception exception, String queryId 
   at Microsoft.VisualStudio.TestTools.UITesting.UITestControl..ctor String queryId 
   at Microsoft.VisualStudio.TestTools.UITesting.SearchHelper.SearchTopLevelWindow ISearchArgument topLevelSearchArg, String topLevelElementQueryId 
   at Microsoft.VisualStudio.TestTools.UITesting.SearchHelper.GetTitleUpdatedTopLevelWindow ISearchArgument topLevelSearchArg, String queryId, IList`1 windowTitles 
   at Microsoft.VisualStudio.TestTools.UITesting.SearchHelper.GetTopLevelElement Boolean useCache, Boolean useCacheOnly, ISearchArgument searchArg, IList`1 windowTitles, Int32  timeLeft 
   at Microsoft.VisualStudio.TestTools.UITesting.SearchHelper.GetElement Boolean useCache, ISearchArgument searchArg 
   at Microsoft.VisualStudio.TestTools.UITesting.SearchHelper.Search ISearchArgument searchArg 
   at Microsoft.VisualStudio.TestTools.UITesting.UITestControl.FindInternal  
   at Microsoft.VisualStudio.TestTools.UITesting.UITestControl. Find b__37  
   at Microsoft.VisualStudio.TestTools.UITesting.CodedUITestMethodInvoker.InvokeMethod T  Func`1 function, UITestControl control, Boolean firePlaybackErrorEvent, Boolean logAsAction 
   at Microsoft.VisualStudio.TestTools.UITesting.UITestControl.Find  
   at Microsoft.VisualStudio.TestTools.UITesting.UITestControl.GetPropertyPrivate String propertyName 
   at Microsoft.VisualStudio.TestTools.UITesting.UITestControl.  c__DisplayClass3b. GetProperty b__3a  
   at Microsoft.VisualStudio.TestTools.UITesting.CodedUITestMethodInvoker.InvokeMethod T  Func`1 function, UITestControl control, Boolean firePlaybackErrorEvent, Boolean logAsAction 
   at Microsoft.VisualStudio.TestTools.UITesting.UITestControl.GetProperty String propertyName 
   at Microsoft.VisualStudio.TestTools.UITesting.ALUtility.GetTechElementFromUITestControl UITestControl uiTestControl 
   at Microsoft.VisualStudio.TestTools.UITesting.ActionExecutorManager.GetActionExecutor UITestControl uiControl 
   at Microsoft.VisualStudio.TestTools.UITesting.Mouse.ClickImplementation UITestControl control, MouseButtons button, ModifierKeys modifierKeys, Point relativeCoordinate 
   at Microsoft.VisualStudio.TestTools.UITesting.Mouse.  c__DisplayClass6. Click b__5  
   at Microsoft.VisualStudio.TestTools.UITesting.CodedUITestMethodInvoker.InvokeMethod T  Func`1 function, UITestControl control, Boolean firePlaybackErrorEvent, Boolean logAsAction 
   at Microsoft.VisualStudio.TestTools.UITesting.Mouse.Click UITestControl control, MouseButtons button, ModifierKeys modifierKeys, Point relativeCoordinate 
   at Microsoft.VisualStudio.TestTools.UITesting.Mouse.Click UITestControl control 
   at TOG.WinUITest.PrepressMaintenance.Agents.GetDialogByName.ClickNo   in c:\WeiMing\Workspaces\TOG\Novatus\Development\Testing\NovatusWinUIAuto\PrepressMaintenanceWinUIAutoTest\PrepressAgents\Agents\DialogWindow.cs:line 87
   at TOG.WinUITest.PrepressMaintenance.TestCases.AttributeGroup.US6905.AddDuplicateAliasSaveAdd_Case7529   in c:\WeiMing\Workspaces\TOG\Novatus\Development\Testing\NovatusWinUIAuto\PrepressMaintenanceWinUIAutoTest\TestCases\AttributeGroup\US6905.cs:line 457</log>
      <screen>C:\\NewTestPass\\Screenshot\\2019-09-10 02.21.47.png</screen>
    </testcase>
    <testcase name="AddNewAliasCancel_Case7530">
      <result>0</result>
      <start>2:21:50 PM</start>
      <end>2:22:42 PM</end>
      <log>
      </log>
      <screen>
      </screen>
    </testcase>
    <testcase name="AddNewAliasSave_Case7520">
      <result>0</result>
      <start>2:22:44 PM</start>
      <end>2:23:24 PM</end>
      <log>
      </log>
      <screen>
      </screen>
    </testcase>
    <testcase name="AddNewAliasSaveAdd_Case7525">
      <result>0</result>
      <start>2:23:27 PM</start>
      <end>2:24:10 PM</end>
      <log>
      </log>
      <screen>
      </screen>
    </testcase>
  </userstory>
  <userstory name="US6906">
    <testapp name="Prepress">
      <version>1.16.104.1</version>
      <server>
      </server>
      <profile>Integration</profile>
    </testapp>
    <testcase name="AddDuplicateAliasSave_Case7524">
      <result>0</result>
      <start>2:24:16 PM</start>
      <end>2:26:21 PM</end>
      <log>
      </log>
      <screen>
      </screen>
    </testcase>
    <testcase name="AddDuplicateAliasSaveAdd_Case7529">
      <result>0</result>
      <start>2:26:24 PM</start>
      <end>2:28:21 PM</end>
      <log>
      </log>
      <screen>
      </screen>
    </testcase>
    <testcase name="AddNewAliasCancel_Case7530">
      <result>1</result>
      <start>2:28:23 PM</start>
      <end>2:28:23 PM</end>
      <log>System.IndexOutOfRangeException: Index was outside the bounds of the array.
   at TOG.WinUITest.PrepressMaintenance.TestCases.AttributeGroup.US6906.AddNewAliasCancel_Case7530   in c:\WeiMing\Workspaces\TOG\Novatus\Development\Testing\NovatusWinUIAuto\PrepressMaintenanceWinUIAutoTest\TestCases\AttributeGroup\US6906.cs:line 493</log>
      <screen>C:\\NewTestPass\\Screenshot\\2019-09-10 02.28.23.png</screen>
    </testcase>
    <testcase name="AddNewAliasSave_Case7520">
      <result>0</result>
      <start>2:28:26 PM</start>
      <end>2:29:04 PM</end>
      <log>
      </log>
      <screen>
      </screen>
    </testcase>
    <testcase name="AddNewAliasSaveAdd_Case7525">
      <result>0</result>
      <start>2:29:06 PM</start>
      <end>2:29:53 PM</end>
      <log>
      </log>
      <screen>
      </screen>
    </testcase>
  </userstory>
  <userstory name="US6907">
    <testapp name="Prepress">
      <version>1.16.104.1</version>
      <server>
      </server>
      <profile>Integration</profile>
    </testapp>
    <testcase name="AddDuplicateAliasSave_Case7524">
      <result>0</result>
      <start>2:29:59 PM</start>
      <end>2:32:06 PM</end>
      <log>
      </log>
      <screen>
      </screen>
    </testcase>
    <testcase name="AddDuplicateAliasSaveAdd_Case7529">
      <result>0</result>
      <start>2:32:09 PM</start>
      <end>2:34:08 PM</end>
      <log>
      </log>
      <screen>
      </screen>
    </testcase>
    <testcase name="AddNewAliasCancel_Case7530">
      <result>1</result>
      <start>2:34:10 PM</start>
      <end>2:35:13 PM</end>
      <log>Microsoft.VisualStudio.TestTools.UITest.Extension.UITestControlNotFoundException: The playback failed to find the control with the given search properties. Additional Details: 
TechnologyName:  'MSAA'
ControlType:  'Window'
Name:  'Prompt'
 ---  System.Runtime.InteropServices.COMException: Error HRESULT E_FAIL has been returned from a call to a COM component.
   at Microsoft.VisualStudio.TestTools.UITest.Playback.Engine.IRPFPlayback.FindAllScreenElements IScreenElement pScreenElementStart, String bstrQueryId, Object  pvarResKeys, Int32 cResKeys, Int32 nMaxDepth, Object    foundDescendants 
   at Microsoft.VisualStudio.TestTools.UITest.Playback.ScreenElement.FindTopLevelWindowHelper String queryId 
   at Microsoft.VisualStudio.TestTools.UITest.Playback.ScreenElement.FindFromPartialQueryId String queryId, Boolean resetSkipStep 
   at Microsoft.VisualStudio.TestTools.UITesting.UITestControl..ctor String queryId 
   --- End of inner exception stack trace ---
   at Microsoft.VisualStudio.TestTools.UITesting.Playback.MapControlNotFoundException COMException ex, IPlaybackContext context 
   at Microsoft.VisualStudio.TestTools.UITesting.Playback.MapAndThrowComException COMException innerException, IPlaybackContext context 
   at Microsoft.VisualStudio.TestTools.UITesting.Playback.MapAndThrowException Exception exception, IPlaybackContext context 
   at Microsoft.VisualStudio.TestTools.UITesting.Playback.MapAndThrowException Exception exception, String queryId 
   at Microsoft.VisualStudio.TestTools.UITesting.UITestControl..ctor String queryId 
   at Microsoft.VisualStudio.TestTools.UITesting.SearchHelper.SearchTopLevelWindow ISearchArgument topLevelSearchArg, String topLevelElementQueryId 
   at Microsoft.VisualStudio.TestTools.UITesting.SearchHelper.GetTitleUpdatedTopLevelWindow ISearchArgument topLevelSearchArg, String queryId, IList`1 windowTitles 
   at Microsoft.VisualStudio.TestTools.UITesting.SearchHelper.GetTopLevelElement Boolean useCache, Boolean useCacheOnly, ISearchArgument searchArg, IList`1 windowTitles, Int32  timeLeft 
   at Microsoft.VisualStudio.TestTools.UITesting.SearchHelper.GetElement Boolean useCache, ISearchArgument searchArg 
   at Microsoft.VisualStudio.TestTools.UITesting.SearchHelper.Search ISearchArgument searchArg 
   at Microsoft.VisualStudio.TestTools.UITesting.UITestControl.FindInternal  
   at Microsoft.VisualStudio.TestTools.UITesting.UITestControl. Find b__37  
   at Microsoft.VisualStudio.TestTools.UITesting.CodedUITestMethodInvoker.InvokeMethod T  Func`1 function, UITestControl control, Boolean firePlaybackErrorEvent, Boolean logAsAction 
   at Microsoft.VisualStudio.TestTools.UITesting.UITestControl.Find  
   at Microsoft.VisualStudio.TestTools.UITesting.UITestControl.GetPropertyPrivate String propertyName 
   at Microsoft.VisualStudio.TestTools.UITesting.UITestControl.  c__DisplayClass3b. GetProperty b__3a  
   at Microsoft.VisualStudio.TestTools.UITesting.CodedUITestMethodInvoker.InvokeMethod T  Func`1 function, UITestControl control, Boolean firePlaybackErrorEvent, Boolean logAsAction 
   at Microsoft.VisualStudio.TestTools.UITesting.UITestControl.GetProperty String propertyName 
   at Microsoft.VisualStudio.TestTools.UITesting.ALUtility.GetTechElementFromUITestControl UITestControl uiTestControl 
   at Microsoft.VisualStudio.TestTools.UITesting.ActionExecutorManager.GetActionExecutor UITestControl uiControl 
   at Microsoft.VisualStudio.TestTools.UITesting.Mouse.ClickImplementation UITestControl control, MouseButtons button, ModifierKeys modifierKeys, Point relativeCoordinate 
   at Microsoft.VisualStudio.TestTools.UITesting.Mouse.  c__DisplayClass6. Click b__5  
   at Microsoft.VisualStudio.TestTools.UITesting.CodedUITestMethodInvoker.InvokeMethod T  Func`1 function, UITestControl control, Boolean firePlaybackErrorEvent, Boolean logAsAction 
   at Microsoft.VisualStudio.TestTools.UITesting.Mouse.Click UITestControl control, MouseButtons button, ModifierKeys modifierKeys, Point relativeCoordinate 
   at Microsoft.VisualStudio.TestTools.UITesting.Mouse.Click UITestControl control 
   at TOG.WinUITest.PrepressMaintenance.Agents.GetDialogByName.ClickNo   in c:\WeiMing\Workspaces\TOG\Novatus\Development\Testing\NovatusWinUIAuto\PrepressMaintenanceWinUIAutoTest\PrepressAgents\Agents\DialogWindow.cs:line 87
   at TOG.WinUITest.PrepressMaintenance.TestCases.AttributeGroup.US6907.AddNewAliasCancel_Case7530   in c:\WeiMing\Workspaces\TOG\Novatus\Development\Testing\NovatusWinUIAuto\PrepressMaintenanceWinUIAutoTest\TestCases\AttributeGroup\US6907.cs:line 523</log>
      <screen>C:\\NewTestPass\\Screenshot\\2019-09-10 02.35.13.png</screen>
    </testcase>
    <testcase name="AddNewAliasSave_Case7520">
      <result>0</result>
      <start>2:35:15 PM</start>
      <end>2:35:55 PM</end>
      <log>
      </log>
      <screen>
      </screen>
    </testcase>
    <testcase name="AddNewAliasSaveAdd_Case7525">
      <result>0</result>
      <start>2:35:58 PM</start>
      <end>2:36:45 PM</end>
      <log>
      </log>
      <screen>
      </screen>
    </testcase>
  </userstory>
  <userstory name="US6908">
    <testapp name="Prepress">
      <version>1.16.104.1</version>
      <server>
      </server>
      <profile>Integration</profile>
    </testapp>
    <testcase name="AddDuplicateAliasSave_Case7524">
      <result>0</result>
      <start>2:36:51 PM</start>
      <end>2:39:10 PM</end>
      <log>
      </log>
      <screen>
      </screen>
    </testcase>
    <testcase name="AddDuplicateAliasSaveAdd_Case7529">
      <result>0</result>
      <start>2:39:13 PM</start>
      <end>2:41:23 PM</end>
      <log>
      </log>
      <screen>
      </screen>
    </testcase>
    <testcase name="AddNewAliasCancel_Case7530">
      <result>0</result>
      <start>2:41:25 PM</start>
      <end>2:42:26 PM</end>
      <log>
      </log>
      <screen>
      </screen>
    </testcase>
    <testcase name="AddNewAliasSave_Case7520">
      <result>0</result>
      <start>2:42:28 PM</start>
      <end>2:43:13 PM</end>
      <log>
      </log>
      <screen>
      </screen>
    </testcase>
    <testcase name="AddNewAliasSaveAdd_Case7525">
      <result>0</result>
      <start>2:43:15 PM</start>
      <end>2:44:03 PM</end>
      <log>
      </log>
      <screen>
      </screen>
    </testcase>
  </userstory>
  <userstory name="US5221">
    <testapp name="OrderEntry">
      <version> 4.19.248.1</version>
      <server>Development</server>
      <profile>Integration</profile>
    </testapp>
    <testapp name="Office">
      <version>
      </version>
      <server>Development</server>
      <profile>Integration</profile>
    </testapp>
    <testcase name="ChangeDevice_5793">
      <result>0</result>
      <start>2:44:06 PM</start>
      <end>2:59:55 PM</end>
      <log> br  Order number is:191002880 br  </log>
      <screen>
      </screen>
    </testcase>
  </userstory>
  <userstory name="US5040">
    <testapp name="OrderEntry">
      <version> 4.19.248.1</version>
      <server>Development</server>
      <profile>Integration</profile>
    </testapp>
    <testapp name="Office">
      <version>
      </version>
      <server>Development</server>
      <profile>Integration</profile>
    </testapp>
    <testcase name="NewMultiMediumFunctionality_Case6842">
      <result>1</result>
      <start>2:59:59 PM</start>
      <end>3:13:54 PM</end>
      <log> br  C:\\NewTestPass\\Screenshot\\2019-09-10 03.13.54.pngSystem.Exception: Barcode 19100288500001,Job status not PRD after 4 loops!
   at TOG.WinUITest.Common.Utilities.PJMUtilities.RerouteJobByStatus String barcode, String status, Int32 loopCounts  in c:\WeiMing\Workspaces\TOG\Novatus\Development\Testing\NovatusWinUIAuto\Utilities\Utilities\PJMUtilities.cs:line 76
   at TOG.WinUITest.OrderEntry.TestCases.US5040.NewMultiMediumFunctionality_Case6842   in c:\WeiMing\Workspaces\TOG\Novatus\Development\Testing\NovatusWinUIAuto\E2EWinUIAutoTest\TestCases\US5040.cs:line 188</log>
      <screen>
      </screen>
    </testcase>
  </userstory>
  <userstory name="US4846">
    <testapp name="OrderEntry">
      <version>
      </version>
      <server>Development</server>
      <profile>Integration</profile>
    </testapp>
    <testapp name="Office">
      <version> 1.19.252.1</version>
      <server>Development</server>
      <profile>Integration</profile>
    </testapp>
    <testcase name="AutoExtraCharges_Case4358">
      <result>1</result>
      <start>3:13:58 PM</start>
      <end>3:17:49 PM</end>
      <log>Microsoft.VisualStudio.TestTools.UITest.Extension.UITestControlNotFoundException: The playback failed to find the control with the given search properties. Additional Details: 
TechnologyName:  'MSAA'
ControlType:  'Table'
ControlName:  'dgrDetailBilling'
 ---  System.Runtime.InteropServices.COMException: Error HRESULT E_FAIL has been returned from a call to a COM component.
   at Microsoft.VisualStudio.TestTools.UITest.Playback.Engine.IRPFPlayback.FindAllScreenElements IScreenElement pScreenElementStart, String bstrQueryId, Object  pvarResKeys, Int32 cResKeys, Int32 nMaxDepth, Object    foundDescendants 
   at Microsoft.VisualStudio.TestTools.UITest.Playback.ScreenElement.FindTopLevelWindowHelper String queryId 
   at Microsoft.VisualStudio.TestTools.UITest.Playback.ScreenElement.FindFromPartialQueryId String queryId, Boolean resetSkipStep 
   at Microsoft.VisualStudio.TestTools.UITesting.UITestControl..ctor String queryId 
   --- End of inner exception stack trace ---
   at Microsoft.VisualStudio.TestTools.UITesting.Playback.MapControlNotFoundException COMException ex, IPlaybackContext context 
   at Microsoft.VisualStudio.TestTools.UITesting.Playback.MapAndThrowComException COMException innerException, IPlaybackContext context 
   at Microsoft.VisualStudio.TestTools.UITesting.Playback.MapAndThrowException Exception exception, IPlaybackContext context 
   at Microsoft.VisualStudio.TestTools.UITesting.Playback.MapAndThrowException Exception exception, String queryId 
   at Microsoft.VisualStudio.TestTools.UITesting.UITestControl..ctor String queryId 
   at Microsoft.VisualStudio.TestTools.UITesting.SearchHelper.SearchTopLevelWindow ISearchArgument topLevelSearchArg, String topLevelElementQueryId 
   at Microsoft.VisualStudio.TestTools.UITesting.SearchHelper.GetTitleUpdatedTopLevelWindow ISearchArgument topLevelSearchArg, String queryId, IList`1 windowTitles 
   at Microsoft.VisualStudio.TestTools.UITesting.SearchHelper.GetTopLevelElement Boolean useCache, Boolean useCacheOnly, ISearchArgument searchArg, IList`1 windowTitles, Int32  timeLeft 
   at Microsoft.VisualStudio.TestTools.UITesting.SearchHelper.GetElement Boolean useCache, ISearchArgument searchArg 
   at Microsoft.VisualStudio.TestTools.UITesting.SearchHelper.Search ISearchArgument searchArg 
   at Microsoft.VisualStudio.TestTools.UITesting.UITestControl.FindInternal  
   at Microsoft.VisualStudio.TestTools.UITesting.UITestControl. Find b__37  
   at Microsoft.VisualStudio.TestTools.UITesting.CodedUITestMethodInvoker.InvokeMethod T  Func`1 function, UITestControl control, Boolean firePlaybackErrorEvent, Boolean logAsAction 
   at Microsoft.VisualStudio.TestTools.UITesting.UITestControl.Find  
   at Microsoft.VisualStudio.TestTools.UITesting.UITestControl.GetPropertyPrivate String propertyName 
   at Microsoft.VisualStudio.TestTools.UITesting.UITestControl.  c__DisplayClass3b. GetProperty b__3a  
   at Microsoft.VisualStudio.TestTools.UITesting.CodedUITestMethodInvoker.InvokeMethod T  Func`1 function, UITestControl control, Boolean firePlaybackErrorEvent, Boolean logAsAction 
   at Microsoft.VisualStudio.TestTools.UITesting.UITestControl.GetProperty String propertyName 
   at Microsoft.VisualStudio.TestTools.UITesting.WinControls.WinTable.get_Cells  
   at TOG.WinUITest.Office.Agents.CustomerService.OrderDetailUI.FindChargesInTable String charges  in c:\WeiMing\Workspaces\TOG\Novatus\Development\Testing\NovatusWinUIAuto\NovatusOfficeAutoTest\OfficeAgents\CustomerService\OrderDetailUI.cs:line 327
   at TOG.WinUITest.E2E.TestCases.US4846.AutoExtraCharges_Case4358   in c:\WeiMing\Workspaces\TOG\Novatus\Development\Testing\NovatusWinUIAuto\E2EWinUIAutoTest\TestCases\US4846.cs:line 634</log>
      <screen>C:\\NewTestPass\\Screenshot\\2019-09-10 03.17.48.png</screen>
    </testcase>
    <testcase name="CustomerDiscountExcludeExtraCharge_Case8350">
      <result>0</result>
      <start>3:17:49 PM</start>
      <end>3:22:48 PM</end>
      <log>
      </log>
      <screen>
      </screen>
    </testcase>
    <testcase name="Keepsake_Case4906">
      <result>1</result>
      <start>3:22:48 PM</start>
      <end>3:34:17 PM</end>
      <log> br  file with 1 card, 1 envelope and 1 frame in it br  file with 1 card, 1 envelope and 2 frame in it br  file with 1 card, 2 envelope and 2 frame in it br  System.Exception: C:\\NewTestPass\\Screenshot\\2019-09-10 03.26.36.png The playback failed to find the control with the given search properties. Additional Details: 
TechnologyName:  'MSAA'
ControlName:  'txtInvoice'
Instance:  '1'
ControlType:  'Window'
C:\\NewTestPass\\Screenshot\\2019-09-10 03.30.25.png The playback failed to find the control with the given search properties. Additional Details: 
TechnologyName:  'MSAA'
ControlName:  'txtInvoice'
Instance:  '1'
ControlType:  'Window'
C:\\NewTestPass\\Screenshot\\2019-09-10 03.34.16.png The playback failed to find the control with the given search properties. Additional Details: 
TechnologyName:  'MSAA'
ControlName:  'txtInvoice'
Instance:  '1'
ControlType:  'Window'

   at TOG.WinUITest.E2E.TestCases.US4846.Keepsake_Case4906   in c:\WeiMing\Workspaces\TOG\Novatus\Development\Testing\NovatusWinUIAuto\E2EWinUIAutoTest\TestCases\US4846.cs:line 679</log>
      <screen>C:\\NewTestPass\\Screenshot\\2019-09-10 03.34.17.png</screen>
    </testcase>
    <testcase name="LicenseID_Case8349">
      <result>0</result>
      <start>3:34:17 PM</start>
      <end>3:34:54 PM</end>
      <log>
      </log>
      <screen>
      </screen>
    </testcase>
    <testcase name="PaperCulturePackagingCharges_Case4370">
      <result>1</result>
      <start>3:34:55 PM</start>
      <end>3:51:01 PM</end>
      <log> br  Bill order with items PCSS1002,PCMM2000, ,for line case 1 br  Bill order with items PC50001V,PC2024, ,for line case 2 br  Bill order with items PC2024,PC50001V,PC2024, ,for line case 4 br  Bill order with items PC50001V, ,for line case 5 br  C:\\NewTestPass\\Screenshot\\2019-09-10 03.51.01.pngSystem.ComponentModel.Win32Exception  0x80004005 : Access is denied
   at System.Diagnostics.Process.Kill  
   at TOG.WinUITest.OrderEntry.TestCases.TestcaseBase.CleanProcess String appName  in c:\WeiMing\Workspaces\TOG\Novatus\Development\Testing\NovatusWinUIAuto\E2EWinUIAutoTest\TestCases\TestcaseBase.cs:line 214
   at TOG.WinUITest.E2E.TestCases.US4846.CleanProcess   in c:\WeiMing\Workspaces\TOG\Novatus\Development\Testing\NovatusWinUIAuto\E2EWinUIAutoTest\TestCases\US4846.cs:line 825
   at TOG.WinUITest.E2E.TestCases.US4846.BillOrderAndCheckInOffice List`1 newItems, DebugLog debugLog, Int32 expectCharge, Int32 caseNumber  in c:\WeiMing\Workspaces\TOG\Novatus\Development\Testing\NovatusWinUIAuto\E2EWinUIAutoTest\TestCases\US4846.cs:line 584
   at TOG.WinUITest.E2E.TestCases.US4846.PaperCulturePackagingCharges_Case4370   in c:\WeiMing\Workspaces\TOG\Novatus\Development\Testing\NovatusWinUIAuto\E2EWinUIAutoTest\TestCases\US4846.cs:line 440</log>
      <screen>
      </screen>
    </testcase>
    <testcase name="ReworkOrderCheckBillingReport_Case8351">
      <result>0</result>
      <start>3:51:01 PM</start>
      <end>4:05:22 PM</end>
      <log>
      </log>
      <screen>
      </screen>
    </testcase>
  </userstory>
  <userstory name="US4238">
    <testapp name="OrderEntry">
      <version> 4.19.248.1</version>
      <server>Development</server>
      <profile>Integration</profile>
    </testapp>
    <testapp name="Office">
      <version>
      </version>
      <server>Development</server>
      <profile>Integration</profile>
    </testapp>
    <testcase name="DueDateUpdatedBasedOnRushCode_Case4883">
      <result>1</result>
      <start>4:05:26 PM</start>
      <end>4:06:14 PM</end>
      <log> br  Microsoft.VisualStudio.TestTools.UITest.Extension.ActionNotSupportedOnDisabledControlException: Cannot perform 'SetProperty of SelectedItem with value  Phone ' on the disabled or read-only control. Additional Details: 
TechnologyName:  'MSAA'
Name:  'Mode:'
ControlType:  'ComboBox'
 ---  System.Runtime.InteropServices.COMException: Exception from HRESULT: 0xF004F005
   at Microsoft.VisualStudio.TestTools.UITest.Playback.Engine.IScreenElement.SetValueAsComboBox String bstrNewValue, Int32 nSetValueAsComboBoxFlag 
   at Microsoft.VisualStudio.TestTools.UITest.Playback.ScreenElement.SetValueAsComboBoxInternal String value, SetValueAsComboBoxType setValueAsComboBoxType 
   at Microsoft.VisualStudio.TestTools.UITest.Playback.ScreenElement.SetValueAsComboBox String value, Boolean useEdit 
   at Microsoft.VisualStudio.TestTools.UITesting.WinPropertyProvider.SetComboBoxProperty String propertyName, Object value 
   at Microsoft.VisualStudio.TestTools.UITesting.WinPropertyProvider.SetPropertyValue UITestControl uiControl, String propertyName, Object value 
   at Microsoft.VisualStudio.TestTools.UITesting.UITestPropertyProvider.SetPropertyValueWrapper UITestControl uiControl, String propertyName, Object value 
   at Microsoft.VisualStudio.TestTools.UITesting.UITestControl.SetPropertyValue String propertyName, Object propertyValue 
   --- End of inner exception stack trace ---
   at Microsoft.VisualStudio.TestTools.UITesting.Playback.MapAndThrowComException COMException innerException, IPlaybackContext context 
   at Microsoft.VisualStudio.TestTools.UITesting.Playback.MapAndThrowException Exception exception, IPlaybackContext context 
   at Microsoft.VisualStudio.TestTools.UITesting.Playback.MapAndThrowException Exception exception, String actionName, UITestControl uiControl 
   at Microsoft.VisualStudio.TestTools.UITesting.Playback.MapAndThrowException Exception exception, String actionName, Object parameterValue, UITestControl uiControl 
   at Microsoft.VisualStudio.TestTools.UITesting.UITestControl.SetPropertyValue String propertyName, Object propertyValue 
   at Microsoft.VisualStudio.TestTools.UITesting.UITestControl.SetPropertyPrivate String propertyName, Object value 
   at Microsoft.VisualStudio.TestTools.UITesting.UITestControl.  c__DisplayClass3e. SetProperty b__3d  
   at Microsoft.VisualStudio.TestTools.UITesting.CodedUITestMethodInvoker.InvokeMethod T  Func`1 function, UITestControl control, Boolean firePlaybackErrorEvent, Boolean logAsAction 
   at Microsoft.VisualStudio.TestTools.UITesting.UITestControl.SetProperty String propertyName, Object value 
   at Microsoft.VisualStudio.TestTools.UITesting.WinControls.WinComboBox.set_SelectedItem String value 
   at TOG.WinUITest.OrderEntry.Agents.NewOrder.MessageBoardUI.TypeMessageBoard Int32 manageBy, String anserwedAs, String modeType  in c:\WeiMing\Workspaces\TOG\Novatus\Development\Testing\NovatusWinUIAuto\OrderEntryWinUIAutoTest\OEAgents\MessageBoardUI.cs:line 135
   at TOG.WinUITest.OrderEntry.TestCases.US4238.DueDateUpdatedBasedOnRushCode_Case4883   in c:\WeiMing\Workspaces\TOG\Novatus\Development\Testing\NovatusWinUIAuto\E2EWinUIAutoTest\TestCases\US4238.cs:line 145</log>
      <screen>C:\\NewTestPass\\Screenshot\\2019-09-10 04.06.14.png</screen>
    </testcase>
  </userstory>
  <userstory name="US3751">
    <testapp name="OrderEntry">
      <version> 4.19.248.1</version>
      <server>Development</server>
      <profile>Integration</profile>
    </testapp>
    <testapp name="Office">
      <version>
      </version>
      <server>Development</server>
      <profile>Integration</profile>
    </testapp>
    <testcase name="RemoveArtworkAfterSubmit_4644">
      <result>0</result>
      <start>4:06:17 PM</start>
      <end>4:11:23 PM</end>
      <log>OrderNumber: 191002924</log>
      <screen>
      </screen>
    </testcase>
    <testcase name="SharedArtworkInSuspend_4647">
      <result>0</result>
      <start>4:11:23 PM</start>
      <end>4:15:49 PM</end>
      <log>
      </log>
      <screen>
      </screen>
    </testcase>
    <testcase name="VerifyArtworkShared_4646">
      <result>0</result>
      <start>4:15:49 PM</start>
      <end>4:19:44 PM</end>
      <log>
      </log>
      <screen>
      </screen>
    </testcase>
  </userstory>
  <userstory name="US4771">
    <testapp name="OrderEntry">
      <version> 4.19.248.1</version>
      <server>Development</server>
      <profile>Integration</profile>
    </testapp>
    <testapp name="Office">
      <version> 1.19.252.1</version>
      <server>Development</server>
      <profile>Integration</profile>
    </testapp>
    <testcase name="NoChargeShipping">
      <result>0</result>
      <start>4:19:48 PM</start>
      <end>4:22:42 PM</end>
      <log> br   OrderNumber: 191002928</log>
      <screen>
      </screen>
    </testcase>
    <testcase name="ChargeShippingToThirdParty">
      <result>0</result>
      <start>4:22:43 PM</start>
      <end>4:25:45 PM</end>
      <log> br   OrderNumber: 191002931</log>
      <screen>
      </screen>
    </testcase>
    <testcase name="BF11_ChargeShippingTrue_ShippingUpgradeTrue_Flat_OtherUPSGround_NoThirdParty_5655">
      <result>1</result>
      <start>4:25:45 PM</start>
      <end>4:28:39 PM</end>
      <log> br  Microsoft.VisualStudio.TestTools.UnitTesting.AssertFailedException: Assert.IsTrue failed. Actual: shipping labal is 'Est Shipping',Expected: shipping labal is 'shipping',order detail in office
   at Microsoft.VisualStudio.TestTools.UnitTesting.Assert.HandleFailure String assertionName, String message 
   at Microsoft.VisualStudio.TestTools.UnitTesting.Assert.IsTrue Boolean condition, String message 
   at TOG.WinUITest.E2E.TestCases.US4771.ChargeFlatRateTitle Boolean shippingCharge, Boolean shippingUpgrade, String shippingMethod, Boolean thirdPartyShipper, NewItem newItem, String methodName, DebugLog debugLog  in c:\WeiMing\Workspaces\TOG\Novatus\Development\Testing\NovatusWinUIAuto\E2EWinUIAutoTest\TestCases\US4771.cs:line 1449
   at TOG.WinUITest.E2E.TestCases.US4771.BF11_ChargeShippingTrue_ShippingUpgradeTrue_Flat_OtherUPSGround_NoThirdParty_5655   in c:\WeiMing\Workspaces\TOG\Novatus\Development\Testing\NovatusWinUIAuto\E2EWinUIAutoTest\TestCases\US4771.cs:line 531</log>
      <screen>C:\\NewTestPass\\Screenshot\\2019-09-10 04.28.39.png</screen>
    </testcase>
    <testcase name="ChargeEstimatedWeight">
      <result>0</result>
      <start>4:28:39 PM</start>
      <end>4:31:40 PM</end>
      <log> br   OrderNumber: 191002937</log>
      <screen>
      </screen>
    </testcase>
    <testcase name="ChargeShippingToThirdParty">
      <result>0</result>
      <start>4:31:40 PM</start>
      <end>4:34:38 PM</end>
      <log> br   OrderNumber: 191002942</log>
      <screen>
      </screen>
    </testcase>
    <testcase name="BF14_ChargeShippingTrue_ShippingUpgradeFalse_Estimated_UPSGround_ThirdParty_5658">
      <result>1</result>
      <start>4:34:38 PM</start>
      <end>4:38:01 PM</end>
      <log> br  System.Exception: Exception of type 'System.Exception' was thrown.
   at TOG.WinUITest.Common.AssertWaiting.WaitForControlExits UITestControl control  in c:\WeiMing\Workspaces\TOG\Novatus\Development\Testing\NovatusWinUIAuto\Utilities\AssertWaiting.cs:line 38
   at TOG.WinUITest.OrderEntry.Agents.AgentUIBase.WaitForCurrentScreen UITestControl control  in c:\WeiMing\Workspaces\TOG\Novatus\Development\Testing\NovatusWinUIAuto\OrderEntryWinUIAutoTest\OEAgents\AgentUIBase.cs:line 91
   at TOG.WinUITest.OrderEntry.Agents.ItemSummaryUI.AddNewItem   in c:\WeiMing\Workspaces\TOG\Novatus\Development\Testing\NovatusWinUIAuto\OrderEntryWinUIAutoTest\OEAgents\ItemSummaryUI.cs:line 48
   at TOG.WinUITest.OrderEntry.Agents.ItemSummaryUI.AddItem NewItem newItem  in c:\WeiMing\Workspaces\TOG\Novatus\Development\Testing\NovatusWinUIAuto\OrderEntryWinUIAutoTest\OEAgents\ItemSummaryUI.cs:line 246
   at TOG.WinUITest.E2E.TestCases.US4771.ChargeShippingToThirdParty Boolean shippingCharge, Boolean shippingUpgrade, String shippingMethod, Boolean thirdPartyShipper, NewItem newItem, String methodName, DebugLog debugLog  in c:\WeiMing\Workspaces\TOG\Novatus\Development\Testing\NovatusWinUIAuto\E2EWinUIAutoTest\TestCases\US4771.cs:line 1271
   at TOG.WinUITest.E2E.TestCases.US4771.BF14_ChargeShippingTrue_ShippingUpgradeFalse_Estimated_UPSGround_ThirdParty_5658   in c:\WeiMing\Workspaces\TOG\Novatus\Development\Testing\NovatusWinUIAuto\E2EWinUIAutoTest\TestCases\US4771.cs:line 654</log>
      <screen>C:\\NewTestPass\\Screenshot\\2019-09-10 04.38.01.png</screen>
    </testcase>
    <testcase name="ChargeShippingToThirdParty">
      <result>0</result>
      <start>4:38:01 PM</start>
      <end>4:41:04 PM</end>
      <log> br   OrderNumber: 191002945</log>
      <screen>
      </screen>
    </testcase>
    <testcase name="ChargeShippingToThirdParty">
      <result>0</result>
      <start>4:41:04 PM</start>
      <end>4:44:10 PM</end>
      <log> br   OrderNumber: 191002948</log>
      <screen>
      </screen>
    </testcase>
    <testcase name="BF17_ChargeShippingTrue_ShippingUpgradeFalse_Flat_OtherUPSGround_NoThirdParty_5661">
      <result>1</result>
      <start>4:44:10 PM</start>
      <end>4:47:08 PM</end>
      <log> br  Microsoft.VisualStudio.TestTools.UnitTesting.AssertFailedException: Assert.IsTrue failed. Actual: shipping labal is 'Est Shipping',Expected: shipping labal is 'shipping',order detail in office
   at Microsoft.VisualStudio.TestTools.UnitTesting.Assert.HandleFailure String assertionName, String message 
   at Microsoft.VisualStudio.TestTools.UnitTesting.Assert.IsTrue Boolean condition, String message 
   at TOG.WinUITest.E2E.TestCases.US4771.ChargeFlatRateTitle Boolean shippingCharge, Boolean shippingUpgrade, String shippingMethod, Boolean thirdPartyShipper, NewItem newItem, String methodName, DebugLog debugLog  in c:\WeiMing\Workspaces\TOG\Novatus\Development\Testing\NovatusWinUIAuto\E2EWinUIAutoTest\TestCases\US4771.cs:line 1449
   at TOG.WinUITest.E2E.TestCases.US4771.BF17_ChargeShippingTrue_ShippingUpgradeFalse_Flat_OtherUPSGround_NoThirdParty_5661   in c:\WeiMing\Workspaces\TOG\Novatus\Development\Testing\NovatusWinUIAuto\E2EWinUIAutoTest\TestCases\US4771.cs:line 777</log>
      <screen>C:\\NewTestPass\\Screenshot\\2019-09-10 04.47.08.png</screen>
    </testcase>
    <testcase name="ChargeEstimatedWeight">
      <result>0</result>
      <start>4:47:08 PM</start>
      <end>4:50:16 PM</end>
      <log> br   OrderNumber: 191002956</log>
      <screen>
      </screen>
    </testcase>
    <testcase name="NoChargeShipping">
      <result>0</result>
      <start>4:50:17 PM</start>
      <end>4:53:11 PM</end>
      <log> br   OrderNumber: 191002960</log>
      <screen>
      </screen>
    </testcase>
    <testcase name="NoChargeShipping">
      <result>0</result>
      <start>4:53:11 PM</start>
      <end>4:56:09 PM</end>
      <log> br   OrderNumber: 191002964</log>
      <screen>
      </screen>
    </testcase>
    <testcase name="NoChargeShipping">
      <result>0</result>
      <start>4:56:09 PM</start>
      <end>4:59:02 PM</end>
      <log> br   OrderNumber: 191002973</log>
      <screen>
      </screen>
    </testcase>
    <testcase name="NoChargeShipping">
      <result>0</result>
      <start>4:59:02 PM</start>
      <end>5:02:00 PM</end>
      <log> br   OrderNumber: 191002978</log>
      <screen>
      </screen>
    </testcase>
    <testcase name="NoChargeShipping">
      <result>0</result>
      <start>5:02:01 PM</start>
      <end>5:05:01 PM</end>
      <log> br   OrderNumber: 191002982</log>
      <screen>
      </screen>
    </testcase>
    <testcase name="NoChargeShipping">
      <result>0</result>
      <start>5:05:01 PM</start>
      <end>5:07:58 PM</end>
      <log> br   OrderNumber: 191002985</log>
      <screen>
      </screen>
    </testcase>
    <testcase name="ChargeShippingToThirdParty">
      <result>0</result>
      <start>5:07:58 PM</start>
      <end>5:10:59 PM</end>
      <log> br   OrderNumber: 191002988</log>
      <screen>
      </screen>
    </testcase>
    <testcase name="NoChargeShipping">
      <result>0</result>
      <start>5:10:59 PM</start>
      <end>5:13:59 PM</end>
      <log> br   OrderNumber: 191002991</log>
      <screen>
      </screen>
    </testcase>
    <testcase name="ChargeShippingToThirdParty">
      <result>0</result>
      <start>5:13:59 PM</start>
      <end>5:17:04 PM</end>
      <log> br   OrderNumber: 191002994</log>
      <screen>
      </screen>
    </testcase>
    <testcase name="BF5_ChargeShippingFalse_ShippingUpgradeTrue_Flat_OtherUPSGround_NoThirdParty_5634">
      <result>1</result>
      <start>5:17:04 PM</start>
      <end>5:20:02 PM</end>
      <log> br  Microsoft.VisualStudio.TestTools.UnitTesting.AssertFailedException: Assert.IsTrue failed. Actual: shipping labal is 'Est Shipping',Expected: shipping labal is 'shipping',order detail in office
   at Microsoft.VisualStudio.TestTools.UnitTesting.Assert.HandleFailure String assertionName, String message 
   at Microsoft.VisualStudio.TestTools.UnitTesting.Assert.IsTrue Boolean condition, String message 
   at TOG.WinUITest.E2E.TestCases.US4771.ChargeFlatRateTitle Boolean shippingCharge, Boolean shippingUpgrade, String shippingMethod, Boolean thirdPartyShipper, NewItem newItem, String methodName, DebugLog debugLog  in c:\WeiMing\Workspaces\TOG\Novatus\Development\Testing\NovatusWinUIAuto\E2EWinUIAutoTest\TestCases\US4771.cs:line 1449
   at TOG.WinUITest.E2E.TestCases.US4771.BF5_ChargeShippingFalse_ShippingUpgradeTrue_Flat_OtherUPSGround_NoThirdParty_5634   in c:\WeiMing\Workspaces\TOG\Novatus\Development\Testing\NovatusWinUIAuto\E2EWinUIAutoTest\TestCases\US4771.cs:line 285</log>
      <screen>C:\\NewTestPass\\Screenshot\\2019-09-10 05.20.02.png</screen>
    </testcase>
    <testcase name="ChargeEstimatedWeight">
      <result>0</result>
      <start>5:20:02 PM</start>
      <end>5:23:11 PM</end>
      <log> br   OrderNumber: 191003000</log>
      <screen>
      </screen>
    </testcase>
    <testcase name="ChargeShippingToThirdParty">
      <result>0</result>
      <start>5:23:11 PM</start>
      <end>5:26:13 PM</end>
      <log> br   OrderNumber: 191003003</log>
      <screen>
      </screen>
    </testcase>
    <testcase name="ChargeShippingToThirdParty">
      <result>0</result>
      <start>5:26:13 PM</start>
      <end>5:29:13 PM</end>
      <log> br   OrderNumber: 191003007</log>
      <screen>
      </screen>
    </testcase>
    <testcase name="ChargeShippingToThirdParty">
      <result>0</result>
      <start>5:29:13 PM</start>
      <end>5:32:20 PM</end>
      <log> br   OrderNumber: 191003010</log>
      <screen>
      </screen>
    </testcase>
    <testcase name="ChargeCODChecked_5720">
      <result>0</result>
      <start>5:32:20 PM</start>
      <end>5:35:10 PM</end>
      <log> br   OrderNumber: 191003013</log>
      <screen>
      </screen>
    </testcase>
    <testcase name="ChargeShippingChecked_5718">
      <result>0</result>
      <start>5:35:10 PM</start>
      <end>5:38:18 PM</end>
      <log> br  Customer Setup,Shipping checked False br  Customer Setup,Shipping upgrade True br  Customer Setup,Shipping account exits, remove it. br   OrderNumber: 191003016</log>
      <screen>
      </screen>
    </testcase>
    <testcase name="CODAndFlatRate_5838">
      <result>0</result>
      <start>5:38:18 PM</start>
      <end>5:43:42 PM</end>
      <log> br   OrderNumber: 191003020</log>
      <screen>
      </screen>
    </testcase>
    <testcase name="MultiShipmentWithThirdParty_5721">
      <result>1</result>
      <start>5:43:42 PM</start>
      <end>5:47:09 PM</end>
      <log> br  System.Exception: Exception of type 'System.Exception' was thrown.
   at TOG.WinUITest.Common.AssertWaiting.WaitForControlExits UITestControl control  in c:\WeiMing\Workspaces\TOG\Novatus\Development\Testing\NovatusWinUIAuto\Utilities\AssertWaiting.cs:line 38
   at TOG.WinUITest.OrderEntry.Agents.AgentUIBase.WaitForCurrentScreen UITestControl control  in c:\WeiMing\Workspaces\TOG\Novatus\Development\Testing\NovatusWinUIAuto\OrderEntryWinUIAutoTest\OEAgents\AgentUIBase.cs:line 91
   at TOG.WinUITest.OrderEntry.Agents.ItemSummaryUI.AddNewItem   in c:\WeiMing\Workspaces\TOG\Novatus\Development\Testing\NovatusWinUIAuto\OrderEntryWinUIAutoTest\OEAgents\ItemSummaryUI.cs:line 48
   at TOG.WinUITest.OrderEntry.Agents.ItemSummaryUI.AddItem NewItem newItem  in c:\WeiMing\Workspaces\TOG\Novatus\Development\Testing\NovatusWinUIAuto\OrderEntryWinUIAutoTest\OEAgents\ItemSummaryUI.cs:line 246
   at TOG.WinUITest.E2E.TestCases.US4771.MultiShipmentWithThirdParty_5721   in c:\WeiMing\Workspaces\TOG\Novatus\Development\Testing\NovatusWinUIAuto\E2EWinUIAutoTest\TestCases\US4771.cs:line 2167</log>
      <screen>C:\\NewTestPass\\Screenshot\\2019-09-10 05.47.09.png</screen>
    </testcase>
    <testcase name="PBTLocalPickup_5733">
      <result>0</result>
      <start>5:47:09 PM</start>
      <end>5:52:35 PM</end>
      <log> br   OrderNumber: 191003026</log>
      <screen>
      </screen>
    </testcase>
  </userstory>
  <userstory name="US4515">
    <testapp name="OrderEntry">
      <version> 4.19.248.1</version>
      <server>Development</server>
      <profile>Integration</profile>
    </testapp>
    <testapp name="Office">
      <version> 1.19.252.1</version>
      <server>Development</server>
      <profile>Integration</profile>
    </testapp>
    <testcase name="PopupPromptsExits_Case6686">
      <result>0</result>
      <start>5:52:41 PM</start>
      <end>5:56:37 PM</end>
      <log>OrderNumber: 191003029</log>
      <screen>
      </screen>
    </testcase>
    <testcase name="PopupPromptsOrderThen60_Case6687">
      <result>0</result>
      <start>5:56:38 PM</start>
      <end>6:00:32 PM</end>
      <log>OrderNumber: 191003042</log>
      <screen>
      </screen>
    </testcase>
    <testcase name="ReversalDoneOnVoid_Case4886">
      <result>0</result>
      <start>6:00:32 PM</start>
      <end>6:04:53 PM</end>
      <log>OrderNumber: 191003048</log>
      <screen>
      </screen>
    </testcase>
  </userstory>
  <userstory name="US5983">
    <testapp name="OrderEntry">
      <version> 4.19.248.1</version>
      <server>Development</server>
      <profile>Integration</profile>
    </testapp>
    <testapp name="Office">
      <version> 1.19.252.1</version>
      <server>Development</server>
      <profile>Integration</profile>
    </testapp>
    <testcase name="AddManualRoute_2553">
      <result>0</result>
      <start>6:04:57 PM</start>
      <end>6:08:15 PM</end>
      <log>OrderNumber: 191003051</log>
      <screen>
      </screen>
    </testcase>
    <testcase name="AutomaticRoute_2558">
      <result>1</result>
      <start>6:08:15 PM</start>
      <end>6:28:28 PM</end>
      <log> br  Start BalanceExistsOverTitleAllow br  C:\\NewTestPass\\Screenshot\\2019-09-10 06.09.15.pngMicrosoft.VisualStudio.TestTools.UITest.Extension.UITestControlNotFoundException: The playback failed to find the control with the given search properties. Additional Details: 
TechnologyName:  'MSAA'
ControlName:  'tableLayoutPanel'
Instance:  '1'
ControlType:  'Window'
 ---  System.Runtime.InteropServices.COMException: Error HRESULT E_FAIL has been returned from a call to a COM component.
   at Microsoft.VisualStudio.TestTools.UITest.Playback.Engine.IRPFPlayback.FindAllScreenElements IScreenElement pScreenElementStart, String bstrQueryId, Object  pvarResKeys, Int32 cResKeys, Int32 nMaxDepth, Object    foundDescendants 
   at Microsoft.VisualStudio.TestTools.UITest.Playback.ScreenElement.FindTopLevelWindowHelper String queryId 
   at Microsoft.VisualStudio.TestTools.UITest.Playback.ScreenElement.FindFromPartialQueryId String queryId, Boolean resetSkipStep 
   at Microsoft.VisualStudio.TestTools.UITesting.UITestControl..ctor String queryId 
   --- End of inner exception stack trace ---
   at Microsoft.VisualStudio.TestTools.UITesting.Playback.MapControlNotFoundException COMException ex, IPlaybackContext context 
   at Microsoft.VisualStudio.TestTools.UITesting.Playback.MapAndThrowComException COMException innerException, IPlaybackContext context 
   at Microsoft.VisualStudio.TestTools.UITesting.Playback.MapAndThrowException Exception exception, IPlaybackContext context 
   at Microsoft.VisualStudio.TestTools.UITesting.Playback.MapAndThrowException Exception exception, String queryId 
   at Microsoft.VisualStudio.TestTools.UITesting.UITestControl..ctor String queryId 
   at Microsoft.VisualStudio.TestTools.UITesting.SearchHelper.SearchTopLevelWindow ISearchArgument topLevelSearchArg, String topLevelElementQueryId 
   at Microsoft.VisualStudio.TestTools.UITesting.SearchHelper.GetTitleUpdatedTopLevelWindow ISearchArgument topLevelSearchArg, String queryId, IList`1 windowTitles 
   at Microsoft.VisualStudio.TestTools.UITesting.SearchHelper.GetTopLevelElement Boolean useCache, Boolean useCacheOnly, ISearchArgument searchArg, IList`1 windowTitles, Int32  timeLeft 
   at Microsoft.VisualStudio.TestTools.UITesting.SearchHelper.GetElement Boolean useCache, ISearchArgument searchArg 
   at Microsoft.VisualStudio.TestTools.UITesting.SearchHelper.Search ISearchArgument searchArg 
   at Microsoft.VisualStudio.TestTools.UITesting.UITestControl.FindInternal  
   at Microsoft.VisualStudio.TestTools.UITesting.UITestControl. Find b__37  
   at Microsoft.VisualStudio.TestTools.UITesting.CodedUITestMethodInvoker.InvokeMethod T  Func`1 function, UITestControl control, Boolean firePlaybackErrorEvent, Boolean logAsAction 
   at Microsoft.VisualStudio.TestTools.UITesting.UITestControl.Find  
   at Microsoft.VisualStudio.TestTools.UITesting.UITestControl.GetPropertyPrivate String propertyName 
   at Microsoft.VisualStudio.TestTools.UITesting.UITestControl.  c__DisplayClass3b. GetProperty b__3a  
   at Microsoft.VisualStudio.TestTools.UITesting.CodedUITestMethodInvoker.InvokeMethod T  Func`1 function, UITestControl control, Boolean firePlaybackErrorEvent, Boolean logAsAction 
   at Microsoft.VisualStudio.TestTools.UITesting.UITestControl.GetProperty String propertyName 
   at Microsoft.VisualStudio.TestTools.UITesting.ALUtility.GetTechElementFromUITestControl UITestControl uiTestControl 
   at Microsoft.VisualStudio.TestTools.UITesting.ActionExecutorManager.GetActionExecutor UITestControl uiControl 
   at Microsoft.VisualStudio.TestTools.UITesting.Keyboard.SendKeysImplementation UITestControl control, String text, ModifierKeys modifierKeys, Boolean isEncoded, Boolean isUnicode 
   at Microsoft.VisualStudio.TestTools.UITesting.Keyboard.  c__DisplayClass2. SendKeys b__1  
   at Microsoft.VisualStudio.TestTools.UITesting.CodedUITestMethodInvoker.InvokeMethod T  Func`1 function, UITestControl control, Boolean firePlaybackErrorEvent, Boolean logAsAction 
   at Microsoft.VisualStudio.TestTools.UITesting.Keyboard.SendKeys UITestControl control, String text, ModifierKeys modifierKeys, Boolean isEncoded, Boolean isUnicode 
   at Microsoft.VisualStudio.TestTools.UITesting.Keyboard.SendKeys UITestControl control, String text 
   at TOG.WinUITest.OrderEntry.Agents.CustomerInfoUI.TypeTax String taxString  in c:\WeiMing\Workspaces\TOG\Novatus\Development\Testing\NovatusWinUIAuto\OrderEntryWinUIAutoTest\OEAgents\CustomerInfoUI.cs:line 41
   at TOG.WinUITest.OrderEntry.TestCases.US5983.BalanceExistsOverTitleAllow DebugLog debugLog  in c:\WeiMing\Workspaces\TOG\Novatus\Development\Testing\NovatusWinUIAuto\E2EWinUIAutoTest\TestCases\US5983.cs:line 739 br  Start CODRequiredRouteInOrderInfo br  End CODRequiredRouteInOrderInfo br  Start CreditCodeRoute br  End CreditCodeRoute br  Start CreditLimitRoute br  End CreditLimitRoute br  Start PORequiredRoute br  End PORequiredRoute br  Start CCRequiredRoute br  End CCRequiredRoute br  Start CODRequiredRouteInShipping br  C:\\NewTestPass\\Screenshot\\2019-09-10 06.28.28.pngMicrosoft.VisualStudio.TestTools.UITest.Extension.PlaybackFailureException: Cannot perform 'SetProperty of SelectedItem with value  Carlson Craft ' on the control. Additional Details: 
TechnologyName:  'MSAA'
ControlType:  'ComboBox'
 ---  System.Runtime.InteropServices.COMException: Exception from HRESULT: 0xF004F008
   at Microsoft.VisualStudio.TestTools.UITest.Playback.Engine.IScreenElement.SetValueAsComboBox String bstrNewValue, Int32 nSetValueAsComboBoxFlag 
   at Microsoft.VisualStudio.TestTools.UITest.Playback.ScreenElement.SetValueAsComboBoxInternal String value, SetValueAsComboBoxType setValueAsComboBoxType 
   at Microsoft.VisualStudio.TestTools.UITest.Playback.ScreenElement.SetValueAsComboBox String value, Boolean useEdit 
   at Microsoft.VisualStudio.TestTools.UITesting.WinPropertyProvider.SetComboBoxProperty String propertyName, Object value 
   at Microsoft.VisualStudio.TestTools.UITesting.WinPropertyProvider.SetPropertyValue UITestControl uiControl, String propertyName, Object value 
   at Microsoft.VisualStudio.TestTools.UITesting.UITestPropertyProvider.SetPropertyValueWrapper UITestControl uiControl, String propertyName, Object value 
   at Microsoft.VisualStudio.TestTools.UITesting.UITestControl.SetPropertyValue String propertyName, Object propertyValue 
   --- End of inner exception stack trace ---
   at Microsoft.VisualStudio.TestTools.UITesting.Playback.MapAndThrowComException COMException innerException, IPlaybackContext context 
   at Microsoft.VisualStudio.TestTools.UITesting.Playback.MapAndThrowException Exception exception, IPlaybackContext context 
   at Microsoft.VisualStudio.TestTools.UITesting.Playback.MapAndThrowException Exception exception, String actionName, UITestControl uiControl 
   at Microsoft.VisualStudio.TestTools.UITesting.Playback.MapAndThrowException Exception exception, String actionName, Object parameterValue, UITestControl uiControl 
   at Microsoft.VisualStudio.TestTools.UITesting.UITestControl.SetPropertyValue String propertyName, Object propertyValue 
   at Microsoft.VisualStudio.TestTools.UITesting.UITestControl.SetPropertyPrivate String propertyName, Object value 
   at Microsoft.VisualStudio.TestTools.UITesting.UITestControl.  c__DisplayClass3e. SetProperty b__3d  
   at Microsoft.VisualStudio.TestTools.UITesting.CodedUITestMethodInvoker.InvokeMethod T  Func`1 function, UITestControl control, Boolean firePlaybackErrorEvent, Boolean logAsAction 
   at Microsoft.VisualStudio.TestTools.UITesting.UITestControl.SetProperty String propertyName, Object value 
   at Microsoft.VisualStudio.TestTools.UITesting.WinControls.WinComboBox.set_SelectedItem String value 
   at TOG.WinUITest.Office.Agents.CustomerService.CusMaintainUI.SearchCustomer Int32 manage, String anserwedas, String customer  in c:\WeiMing\Workspaces\TOG\Novatus\Development\Testing\NovatusWinUIAuto\NovatusOfficeAutoTest\OfficeAgents\Maintenance\CusMaintainUI.cs:line 57
   at TOG.WinUITest.OrderEntry.TestCases.US5983.CODRequiredRouteInShipping OEDataSource oeDataSource, String participant, Boolean codRequired, String itemNumber, DateTime istart, DebugLog debugLog  in c:\WeiMing\Workspaces\TOG\Novatus\Development\Testing\NovatusWinUIAuto\E2EWinUIAutoTest\TestCases\US5983.cs:line 575 br  System.Exception: Exception of type 'System.Exception' was thrown.</log>
      <screen>
      </screen>
    </testcase>
    <testcase name="PNRFFTCorrect_2530">
      <result>1</result>
      <start>6:28:29 PM</start>
      <end>6:33:09 PM</end>
      <log>Microsoft.VisualStudio.TestTools.UnitTesting.AssertFailedException: Assert.IsTrue failed. Actual: item2 FFT Price is 0Expected:Price is 91.75,in detail billing tab,order detail
   at Microsoft.VisualStudio.TestTools.UnitTesting.Assert.HandleFailure String assertionName, String message 
   at Microsoft.VisualStudio.TestTools.UnitTesting.Assert.IsTrue Boolean condition, String message 
   at TOG.WinUITest.OrderEntry.TestCases.US5983.PNRFFTCorrect_2530   in c:\WeiMing\Workspaces\TOG\Novatus\Development\Testing\NovatusWinUIAuto\E2EWinUIAutoTest\TestCases\US5983.cs:line 253</log>
      <screen>C:\\NewTestPass\\Screenshot\\2019-09-10 06.33.09.png</screen>
    </testcase>
  </userstory>
  <userstory name="US6893">
    <testapp name="Prepress">
      <version>1.16.104.1</version>
      <server>
      </server>
      <profile>Integration</profile>
    </testapp>
    <testcase name="AddDuplicateAlias_Case7211">
      <result>0</result>
      <start>12:13:26 AM</start>
      <end>12:19:31 AM</end>
      <log>
      </log>
      <screen>
      </screen>
    </testcase>
    <testcase name="AddNewAliasCancel_Case7217">
      <result>0</result>
      <start>12:19:33 AM</start>
      <end>12:21:06 AM</end>
      <log>
      </log>
      <screen>
      </screen>
    </testcase>
    <testcase name="AddNewAliasSave_Case7207">
      <result>0</result>
      <start>12:21:08 AM</start>
      <end>12:22:30 AM</end>
      <log>
      </log>
      <screen>
      </screen>
    </testcase>
    <testcase name="AddNewAliasSaveAdd_Case7212">
      <result>0</result>
      <start>12:22:32 AM</start>
      <end>12:23:52 AM</end>
      <log>
      </log>
      <screen>
      </screen>
    </testcase>
    <testcase name="AliasCodeNotAssociated_Case7242">
      <result>0</result>
      <start>12:23:54 AM</start>
      <end>12:25:14 AM</end>
      <log>
      </log>
      <screen>
      </screen>
    </testcase>
    <testcase name="AliasCount_Case7220">
      <result>0</result>
      <start>12:25:16 AM</start>
      <end>12:26:30 AM</end>
      <log>
      </log>
      <screen>
      </screen>
    </testcase>
    <testcase name="DataGridFunctionality_Case7208">
      <result>0</result>
      <start>12:26:32 AM</start>
      <end>12:27:49 AM</end>
      <log>
      </log>
      <screen>
      </screen>
    </testcase>
    <testcase name="DeleteAliasCancel_Case7218">
      <result>0</result>
      <start>12:27:51 AM</start>
      <end>12:29:19 AM</end>
      <log>
      </log>
      <screen>
      </screen>
    </testcase>
    <testcase name="DeleteNewAliasSave_Case7215">
      <result>0</result>
      <start>12:29:21 AM</start>
      <end>12:30:36 AM</end>
      <log>
      </log>
      <screen>
      </screen>
    </testcase>
    <testcase name="DeleteNewAliasSaveAdd_Case7216">
      <result>0</result>
      <start>12:30:38 AM</start>
      <end>12:32:03 AM</end>
      <log>
      </log>
      <screen>
      </screen>
    </testcase>
    <testcase name="EditNewAliasCancel_Case7219">
      <result>0</result>
      <start>12:32:06 AM</start>
      <end>12:33:28 AM</end>
      <log>
      </log>
      <screen>
      </screen>
    </testcase>
    <testcase name="EditNewAliasSave_Case7213">
      <result>0</result>
      <start>12:33:31 AM</start>
      <end>12:34:45 AM</end>
      <log>
      </log>
      <screen>
      </screen>
    </testcase>
    <testcase name="EditNewAliasSaveAdd_Case7214">
      <result>0</result>
      <start>12:34:48 AM</start>
      <end>12:36:05 AM</end>
      <log>
      </log>
      <screen>
      </screen>
    </testcase>
    <testcase name="FirstLoadingByDefault_Case7210">
      <result>0</result>
      <start>12:36:07 AM</start>
      <end>12:37:43 AM</end>
      <log>
      </log>
      <screen>
      </screen>
    </testcase>
    <testcase name="FontAliasHotkeys_Case7209">
      <result>0</result>
      <start>12:37:45 AM</start>
      <end>12:39:21 AM</end>
      <log>
      </log>
      <screen>
      </screen>
    </testcase>
    <testcase name="PositionToMeetYourInput_Case7269">
      <result>0</result>
      <start>12:39:23 AM</start>
      <end>12:40:35 AM</end>
      <log>
      </log>
      <screen>
      </screen>
    </testcase>
  </userstory>
  <userstory name="US6894">
    <testapp name="Prepress">
      <version>1.16.104.1</version>
      <server>
      </server>
      <profile>Integration</profile>
    </testapp>
    <testcase name="AddDuplicateAlias_Case7444">
      <result>0</result>
      <start>12:40:40 AM</start>
      <end>12:46:51 AM</end>
      <log>
      </log>
      <screen>
      </screen>
    </testcase>
    <testcase name="AddNewAliasCancel_Case7450">
      <result>0</result>
      <start>12:46:54 AM</start>
      <end>12:48:21 AM</end>
      <log>
      </log>
      <screen>
      </screen>
    </testcase>
    <testcase name="AddNewAliasSave_Case7440">
      <result>0</result>
      <start>12:48:23 AM</start>
      <end>12:49:36 AM</end>
      <log>
      </log>
      <screen>
      </screen>
    </testcase>
    <testcase name="AddNewAliasSaveAdd_Case7445">
      <result>0</result>
      <start>12:49:38 AM</start>
      <end>12:50:52 AM</end>
      <log>
      </log>
      <screen>
      </screen>
    </testcase>
    <testcase name="AliasCodeNotAssociated_Case7454">
      <result>0</result>
      <start>12:50:54 AM</start>
      <end>12:52:10 AM</end>
      <log>
      </log>
      <screen>
      </screen>
    </testcase>
    <testcase name="AliasCount_Case7453">
      <result>0</result>
      <start>12:52:12 AM</start>
      <end>12:53:23 AM</end>
      <log>
      </log>
      <screen>
      </screen>
    </testcase>
    <testcase name="DataGridFunctionality_Case7441">
      <result>0</result>
      <start>12:53:25 AM</start>
      <end>12:54:34 AM</end>
      <log>
      </log>
      <screen>
      </screen>
    </testcase>
    <testcase name="DeleteAliasCancel_Case7451">
      <result>0</result>
      <start>12:54:36 AM</start>
      <end>12:55:57 AM</end>
      <log>
      </log>
      <screen>
      </screen>
    </testcase>
    <testcase name="DeleteNewAliasSave_Case7448">
      <result>0</result>
      <start>12:55:59 AM</start>
      <end>12:57:09 AM</end>
      <log>
      </log>
      <screen>
      </screen>
    </testcase>
    <testcase name="DeleteNewAliasSaveAdd_Case7449">
      <result>0</result>
      <start>12:57:11 AM</start>
      <end>12:58:24 AM</end>
      <log>
      </log>
      <screen>
      </screen>
    </testcase>
    <testcase name="EditNewAliasCancel_Case7452">
      <result>0</result>
      <start>12:58:26 AM</start>
      <end>12:59:44 AM</end>
      <log>
      </log>
      <screen>
      </screen>
    </testcase>
    <testcase name="EditNewAliasSave_Case7446">
      <result>0</result>
      <start>12:59:46 AM</start>
      <end>1:00:56 AM</end>
      <log>
      </log>
      <screen>
      </screen>
    </testcase>
    <testcase name="EditNewAliasSaveAdd_Case7447">
      <result>0</result>
      <start>1:00:58 AM</start>
      <end>1:02:11 AM</end>
      <log>
      </log>
      <screen>
      </screen>
    </testcase>
    <testcase name="FirstLoadingByDefault_Case7443">
      <result>0</result>
      <start>1:02:13 AM</start>
      <end>1:03:46 AM</end>
      <log>
      </log>
      <screen>
      </screen>
    </testcase>
    <testcase name="FontAliasHotkeys_Case7442">
      <result>0</result>
      <start>1:03:48 AM</start>
      <end>1:05:25 AM</end>
      <log>
      </log>
      <screen>
      </screen>
    </testcase>
    <testcase name="PositionToMeetYourInput_Case7455">
      <result>0</result>
      <start>1:05:27 AM</start>
      <end>1:06:34 AM</end>
      <log>
      </log>
      <screen>
      </screen>
    </testcase>
  </userstory>
  <userstory name="US6895">
    <testapp name="Prepress">
      <version>1.16.104.1</version>
      <server>
      </server>
      <profile>Integration</profile>
    </testapp>
    <testcase name="AddDuplicateAlias_Case7500">
      <result>0</result>
      <start>1:06:40 AM</start>
      <end>1:13:04 AM</end>
      <log>
      </log>
      <screen>
      </screen>
    </testcase>
    <testcase name="AddNewAliasCancel_Case7506">
      <result>0</result>
      <start>1:13:07 AM</start>
      <end>1:14:40 AM</end>
      <log>
      </log>
      <screen>
      </screen>
    </testcase>
    <testcase name="AddNewAliasSave_Case7496">
      <result>0</result>
      <start>1:14:42 AM</start>
      <end>1:15:56 AM</end>
      <log>
      </log>
      <screen>
      </screen>
    </testcase>
    <testcase name="AddNewAliasSaveAdd_Case7501">
      <result>0</result>
      <start>1:15:58 AM</start>
      <end>1:17:15 AM</end>
      <log>
      </log>
      <screen>
      </screen>
    </testcase>
    <testcase name="AliasCodeNotAssociated_Case7510">
      <result>0</result>
      <start>1:17:17 AM</start>
      <end>1:18:33 AM</end>
      <log>
      </log>
      <screen>
      </screen>
    </testcase>
    <testcase name="AliasCount_Case7509">
      <result>0</result>
      <start>1:18:35 AM</start>
      <end>1:19:47 AM</end>
      <log>
      </log>
      <screen>
      </screen>
    </testcase>
    <testcase name="AliasHotkeys_Case7498">
      <result>0</result>
      <start>1:19:49 AM</start>
      <end>1:21:24 AM</end>
      <log>
      </log>
      <screen>
      </screen>
    </testcase>
    <testcase name="DataGridFunctionality_Case7497">
      <result>0</result>
      <start>1:21:27 AM</start>
      <end>1:22:36 AM</end>
      <log>
      </log>
      <screen>
      </screen>
    </testcase>
    <testcase name="DeleteAliasCancel_Case7507">
      <result>0</result>
      <start>1:22:38 AM</start>
      <end>1:23:59 AM</end>
      <log>
      </log>
      <screen>
      </screen>
    </testcase>
    <testcase name="DeleteNewAliasSave_Case7504">
      <result>0</result>
      <start>1:24:01 AM</start>
      <end>1:25:11 AM</end>
      <log>
      </log>
      <screen>
      </screen>
    </testcase>
    <testcase name="DeleteNewAliasSaveAdd_Case7505">
      <result>0</result>
      <start>1:25:13 AM</start>
      <end>1:26:27 AM</end>
      <log>
      </log>
      <screen>
      </screen>
    </testcase>
    <testcase name="EditNewAliasCancel_Case7508">
      <result>0</result>
      <start>1:26:29 AM</start>
      <end>1:28:09 AM</end>
      <log>
      </log>
      <screen>
      </screen>
    </testcase>
    <testcase name="EditNewAliasSave_Case7502">
      <result>0</result>
      <start>1:28:11 AM</start>
      <end>1:29:22 AM</end>
      <log>
      </log>
      <screen>
      </screen>
    </testcase>
    <testcase name="EditNewAliasSaveAdd_Case7503">
      <result>0</result>
      <start>1:29:24 AM</start>
      <end>1:30:37 AM</end>
      <log>
      </log>
      <screen>
      </screen>
    </testcase>
    <testcase name="FirstLoadingByDefault_Case7499">
      <result>0</result>
      <start>1:30:39 AM</start>
      <end>1:31:52 AM</end>
      <log>
      </log>
      <screen>
      </screen>
    </testcase>
    <testcase name="PositionToMeetYourInput_Case7511">
      <result>0</result>
      <start>1:31:54 AM</start>
      <end>1:33:01 AM</end>
      <log>
      </log>
      <screen>
      </screen>
    </testcase>
  </userstory>
  <userstory name="US6896">
    <testapp name="Prepress">
      <version>1.16.104.1</version>
      <server>
      </server>
      <profile>Integration</profile>
    </testapp>
    <testcase name="AddDuplicateAlias_Case7524">
      <result>0</result>
      <start>1:33:06 AM</start>
      <end>1:39:24 AM</end>
      <log>
      </log>
      <screen>
      </screen>
    </testcase>
    <testcase name="AddNewAliasCancel_Case7530">
      <result>0</result>
      <start>1:39:27 AM</start>
      <end>1:41:02 AM</end>
      <log>
      </log>
      <screen>
      </screen>
    </testcase>
    <testcase name="AddNewAliasSave_Case7520">
      <result>0</result>
      <start>1:41:04 AM</start>
      <end>1:42:19 AM</end>
      <log>
      </log>
      <screen>
      </screen>
    </testcase>
    <testcase name="AddNewAliasSaveAdd_Case7525">
      <result>0</result>
      <start>1:42:21 AM</start>
      <end>1:43:38 AM</end>
      <log>
      </log>
      <screen>
      </screen>
    </testcase>
    <testcase name="AliasCodeNotAssociated_Case7534">
      <result>0</result>
      <start>1:43:41 AM</start>
      <end>1:44:56 AM</end>
      <log>
      </log>
      <screen>
      </screen>
    </testcase>
    <testcase name="AliasCount_Case7533">
      <result>0</result>
      <start>1:44:59 AM</start>
      <end>1:46:10 AM</end>
      <log>
      </log>
      <screen>
      </screen>
    </testcase>
    <testcase name="AliasHotkeys_Case7522">
      <result>0</result>
      <start>1:46:13 AM</start>
      <end>1:47:51 AM</end>
      <log>
      </log>
      <screen>
      </screen>
    </testcase>
    <testcase name="DataGridFunctionality_Case7521">
      <result>0</result>
      <start>1:47:53 AM</start>
      <end>1:49:02 AM</end>
      <log>
      </log>
      <screen>
      </screen>
    </testcase>
    <testcase name="DeleteAliasCancel_Case7531">
      <result>0</result>
      <start>1:49:04 AM</start>
      <end>1:50:26 AM</end>
      <log>
      </log>
      <screen>
      </screen>
    </testcase>
    <testcase name="DeleteNewAliasSave_Case7528">
      <result>0</result>
      <start>1:50:28 AM</start>
      <end>1:51:37 AM</end>
      <log>
      </log>
      <screen>
      </screen>
    </testcase>
    <testcase name="DeleteNewAliasSaveAdd_Case7529">
      <result>0</result>
      <start>1:51:39 AM</start>
      <end>1:52:52 AM</end>
      <log>
      </log>
      <screen>
      </screen>
    </testcase>
    <testcase name="EditNewAliasCancel_Case7532">
      <result>0</result>
      <start>1:52:54 AM</start>
      <end>1:54:14 AM</end>
      <log>
      </log>
      <screen>
      </screen>
    </testcase>
    <testcase name="EditNewAliasSave_Case7526">
      <result>0</result>
      <start>1:54:16 AM</start>
      <end>1:55:26 AM</end>
      <log>
      </log>
      <screen>
      </screen>
    </testcase>
    <testcase name="EditNewAliasSaveAdd_Case7527">
      <result>0</result>
      <start>1:55:28 AM</start>
      <end>1:56:41 AM</end>
      <log>
      </log>
      <screen>
      </screen>
    </testcase>
    <testcase name="FirstLoadingByDefault_Case7523">
      <result>0</result>
      <start>1:56:43 AM</start>
      <end>1:57:55 AM</end>
      <log>
      </log>
      <screen>
      </screen>
    </testcase>
    <testcase name="PositionToMeetYourInput_Case7535">
      <result>0</result>
      <start>1:57:57 AM</start>
      <end>1:59:05 AM</end>
      <log>
      </log>
      <screen>
      </screen>
    </testcase>
  </userstory>
  <userstory name="US4971">
    <testapp name="Prepress">
      <version>1.16.104.1</version>
      <server>
      </server>
      <profile>Integration</profile>
    </testapp>
    <testcase name="ActiveOffersOnlyChecked_5031">
      <result>0</result>
      <start>1:59:09 AM</start>
      <end>1:59:19 AM</end>
      <log>
      </log>
      <screen>
      </screen>
    </testcase>
    <testcase name="CancelButtonFunction_5036">
      <result>0</result>
      <start>1:59:21 AM</start>
      <end>1:59:31 AM</end>
      <log>
      </log>
      <screen>
      </screen>
    </testcase>
    <testcase name="DataGridFunctionality_5033">
      <result>0</result>
      <start>1:59:33 AM</start>
      <end>2:00:01 AM</end>
      <log>
      </log>
      <screen>
      </screen>
    </testcase>
    <testcase name="ExportDataGrid_5035">
      <result>1</result>
      <start>2:00:03 AM</start>
      <end>2:00:15 AM</end>
      <log>Microsoft.VisualStudio.TestTools.UITest.Extension.PlaybackFailureException: Cannot perform 'SetProperty of SelectedItem with value  2947 - Invitations by David's Bridal ' on the control. Additional Details: 
TechnologyName:  'MSAA'
Name:  'Title:'
ControlType:  'ComboBox'
 ---  System.Runtime.InteropServices.COMException: Exception from HRESULT: 0xF004F008
   at Microsoft.VisualStudio.TestTools.UITest.Playback.Engine.IScreenElement.SetValueAsComboBox String bstrNewValue, Int32 nSetValueAsComboBoxFlag 
   at Microsoft.VisualStudio.TestTools.UITest.Playback.ScreenElement.SetValueAsComboBoxInternal String value, SetValueAsComboBoxType setValueAsComboBoxType 
   at Microsoft.VisualStudio.TestTools.UITest.Playback.ScreenElement.SetValueAsComboBox String value, Boolean useEdit 
   at Microsoft.VisualStudio.TestTools.UITesting.WinPropertyProvider.SetComboBoxProperty String propertyName, Object value 
   at Microsoft.VisualStudio.TestTools.UITesting.WinPropertyProvider.SetPropertyValue UITestControl uiControl, String propertyName, Object value 
   at Microsoft.VisualStudio.TestTools.UITesting.UITestPropertyProvider.SetPropertyValueWrapper UITestControl uiControl, String propertyName, Object value 
   at Microsoft.VisualStudio.TestTools.UITesting.UITestControl.SetPropertyValue String propertyName, Object propertyValue 
   --- End of inner exception stack trace ---
   at Microsoft.VisualStudio.TestTools.UITesting.Playback.MapAndThrowComException COMException innerException, IPlaybackContext context 
   at Microsoft.VisualStudio.TestTools.UITesting.Playback.MapAndThrowException Exception exception, IPlaybackContext context 
   at Microsoft.VisualStudio.TestTools.UITesting.Playback.MapAndThrowException Exception exception, String actionName, UITestControl uiControl 
   at Microsoft.VisualStudio.TestTools.UITesting.Playback.MapAndThrowException Exception exception, String actionName, Object parameterValue, UITestControl uiControl 
   at Microsoft.VisualStudio.TestTools.UITesting.UITestControl.SetPropertyValue String propertyName, Object propertyValue 
   at Microsoft.VisualStudio.TestTools.UITesting.UITestControl.SetPropertyPrivate String propertyName, Object value 
   at Microsoft.VisualStudio.TestTools.UITesting.UITestControl.  c__DisplayClass3e. SetProperty b__3d  
   at Microsoft.VisualStudio.TestTools.UITesting.CodedUITestMethodInvoker.InvokeMethod T  Func`1 function, UITestControl control, Boolean firePlaybackErrorEvent, Boolean logAsAction 
   at Microsoft.VisualStudio.TestTools.UITesting.UITestControl.SetProperty String propertyName, Object value 
   at Microsoft.VisualStudio.TestTools.UITesting.WinControls.WinComboBox.set_SelectedItem String value 
   at TOG.WinUITest.PrepressMaintenance.Agents.TextMaintence.QcByTitleUI.SelectByTitle String title  in c:\WeiMing\Workspaces\TOG\Novatus\Development\Testing\NovatusWinUIAuto\PrepressMaintenanceWinUIAutoTest\PrepressAgents\Agents\ItemLayout\QcByTitleUI.cs:line 179
   at TOG.WinUITest.PrepressMaintenance.Agents.TextMaintence.QcByTitleUI.SelectTitleExportToTxt String title, String folderName  in c:\WeiMing\Workspaces\TOG\Novatus\Development\Testing\NovatusWinUIAuto\PrepressMaintenanceWinUIAutoTest\PrepressAgents\Agents\ItemLayout\QcByTitleUI.cs:line 261
   at TOG.WinUITest.PrepressMaintenance.TestCases.TextMaintence.US4971.ExportDataGrid_5035   in c:\WeiMing\Workspaces\TOG\Novatus\Development\Testing\NovatusWinUIAuto\PrepressMaintenanceWinUIAutoTest\TestCases\US4971.cs:line 313</log>
      <screen>C:\\NewTestPass\\Screenshot\\2019-09-11 02.00.15.png</screen>
    </testcase>
    <testcase name="PriveImageGenerated_5034">
      <result>0</result>
      <start>2:00:18 AM</start>
      <end>2:02:16 AM</end>
      <log>
      </log>
      <screen>
      </screen>
    </testcase>
    <testcase name="StopGenratingPreviewProcess_5037">
      <result>0</result>
      <start>2:02:18 AM</start>
      <end>2:02:45 AM</end>
      <log>
      </log>
      <screen>
      </screen>
    </testcase>
  </userstory>
  <userstory name="US5039">
    <testapp name="Prepress">
      <version>1.16.104.1</version>
      <server>
      </server>
      <profile>Integration</profile>
    </testapp>
    <testcase name="LaunchPreview_5681">
      <result>1</result>
      <start>2:02:50 AM</start>
      <end>2:08:03 AM</end>
      <log>System.Exception: Exception of type 'System.Exception' was thrown.
   at TOG.WinUITest.Common.AssertWaiting.WaitForControlExits UITestControl control  in c:\WeiMing\Workspaces\TOG\Novatus\Development\Testing\NovatusWinUIAuto\Utilities\AssertWaiting.cs:line 38
   at TOG.WinUITest.PrepressMaintenance.Agents.AgentUIBase.WaitForCurrentScreen UITestControl control  in c:\WeiMing\Workspaces\TOG\Novatus\Development\Testing\NovatusWinUIAuto\PrepressMaintenanceWinUIAutoTest\PrepressAgents\Agents\AgentUIBase.cs:line 72
   at TOG.WinUITest.PrepressMaintenance.Agents.TextMaintence.OfferGroupsUI.LanchPreviewAndSelectFolder String folderName, String itemName  in c:\WeiMing\Workspaces\TOG\Novatus\Development\Testing\NovatusWinUIAuto\PrepressMaintenanceWinUIAutoTest\PrepressAgents\Agents\ItemLayout\OfferGroupsUI.cs:line 169
   at TOG.WinUITest.PrepressMaintenance.Agents.TextMaintence.OfferGroupsUI.PrivateAndSaveWithINDD String folderName  in c:\WeiMing\Workspaces\TOG\Novatus\Development\Testing\NovatusWinUIAuto\PrepressMaintenanceWinUIAutoTest\PrepressAgents\Agents\ItemLayout\OfferGroupsUI.cs:line 147
   at TOG.WinUITest.PrepressMaintenance.TestCases.TextMaintence.US5039.LaunchPreview_5681   in c:\WeiMing\Workspaces\TOG\Novatus\Development\Testing\NovatusWinUIAuto\PrepressMaintenanceWinUIAutoTest\TestCases\US5039.cs:line 81</log>
      <screen>C:\\NewTestPass\\Screenshot\\2019-09-11 02.08.03.png</screen>
    </testcase>
  </userstory>
  <userstory name="US5231">
    <testapp name="Prepress">
      <version>1.16.104.1</version>
      <server>
      </server>
      <profile>Integration</profile>
    </testapp>
    <testcase name="AreaHelp_5742">
      <result>0</result>
      <start>2:08:10 AM</start>
      <end>2:08:37 AM</end>
      <log>
      </log>
      <screen>
      </screen>
    </testcase>
    <testcase name="DefaultsOfferAssociated_5746">
      <result>0</result>
      <start>2:08:39 AM</start>
      <end>2:09:52 AM</end>
      <log>
      </log>
      <screen>
      </screen>
    </testcase>
    <testcase name="DefaultsOfferHelp_5745">
      <result>0</result>
      <start>2:09:54 AM</start>
      <end>2:10:22 AM</end>
      <log>
      </log>
      <screen>
      </screen>
    </testcase>
    <testcase name="LayoutHelp_5743">
      <result>0</result>
      <start>2:10:25 AM</start>
      <end>2:10:47 AM</end>
      <log>
      </log>
      <screen>
      </screen>
    </testcase>
    <testcase name="MultipleHelp_5744">
      <result>0</result>
      <start>2:10:49 AM</start>
      <end>2:11:35 AM</end>
      <log>
      </log>
      <screen>
      </screen>
    </testcase>
    <testcase name="NoHelp_5739">
      <result>0</result>
      <start>2:11:37 AM</start>
      <end>2:12:11 AM</end>
      <log>
      </log>
      <screen>
      </screen>
    </testcase>
    <testcase name="OfferHelp_5740">
      <result>0</result>
      <start>2:12:14 AM</start>
      <end>2:12:36 AM</end>
      <log>
      </log>
      <screen>
      </screen>
    </testcase>
    <testcase name="PrductionHelp_5741">
      <result>0</result>
      <start>2:12:38 AM</start>
      <end>2:13:06 AM</end>
      <log>
      </log>
      <screen>
      </screen>
    </testcase>
  </userstory>
  <userstory name="US5227">
    <testapp name="Prepress">
      <version>1.16.104.1</version>
      <server>
      </server>
      <profile>Integration</profile>
    </testapp>
    <testcase name="CancelButtonFunction_5760">
      <result>0</result>
      <start>2:13:12 AM</start>
      <end>2:13:31 AM</end>
      <log>
      </log>
      <screen>
      </screen>
    </testcase>
    <testcase name="DataGridAdditionalFunction_5758">
      <result>0</result>
      <start>2:13:34 AM</start>
      <end>2:14:01 AM</end>
      <log>
      </log>
      <screen>
      </screen>
    </testcase>
    <testcase name="DataGridByShow_5757">
      <result>1</result>
      <start>2:14:03 AM</start>
      <end>2:14:52 AM</end>
      <log> br  Microsoft.VisualStudio.TestTools.UITest.Extension.UITestControlNotFoundException: The playback failed to find the control with the given search properties. Additional Details: 
TechnologyName:  'MSAA'
ControlType:  'Cell'
RowIndex:  '1'
ColumnIndex:  '4'
 ---  System.Runtime.InteropServices.COMException: Error HRESULT E_FAIL has been returned from a call to a COM component.
   at Microsoft.VisualStudio.TestTools.UITest.Playback.Engine.IScreenElement.FindAllDescendants String bstrQueryId, Object  pvarResKeys, Int32 cResKeys, Int32 nMaxDepth 
   at Microsoft.VisualStudio.TestTools.UITest.Playback.ScreenElement.FindAllScreenElement String queryId, Int32 depth, Boolean singleQueryId, Boolean throwException, Boolean resetSkipStep 
   at Microsoft.VisualStudio.TestTools.UITest.Playback.ScreenElement.FindScreenElement String queryId, Int32 depth, Boolean resetSkipStep 
   at Microsoft.VisualStudio.TestTools.UITesting.UITestControl.FindFirstDescendant String queryId, Int32 maxDepth, Int32  timeLeft 
   --- End of inner exception stack trace ---
   at Microsoft.VisualStudio.TestTools.UITesting.Playback.MapControlNotFoundException COMException ex, IPlaybackContext context 
   at Microsoft.VisualStudio.TestTools.UITesting.Playback.MapAndThrowComException COMException innerException, IPlaybackContext context 
   at Microsoft.VisualStudio.TestTools.UITesting.Playback.MapAndThrowException Exception exception, IPlaybackContext context 
   at Microsoft.VisualStudio.TestTools.UITesting.Playback.MapAndThrowException Exception exception, String queryId 
   at Microsoft.VisualStudio.TestTools.UITesting.UITestControl.FindFirstDescendant String queryId, Int32 maxDepth, Int32  timeLeft 
   at Microsoft.VisualStudio.TestTools.UITesting.SearchHelper.GetUITestControlRecursive Boolean useCache, Boolean alwaysSearch, ISearchArgument searchArg, IList`1 windowTitles, Int32  timeLeft 
   at Microsoft.VisualStudio.TestTools.UITesting.SearchHelper.GetElement Boolean useCache, ISearchArgument searchArg 
   at Microsoft.VisualStudio.TestTools.UITesting.SearchHelper.Search ISearchArgument searchArg 
   at Microsoft.VisualStudio.TestTools.UITesting.UITestControl.FindInternal  
   at Microsoft.VisualStudio.TestTools.UITesting.UITestControl. Find b__37  
   at Microsoft.VisualStudio.TestTools.UITesting.CodedUITestMethodInvoker.InvokeMethod T  Func`1 function, UITestControl control, Boolean firePlaybackErrorEvent, Boolean logAsAction 
   at Microsoft.VisualStudio.TestTools.UITesting.UITestControl.Find  
   at Microsoft.VisualStudio.TestTools.UITesting.WinControls.WinTable.GetCell Int32 rowIndex, Int32 columnIndex 
   at PrepressAgents.Utilities.DataGridUtilities.GetCell Int32 rowNum, Int32 cellNum  in c:\WeiMing\Workspaces\TOG\Novatus\Development\Testing\NovatusWinUIAuto\PrepressMaintenanceWinUIAutoTest\PrepressAgents\Utilities\DataGridUtilities.cs:line 53
   at PrepressAgents.Utilities.DataGridUtilities.ClickCell Int32 rowNum, Int32 cellNum  in c:\WeiMing\Workspaces\TOG\Novatus\Development\Testing\NovatusWinUIAuto\PrepressMaintenanceWinUIAutoTest\PrepressAgents\Utilities\DataGridUtilities.cs:line 166
   at PrepressAgents.Utilities.DataGridUtilities.ClickHeaderAndGetValue Int32 column, List`1 columnValue, List`1 sortList  in c:\WeiMing\Workspaces\TOG\Novatus\Development\Testing\NovatusWinUIAuto\PrepressMaintenanceWinUIAutoTest\PrepressAgents\Utilities\DataGridUtilities.cs:line 178
   at PrepressAgents.Utilities.DataGridUtilities.ClickHeaderAndSortAsc Int32 column  in c:\WeiMing\Workspaces\TOG\Novatus\Development\Testing\NovatusWinUIAuto\PrepressMaintenanceWinUIAutoTest\PrepressAgents\Utilities\DataGridUtilities.cs:line 192
   at PrepressAgents.Agents.ItemLayout.IncompleteOffersUI.SortByTitle Int32 column  in c:\WeiMing\Workspaces\TOG\Novatus\Development\Testing\NovatusWinUIAuto\PrepressMaintenanceWinUIAutoTest\PrepressAgents\Agents\ItemLayout\IncompleteOffersUI.cs:line 169
   at TOG.WinUITest.PrepressMaintenance.TestCases.ItemLayout.US5227.DataGridByShow_5757   in c:\WeiMing\Workspaces\TOG\Novatus\Development\Testing\NovatusWinUIAuto\PrepressMaintenanceWinUIAutoTest\TestCases\ItemLayout\US5227.cs:line 196</log>
      <screen>C:\\NewTestPass\\Screenshot\\2019-09-11 02.14.51.png</screen>
    </testcase>
    <testcase name="DataGridFilerBy_5756">
      <result>0</result>
      <start>2:14:54 AM</start>
      <end>2:15:17 AM</end>
      <log>
      </log>
      <screen>
      </screen>
    </testcase>
    <testcase name="DataGridLoaded_5755">
      <result>0</result>
      <start>2:15:20 AM</start>
      <end>2:15:32 AM</end>
      <log>
      </log>
      <screen>
      </screen>
    </testcase>
    <testcase name="ResultCanbeExported_5759">
      <result>0</result>
      <start>2:15:34 AM</start>
      <end>2:15:58 AM</end>
      <log>
      </log>
      <screen>
      </screen>
    </testcase>
    <testcase name="SuggestedAction_5761">
      <result>1</result>
      <start>2:16:00 AM</start>
      <end>2:16:58 AM</end>
      <log>Microsoft.VisualStudio.TestTools.UITest.Extension.UITestControlNotFoundException: The playback failed to find the control with the given search properties. Additional Details: 
TechnologyName:  'MSAA'
ControlType:  'Cell'
RowIndex:  '6'
ColumnIndex:  '3'
 ---  System.Runtime.InteropServices.COMException: Error HRESULT E_FAIL has been returned from a call to a COM component.
   at Microsoft.VisualStudio.TestTools.UITest.Playback.Engine.IScreenElement.FindAllDescendants String bstrQueryId, Object  pvarResKeys, Int32 cResKeys, Int32 nMaxDepth 
   at Microsoft.VisualStudio.TestTools.UITest.Playback.ScreenElement.FindAllScreenElement String queryId, Int32 depth, Boolean singleQueryId, Boolean throwException, Boolean resetSkipStep 
   at Microsoft.VisualStudio.TestTools.UITest.Playback.ScreenElement.FindScreenElement String queryId, Int32 depth, Boolean resetSkipStep 
   at Microsoft.VisualStudio.TestTools.UITesting.UITestControl.FindFirstDescendant String queryId, Int32 maxDepth, Int32  timeLeft 
   --- End of inner exception stack trace ---
   at Microsoft.VisualStudio.TestTools.UITesting.Playback.MapControlNotFoundException COMException ex, IPlaybackContext context 
   at Microsoft.VisualStudio.TestTools.UITesting.Playback.MapAndThrowComException COMException innerException, IPlaybackContext context 
   at Microsoft.VisualStudio.TestTools.UITesting.Playback.MapAndThrowException Exception exception, IPlaybackContext context 
   at Microsoft.VisualStudio.TestTools.UITesting.Playback.MapAndThrowException Exception exception, String queryId 
   at Microsoft.VisualStudio.TestTools.UITesting.UITestControl.FindFirstDescendant String queryId, Int32 maxDepth, Int32  timeLeft 
   at Microsoft.VisualStudio.TestTools.UITesting.SearchHelper.GetUITestControlRecursive Boolean useCache, Boolean alwaysSearch, ISearchArgument searchArg, IList`1 windowTitles, Int32  timeLeft 
   at Microsoft.VisualStudio.TestTools.UITesting.SearchHelper.GetElement Boolean useCache, ISearchArgument searchArg 
   at Microsoft.VisualStudio.TestTools.UITesting.SearchHelper.Search ISearchArgument searchArg 
   at Microsoft.VisualStudio.TestTools.UITesting.UITestControl.FindInternal  
   at Microsoft.VisualStudio.TestTools.UITesting.UITestControl. Find b__37  
   at Microsoft.VisualStudio.TestTools.UITesting.CodedUITestMethodInvoker.InvokeMethod T  Func`1 function, UITestControl control, Boolean firePlaybackErrorEvent, Boolean logAsAction 
   at Microsoft.VisualStudio.TestTools.UITesting.UITestControl.Find  
   at Microsoft.VisualStudio.TestTools.UITesting.WinControls.WinTable.GetCell Int32 rowIndex, Int32 columnIndex 
   at PrepressAgents.Utilities.DataGridUtilities.GetCell Int32 rowNum, Int32 cellNum  in c:\WeiMing\Workspaces\TOG\Novatus\Development\Testing\NovatusWinUIAuto\PrepressMaintenanceWinUIAutoTest\PrepressAgents\Utilities\DataGridUtilities.cs:line 53
   at PrepressAgents.Utilities.DataGridUtilities.ClickCell Int32 rowNum, Int32 cellNum  in c:\WeiMing\Workspaces\TOG\Novatus\Development\Testing\NovatusWinUIAuto\PrepressMaintenanceWinUIAutoTest\PrepressAgents\Utilities\DataGridUtilities.cs:line 166
   at TOG.WinUITest.PrepressMaintenance.Agents.TextMaintence.OfferGroupsUI.CleanDefault   in c:\WeiMing\Workspaces\TOG\Novatus\Development\Testing\NovatusWinUIAuto\PrepressMaintenanceWinUIAutoTest\PrepressAgents\Agents\ItemLayout\OfferGroupsUI.cs:line 373
   at TOG.WinUITest.PrepressMaintenance.TestCases.ItemLayout.US5227.SuggestedAction_5761   in c:\WeiMing\Workspaces\TOG\Novatus\Development\Testing\NovatusWinUIAuto\PrepressMaintenanceWinUIAutoTest\TestCases\ItemLayout\US5227.cs:line 519</log>
      <screen>C:\\NewTestPass\\Screenshot\\2019-09-11 02.16.58.png</screen>
    </testcase>
  </userstory>
  <userstory name="US2098_BillingReport">
    <testapp name="OrderEntry">
      <version> 4.19.253.2</version>
      <server>Development</server>
      <profile>Integration</profile>
    </testapp>
    <testapp name="Office">
      <version>
      </version>
      <server>Development</server>
      <profile>Integration</profile>
    </testapp>
    <testcase name="AdoptionAndOthers_4689">
      <result>0</result>
      <start>2:17:01 AM</start>
      <end>2:21:35 AM</end>
      <log>OrderNumber is: 191003159, Version=1,Parts=5 br  After Waiting for summary. br  After Select type for summary. br  Start type item number. br  </log>
      <screen>
      </screen>
    </testcase>
    <testcase name="BillEditOrder_4713">
      <result>0</result>
      <start>2:21:36 AM</start>
      <end>2:25:55 AM</end>
      <log>OrderNumber is: 191003161, Version=1,Parts=1</log>
      <screen>
      </screen>
    </testcase>
    <testcase name="BillingOthers_4698">
      <result>0</result>
      <start>2:25:55 AM</start>
      <end>2:27:24 AM</end>
      <log>OrderNumber is: 191003167, Version=1,Parts=3</log>
      <screen>
      </screen>
    </testcase>
    <testcase name="BillNoEditOrder_4712">
      <result>0</result>
      <start>2:27:24 AM</start>
      <end>2:32:15 AM</end>
      <log>OrderNumber is: 191003169, Version=1,Parts=2</log>
      <screen>
      </screen>
    </testcase>
    <testcase name="BillOnly_4688">
      <result>0</result>
      <start>2:32:16 AM</start>
      <end>2:35:02 AM</end>
      <log>OrderNumber is: 191003175, Version=1,Parts=4</log>
      <screen>
      </screen>
    </testcase>
    <testcase name="BlankStock_4692">
      <result>0</result>
      <start>2:35:02 AM</start>
      <end>2:37:23 AM</end>
      <log>OrderNumber is: 191003178, Version=1,Parts=5</log>
      <screen>
      </screen>
    </testcase>
    <testcase name="BlankStockOnly_4694">
      <result>0</result>
      <start>2:37:23 AM</start>
      <end>2:38:27 AM</end>
      <log>OrderNumber is: 191003181, Version=1,Parts=1</log>
      <screen>
      </screen>
    </testcase>
    <testcase name="BlankStockSample_4690">
      <result>0</result>
      <start>2:38:27 AM</start>
      <end>2:40:48 AM</end>
      <log>OrderNumber is: 191003184, Version=1,Parts=3</log>
      <screen>
      </screen>
    </testcase>
    <testcase name="NotVerifyLinesToChangeGroup_4703">
      <result>0</result>
      <start>2:40:49 AM</start>
      <end>2:45:40 AM</end>
      <log>OrderNumber is: 191003187, Version=2,Parts=2</log>
      <screen>
      </screen>
    </testcase>
    <testcase name="OrginCode_4699">
      <result>0</result>
      <start>2:45:41 AM</start>
      <end>2:47:15 AM</end>
      <log>OrderNumber is: 191003190, Version=1,Parts=3</log>
      <screen>
      </screen>
    </testcase>
    <testcase name="RecreateZeroRecord_4697">
      <result>0</result>
      <start>2:47:15 AM</start>
      <end>2:50:00 AM</end>
      <log>OrderNumber is: 191003193, Version=1,Parts=5</log>
      <screen>
      </screen>
    </testcase>
    <testcase name="ResumeSameDay_4715">
      <result>0</result>
      <start>2:50:00 AM</start>
      <end>2:52:32 AM</end>
      <log> br  Spend time compare,spend time is 00:01:48, real time is 00:05:28.3874442 br  </log>
      <screen>
      </screen>
    </testcase>
    <testcase name="RetrieveChangeQuantity_4709">
      <result>0</result>
      <start>2:52:33 AM</start>
      <end>2:57:20 AM</end>
      <log>OrderNumber is: 191003199, Version=2,Parts=3</log>
      <screen>
      </screen>
    </testcase>
    <testcase name="RetrieveEditBlankStock_4706">
      <result>0</result>
      <start>2:57:20 AM</start>
      <end>3:01:06 AM</end>
      <log>OrderNumber is: 191003202, Version=2,Parts=1</log>
      <screen>
      </screen>
    </testcase>
    <testcase name="RetrieveOrderLevelChange_4705">
      <result>0</result>
      <start>3:01:06 AM</start>
      <end>3:03:38 AM</end>
      <log>OrderNumber is: 191003205, Version=2,Parts=1</log>
      <screen>
      </screen>
    </testcase>
    <testcase name="RetrieveParentAndChilren_4708">
      <result>0</result>
      <start>3:03:38 AM</start>
      <end>3:08:57 AM</end>
      <log>OrderNumber is: 191003208, Version=2,Parts=1</log>
      <screen>
      </screen>
    </testcase>
    <testcase name="ReworkQuote_4714">
      <result>0</result>
      <start>3:08:57 AM</start>
      <end>3:15:23 AM</end>
      <log>OrderNumber is: 191003211, Version=1,Parts=4</log>
      <screen>
      </screen>
    </testcase>
    <testcase name="Texted_4693">
      <result>0</result>
      <start>3:15:23 AM</start>
      <end>3:20:01 AM</end>
      <log>OrderNumber is: 191003215, Version=1,Parts=6</log>
      <screen>
      </screen>
    </testcase>
    <testcase name="TitlePlacement_4691">
      <result>0</result>
      <start>3:20:01 AM</start>
      <end>3:21:31 AM</end>
      <log>OrderNumber is: 191003218, Version=1,Parts=1</log>
      <screen>
      </screen>
    </testcase>
    <testcase name="UserVerifyLinesChangeQuantity_4704">
      <result>0</result>
      <start>3:21:31 AM</start>
      <end>3:25:42 AM</end>
      <log>OrderNumber is: 191003221, Version=2,Parts=2</log>
      <screen>
      </screen>
    </testcase>
    <testcase name="VerifyLinesChangeQuantity_4702">
      <result>0</result>
      <start>3:25:42 AM</start>
      <end>3:30:38 AM</end>
      <log>OrderNumber is: 191003224, Version=2,Parts=2</log>
      <screen>
      </screen>
    </testcase>
    <testcase name="VerifyOnlyCountLines_4700">
      <result>0</result>
      <start>3:30:38 AM</start>
      <end>3:33:57 AM</end>
      <log>OrderNumber is: 191003227, Version=2,Parts=1</log>
      <screen>
      </screen>
    </testcase>
    <testcase name="ZeroRecord_4696">
      <result>0</result>
      <start>3:33:57 AM</start>
      <end>3:37:32 AM</end>
      <log>OrderNumber is: 191003230, Version=1,Parts=4</log>
      <screen>
      </screen>
    </testcase>
  </userstory>
  <userstory name="US5086">
    <testapp name="OrderEntry">
      <version> 4.19.253.2</version>
      <server>Development</server>
      <profile>Integration</profile>
    </testapp>
    <testapp name="Office">
      <version> 1.19.253.2</version>
      <server>Development</server>
      <profile>Integration</profile>
    </testapp>
    <testcase name="PNRDisplaysForStock_5182">
      <result>0</result>
      <start>3:37:37 AM</start>
      <end>3:40:29 AM</end>
      <log>PNR price is: 0 stock upgrade is: 0</log>
      <screen>
      </screen>
    </testcase>
  </userstory>
  <userstory name="US5088">
    <testapp name="OrderEntry">
      <version> 4.19.253.2</version>
      <server>Development</server>
      <profile>Integration</profile>
    </testapp>
    <testapp name="Office">
      <version>
      </version>
      <server>Development</server>
      <profile>Integration</profile>
    </testapp>
    <testcase name="DiscountMerchandiseWindowPopup_5333">
      <result>1</result>
      <start>3:40:34 AM</start>
      <end>3:41:32 AM</end>
      <log>Microsoft.VisualStudio.TestTools.UITest.Extension.UITestControlNotFoundException: The playback failed to find the control with the given search properties. Additional Details: 
TechnologyName:  'MSAA'
ControlType:  'CheckBox'
Name:  'WROE30P'
 ---  System.Runtime.InteropServices.COMException: Error HRESULT E_FAIL has been returned from a call to a COM component.
   at Microsoft.VisualStudio.TestTools.UITest.Playback.Engine.IScreenElement.FindAllDescendants String bstrQueryId, Object  pvarResKeys, Int32 cResKeys, Int32 nMaxDepth 
   at Microsoft.VisualStudio.TestTools.UITest.Playback.ScreenElement.FindAllScreenElement String queryId, Int32 depth, Boolean singleQueryId, Boolean throwException, Boolean resetSkipStep 
   at Microsoft.VisualStudio.TestTools.UITest.Playback.ScreenElement.FindScreenElement String queryId, Int32 depth, Boolean resetSkipStep 
   at Microsoft.VisualStudio.TestTools.UITesting.UITestControl.FindFirstDescendant String queryId, Int32 maxDepth, Int32  timeLeft 
   --- End of inner exception stack trace ---
   at Microsoft.VisualStudio.TestTools.UITesting.Playback.MapControlNotFoundException COMException ex, IPlaybackContext context 
   at Microsoft.VisualStudio.TestTools.UITesting.Playback.MapAndThrowComException COMException innerException, IPlaybackContext context 
   at Microsoft.VisualStudio.TestTools.UITesting.Playback.MapAndThrowException Exception exception, IPlaybackContext context 
   at Microsoft.VisualStudio.TestTools.UITesting.Playback.MapAndThrowException Exception exception, String queryId 
   at Microsoft.VisualStudio.TestTools.UITesting.UITestControl.FindFirstDescendant String queryId, Int32 maxDepth, Int32  timeLeft 
   at Microsoft.VisualStudio.TestTools.UITesting.SearchHelper.GetElement Boolean useCache, ISearchArgument searchArg 
   at Microsoft.VisualStudio.TestTools.UITesting.SearchHelper.Search ISearchArgument searchArg 
   at Microsoft.VisualStudio.TestTools.UITesting.UITestControl.FindInternal  
   at Microsoft.VisualStudio.TestTools.UITesting.UITestControl. Find b__37  
   at Microsoft.VisualStudio.TestTools.UITesting.CodedUITestMethodInvoker.InvokeMethod T  Func`1 function, UITestControl control, Boolean firePlaybackErrorEvent, Boolean logAsAction 
   at Microsoft.VisualStudio.TestTools.UITesting.UITestControl.Find  
   at Microsoft.VisualStudio.TestTools.UITesting.UITestControl.GetPropertyPrivate String propertyName 
   at Microsoft.VisualStudio.TestTools.UITesting.UITestControl.  c__DisplayClass3b. GetProperty b__3a  
   at Microsoft.VisualStudio.TestTools.UITesting.CodedUITestMethodInvoker.InvokeMethod T  Func`1 function, UITestControl control, Boolean firePlaybackErrorEvent, Boolean logAsAction 
   at Microsoft.VisualStudio.TestTools.UITesting.UITestControl.GetProperty String propertyName 
   at Microsoft.VisualStudio.TestTools.UITesting.ALUtility.GetTechElementFromUITestControl UITestControl uiTestControl 
   at Microsoft.VisualStudio.TestTools.UITesting.ActionExecutorManager.GetActionExecutor UITestControl uiControl 
   at Microsoft.VisualStudio.TestTools.UITesting.Mouse.ClickImplementation UITestControl control, MouseButtons button, ModifierKeys modifierKeys, Point relativeCoordinate 
   at Microsoft.VisualStudio.TestTools.UITesting.Mouse.  c__DisplayClass6. Click b__5  
   at Microsoft.VisualStudio.TestTools.UITesting.CodedUITestMethodInvoker.InvokeMethod T  Func`1 function, UITestControl control, Boolean firePlaybackErrorEvent, Boolean logAsAction 
   at Microsoft.VisualStudio.TestTools.UITesting.Mouse.Click UITestControl control, MouseButtons button, ModifierKeys modifierKeys, Point relativeCoordinate 
   at Microsoft.VisualStudio.TestTools.UITesting.Mouse.Click UITestControl control 
   at TOG.WinUITest.OrderEntry.Agents.ItemDetailUI.SelectSubItem Int32 noteIndex, String subItemName, String subItemQuantity  in c:\WeiMing\Workspaces\TOG\Novatus\Development\Testing\NovatusWinUIAuto\OrderEntryWinUIAutoTest\OEAgents\ItemDetailUI.cs:line 327
   at TOG.WinUITest.OrderEntry.TestCases.US5088.DiscountMerchandiseWindowPopup_5333   in c:\WeiMing\Workspaces\TOG\Novatus\Development\Testing\NovatusWinUIAuto\OrderEntryWinUIAutoTest\TestCases\US5088.cs:line 155</log>
      <screen>C:\\NewTestPass\\Screenshot\\2019-09-11 03.41.32.png</screen>
    </testcase>
  </userstory>
  <userstory name="ARTestCases">
    <testapp name="OrderEntry">
      <version>
      </version>
      <server>Development</server>
      <profile>Integration</profile>
    </testapp>
    <testapp name="Office">
      <version> 1.19.253.2</version>
      <server>Development</server>
      <profile>Integration</profile>
    </testapp>
    <testcase name="Case9070_CreateDeleteCheckBatch">
      <result>0</result>
      <start>3:41:34 AM</start>
      <end>3:42:09 AM</end>
      <log>
      </log>
      <screen>
      </screen>
    </testcase>
    <testcase name="Case9074_ApplyCheckPaymentInCheckBatchAndVerifyPayment">
      <result>1</result>
      <start>3:42:09 AM</start>
      <end>3:44:27 AM</end>
      <log>Microsoft.VisualStudio.TestTools.UITest.Extension.UITestControlNotFoundException: The playback failed to find the control with the given search properties. Additional Details: 
TechnologyName:  'MSAA'
ControlType:  'Button'
ControlName:  'btnEdit'
 ---  System.Runtime.InteropServices.COMException: Error HRESULT E_FAIL has been returned from a call to a COM component.
   at Microsoft.VisualStudio.TestTools.UITest.Playback.Engine.IRPFPlayback.FindAllScreenElements IScreenElement pScreenElementStart, String bstrQueryId, Object  pvarResKeys, Int32 cResKeys, Int32 nMaxDepth, Object    foundDescendants 
   at Microsoft.VisualStudio.TestTools.UITest.Playback.ScreenElement.FindTopLevelWindowHelper String queryId 
   at Microsoft.VisualStudio.TestTools.UITest.Playback.ScreenElement.FindFromPartialQueryId String queryId, Boolean resetSkipStep 
   at Microsoft.VisualStudio.TestTools.UITesting.UITestControl..ctor String queryId 
   --- End of inner exception stack trace ---
   at Microsoft.VisualStudio.TestTools.UITesting.Playback.MapControlNotFoundException COMException ex, IPlaybackContext context 
   at Microsoft.VisualStudio.TestTools.UITesting.Playback.MapAndThrowComException COMException innerException, IPlaybackContext context 
   at Microsoft.VisualStudio.TestTools.UITesting.Playback.MapAndThrowException Exception exception, IPlaybackContext context 
   at Microsoft.VisualStudio.TestTools.UITesting.Playback.MapAndThrowException Exception exception, String queryId 
   at Microsoft.VisualStudio.TestTools.UITesting.UITestControl..ctor String queryId 
   at Microsoft.VisualStudio.TestTools.UITesting.SearchHelper.SearchTopLevelWindow ISearchArgument topLevelSearchArg, String topLevelElementQueryId 
   at Microsoft.VisualStudio.TestTools.UITesting.SearchHelper.GetTitleUpdatedTopLevelWindow ISearchArgument topLevelSearchArg, String queryId, IList`1 windowTitles 
   at Microsoft.VisualStudio.TestTools.UITesting.SearchHelper.GetTopLevelElement Boolean useCache, Boolean useCacheOnly, ISearchArgument searchArg, IList`1 windowTitles, Int32  timeLeft 
   at Microsoft.VisualStudio.TestTools.UITesting.SearchHelper.GetElement Boolean useCache, ISearchArgument searchArg 
   at Microsoft.VisualStudio.TestTools.UITesting.SearchHelper.Search ISearchArgument searchArg 
   at Microsoft.VisualStudio.TestTools.UITesting.UITestControl.FindInternal  
   at Microsoft.VisualStudio.TestTools.UITesting.UITestControl. Find b__37  
   at Microsoft.VisualStudio.TestTools.UITesting.CodedUITestMethodInvoker.InvokeMethod T  Func`1 function, UITestControl control, Boolean firePlaybackErrorEvent, Boolean logAsAction 
   at Microsoft.VisualStudio.TestTools.UITesting.UITestControl.Find  
   at Microsoft.VisualStudio.TestTools.UITesting.UITestControl.GetPropertyPrivate String propertyName 
   at Microsoft.VisualStudio.TestTools.UITesting.UITestControl.GetPropertyOfType T  String propertyName 
   at Microsoft.VisualStudio.TestTools.UITesting.UITestControl.get_Enabled  
   at OfficeAgents.AccountsReceivable.CashReceipts.EnabledEditBtn   in c:\WeiMing\Workspaces\TOG\Novatus\Development\Testing\NovatusWinUIAuto\NovatusOfficeAutoTest\OfficeAgents\AccountsReceivable\CashReceipts.cs:line 327
   at TOG.WinUITest.Office.TestCases.ARTestCases.Case9074_ApplyCheckPaymentInCheckBatchAndVerifyPayment   in c:\WeiMing\Workspaces\TOG\Novatus\Development\Testing\NovatusWinUIAuto\NovatusOfficeAutoTest\TestCases\ARTestCases.cs:line 201</log>
      <screen>C:\\NewTestPass\\Screenshot\\2019-09-11 03.44.27.png</screen>
    </testcase>
  </userstory>
  <userstory name="US5087">
    <testapp name="ItemMait">
      <version>
      </version>
      <server>Development</server>
      <profile>Integration</profile>
    </testapp>
    <testcase name="DataGridLoaded_5890">
      <result>0</result>
      <start>3:44:30 AM</start>
      <end>3:48:26 AM</end>
      <log>
      </log>
      <screen>
      </screen>
    </testcase>
    <testcase name="DataGridSort_8552">
      <result>0</result>
      <start>3:48:26 AM</start>
      <end>3:48:57 AM</end>
      <log>
      </log>
      <screen>
      </screen>
    </testcase>
    <testcase name="DieCutAssignedInLocation_5892">
      <result>0</result>
      <start>3:48:58 AM</start>
      <end>3:49:17 AM</end>
      <log>
      </log>
      <screen>
      </screen>
    </testcase>
    <testcase name="DieCutCancel_5896">
      <result>0</result>
      <start>3:49:17 AM</start>
      <end>3:49:38 AM</end>
      <log>
      </log>
      <screen>
      </screen>
    </testcase>
    <testcase name="DieCutMove_5893">
      <result>1</result>
      <start>3:49:38 AM</start>
      <end>3:49:57 AM</end>
      <log>Microsoft.VisualStudio.TestTools.UITest.Extension.PlaybackFailureException: Cannot perform 'SetProperty of SelectedItem with value  Nuart ' on the control. Additional Details: 
TechnologyName:  'MSAA'
ControlType:  'ComboBox'
 ---  System.Runtime.InteropServices.COMException: Exception from HRESULT: 0xF004F008
   at Microsoft.VisualStudio.TestTools.UITest.Playback.Engine.IScreenElement.SetValueAsComboBox String bstrNewValue, Int32 nSetValueAsComboBoxFlag 
   at Microsoft.VisualStudio.TestTools.UITest.Playback.ScreenElement.SetValueAsComboBoxInternal String value, SetValueAsComboBoxType setValueAsComboBoxType 
   at Microsoft.VisualStudio.TestTools.UITest.Playback.ScreenElement.SetValueAsComboBox String value, Boolean useEdit 
   at Microsoft.VisualStudio.TestTools.UITesting.WinPropertyProvider.SetComboBoxProperty String propertyName, Object value 
   at Microsoft.VisualStudio.TestTools.UITesting.WinPropertyProvider.SetPropertyValue UITestControl uiControl, String propertyName, Object value 
   at Microsoft.VisualStudio.TestTools.UITesting.UITestPropertyProvider.SetPropertyValueWrapper UITestControl uiControl, String propertyName, Object value 
   at Microsoft.VisualStudio.TestTools.UITesting.UITestControl.SetPropertyValue String propertyName, Object propertyValue 
   --- End of inner exception stack trace ---
   at Microsoft.VisualStudio.TestTools.UITesting.Playback.MapAndThrowComException COMException innerException, IPlaybackContext context 
   at Microsoft.VisualStudio.TestTools.UITesting.Playback.MapAndThrowException Exception exception, IPlaybackContext context 
   at Microsoft.VisualStudio.TestTools.UITesting.Playback.MapAndThrowException Exception exception, String actionName, UITestControl uiControl 
   at Microsoft.VisualStudio.TestTools.UITesting.Playback.MapAndThrowException Exception exception, String actionName, Object parameterValue, UITestControl uiControl 
   at Microsoft.VisualStudio.TestTools.UITesting.UITestControl.SetPropertyValue String propertyName, Object propertyValue 
   at Microsoft.VisualStudio.TestTools.UITesting.UITestControl.SetPropertyPrivate String propertyName, Object value 
   at Microsoft.VisualStudio.TestTools.UITesting.UITestControl.  c__DisplayClass3e. SetProperty b__3d  
   at Microsoft.VisualStudio.TestTools.UITesting.CodedUITestMethodInvoker.InvokeMethod T  Func`1 function, UITestControl control, Boolean firePlaybackErrorEvent, Boolean logAsAction 
   at Microsoft.VisualStudio.TestTools.UITesting.UITestControl.SetProperty String propertyName, Object value 
   at Microsoft.VisualStudio.TestTools.UITesting.WinControls.WinComboBox.set_SelectedItem String value 
   at ItemAgents.DieCutAddUI.SelectLoacation String location  in c:\WeiMing\Workspaces\TOG\Novatus\Development\Testing\NovatusWinUIAuto\ItemMaintenanceWinUIAutoTest\ItemAgents\DieCutAddUI.cs:line 52
   at TOG.WinUITest.OrderEntry.TestCases.US5087.DieCutMove_5893   in c:\WeiMing\Workspaces\TOG\Novatus\Development\Testing\NovatusWinUIAuto\ItemMaintenanceWinUIAutoTest\TestCases\US5087.cs:line 334</log>
      <screen>C:\\NewTestPass\\Screenshot\\2019-09-11 03.49.57.png</screen>
    </testcase>
    <testcase name="DieCutMultipule_5895">
      <result>1</result>
      <start>3:49:57 AM</start>
      <end>3:50:16 AM</end>
      <log>Microsoft.VisualStudio.TestTools.UITest.Extension.PlaybackFailureException: Cannot perform 'SetProperty of SelectedItem with value  Nuart ' on the control. Additional Details: 
TechnologyName:  'MSAA'
ControlType:  'ComboBox'
 ---  System.Runtime.InteropServices.COMException: Exception from HRESULT: 0xF004F008
   at Microsoft.VisualStudio.TestTools.UITest.Playback.Engine.IScreenElement.SetValueAsComboBox String bstrNewValue, Int32 nSetValueAsComboBoxFlag 
   at Microsoft.VisualStudio.TestTools.UITest.Playback.ScreenElement.SetValueAsComboBoxInternal String value, SetValueAsComboBoxType setValueAsComboBoxType 
   at Microsoft.VisualStudio.TestTools.UITest.Playback.ScreenElement.SetValueAsComboBox String value, Boolean useEdit 
   at Microsoft.VisualStudio.TestTools.UITesting.WinPropertyProvider.SetComboBoxProperty String propertyName, Object value 
   at Microsoft.VisualStudio.TestTools.UITesting.WinPropertyProvider.SetPropertyValue UITestControl uiControl, String propertyName, Object value 
   at Microsoft.VisualStudio.TestTools.UITesting.UITestPropertyProvider.SetPropertyValueWrapper UITestControl uiControl, String propertyName, Object value 
   at Microsoft.VisualStudio.TestTools.UITesting.UITestControl.SetPropertyValue String propertyName, Object propertyValue 
   --- End of inner exception stack trace ---
   at Microsoft.VisualStudio.TestTools.UITesting.Playback.MapAndThrowComException COMException innerException, IPlaybackContext context 
   at Microsoft.VisualStudio.TestTools.UITesting.Playback.MapAndThrowException Exception exception, IPlaybackContext context 
   at Microsoft.VisualStudio.TestTools.UITesting.Playback.MapAndThrowException Exception exception, String actionName, UITestControl uiControl 
   at Microsoft.VisualStudio.TestTools.UITesting.Playback.MapAndThrowException Exception exception, String actionName, Object parameterValue, UITestControl uiControl 
   at Microsoft.VisualStudio.TestTools.UITesting.UITestControl.SetPropertyValue String propertyName, Object propertyValue 
   at Microsoft.VisualStudio.TestTools.UITesting.UITestControl.SetPropertyPrivate String propertyName, Object value 
   at Microsoft.VisualStudio.TestTools.UITesting.UITestControl.  c__DisplayClass3e. SetProperty b__3d  
   at Microsoft.VisualStudio.TestTools.UITesting.CodedUITestMethodInvoker.InvokeMethod T  Func`1 function, UITestControl control, Boolean firePlaybackErrorEvent, Boolean logAsAction 
   at Microsoft.VisualStudio.TestTools.UITesting.UITestControl.SetProperty String propertyName, Object value 
   at Microsoft.VisualStudio.TestTools.UITesting.WinControls.WinComboBox.set_SelectedItem String value 
   at ItemAgents.DieCutAddUI.SelectLoacation String location  in c:\WeiMing\Workspaces\TOG\Novatus\Development\Testing\NovatusWinUIAuto\ItemMaintenanceWinUIAutoTest\ItemAgents\DieCutAddUI.cs:line 52
   at TOG.WinUITest.OrderEntry.TestCases.US5087.DieCutMultipule_5895   in c:\WeiMing\Workspaces\TOG\Novatus\Development\Testing\NovatusWinUIAuto\ItemMaintenanceWinUIAutoTest\TestCases\US5087.cs:line 455</log>
      <screen>C:\\NewTestPass\\Screenshot\\2019-09-11 03.50.16.png</screen>
    </testcase>
    <testcase name="DieCutSelectAll_5894">
      <result>0</result>
      <start>3:50:16 AM</start>
      <end>3:51:22 AM</end>
      <log>
      </log>
      <screen>
      </screen>
    </testcase>
  </userstory>
  <userstory name="US11520">
    <testapp name="OrderEntry">
      <version> 4.19.253.2</version>
      <server>Development</server>
      <profile>Integration</profile>
    </testapp>
    <testapp name="Office">
      <version>
      </version>
      <server>Development</server>
      <profile>Integration</profile>
    </testapp>
    <testcase name="CacheOptionMakeInactive_11537">
      <result>1</result>
      <start>3:51:27 AM</start>
      <end>3:52:12 AM</end>
      <log> br  C:\\NewTestPass\\Screenshot\\2019-09-11 03.52.12.pngMicrosoft.VisualStudio.TestTools.UITest.Extension.UITestControlNotFoundException: The playback failed to find the control with the given search properties. Additional Details: 
TechnologyName:  'MSAA'
ControlType:  'Window'
Name:  'Cancel Order?'
 ---  System.Runtime.InteropServices.COMException: Error HRESULT E_FAIL has been returned from a call to a COM component.
   at Microsoft.VisualStudio.TestTools.UITest.Playback.Engine.IRPFPlayback.FindAllScreenElements IScreenElement pScreenElementStart, String bstrQueryId, Object  pvarResKeys, Int32 cResKeys, Int32 nMaxDepth, Object    foundDescendants 
   at Microsoft.VisualStudio.TestTools.UITest.Playback.ScreenElement.FindTopLevelWindowHelper String queryId 
   at Microsoft.VisualStudio.TestTools.UITest.Playback.ScreenElement.FindFromPartialQueryId String queryId, Boolean resetSkipStep 
   at Microsoft.VisualStudio.TestTools.UITesting.UITestControl..ctor String queryId 
   --- End of inner exception stack trace ---
   at Microsoft.VisualStudio.TestTools.UITesting.Playback.MapControlNotFoundException COMException ex, IPlaybackContext context 
   at Microsoft.VisualStudio.TestTools.UITesting.Playback.MapAndThrowComException COMException innerException, IPlaybackContext context 
   at Microsoft.VisualStudio.TestTools.UITesting.Playback.MapAndThrowException Exception exception, IPlaybackContext context 
   at Microsoft.VisualStudio.TestTools.UITesting.Playback.MapAndThrowException Exception exception, String queryId 
   at Microsoft.VisualStudio.TestTools.UITesting.UITestControl..ctor String queryId 
   at Microsoft.VisualStudio.TestTools.UITesting.SearchHelper.SearchTopLevelWindow ISearchArgument topLevelSearchArg, String topLevelElementQueryId 
   at Microsoft.VisualStudio.TestTools.UITesting.SearchHelper.GetTitleUpdatedTopLevelWindow ISearchArgument topLevelSearchArg, String queryId, IList`1 windowTitles 
   at Microsoft.VisualStudio.TestTools.UITesting.SearchHelper.GetTopLevelElement Boolean useCache, Boolean useCacheOnly, ISearchArgument searchArg, IList`1 windowTitles, Int32  timeLeft 
   at Microsoft.VisualStudio.TestTools.UITesting.SearchHelper.GetElement Boolean useCache, ISearchArgument searchArg 
   at Microsoft.VisualStudio.TestTools.UITesting.SearchHelper.Search ISearchArgument searchArg 
   at Microsoft.VisualStudio.TestTools.UITesting.UITestControl.FindInternal  
   at Microsoft.VisualStudio.TestTools.UITesting.UITestControl. Find b__37  
   at Microsoft.VisualStudio.TestTools.UITesting.CodedUITestMethodInvoker.InvokeMethod T  Func`1 function, UITestControl control, Boolean firePlaybackErrorEvent, Boolean logAsAction 
   at Microsoft.VisualStudio.TestTools.UITesting.UITestControl.Find  
   at Microsoft.VisualStudio.TestTools.UITesting.UITestControl.GetPropertyPrivate String propertyName 
   at Microsoft.VisualStudio.TestTools.UITesting.UITestControl.  c__DisplayClass3b. GetProperty b__3a  
   at Microsoft.VisualStudio.TestTools.UITesting.CodedUITestMethodInvoker.InvokeMethod T  Func`1 function, UITestControl control, Boolean firePlaybackErrorEvent, Boolean logAsAction 
   at Microsoft.VisualStudio.TestTools.UITesting.UITestControl.GetProperty String propertyName 
   at Microsoft.VisualStudio.TestTools.UITesting.ALUtility.GetTechElementFromUITestControl UITestControl uiTestControl 
   at Microsoft.VisualStudio.TestTools.UITesting.ActionExecutorManager.GetActionExecutor UITestControl uiControl 
   at Microsoft.VisualStudio.TestTools.UITesting.Mouse.ClickImplementation UITestControl control, MouseButtons button, ModifierKeys modifierKeys, Point relativeCoordinate 
   at Microsoft.VisualStudio.TestTools.UITesting.Mouse.  c__DisplayClass6. Click b__5  
   at Microsoft.VisualStudio.TestTools.UITesting.CodedUITestMethodInvoker.InvokeMethod T  Func`1 function, UITestControl control, Boolean firePlaybackErrorEvent, Boolean logAsAction 
   at Microsoft.VisualStudio.TestTools.UITesting.Mouse.Click UITestControl control, MouseButtons button, ModifierKeys modifierKeys, Point relativeCoordinate 
   at Microsoft.VisualStudio.TestTools.UITesting.Mouse.Click UITestControl control 
   at TOG.WinUITest.OrderEntry.Agents.GetDialogByName.ClickYes   in c:\WeiMing\Workspaces\TOG\Novatus\Development\Testing\NovatusWinUIAuto\OrderEntryWinUIAutoTest\OEAgents\DialogWindow.cs:line 73
   at TOG.WinUITest.OrderEntry.TestCases.US11520.CacheOptionMakeInactive_11537   in c:\WeiMing\Workspaces\TOG\Novatus\Development\Testing\NovatusWinUIAuto\E2EWinUIAutoTest\TestCases\US11520.cs:line 203</log>
      <screen>
      </screen>
    </testcase>
    <testcase name="CheckListAnswerAs_11539">
      <result>0</result>
      <start>3:52:12 AM</start>
      <end>4:00:02 AM</end>
      <log> br  Managed and answered as: Marketing Maintenance Discount and Promo- Order Promotion Search  br  Screen end br  Managed and answered as: Marketing Maintenance Discount and Promo- Order Promotion- Add br  Screen end br  Managed and answered as: Marketing Maintenance Discount and Promo- Item Promotion br  Screen end br  Managed and answered as: Marketing Maintenance Discount and Promo- Item Promotion- Add- Next br  Screen end br  Managed by and answered as: Order Entry Message board br  Screen end br  Managed by and answered as: Order Entry Price quote br  Screen end br  Managed by and answered as:Novatus Office AR-  Cash Receiptes br  Screen end br  Managed by and answered as: Novatus Office AR- Collections br  Change to collections tab br  Screen end br  Managed by and answered as: Novatus Office AR-  Electronic Payments br  Screen end br  Managed by and answered as:Novatus Office AR-  Credit Debit Memos br  Screen end br  Managed by and answered as: Novatus Office AR-  PFS Rebates br  Screen end br  Managed by and answered as: Novatus Office AR-  Tranasction Register br  Screen end br  Managed by and answered as: Novatus Office Tranasction AR-  Register click Export br  Managed by and answered as: Novatus Office Tranasction AR-  Register click Title Sales br  Managed by and answered as: Novatus Office Tranasction AR-  Register click Sales Inquiry br  Managed by and answered as: Novatus Office Tranasction AR-  Register click Message br  Managed by and answered as: Novatus Office Tranasction AR-  Register click Memos br  Managed by and answered as: Novatus Office Tranasction AR-  Register click Cash br  Managed by and answered as: Novatus Office Tranasction AR-  Register click Ele Prints br  Not match at Check AS for MB code IAC,items in list not match, expected: 4,actual: 5 . br  Managed by and answered as:Novatus Office Maintenance- Customer Maintenance- Contact Merge br  Screen end br  Managed by and answered as: Novatus Office Maintenance- Customer Setup br  Screen end br  Managed by and answered as:Novatus Office Maintenance- Customer Maintenance- Customer Merge br  Screen end br  Managed by and answered as:Novatus Office Maintenance- Customer Maintenance- Override br  Screen end br  Managed by and answered as: Novatus Office Maintenance- Album Placement-  Market Plan br  Screen end br  Managed by and answered as:Office Sales- Customer Title Sales br  Screen end br  Managed by and answered as: Novatus Office Sales-  Sales Inquiry br  Screen end br  Managed by and answered as: Novatus Office Participate Search br  Screen end br  Managed by and answered as: Novatus Office Customer Service- Customer Search By Title br  Screen end br  Managed by and answered as: Novatus Office Customer Service- Messages br  Screen end br  Managed by and answered as:Novatus Office Customer Service- Order Register br  Screen end br  Managed by and answered as: Novatus Office Customer Service-  Price Quote br  Screen end br  Managed by and answered as:Brand Maintenance Brand- Brand br  Screen end br  Managed by and answered as:Brand Maintenance Brand- Brand- Add Answered As br  Screen end br  Managed by and answered as:Brand Maintenance Shipping Maintenance- Flat Rate Shipping Rates- Add br  Screen end br  Managed by only: Brand Maintenance- Shipping Maintenance- Customer Discount Shipping br  Exception exits br  Managed and answered as: Item Maintenance- Location Routing- Customer And State br  Screen end br  Managed and answered as: Item Maintenance- Location Routing- Customer And State, click State Generator br  Screen end br  Managed and answered as: Marketing Maintenance Discount and Promo- Order Promotion Search  br  Screen end br  Managed and answered as: Marketing Maintenance Discount and Promo- Order Promotion- Add br  Screen end br  Managed and answered as: Marketing Maintenance Discount and Promo- Item Promotion br  Screen end br  Managed and answered as: Marketing Maintenance Discount and Promo- Item Promotion- Add- Next br  Screen end br  </log>
      <screen>
      </screen>
    </testcase>
    <testcase name="CheckListManagedBy_11538">
      <result>0</result>
      <start>4:00:02 AM</start>
      <end>4:09:13 AM</end>
      <log> br  Managed by and answered as: Order Entry Message board br  Screen end br  Only Managed by: Order Entry Verification Queue br  Screen end br  Only Managed by: Order Entry retrieve. br  Screen end br  Managed by and answered as: Order Entry Price quote br  Screen end br  Only Managed by:Novatus Office AR-  Cash Receiptes, Batch Summary tab br  Screen end br  Only Managed by:Novatus Office AR- General Ledger - Search br  Screen end br  Only Managed by:Novatus Office AR- General Ledger - Search,Click Add br  Screen end br  Managed by and answered as:Novatus Office AR-  Cash Receiptes br  Screen end br  Managed by and answered as: Novatus Office AR- Collections br  Change to collections tab br  Screen end br  Managed by and answered as: Novatus Office AR-  Electronic Payments br  Screen end br  Managed by and answered as:Novatus Office AR-  Credit Debit Memos br  Screen end br  Managed by and answered as: Novatus Office AR-  PFS Rebates br  Screen end br  Managed by and answered as: Novatus Office AR-  Tranasction Register br  Screen end br  Managed by and answered as: Novatus Office Tranasction AR-  Register click Export br  Exception exits C:\\NewTestPass\\Screenshot\\2019-09-11 04.02.18.png br  Managed by only: Novatus Office Document-  Customer Document Archive br  Screen end br  Only Managed by:Novatus Office Document-  Master router - Assign Fax br  Screen end br  Only Managed by:Novatus Office Document-  Master router - View Status br  Screen end br  Managed by only: Novatus Office Document-  Production Group Document Archive br  Screen end br  Only Managed by:Novatus Office Document-  SpyView br  Screen end br  Managed by and answered as:: Novatus Office Document- Attach Documents-  Assign Document br  Screen end br  Managed by only:Novatus Office Maintenance- -Summary Billing - Group Search br  Screen end br  Managed by and answered as:Novatus Office Maintenance- Customer Maintenance- Contact Merge br  Screen end br  Managed by and answered as: Novatus Office Maintenance- Customer Setup br  Screen end br  Managed by and answered as:Novatus Office Maintenance- Customer Maintenance- Customer Merge br  Screen end br  Managed by and answered as:Novatus Office Maintenance- Customer Maintenance- Override br  Screen end br  Managed by and answered as: Novatus Office Maintenance- Album Placement-  Market Plan br  Screen end br  Managed by only: Novatus Office Sales-  Title Placement br  Screen end br  Only Managed by:Novatus Office Customer Service- Item Inventory br  Screen end br  Managed by and answered as:Office Sales- Customer Title Sales br  Screen end br  Managed by and answered as: Novatus Office Sales-  Sales Inquiry br  Screen end br  Only Managed by:Novatus Office Customer Service- Customer Search br  Screen end br  Only Managed by:Novatus Office Customer Service- Order Search br  Screen end br  Managed by only: Novatus Office Maintenance-  Summary Billing br  Screen end br  Managed by and answered as: Novatus Office Participate Search br  Screen end br  Managed by and answered as: Novatus Office Customer Service- Customer Search By Title br  Screen end br  Managed by and answered as: Novatus Office Customer Service- Messages br  Screen end br  Managed by and answered as:Novatus Office Customer Service- Order Register br  Screen end br  Managed by and answered as: Novatus Office Customer Service-  Price Quote br  Screen end br  Managed by and answered as:Brand Maintenance Brand- Brand br  Screen end br  Managed by and answered as:Brand Maintenance Brand- Brand- Add Answered As br  Screen end br  Managed by and answered as:Brand Maintenance Shipping Maintenance- Flat Rate Shipping Rates- Add br  Screen end br  Managed by only: Brand Maintenance- Shipping Maintenance- Managed By Shipping Service br  Screen end br  Managed by only: Brand Maintenance- Shipping Maintenance- Managed By Shipping Service- Add br  Screen end br  Managed by only: Brand Maintenance- Shipping Maintenance- Customer Discount Shipping br  Screen end br  Managed and answered as: Item Maintenance- Location Routing- Customer And State br  Screen end br  Managed and answered as: Item Maintenance- Location Routing- Customer And State, click State Generator br  Screen end br  Managed and answered as: Marketing Maintenance Discount and Promo- Order Promotion Search  br  Screen end br  Managed and answered as: Marketing Maintenance Discount and Promo- Order Promotion- Add br  Screen end br  Managed and answered as: Marketing Maintenance Discount and Promo- Item Promotion br  Screen end br  Managed and answered as: Marketing Maintenance Discount and Promo- Item Promotion- Add- Next br  Screen end br  </log>
      <screen>
      </screen>
    </testcase>
    <testcase name="CheckMBASNotChange_11831">
      <result>0</result>
      <start>4:09:13 AM</start>
      <end>4:10:26 AM</end>
      <log> br  Novatus Office Document-  AR Document Archive br  Screen end br  Managed by only: Novatus Office Document-  Sales Document Archive br  Screen end br  Only location: Novatus Office Maintenance- Calendar Maintenance br  Screen end br  Managed and answered as: Electronic Order Maintenance- Data Loaders- Converge Data Sender br  Screen end br  Managed and answered as: Electronic Order Maintenance- Data Loaders- Converge Item Maintenance br  Screen end br  </log>
      <screen>
      </screen>
    </testcase>
    <testcase name="PlatformCardDirectOrder_11830">
      <result>1</result>
      <start>4:10:26 AM</start>
      <end>4:11:13 AM</end>
      <log> br  Microsoft.VisualStudio.TestTools.UnitTesting.AssertFailedException: Assert.IsTrue failed. Search by order number,didn't get the result.
   at Microsoft.VisualStudio.TestTools.UnitTesting.Assert.HandleFailure String assertionName, String message 
   at Microsoft.VisualStudio.TestTools.UnitTesting.Assert.IsTrue Boolean condition, String message 
   at TOG.WinUITest.OrderEntry.TestCases.US11520.PlatformCardDirectOrder_11830   in c:\WeiMing\Workspaces\TOG\Novatus\Development\Testing\NovatusWinUIAuto\E2EWinUIAutoTest\TestCases\US11520.cs:line 925</log>
      <screen>C:\\NewTestPass\\Screenshot\\2019-09-11 04.11.13.png</screen>
    </testcase>
    <testcase name="ReselectMB_11540">
      <result>0</result>
      <start>4:11:13 AM</start>
      <end>4:30:47 AM</end>
      <log> br  Managed by and answered as: Novatus Office Tranasction AR-  Register click Export br  Managed by and answered as: Novatus Office Tranasction AR-  Register click Title Sales br  Managed by and answered as: Novatus Office Tranasction AR-  Register click Sales Inquiry br  Managed by and answered as: Novatus Office Tranasction AR-  Register click Message br  Managed by and answered as: Novatus Office Tranasction AR-  Register click Memos br  Managed by and answered as: Novatus Office Tranasction AR-  Register click Cash br  Managed by and answered as: Novatus Office Tranasction AR-  Register click Ele Prints br  Screen end br  Managed by and answered as: Order Entry Message board br  Exception exits br  Managed by and answered as: Order Entry Price quote br  Exception exits br  Managed by and answered as:Novatus Office AR-  Cash Receiptes br  Screen end br  Managed by and answered as: Novatus Office AR- Collections br  Change to collections tab br  Screen end br  Managed by and answered as: Novatus Office AR-  Electronic Payments br  Screen end br  Managed by and answered as:Novatus Office AR-  Credit Debit Memos br  Screen end br  Managed by and answered as: Novatus Office AR-  PFS Rebates br  Screen end br  Managed by and answered as: Novatus Office AR-  Tranasction Register br  Screen end br  Managed by and answered as: Novatus Office Tranasction AR-  Register click Export br  Managed by and answered as: Novatus Office Tranasction AR-  Register click Title Sales br  Managed by and answered as: Novatus Office Tranasction AR-  Register click Sales Inquiry br  Exception exits C:\\NewTestPass\\Screenshot\\2019-09-11 04.15.08.png br  Managed by and answered as:Novatus Office Maintenance- Customer Maintenance- Contact Merge br  Screen end br  Managed by and answered as: Novatus Office Maintenance- Customer Setup br  Screen end br  Managed by and answered as:Novatus Office Maintenance- Customer Maintenance- Customer Merge br  Screen end br  Managed by and answered as:Novatus Office Maintenance- Customer Maintenance- Override br  Screen end br  Managed by and answered as: Novatus Office Maintenance- Album Placement-  Market Plan br  Screen end br  Managed by and answered as:Office Sales- Customer Title Sales br  Screen end br  Managed by and answered as: Novatus Office Sales-  Sales Inquiry br  Screen end br  Managed by and answered as: Novatus Office Participate Search br  Screen end br  Managed by and answered as: Novatus Office Customer Service- Customer Search By Title br  Screen end br  Managed by and answered as: Novatus Office Customer Service- Messages br  Screen end br  Managed by and answered as:Novatus Office Customer Service- Order Register br  Screen end br  Managed by and answered as: Novatus Office Customer Service-  Price Quote br  Screen end br  Managed by and answered as:Brand Maintenance Brand- Brand br  Screen end br  Managed by and answered as:Brand Maintenance Brand- Brand- Add Answered As br  Exception exits br  Managed by and answered as:Brand Maintenance Shipping Maintenance- Flat Rate Shipping Rates- Add br  Screen end br  Managed by only: Brand Maintenance- Shipping Maintenance- Customer Discount Shipping br  Screen end br  Managed and answered as: Item Maintenance- Location Routing- Customer And State br  Screen end br  Managed and answered as: Item Maintenance- Location Routing- Customer And State, click State Generator br  Screen end br  Managed and answered as: Marketing Maintenance Discount and Promo- Order Promotion Search  br  Screen end br  Managed and answered as: Marketing Maintenance Discount and Promo- Order Promotion- Add br  Screen end br  Managed and answered as: Marketing Maintenance Discount and Promo- Item Promotion br  Screen end br  Managed and answered as: Marketing Maintenance Discount and Promo- Item Promotion- Add- Next br  Screen end br  </log>
      <screen>
      </screen>
    </testcase>
    <testcase name="SelectOnlyMBExites_11541">
      <result>0</result>
      <start>4:30:47 AM</start>
      <end>4:33:47 AM</end>
      <log> br  Managed by and answered as: Order Entry Message board br  Screen end br  Only Managed by: Order Entry Verification Queue br  Screen end br  Only Managed by: Order Entry retrieve. br  Screen end br  Managed by and answered as: Order Entry Price quote br  Screen end br  Only Managed by:Novatus Office AR-  Cash Receiptes, Batch Summary tab br  Screen end br  Only Managed by:Novatus Office AR- General Ledger - Search br  Screen end br  Only Managed by:Novatus Office AR- General Ledger - Search,Click Add br  Screen end br  Managed by only: Novatus Office Document-  Customer Document Archive br  Screen end br  Only Managed by:Novatus Office Document-  Master router - Assign Fax br  Screen end br  Only Managed by:Novatus Office Document-  Master router - View Status br  Screen end br  Managed by only: Novatus Office Document-  Production Group Document Archive br  Screen end br  Only Managed by:Novatus Office Document-  SpyView br  Screen end br  Managed by only:Novatus Office Maintenance- -Summary Billing - Group Search br  Screen end br  Managed by only: Novatus Office Sales-  Title Placement br  Screen end br  Only Managed by:Novatus Office Customer Service- Item Inventory br  Screen end br  Only Managed by:Novatus Office Customer Service- Customer Search br  Screen end br  Only Managed by:Novatus Office Customer Service- Order Search br  Screen end br  Managed by only: Novatus Office Maintenance-  Summary Billing br  Exception exits br  Managed by only: Brand Maintenance- Shipping Maintenance- Managed By Shipping Service br  Screen end br  Managed by only: Brand Maintenance- Shipping Maintenance- Managed By Shipping Service- Add br  Screen end br  </log>
      <screen>
      </screen>
    </testcase>
    <testcase name="SubmitOrderAndBack_11536">
      <result>0</result>
      <start>4:33:47 AM</start>
      <end>4:36:11 AM</end>
      <log> br  </log>
      <screen>
      </screen>
    </testcase>
    <testcase name="VerifyOthersStatusCode_11842">
      <result>0</result>
      <start>4:36:12 AM</start>
      <end>4:38:41 AM</end>
      <log> br  Managed and answered as: Marketing Maintenance Discount and Promo- Order Promotion Search  br  Screen end br  Managed by and answered as: Order Entry Message board br  Screen end br  Managed and answered as: Item Maintenance- Location Routing- Customer And State br  Screen end br  Managed by and answered as:Novatus Office AR-  Cash Receiptes br  Screen end br  Managed by and answered as:Brand Maintenance Brand- Brand br  Screen end br  Managed and answered as: Marketing Maintenance Discount and Promo- Order Promotion Search  br  Screen end br  </log>
      <screen>
      </screen>
    </testcase>
  </userstory>
  <userstory name="US13493">
    <testapp name="OrderEntry">
      <version> 4.19.253.2</version>
      <server>Development</server>
      <profile>Integration</profile>
    </testapp>
    <testapp name="Office">
      <version>
      </version>
      <server>Development</server>
      <profile>Integration</profile>
    </testapp>
    <testcase name="ChangeQty_13816">
      <result>0</result>
      <start>4:38:45 AM</start>
      <end>4:40:25 AM</end>
      <log>
      </log>
      <screen>
      </screen>
    </testcase>
    <testcase name="GetChgActivity_13829">
      <result>0</result>
      <start>4:40:26 AM</start>
      <end>4:43:10 AM</end>
      <log>
      </log>
      <screen>
      </screen>
    </testcase>
    <testcase name="GetChgWithPhn_13814">
      <result>0</result>
      <start>4:43:10 AM</start>
      <end>4:44:45 AM</end>
      <log>
      </log>
      <screen>
      </screen>
    </testcase>
    <testcase name="GetChgWithPhn_13826">
      <result>0</result>
      <start>4:44:45 AM</start>
      <end>4:46:20 AM</end>
      <log>
      </log>
      <screen>
      </screen>
    </testcase>
    <testcase name="ItemGroup_13817">
      <result>0</result>
      <start>4:46:20 AM</start>
      <end>4:47:48 AM</end>
      <log>
      </log>
      <screen>
      </screen>
    </testcase>
    <testcase name="ManualApplyChg_13819">
      <result>0</result>
      <start>4:47:48 AM</start>
      <end>4:49:32 AM</end>
      <log>
      </log>
      <screen>
      </screen>
    </testcase>
    <testcase name="NoChgWithFax_13820">
      <result>0</result>
      <start>4:49:32 AM</start>
      <end>4:51:07 AM</end>
      <log>
      </log>
      <screen>
      </screen>
    </testcase>
    <testcase name="NoChgWithInt_13818">
      <result>0</result>
      <start>4:51:07 AM</start>
      <end>4:52:39 AM</end>
      <log>
      </log>
      <screen>
      </screen>
    </testcase>
    <testcase name="NoChgWithInt_13821">
      <result>0</result>
      <start>4:52:39 AM</start>
      <end>4:54:11 AM</end>
      <log>
      </log>
      <screen>
      </screen>
    </testcase>
    <testcase name="NoChgWithQte_13825">
      <result>1</result>
      <start>4:54:12 AM</start>
      <end>4:57:09 AM</end>
      <log>System.Exception: Exception of type 'System.Exception' was thrown.
   at TOG.WinUITest.Common.AssertWaiting.WaitForControlExits UITestControl control  in c:\WeiMing\Workspaces\TOG\Novatus\Development\Testing\NovatusWinUIAuto\Utilities\AssertWaiting.cs:line 38
   at TOG.WinUITest.OrderEntry.Agents.AgentUIBase.WaitForCurrentScreen UITestControl control  in c:\WeiMing\Workspaces\TOG\Novatus\Development\Testing\NovatusWinUIAuto\OrderEntryWinUIAutoTest\OEAgents\AgentUIBase.cs:line 91
   at TOG.WinUITest.OrderEntry.Agents.NewOrder.MessageBoardUI.ManageBySelection Int32 optionToSelect  in c:\WeiMing\Workspaces\TOG\Novatus\Development\Testing\NovatusWinUIAuto\OrderEntryWinUIAutoTest\OEAgents\MessageBoardUI.cs:line 67
   at TOG.WinUITest.OrderEntry.Agents.NewOrder.MessageBoardUI.TypeMessageBoard Int32 manageBy, String anserwedAs, String modeType  in c:\WeiMing\Workspaces\TOG\Novatus\Development\Testing\NovatusWinUIAuto\OrderEntryWinUIAutoTest\OEAgents\MessageBoardUI.cs:line 130
   at OEAgents.InitializeStepsForOEAgents.MessageBoard_TypeMessageBoard   in c:\WeiMing\Workspaces\TOG\Novatus\Development\Testing\NovatusWinUIAuto\OrderEntryWinUIAutoTest\OEAgents\InitializeStepsForOEAgents.cs:line 226
   at TOG.WinUITest.OrderEntry.TestCases.US13493.NoChgWithQte_13825   in c:\WeiMing\Workspaces\TOG\Novatus\Development\Testing\NovatusWinUIAuto\E2EWinUIAutoTest\TestCases\US13493.cs:line 759</log>
      <screen>C:\\NewTestPass\\Screenshot\\2019-09-11 04.57.09.png</screen>
    </testcase>
    <testcase name="OrderDelChg_13830">
      <result>0</result>
      <start>4:57:09 AM</start>
      <end>5:00:35 AM</end>
      <log>
      </log>
      <screen>
      </screen>
    </testcase>
    <testcase name="OverridPrice_13815">
      <result>0</result>
      <start>5:00:35 AM</start>
      <end>5:02:00 AM</end>
      <log>
      </log>
      <screen>
      </screen>
    </testcase>
    <testcase name="RetrieveWithFax_13823">
      <result>0</result>
      <start>5:02:00 AM</start>
      <end>5:04:42 AM</end>
      <log>
      </log>
      <screen>
      </screen>
    </testcase>
    <testcase name="RetrieveWithPhn_13822">
      <result>0</result>
      <start>5:04:42 AM</start>
      <end>5:07:20 AM</end>
      <log>
      </log>
      <screen>
      </screen>
    </testcase>
    <testcase name="ReworkWithFax_13824">
      <result>0</result>
      <start>5:07:20 AM</start>
      <end>5:10:05 AM</end>
      <log>
      </log>
      <screen>
      </screen>
    </testcase>
  </userstory>
</test>