<?xml version="1.0" encoding="utf-8"?>
<test>
  <userstory name="E2E">
    <testapp name="OrderEntry">
      <version> 4.19.255.1</version>
      <server>Development</server>
      <profile>Integration</profile>
    </testapp>
    <testapp name="Office">
      <version> 1.19.287.1</version>
      <server>Development</server>
      <profile>Integration</profile>
    </testapp>
    <testcase name="BasicQuoteAndApprove_2267">
      <result>1</result>
      <start>3:54:54 AM</start>
      <end>4:02:19 AM</end>
      <log>Microsoft.VisualStudio.TestTools.UITest.Extension.UITestControlNotFoundException: The playback failed to find the control with the given search properties. Additional Details: 
TechnologyName:  'MSAA'
ControlType:  'ComboBox'
ControlName:  'cboDisposition'
 ---  System.Runtime.InteropServices.COMException: Error HRESULT E_FAIL has been returned from a call to a COM component.
   at Microsoft.VisualStudio.TestTools.UITest.Playback.Engine.IRPFPlayback.FindAllScreenElements IScreenElement pScreenElementStart, String bstrQueryId, Object  pvarResKeys, Int32 cResKeys, Int32 nMaxDepth, Object    foundDescendants 
   at Microsoft.VisualStudio.TestTools.UITest.Playback.ScreenElement.FindTopLevelWindowHelper String queryId 
   at Microsoft.VisualStudio.TestTools.UITest.Playback.ScreenElement.FindFromPartialQueryId String queryId, Boolean resetSkipStep 
   at Microsoft.VisualStudio.TestTools.UITesting.UITestControl..ctor String queryId 
   --- End of inner exception stack trace ---
   at Microsoft.VisualStudio.TestTools.UITesting.Playback.MapControlNotFoundException COMException ex, IPlaybackContext context 
   at Microsoft.VisualStudio.TestTools.UITesting.Playback.MapAndThrowComException COMException innerException, IPlaybackContext context 
   at Microsoft.VisualStudio.TestTools.UITesting.Playback.MapAndThrowException Exception exception, IPlaybackContext context 
   at Microsoft.VisualStudio.TestTools.UITesting.Playback.MapAndThrowException Exception exception, String queryId 
   at Microsoft.VisualStudio.TestTools.UITesting.UITestControl..ctor String queryId 
   at Microsoft.VisualStudio.TestTools.UITesting.SearchHelper.SearchTopLevelWindow ISearchArgument topLevelSearchArg, String topLevelElementQueryId 
   at Microsoft.VisualStudio.TestTools.UITesting.SearchHelper.GetTitleUpdatedTopLevelWindow ISearchArgument topLevelSearchArg, String queryId, IList`1 windowTitles 
   at Microsoft.VisualStudio.TestTools.UITesting.SearchHelper.GetTopLevelElement Boolean useCache, Boolean useCacheOnly, ISearchArgument searchArg, IList`1 windowTitles, Int32  timeLeft 
   at Microsoft.VisualStudio.TestTools.UITesting.SearchHelper.GetElement Boolean useCache, ISearchArgument searchArg 
   at Microsoft.VisualStudio.TestTools.UITesting.SearchHelper.Search ISearchArgument searchArg 
   at Microsoft.VisualStudio.TestTools.UITesting.UITestControl.FindInternal  
   at Microsoft.VisualStudio.TestTools.UITesting.UITestControl.FindControlIfNecessary  
   at Microsoft.VisualStudio.TestTools.UITesting.UITestControl.SetPropertyPrivate String propertyName, Object value 
   at Microsoft.VisualStudio.TestTools.UITesting.UITestControl.  c__DisplayClass3e. SetProperty b__3d  
   at Microsoft.VisualStudio.TestTools.UITesting.CodedUITestMethodInvoker.InvokeMethod T  Func`1 function, UITestControl control, Boolean firePlaybackErrorEvent, Boolean logAsAction 
   at Microsoft.VisualStudio.TestTools.UITesting.UITestControl.SetProperty String propertyName, Object value 
   at Microsoft.VisualStudio.TestTools.UITesting.WinControls.WinComboBox.set_SelectedItem String value 
   at TOG.WinUITest.Office.Agents.CustomerService.ParticipantsUI.Disposition String disCode  in c:\WeiMing\Workspaces\TOG\Novatus\Development\Testing\NovatusWinUIAuto\NovatusOfficeAutoTest\OfficeAgents\CustomerService\ParticipantsUI.cs:line 193
   at TOG.WinUITest.OrderEntry.TestCases.E2E.BasicQuoteAndApprove_2267   in c:\WeiMing\Workspaces\TOG\Novatus\Development\Testing\NovatusWinUIAuto\E2EWinUIAutoTest\TestCases\E2E.cs:line 450</log>
      <screen>C:\\NewTestPass\\Screenshot\\2019-10-15 04.02.19.png</screen>
    </testcase>
    <testcase name="BasicQuoteAndVoid_2269">
      <result>0</result>
      <start>4:02:20 AM</start>
      <end>4:09:43 AM</end>
      <log>
      </log>
      <screen>
      </screen>
    </testcase>
    <testcase name="MakeProofWithMix_2281">
      <result>0</result>
      <start>4:09:43 AM</start>
      <end>4:16:17 AM</end>
      <log>OrderNumber: 191006115</log>
      <screen>
      </screen>
    </testcase>
    <testcase name="MakeProofWithQuesion_2283">
      <result>1</result>
      <start>4:16:17 AM</start>
      <end>4:20:18 AM</end>
      <log>Microsoft.VisualStudio.TestTools.UITest.Extension.UITestControlNotFoundException: The playback failed to find the control with the given search properties. Additional Details: 
TechnologyName:  'MSAA'
ControlName:  'dgvMessages'
Instance:  '1'
ControlType:  'Window'
 ---  System.Runtime.InteropServices.COMException: Error HRESULT E_FAIL has been returned from a call to a COM component.
   at Microsoft.VisualStudio.TestTools.UITest.Playback.Engine.IRPFPlayback.FindAllScreenElements IScreenElement pScreenElementStart, String bstrQueryId, Object  pvarResKeys, Int32 cResKeys, Int32 nMaxDepth, Object    foundDescendants 
   at Microsoft.VisualStudio.TestTools.UITest.Playback.ScreenElement.FindTopLevelWindowHelper String queryId 
   at Microsoft.VisualStudio.TestTools.UITest.Playback.ScreenElement.FindFromPartialQueryId String queryId, Boolean resetSkipStep 
   at Microsoft.VisualStudio.TestTools.UITesting.UITestControl..ctor String queryId 
   --- End of inner exception stack trace ---
   at Microsoft.VisualStudio.TestTools.UITesting.Playback.MapControlNotFoundException COMException ex, IPlaybackContext context 
   at Microsoft.VisualStudio.TestTools.UITesting.Playback.MapAndThrowComException COMException innerException, IPlaybackContext context 
   at Microsoft.VisualStudio.TestTools.UITesting.Playback.MapAndThrowException Exception exception, IPlaybackContext context 
   at Microsoft.VisualStudio.TestTools.UITesting.Playback.MapAndThrowException Exception exception, String queryId 
   at Microsoft.VisualStudio.TestTools.UITesting.UITestControl..ctor String queryId 
   at Microsoft.VisualStudio.TestTools.UITesting.SearchHelper.SearchTopLevelWindow ISearchArgument topLevelSearchArg, String topLevelElementQueryId 
   at Microsoft.VisualStudio.TestTools.UITesting.SearchHelper.GetTitleUpdatedTopLevelWindow ISearchArgument topLevelSearchArg, String queryId, IList`1 windowTitles 
   at Microsoft.VisualStudio.TestTools.UITesting.SearchHelper.GetTopLevelElement Boolean useCache, Boolean useCacheOnly, ISearchArgument searchArg, IList`1 windowTitles, Int32  timeLeft 
   at Microsoft.VisualStudio.TestTools.UITesting.SearchHelper.GetElement Boolean useCache, ISearchArgument searchArg 
   at Microsoft.VisualStudio.TestTools.UITesting.SearchHelper.Search ISearchArgument searchArg 
   at Microsoft.VisualStudio.TestTools.UITesting.UITestControl.FindInternal  
   at Microsoft.VisualStudio.TestTools.UITesting.UITestControl. Find b__37  
   at Microsoft.VisualStudio.TestTools.UITesting.CodedUITestMethodInvoker.InvokeMethod T  Func`1 function, UITestControl control, Boolean firePlaybackErrorEvent, Boolean logAsAction 
   at Microsoft.VisualStudio.TestTools.UITesting.UITestControl.Find  
   at Microsoft.VisualStudio.TestTools.UITesting.UITestControl.GetPropertyPrivate String propertyName 
   at Microsoft.VisualStudio.TestTools.UITesting.UITestControl.  c__DisplayClass3b. GetProperty b__3a  
   at Microsoft.VisualStudio.TestTools.UITesting.CodedUITestMethodInvoker.InvokeMethod T  Func`1 function, UITestControl control, Boolean firePlaybackErrorEvent, Boolean logAsAction 
   at Microsoft.VisualStudio.TestTools.UITesting.UITestControl.GetProperty String propertyName 
   at Microsoft.VisualStudio.TestTools.UITesting.WinControls.WinTable.get_Cells  
   at TOG.WinUITest.OrderEntry.Agents.NewOrder.MessageBoardUI.GetOrderNumber UITestControl window  in c:\WeiMing\Workspaces\TOG\Novatus\Development\Testing\NovatusWinUIAuto\OrderEntryWinUIAutoTest\OEAgents\MessageBoardUI.cs:line 201
   at TOG.WinUITest.OrderEntry.TestCases.E2E.MakeProofWithQuesion_2283   in c:\WeiMing\Workspaces\TOG\Novatus\Development\Testing\NovatusWinUIAuto\E2EWinUIAutoTest\TestCases\E2E.cs:line 1688</log>
      <screen>C:\\NewTestPass\\Screenshot\\2019-10-15 04.20.18.png</screen>
    </testcase>
    <testcase name="ProofAproveAsIS_2236">
      <result>0</result>
      <start>4:20:18 AM</start>
      <end>4:31:13 AM</end>
      <log>OrderNumber: 191006121 br  Start reroute to prod at 10 15 2019 4:24:33 AM br  End reroute to prod at 10 15 2019 4:30:40 AM br  </log>
      <screen>
      </screen>
    </testcase>
    <testcase name="ProofRequestAnother_2264">
      <result>0</result>
      <start>4:31:14 AM</start>
      <end>4:49:18 AM</end>
      <log>OrderNumber: 191006124 br  Start reroute to prod at 10 15 2019 4:38:37 AM br  End reroute to prod at 10 15 2019 4:48:45 AM br  </log>
      <screen>
      </screen>
    </testcase>
    <testcase name="ProofRequestWithTwoProofs_2282">
      <result>0</result>
      <start>4:49:19 AM</start>
      <end>5:01:00 AM</end>
      <log>OrderNumber: 191006127</log>
      <screen>
      </screen>
    </testcase>
    <testcase name="ProofVerifyWIP_2557">
      <result>0</result>
      <start>5:01:00 AM</start>
      <end>5:06:48 AM</end>
      <log>OrderNumber is: 191006132</log>
      <screen>
      </screen>
    </testcase>
    <testcase name="ProofWithChanges_2257">
      <result>0</result>
      <start>5:06:49 AM</start>
      <end>5:19:11 AM</end>
      <log>OrderNumber: 191006135</log>
      <screen>
      </screen>
    </testcase>
    <testcase name="ProofWithInternalReviewer_2234">
      <result>0</result>
      <start>5:19:12 AM</start>
      <end>5:23:44 AM</end>
      <log>OrderNumber: 191006138</log>
      <screen>
      </screen>
    </testcase>
    <testcase name="ProofWithInternalReviewer_2556">
      <result>0</result>
      <start>5:23:44 AM</start>
      <end>5:28:17 AM</end>
      <log>OrderNumber: 191006140</log>
      <screen>
      </screen>
    </testcase>
    <testcase name="ReworkQuote_2271">
      <result>1</result>
      <start>5:28:17 AM</start>
      <end>5:31:41 AM</end>
      <log>Microsoft.VisualStudio.TestTools.UITest.Extension.FailedToPerformActionOnBlockedControlException: Another control is blocking the control. Please make the blocked control visible and retry the action. Additional Details: 
TechnologyName:  'MSAA'
Name:  ' Retrieve Order'
ControlType:  'Button'
 ---  System.Runtime.InteropServices.COMException: Exception from HRESULT: 0xF004F003
   at Microsoft.VisualStudio.TestTools.UITest.Playback.Engine.IScreenElement.MouseButtonClick Int32 x, Int32 y, Int32 nButton, Int32 fEnsureVisible, String bstrKeyModifiers 
   at Microsoft.VisualStudio.TestTools.UITest.Playback.ScreenElement.MouseButtonClick Int32 x, Int32 y, MouseButtons button, ModifierKeys modifierKeys, Int32 ensureVisible 
   at Microsoft.VisualStudio.TestTools.UITesting.UITestControl.Click MouseButtons button, ModifierKeys modifierKeys, Point relativeCoordinates 
   --- End of inner exception stack trace ---
   at Microsoft.VisualStudio.TestTools.UITesting.Playback.MapAndThrowComException COMException innerException, IPlaybackContext context 
   at Microsoft.VisualStudio.TestTools.UITesting.Playback.MapAndThrowException Exception exception, IPlaybackContext context 
   at Microsoft.VisualStudio.TestTools.UITesting.Playback.MapAndThrowException Exception exception, String actionName, UITestControl uiControl, Int32 X, Int32 Y 
   at Microsoft.VisualStudio.TestTools.UITesting.UITestControl.Click MouseButtons button, ModifierKeys modifierKeys, Point relativeCoordinates 
   at Microsoft.VisualStudio.TestTools.UITesting.UITestActionExecutorCore.Click UITestControl control, MouseButtons button, ModifierKeys modifierKeys, Point relativeCoordinate 
   at Microsoft.VisualStudio.TestTools.UITesting.Mouse.ClickImplementation UITestControl control, MouseButtons button, ModifierKeys modifierKeys, Point relativeCoordinate 
   at Microsoft.VisualStudio.TestTools.UITesting.Mouse.  c__DisplayClass6. Click b__5  
   at Microsoft.VisualStudio.TestTools.UITesting.CodedUITestMethodInvoker.InvokeMethod T  Func`1 function, UITestControl control, Boolean firePlaybackErrorEvent, Boolean logAsAction 
   at Microsoft.VisualStudio.TestTools.UITesting.Mouse.Click UITestControl control, MouseButtons button, ModifierKeys modifierKeys, Point relativeCoordinate 
   at Microsoft.VisualStudio.TestTools.UITesting.Mouse.Click UITestControl control 
   at TOG.WinUITest.OrderEntry.Agents.MainUI.RetrieveOrder   in c:\WeiMing\Workspaces\TOG\Novatus\Development\Testing\NovatusWinUIAuto\OrderEntryWinUIAutoTest\OEAgents\MainUI.cs:line 95
   at TOG.WinUITest.OrderEntry.TestCases.E2E.ReworkQuote_2271   in c:\WeiMing\Workspaces\TOG\Novatus\Development\Testing\NovatusWinUIAuto\E2EWinUIAutoTest\TestCases\E2E.cs:line 290</log>
      <screen>C:\\NewTestPass\\Screenshot\\2019-10-15 05.31.41.png</screen>
    </testcase>
    <testcase name="ReworkQuoteAndPull_2273">
      <result>0</result>
      <start>5:31:41 AM</start>
      <end>5:43:38 AM</end>
      <log> br  Bill an order: 191006145 br  Rework order number: 191006147 br   OrderNumber: 191006145</log>
      <screen>
      </screen>
    </testcase>
    <testcase name="RouteAfterProofApproved_2555">
      <result>0</result>
      <start>5:43:38 AM</start>
      <end>5:48:24 AM</end>
      <log>OrderNumber: 191006150</log>
      <screen>
      </screen>
    </testcase>
    <testcase name="RTLWHSPriceCrossTitle_4648">
      <result>0</result>
      <start>5:48:24 AM</start>
      <end>5:52:33 AM</end>
      <log>OrderNumber: 191002210</log>
      <screen>
      </screen>
    </testcase>
    <testcase name="TaxService3_10698">
      <result>0</result>
      <start>5:52:33 AM</start>
      <end>5:54:57 AM</end>
      <log> br  </log>
      <screen>
      </screen>
    </testcase>
    <testcase name="VerifyServiceBus_10477">
      <result>1</result>
      <start>5:54:57 AM</start>
      <end>6:04:21 AM</end>
      <log> br  Order number is: 191006157 br  System.ServiceModel.ActionNotSupportedException: The message with Action 'TOG.PJM.Contracts.Service IJobTracking ScanJob' cannot be processed at the receiver, due to a ContractFilter mismatch at the EndpointDispatcher. This may be because of either a contract mismatch  mismatched Actions between sender and receiver  or a binding security mismatch between the sender and the receiver.  Check that sender and receiver have the same contract and the same binding  including security requirements, e.g. Message, Transport, None .

Server stack trace: 
   at System.ServiceModel.Channels.ServiceChannel.ThrowIfFaultUnderstood Message reply, MessageFault fault, String action, MessageVersion version, FaultConverter faultConverter 
   at System.ServiceModel.Channels.ServiceChannel.HandleReply ProxyOperationRuntime operation, ProxyRpc  rpc 
   at System.ServiceModel.Channels.ServiceChannel.Call String action, Boolean oneway, ProxyOperationRuntime operation, Object   ins, Object   outs, TimeSpan timeout 
   at System.ServiceModel.Channels.ServiceChannelProxy.InvokeService IMethodCallMessage methodCall, ProxyOperationRuntime operation 
   at System.ServiceModel.Channels.ServiceChannelProxy.Invoke IMessage message 

Exception rethrown at  0 : 
   at System.Runtime.Remoting.Proxies.RealProxy.HandleReturnMessage IMessage reqMsg, IMessage retMsg 
   at System.Runtime.Remoting.Proxies.RealProxy.PrivateInvoke MessageData  msgData, Int32 type 
   at OEAgents.PrdManagement.IJobTracking.ScanJob JobTrackingRequest jobTrackingRequest 
   at OEAgents.PrdManagement.JobTrackingClient.ScanJob JobTrackingRequest jobTrackingRequest  in c:\WeiMing\Workspaces\TOG\Novatus\Development\Testing\NovatusWinUIAuto\OrderEntryWinUIAutoTest\OEAgents\Service References\PrdManagement\Reference.cs:line 18150
   at OEAgents.WebService.TrackingStation.BarcodeTracking   in c:\WeiMing\Workspaces\TOG\Novatus\Development\Testing\NovatusWinUIAuto\OrderEntryWinUIAutoTest\OEAgents\WebService\TrackingStation.cs:line 55
   at TOG.WinUITest.OrderEntry.TestCases.E2E.VerifyServiceBus_10477   in c:\WeiMing\Workspaces\TOG\Novatus\Development\Testing\NovatusWinUIAuto\E2EWinUIAutoTest\TestCases\E2E.cs:line 2494</log>
      <screen>C:\\NewTestPass\\Screenshot\\2019-10-15 06.04.21.png</screen>
    </testcase>
  </userstory>
  <userstory name="US5045">
    <testapp name="OrderEntry">
      <version> 4.19.255.1</version>
      <server>Development</server>
      <profile>Integration</profile>
    </testapp>
    <testapp name="Office">
      <version> 1.19.287.1</version>
      <server>Development</server>
      <profile>Integration</profile>
    </testapp>
    <testcase name="Case5046_ManualEditDeleteReasonCode">
      <result>1</result>
      <start>6:04:26 AM</start>
      <end>6:14:31 AM</end>
      <log> br  Bill the order number: 191006161 br  Start verify order by Confirmation Number 100168 br  System.Exception: Exception of type 'System.Exception' was thrown.
   at TOG.WinUITest.Common.AssertWaiting.WaitForControlExits UITestControl control  in c:\WeiMing\Workspaces\TOG\Novatus\Development\Testing\NovatusWinUIAuto\Utilities\AssertWaiting.cs:line 38
   at TOG.WinUITest.OrderEntry.Agents.AgentUIBase.WaitForCurrentScreen UITestControl control  in c:\WeiMing\Workspaces\TOG\Novatus\Development\Testing\NovatusWinUIAuto\OrderEntryWinUIAutoTest\OEAgents\AgentUIBase.cs:line 91
   at TOG.WinUITest.OrderEntry.Agents.OrderInformationUI.WaitOrderInformationStep   in c:\WeiMing\Workspaces\TOG\Novatus\Development\Testing\NovatusWinUIAuto\OrderEntryWinUIAutoTest\OEAgents\OrderInformationUI.cs:line 121
   at TOG.WinUITest.E2E.TestCases.US5045.Case5046_ManualEditDeleteReasonCode   in c:\WeiMing\Workspaces\TOG\Novatus\Development\Testing\NovatusWinUIAuto\E2EWinUIAutoTest\TestCases\US5045.cs:line 1675</log>
      <screen>C:\\NewTestPass\\Screenshot\\2019-10-15 06.14.31.png</screen>
    </testcase>
    <testcase name="Case6919_FlagForManualEdit">
      <result>0</result>
      <start>6:14:31 AM</start>
      <end>6:20:11 AM</end>
      <log>
      </log>
      <screen>
      </screen>
    </testcase>
    <testcase name="Case6920_ManualEditRetainInVerify">
      <result>0</result>
      <start>6:20:11 AM</start>
      <end>6:24:47 AM</end>
      <log> br  Reroute order 191006170 till status is PRD br  </log>
      <screen>
      </screen>
    </testcase>
    <testcase name="Case6921_ManualEditRetainInRetrieve">
      <result>0</result>
      <start>6:24:47 AM</start>
      <end>6:30:01 AM</end>
      <log>
      </log>
      <screen>
      </screen>
    </testcase>
    <testcase name="Case6922_ManualEditReasonCodeDisplayInPJM">
      <result>0</result>
      <start>6:30:01 AM</start>
      <end>6:37:35 AM</end>
      <log>
      </log>
      <screen>
      </screen>
    </testcase>
    <testcase name="Case6923_SpecialCharacters">
      <result>0</result>
      <start>6:37:35 AM</start>
      <end>6:41:18 AM</end>
      <log>
      </log>
      <screen>
      </screen>
    </testcase>
    <testcase name="Case6924_MaxCharacterCount">
      <result>0</result>
      <start>6:41:19 AM</start>
      <end>6:43:09 AM</end>
      <log>
      </log>
      <screen>
      </screen>
    </testcase>
    <testcase name="Case6926_ManualEditComplete">
      <result>0</result>
      <start>7:07:57 AM</start>
      <end>7:13:56 AM</end>
      <log> br  Order Number: 191006199 br  </log>
      <screen>
      </screen>
    </testcase>
    <testcase name="Case6927_OverrideManualEdit">
      <result>0</result>
      <start>7:13:56 AM</start>
      <end>7:18:51 AM</end>
      <log> br  orderNumber 191006202 br  </log>
      <screen>
      </screen>
    </testcase>
    <testcase name="Case6928_ManualEditWithCSRoute">
      <result>0</result>
      <start>7:18:51 AM</start>
      <end>7:24:54 AM</end>
      <log>
      </log>
      <screen>
      </screen>
    </testcase>
    <testcase name="Case6930_AddManualEditFromContextKey">
      <result>0</result>
      <start>7:24:54 AM</start>
      <end>7:28:57 AM</end>
      <log>
      </log>
      <screen>
      </screen>
    </testcase>
    <testcase name="Case6931_ManualEditWithArtPending">
      <result>0</result>
      <start>7:28:57 AM</start>
      <end>7:36:55 AM</end>
      <log>
      </log>
      <screen>
      </screen>
    </testcase>
    <testcase name="Case6932_VersonControlOfManualEdit">
      <result>0</result>
      <start>7:36:55 AM</start>
      <end>7:43:16 AM</end>
      <log>
      </log>
      <screen>
      </screen>
    </testcase>
    <testcase name="Case6933_RetrieveAddManualEdit">
      <result>0</result>
      <start>7:43:16 AM</start>
      <end>7:48:27 AM</end>
      <log>
      </log>
      <screen>
      </screen>
    </testcase>
    <testcase name="Case6934_ManualEditOnQuote">
      <result>0</result>
      <start>7:48:27 AM</start>
      <end>7:56:37 AM</end>
      <log>
      </log>
      <screen>
      </screen>
    </testcase>
    <testcase name="Case6957_ManualEditWithReproof">
      <result>0</result>
      <start>7:56:37 AM</start>
      <end>8:15:09 AM</end>
      <log>OrderNumber: 191006225 br  OrderNumber is191006225 br  Start Pull 10 15 2019 8:03:58 AM br  End Pull 10 15 2019 8:07:21 AM br  Start Pull10 15 2019 8:11:24 AM br  End Pull10 15 2019 8:15:01 AM br  </log>
      <screen>
      </screen>
    </testcase>
    <testcase name="Case6958_ManualEditWithNoChanges">
      <result>0</result>
      <start>8:15:09 AM</start>
      <end>8:29:12 AM</end>
      <log>OrderNumber: 191006236 br  Start get DeviceTypeName from barcode 19100623600001 br  </log>
      <screen>
      </screen>
    </testcase>
    <testcase name="Case6959_ManualEditWithResponedLatter">
      <result>0</result>
      <start>8:29:12 AM</start>
      <end>8:42:48 AM</end>
      <log>OrderNumber: 191006239 br  Start Pull10 15 2019 8:36:11 AM br  End Pull10 15 2019 8:39:34 AM br  Get DeviceTypeName from barcode:19100623900001 br  </log>
      <screen>
      </screen>
    </testcase>
    <testcase name="Case7004_ReorderAndReprint">
      <result>0</result>
      <start>8:42:48 AM</start>
      <end>8:59:20 AM</end>
      <log> br  </log>
      <screen>
      </screen>
    </testcase>
    <testcase name="Case7013_ManualEditReasonInItemTrackingForReasonCodeUpdateAndTextCopyOverride">
      <result>1</result>
      <start>8:59:21 AM</start>
      <end>9:05:52 AM</end>
      <log>Microsoft.VisualStudio.TestTools.UnitTesting.AssertFailedException: Assert.IsTrue failed. Actual:No 'Manual Edit Changed' activity,Expected:Has activity,item tracking tab in office,for automatic code
   at Microsoft.VisualStudio.TestTools.UnitTesting.Assert.HandleFailure String assertionName, String message 
   at Microsoft.VisualStudio.TestTools.UnitTesting.Assert.IsTrue Boolean condition, String message 
   at TOG.WinUITest.E2E.TestCases.US5045.Case7013_ManualEditReasonInItemTrackingForReasonCodeUpdateAndTextCopyOverride   in c:\WeiMing\Workspaces\TOG\Novatus\Development\Testing\NovatusWinUIAuto\E2EWinUIAutoTest\TestCases\US5045.cs:line 2992</log>
      <screen>C:\\NewTestPass\\Screenshot\\2019-10-15 09.05.52.png</screen>
    </testcase>
  </userstory>
  <userstory name="US2568">
    <testapp name="OrderEntry">
      <version> 4.19.255.1</version>
      <server>Development</server>
      <profile>Integration</profile>
    </testapp>
    <testapp name="Office">
      <version>
      </version>
      <server>Development</server>
      <profile>Integration</profile>
    </testapp>
    <testcase name="CalculatedAfterHoliday_6229">
      <result>0</result>
      <start>9:05:57 AM</start>
      <end>9:17:52 AM</end>
      <log> br  Bill order:191006253 br  Finish test of date: 05 24 2015 br  Bill order:191006256 br  Finish test of date: 07 02 2015 br  </log>
      <screen>
      </screen>
    </testcase>
    <testcase name="CalculatedOnHoliday_4885">
      <result>0</result>
      <start>9:17:53 AM</start>
      <end>9:30:06 AM</end>
      <log> br  Bill order:191006260 br  Finish test of date: 09 01 2017 br  Bill order:191006272 br  Finish test of date: 09 06 2017 br  </log>
      <screen>
      </screen>
    </testcase>
  </userstory>
  <userstory name="US4390">
    <testapp name="OrderEntry">
      <version> 4.19.255.1</version>
      <server>Development</server>
      <profile>Integration</profile>
    </testapp>
    <testapp name="Office">
      <version>
      </version>
      <server>Development</server>
      <profile>Integration</profile>
    </testapp>
    <testcase name="PJMVoidLines_4812">
      <result>0</result>
      <start>9:30:10 AM</start>
      <end>9:44:45 AM</end>
      <log>OrderNumber: 191006276</log>
      <screen>
      </screen>
    </testcase>
    <testcase name="PJMVoidOrders_4813">
      <result>0</result>
      <start>9:44:45 AM</start>
      <end>9:57:42 AM</end>
      <log>OrderNumber: 191006279</log>
      <screen>
      </screen>
    </testcase>
  </userstory>
  <userstory name="US11707">
    <testapp name="OrderEntry">
      <version> 4.19.255.1</version>
      <server>Development</server>
      <profile>Integration</profile>
    </testapp>
    <testapp name="Office">
      <version> 1.19.287.1</version>
      <server>Development</server>
      <profile>Integration</profile>
    </testapp>
    <testcase name="BillOrderWithFax_12539">
      <result>0</result>
      <start>9:57:46 AM</start>
      <end>10:01:04 AM</end>
      <log> br  </log>
      <screen>
      </screen>
    </testcase>
    <testcase name="MakeAnnotation_12545">
      <result>0</result>
      <start>10:01:05 AM</start>
      <end>10:04:43 AM</end>
      <log> br  </log>
      <screen>
      </screen>
    </testcase>
    <testcase name="MultipleQuestionOnItem_12548">
      <result>1</result>
      <start>10:04:43 AM</start>
      <end>10:05:11 AM</end>
      <log> br  C:\\NewTestPass\\Screenshot\\2019-10-15 10.05.11.pngSystem.Exception: Exception of type 'System.Exception' was thrown.
   at TOG.WinUITest.OrderEntry.TestCases.US11707.MultipleQuestionOnItem_12548   in c:\WeiMing\Workspaces\TOG\Novatus\Development\Testing\NovatusWinUIAuto\E2EWinUIAutoTest\TestCases\US11707.cs:line 451</log>
      <screen>
      </screen>
    </testcase>
    <testcase name="RouteQuestionFaxWithFTR_12547">
      <result>0</result>
      <start>10:05:11 AM</start>
      <end>10:10:34 AM</end>
      <log> br  </log>
      <screen>
      </screen>
    </testcase>
    <testcase name="RouteQuestionNoFaxWithFTR_12546">
      <result>1</result>
      <start>10:10:34 AM</start>
      <end>10:14:38 AM</end>
      <log> br  C:\\NewTestPass\\Screenshot\\2019-10-15 10.14.38.pngMicrosoft.VisualStudio.TestTools.UITest.Extension.PlaybackFailureException: Cannot perform 'Click' on the control. Additional Details: The control details were not specified. ---  System.Runtime.InteropServices.COMException: Error HRESULT E_FAIL has been returned from a call to a COM component.
   at Microsoft.VisualStudio.TestTools.UITest.Playback.Engine.IScreenElement.MouseButtonClick Int32 x, Int32 y, Int32 nButton, Int32 fEnsureVisible, String bstrKeyModifiers 
   at Microsoft.VisualStudio.TestTools.UITest.Playback.ScreenElement.MouseButtonClick Int32 x, Int32 y, MouseButtons button, ModifierKeys modifierKeys, Int32 ensureVisible 
   at Microsoft.VisualStudio.TestTools.UITesting.UITestActionExecutorCore.Click UITestControl control, MouseButtons button, ModifierKeys modifierKeys, Point relativeCoordinate 
   --- End of inner exception stack trace ---
   at Microsoft.VisualStudio.TestTools.UITesting.Playback.MapAndThrowComException COMException innerException, IPlaybackContext context 
   at Microsoft.VisualStudio.TestTools.UITesting.Playback.MapAndThrowException Exception exception, IPlaybackContext context 
   at Microsoft.VisualStudio.TestTools.UITesting.Playback.MapAndThrowException Exception exception, String actionName, UITestControl uiControl 
   at Microsoft.VisualStudio.TestTools.UITesting.UITestActionExecutorCore.Click UITestControl control, MouseButtons button, ModifierKeys modifierKeys, Point relativeCoordinate 
   at Microsoft.VisualStudio.TestTools.UITesting.Mouse.ClickImplementation UITestControl control, MouseButtons button, ModifierKeys modifierKeys, Point relativeCoordinate 
   at Microsoft.VisualStudio.TestTools.UITesting.Mouse.  c__DisplayClass6. Click b__5  
   at Microsoft.VisualStudio.TestTools.UITesting.CodedUITestMethodInvoker.InvokeMethod T  Func`1 function, UITestControl control, Boolean firePlaybackErrorEvent, Boolean logAsAction 
   at Microsoft.VisualStudio.TestTools.UITesting.Mouse.Click UITestControl control, MouseButtons button, ModifierKeys modifierKeys, Point relativeCoordinate 
   at Microsoft.VisualStudio.TestTools.UITesting.Mouse.Click UITestControl control 
   at TOG.WinUITest.Office.Agents.CustomerService.PartSearchUI.PartOpen Int32 rightIndex  in c:\WeiMing\Workspaces\TOG\Novatus\Development\Testing\NovatusWinUIAuto\NovatusOfficeAutoTest\OfficeAgents\CustomerService\PartSearchUI.cs:line 76
   at TOG.WinUITest.OrderEntry.TestCases.US11707.RouteQuestionNoFaxWithFTR_12546   in c:\WeiMing\Workspaces\TOG\Novatus\Development\Testing\NovatusWinUIAuto\E2EWinUIAutoTest\TestCases\US11707.cs:line 347</log>
      <screen>
      </screen>
    </testcase>
    <testcase name="RouteQuestionWithFax_12541">
      <result>1</result>
      <start>10:14:38 AM</start>
      <end>10:19:04 AM</end>
      <log> br  C:\\NewTestPass\\Screenshot\\2019-10-15 10.19.04.pngMicrosoft.VisualStudio.TestTools.UnitTesting.AssertFailedException: Assert.IsFalse failed. Actual:Fax viewer popup, Expeced:No fax viewer popup. after change next campaign
   at Microsoft.VisualStudio.TestTools.UnitTesting.Assert.HandleFailure String assertionName, String message 
   at Microsoft.VisualStudio.TestTools.UnitTesting.Assert.IsFalse Boolean condition, String message 
   at TOG.WinUITest.OrderEntry.TestCases.US11707.CheckFaxInOffice String orderNumber, Boolean needPart  in c:\WeiMing\Workspaces\TOG\Novatus\Development\Testing\NovatusWinUIAuto\E2EWinUIAutoTest\TestCases\US11707.cs:line 603
   at TOG.WinUITest.OrderEntry.TestCases.US11707.RouteQuestionWithFax_12541   in c:\WeiMing\Workspaces\TOG\Novatus\Development\Testing\NovatusWinUIAuto\E2EWinUIAutoTest\TestCases\US11707.cs:line 246</log>
      <screen>
      </screen>
    </testcase>
    <testcase name="RouteQuestionWithNoFax_12540">
      <result>0</result>
      <start>10:19:04 AM</start>
      <end>10:23:23 AM</end>
      <log> br  </log>
      <screen>
      </screen>
    </testcase>
  </userstory>
  <userstory name="OEP1">
    <testapp name="OrderEntry">
      <version> 4.19.255.1</version>
      <server>Development</server>
      <profile>Integration</profile>
    </testapp>
    <testapp name="Office">
      <version> 1.19.287.1</version>
      <server>Development</server>
      <profile>Integration</profile>
    </testapp>
    <testcase name="ChargeShippingFlatOption_2444">
      <result>1</result>
      <start>10:23:28 AM</start>
      <end>10:26:48 AM</end>
      <log>Microsoft.VisualStudio.TestTools.UnitTesting.AssertFailedException: Assert.IsTrue failed. Actual:charge flat not as expected,Expected:charge flat same with shipping charge
   at Microsoft.VisualStudio.TestTools.UnitTesting.Assert.HandleFailure String assertionName, String message 
   at Microsoft.VisualStudio.TestTools.UnitTesting.Assert.IsTrue Boolean condition, String message 
   at TOG.WinUITest.OrderEntry.TestCases.TextMaintence.OEP1.BillOrderAndCheckInOffice Boolean checkChargeShipping  in c:\WeiMing\Workspaces\TOG\Novatus\Development\Testing\NovatusWinUIAuto\OrderEntryWinUIAutoTest\TestCases\OEP1.cs:line 631
   at TOG.WinUITest.OrderEntry.TestCases.TextMaintence.OEP1.ChargeShippingFlatOption_2444   in c:\WeiMing\Workspaces\TOG\Novatus\Development\Testing\NovatusWinUIAuto\OrderEntryWinUIAutoTest\TestCases\OEP1.cs:line 573</log>
      <screen>C:\\NewTestPass\\Screenshot\\2019-10-15 10.26.48.png</screen>
    </testcase>
    <testcase name="LoadCustomerInfo_2315">
      <result>0</result>
      <start>10:26:48 AM</start>
      <end>10:27:22 AM</end>
      <log>
      </log>
      <screen>
      </screen>
    </testcase>
    <testcase name="PONumberRequired_2268">
      <result>0</result>
      <start>10:27:22 AM</start>
      <end>10:28:35 AM</end>
      <log>
      </log>
      <screen>
      </screen>
    </testcase>
    <testcase name="QuoteWithTextCopy_2569">
      <result>0</result>
      <start>10:28:35 AM</start>
      <end>10:41:25 AM</end>
      <log>OrderNumber: 191006312</log>
      <screen>
      </screen>
    </testcase>
    <testcase name="ShippingFlat_2552">
      <result>0</result>
      <start>10:41:25 AM</start>
      <end>10:43:17 AM</end>
      <log>
      </log>
      <screen>
      </screen>
    </testcase>
  </userstory>
  <userstory name="OEP2">
    <testapp name="OrderEntry">
      <version> 4.19.255.1</version>
      <server>Development</server>
      <profile>Integration</profile>
    </testapp>
    <testapp name="Office">
      <version>
      </version>
      <server>Development</server>
      <profile>Integration</profile>
    </testapp>
    <testcase name="CustomerInfoOfEmail_2270">
      <result>0</result>
      <start>10:43:20 AM</start>
      <end>10:44:23 AM</end>
      <log>
      </log>
      <screen>
      </screen>
    </testcase>
    <testcase name="DeleteProof_2309">
      <result>0</result>
      <start>10:44:23 AM</start>
      <end>10:47:00 AM</end>
      <log>
      </log>
      <screen>
      </screen>
    </testcase>
    <testcase name="MakeQuoteOrder_2272">
      <result>0</result>
      <start>10:47:01 AM</start>
      <end>10:52:03 AM</end>
      <log>191006317</log>
      <screen>
      </screen>
    </testcase>
    <testcase name="OneTimeUseEmail_2313">
      <result>0</result>
      <start>10:52:03 AM</start>
      <end>10:55:56 AM</end>
      <log>Proof order number is: 191006319</log>
      <screen>
      </screen>
    </testcase>
    <testcase name="ProofEditContact_2312">
      <result>0</result>
      <start>10:55:56 AM</start>
      <end>10:58:34 AM</end>
      <log>True</log>
      <screen>
      </screen>
    </testcase>
    <testcase name="ProofOption_2306">
      <result>0</result>
      <start>10:58:34 AM</start>
      <end>11:00:47 AM</end>
      <log>
      </log>
      <screen>
      </screen>
    </testcase>
    <testcase name="ProofTypeDefault_2310">
      <result>0</result>
      <start>11:00:47 AM</start>
      <end>11:03:50 AM</end>
      <log>
      </log>
      <screen>
      </screen>
    </testcase>
    <testcase name="QuoteAliasName_2239">
      <result>0</result>
      <start>11:03:51 AM</start>
      <end>11:04:40 AM</end>
      <log>
      </log>
      <screen>
      </screen>
    </testcase>
    <testcase name="QuoteAutoDiscount_2262">
      <result>0</result>
      <start>11:04:40 AM</start>
      <end>11:09:39 AM</end>
      <log>
      </log>
      <screen>
      </screen>
    </testcase>
    <testcase name="QuoteOptionAvaliable_2233">
      <result>0</result>
      <start>11:09:39 AM</start>
      <end>11:10:08 AM</end>
      <log>
      </log>
      <screen>
      </screen>
    </testcase>
    <testcase name="QuoteOrderStatus_2263">
      <result>1</result>
      <start>11:10:09 AM</start>
      <end>11:14:19 AM</end>
      <log>Microsoft.VisualStudio.TestTools.UnitTesting.AssertFailedException: Assert.IsTrue failed. Actual:order number is not 0,Expected:order number is 0, in message board
   at Microsoft.VisualStudio.TestTools.UnitTesting.Assert.HandleFailure String assertionName, String message 
   at Microsoft.VisualStudio.TestTools.UnitTesting.Assert.IsTrue Boolean condition, String message 
   at TOG.WinUITest.OrderEntry.TestCases.TextMaintence.OEP2.QuoteOrderStatus_2263   in c:\WeiMing\Workspaces\TOG\Novatus\Development\Testing\NovatusWinUIAuto\OrderEntryWinUIAutoTest\TestCases\OEP2.cs:line 210</log>
      <screen>C:\\NewTestPass\\Screenshot\\2019-10-15 11.14.19.png</screen>
    </testcase>
    <testcase name="ShippingApplicable_2238">
      <result>0</result>
      <start>11:14:19 AM</start>
      <end>11:19:36 AM</end>
      <log>
      </log>
      <screen>
      </screen>
    </testcase>
  </userstory>
  <userstory name="OfficeP1">
    <testapp name="OrderEntry">
      <version>
      </version>
      <server>Development</server>
      <profile>Integration</profile>
    </testapp>
    <testapp name="Office">
      <version> 1.19.287.1</version>
      <server>Development</server>
      <profile>Integration</profile>
    </testapp>
    <testcase name="Case2726_AddCustomerMessage">
      <result>0</result>
      <start>11:19:41 AM</start>
      <end>11:20:31 AM</end>
      <log>
      </log>
      <screen>
      </screen>
    </testcase>
    <testcase name="Case2728_DeleteCustomerMessage">
      <result>0</result>
      <start>11:20:32 AM</start>
      <end>11:21:23 AM</end>
      <log>
      </log>
      <screen>
      </screen>
    </testcase>
    <testcase name="Case2729_EditCustomerMessage">
      <result>0</result>
      <start>11:21:23 AM</start>
      <end>11:22:22 AM</end>
      <log>
      </log>
      <screen>
      </screen>
    </testcase>
    <testcase name="Case2730_OrderVoid">
      <result>0</result>
      <start>11:22:22 AM</start>
      <end>11:25:22 AM</end>
      <log>
      </log>
      <screen>
      </screen>
    </testcase>
    <testcase name="Case2731_CustomerSearch">
      <result>0</result>
      <start>11:25:23 AM</start>
      <end>11:26:52 AM</end>
      <log>
      </log>
      <screen>
      </screen>
    </testcase>
    <testcase name="Case2744_OrderSearch">
      <result>0</result>
      <start>11:26:53 AM</start>
      <end>11:29:39 AM</end>
      <log>
      </log>
      <screen>
      </screen>
    </testcase>
    <testcase name="Case2745_VerifyOrderDispositioned">
      <result>1</result>
      <start>11:29:39 AM</start>
      <end>11:38:45 AM</end>
      <log>System.ComponentModel.Win32Exception  0x80004005 : Access is denied
   at System.Diagnostics.Process.Kill  
   at TOG.WinUITest.Office.TestCases.TestcaseBase.CleanProcess String appName  in c:\WeiMing\Workspaces\TOG\Novatus\Development\Testing\NovatusWinUIAuto\NovatusOfficeAutoTest\TestCases\TestcaseBase.cs:line 192
   at TOG.WinUITest.Office.TestCases.OfficeP1.CleanProcess   in c:\WeiMing\Workspaces\TOG\Novatus\Development\Testing\NovatusWinUIAuto\NovatusOfficeAutoTest\TestCases\OfficeP1.cs:line 942
   at TOG.WinUITest.Office.TestCases.OfficeP1.Case2745_VerifyOrderDispositioned   in c:\WeiMing\Workspaces\TOG\Novatus\Development\Testing\NovatusWinUIAuto\NovatusOfficeAutoTest\TestCases\OfficeP1.cs:line 563</log>
      <screen>C:\\NewTestPass\\Screenshot\\2019-10-15 11.38.45.png</screen>
    </testcase>
    <testcase name="Case2747_CustomerMaintain">
      <result>0</result>
      <start>11:38:45 AM</start>
      <end>11:40:19 AM</end>
      <log>
      </log>
      <screen>
      </screen>
    </testcase>
    <testcase name="VerifySkillSets_2316">
      <result>0</result>
      <start>11:40:19 AM</start>
      <end>11:46:33 AM</end>
      <log>OrderNumber: 191006341</log>
      <screen>
      </screen>
    </testcase>
  </userstory>
  <userstory name="OfficeP2">
    <testapp name="OrderEntry">
      <version> 4.19.255.1</version>
      <server>Development</server>
      <profile>Integration</profile>
    </testapp>
    <testapp name="Office">
      <version> 1.19.287.1</version>
      <server>Development</server>
      <profile>Integration</profile>
    </testapp>
    <testcase name="CheckQuoteInfoAndFile_2266">
      <result>0</result>
      <start>11:46:38 AM</start>
      <end>11:51:38 AM</end>
      <log> br  Order number is :191006343 br  </log>
      <screen>
      </screen>
    </testcase>
    <testcase name="ProofCampaign_2311">
      <result>0</result>
      <start>11:51:38 AM</start>
      <end>11:56:26 AM</end>
      <log>
      </log>
      <screen>
      </screen>
    </testcase>
    <testcase name="QuoteButton_2317">
      <result>0</result>
      <start>11:56:26 AM</start>
      <end>12:02:37 PM</end>
      <log>
      </log>
      <screen>
      </screen>
    </testcase>
    <testcase name="VerifyQuoteDueDate_2240">
      <result>0</result>
      <start>12:02:37 PM</start>
      <end>12:07:31 PM</end>
      <log>OrderNumber: 191006356</log>
      <screen>
      </screen>
    </testcase>
    <testcase name="VerifyQuoteFrench_2329">
      <result>0</result>
      <start>12:07:31 PM</start>
      <end>12:11:08 PM</end>
      <log>OrderNumber: 191006358</log>
      <screen>
      </screen>
    </testcase>
    <testcase name="VerifyQuoteSheet_2318">
      <result>1</result>
      <start>12:11:08 PM</start>
      <end>12:16:04 PM</end>
      <log>Microsoft.VisualStudio.TestTools.UnitTesting.AssertFailedException: Assert.IsTrue failed. Actual: Shipping  Handling not has a correct price,Expected: Shipping  Handling has a correct price,with shipping not applicable:False
   at Microsoft.VisualStudio.TestTools.UnitTesting.Assert.HandleFailure String assertionName, String message 
   at Microsoft.VisualStudio.TestTools.UnitTesting.Assert.IsTrue Boolean condition, String message 
   at TOG.WinUITest.Office.TestCases.OfficeP2.BillQuoteOrderAndCheckPDF Boolean shipApplicable, String shippingPriceRegex  in c:\WeiMing\Workspaces\TOG\Novatus\Development\Testing\NovatusWinUIAuto\NovatusOfficeAutoTest\TestCases\OfficeP2.cs:line 557
   at TOG.WinUITest.Office.TestCases.OfficeP2.VerifyQuoteSheet_2318   in c:\WeiMing\Workspaces\TOG\Novatus\Development\Testing\NovatusWinUIAuto\NovatusOfficeAutoTest\TestCases\OfficeP2.cs:line 431</log>
      <screen>C:\\NewTestPass\\Screenshot\\2019-10-15 12.16.04.png</screen>
    </testcase>
  </userstory>
  <userstory name="TextMaintenanceTestCases">
    <testapp name="Prepress">
      <version>1.16.104.1</version>
      <server>
      </server>
      <profile>Integration</profile>
    </testapp>
    <testcase name="AddDeleteDieCutGroups_2374">
      <result>0</result>
      <start>12:16:11 PM</start>
      <end>12:17:41 PM</end>
      <log>
      </log>
      <screen>
      </screen>
    </testcase>
    <testcase name="AddDieCutGroupsWithAbnormalData_2375">
      <result>0</result>
      <start>12:17:43 PM</start>
      <end>12:18:00 PM</end>
      <log>
      </log>
      <screen>
      </screen>
    </testcase>
    <testcase name="AddImpositionCodes_2385">
      <result>0</result>
      <start>12:18:03 PM</start>
      <end>12:19:01 PM</end>
      <log>
      </log>
      <screen>
      </screen>
    </testcase>
    <testcase name="AddImpositionCodesWithAbnormalData_2386">
      <result>0</result>
      <start>12:19:03 PM</start>
      <end>12:19:16 PM</end>
      <log>
      </log>
      <screen>
      </screen>
    </testcase>
    <testcase name="AddLayout_2393">
      <result>0</result>
      <start>12:19:18 PM</start>
      <end>12:20:28 PM</end>
      <log>
      </log>
      <screen>
      </screen>
    </testcase>
    <testcase name="AddLayoutWithAbnormalData_2394">
      <result>0</result>
      <start>12:20:30 PM</start>
      <end>12:20:46 PM</end>
      <log>
      </log>
      <screen>
      </screen>
    </testcase>
    <testcase name="AddStock_2408">
      <result>0</result>
      <start>12:20:48 PM</start>
      <end>12:22:06 PM</end>
      <log>
      </log>
      <screen>
      </screen>
    </testcase>
    <testcase name="AddStockGroups_2422">
      <result>0</result>
      <start>12:22:09 PM</start>
      <end>12:23:13 PM</end>
      <log>
      </log>
      <screen>
      </screen>
    </testcase>
    <testcase name="AddStockGroupsWithAbnormalData_2423">
      <result>0</result>
      <start>12:23:16 PM</start>
      <end>12:23:33 PM</end>
      <log>
      </log>
      <screen>
      </screen>
    </testcase>
    <testcase name="AddStockWithAbnormalData_2409">
      <result>0</result>
      <start>12:23:35 PM</start>
      <end>12:24:02 PM</end>
      <log>
      </log>
      <screen>
      </screen>
    </testcase>
    <testcase name="CopyDieCutGroups_2380">
      <result>0</result>
      <start>12:24:05 PM</start>
      <end>12:24:33 PM</end>
      <log>
      </log>
      <screen>
      </screen>
    </testcase>
    <testcase name="CopyImpositionCodes_2390">
      <result>0</result>
      <start>12:24:36 PM</start>
      <end>12:24:52 PM</end>
      <log>
      </log>
      <screen>
      </screen>
    </testcase>
    <testcase name="CopyLayout_2403">
      <result>0</result>
      <start>12:24:55 PM</start>
      <end>12:25:29 PM</end>
      <log>
      </log>
      <screen>
      </screen>
    </testcase>
    <testcase name="CopyStock_2413">
      <result>0</result>
      <start>12:25:31 PM</start>
      <end>12:26:04 PM</end>
      <log>
      </log>
      <screen>
      </screen>
    </testcase>
    <testcase name="CopyStockGroups_2428">
      <result>0</result>
      <start>12:26:06 PM</start>
      <end>12:26:35 PM</end>
      <log>
      </log>
      <screen>
      </screen>
    </testcase>
    <testcase name="DeleteDieCutGroups_2381">
      <result>0</result>
      <start>12:26:37 PM</start>
      <end>12:27:30 PM</end>
      <log>
      </log>
      <screen>
      </screen>
    </testcase>
    <testcase name="DeleteImpositionCodes_2391">
      <result>0</result>
      <start>12:27:33 PM</start>
      <end>12:28:13 PM</end>
      <log>
      </log>
      <screen>
      </screen>
    </testcase>
    <testcase name="DeleteLayout_2404">
      <result>0</result>
      <start>12:28:15 PM</start>
      <end>12:29:03 PM</end>
      <log>
      </log>
      <screen>
      </screen>
    </testcase>
    <testcase name="DeleteStock_2414">
      <result>0</result>
      <start>12:29:05 PM</start>
      <end>12:30:04 PM</end>
      <log>
      </log>
      <screen>
      </screen>
    </testcase>
    <testcase name="DeleteStockGroups_2429">
      <result>0</result>
      <start>12:30:06 PM</start>
      <end>12:30:38 PM</end>
      <log>
      </log>
      <screen>
      </screen>
    </testcase>
    <testcase name="EditDieCutGroups_2378">
      <result>0</result>
      <start>12:30:40 PM</start>
      <end>12:31:01 PM</end>
      <log>
      </log>
      <screen>
      </screen>
    </testcase>
    <testcase name="EditImpositionCodes_2388">
      <result>0</result>
      <start>12:31:03 PM</start>
      <end>12:31:26 PM</end>
      <log>
      </log>
      <screen>
      </screen>
    </testcase>
    <testcase name="EditLayout_2399">
      <result>0</result>
      <start>12:31:29 PM</start>
      <end>12:32:21 PM</end>
      <log>
      </log>
      <screen>
      </screen>
    </testcase>
    <testcase name="EditStock_2411">
      <result>0</result>
      <start>12:32:23 PM</start>
      <end>12:32:51 PM</end>
      <log>
      </log>
      <screen>
      </screen>
    </testcase>
    <testcase name="EditStockGroups_2426">
      <result>0</result>
      <start>12:32:53 PM</start>
      <end>12:33:36 PM</end>
      <log>
      </log>
      <screen>
      </screen>
    </testcase>
    <testcase name="ViewDieCutGroups_2379">
      <result>0</result>
      <start>12:33:41 PM</start>
      <end>12:34:01 PM</end>
      <log>
      </log>
      <screen>
      </screen>
    </testcase>
    <testcase name="ViewImpositionCodes_2389">
      <result>0</result>
      <start>12:34:04 PM</start>
      <end>12:34:23 PM</end>
      <log>
      </log>
      <screen>
      </screen>
    </testcase>
    <testcase name="ViewLayout_2401">
      <result>0</result>
      <start>12:34:26 PM</start>
      <end>12:34:48 PM</end>
      <log>
      </log>
      <screen>
      </screen>
    </testcase>
    <testcase name="ViewStock_2412">
      <result>0</result>
      <start>12:34:50 PM</start>
      <end>12:35:11 PM</end>
      <log>
      </log>
      <screen>
      </screen>
    </testcase>
    <testcase name="ViewStockGroups_2427">
      <result>0</result>
      <start>12:35:13 PM</start>
      <end>12:35:34 PM</end>
      <log>
      </log>
      <screen>
      </screen>
    </testcase>
  </userstory>
  <userstory name="US6892">
    <testapp name="Prepress">
      <version>1.16.104.1</version>
      <server>
      </server>
      <profile>Integration</profile>
    </testapp>
    <testcase name="AddDuplicateAlias_Case7274">
      <result>0</result>
      <start>12:35:42 PM</start>
      <end>12:48:15 PM</end>
      <log>
      </log>
      <screen>
      </screen>
    </testcase>
    <testcase name="AddNewAliasCancel_Case7280">
      <result>0</result>
      <start>12:48:17 PM</start>
      <end>12:57:51 PM</end>
      <log>
      </log>
      <screen>
      </screen>
    </testcase>
    <testcase name="AddNewAliasSave_Case7270">
      <result>0</result>
      <start>12:57:53 PM</start>
      <end>12:59:20 PM</end>
      <log>
      </log>
      <screen>
      </screen>
    </testcase>
    <testcase name="AddNewAliasSaveAdd_Case7275">
      <result>0</result>
      <start>12:59:22 PM</start>
      <end>1:03:33 PM</end>
      <log>
      </log>
      <screen>
      </screen>
    </testcase>
    <testcase name="AliasCodeNotAssociated_Case7284">
      <result>0</result>
      <start>1:03:37 PM</start>
      <end>1:05:08 PM</end>
      <log>
      </log>
      <screen>
      </screen>
    </testcase>
    <testcase name="AliasCount_Case7283">
      <result>0</result>
      <start>1:05:10 PM</start>
      <end>1:06:32 PM</end>
      <log>
      </log>
      <screen>
      </screen>
    </testcase>
    <testcase name="DataGridFunctionality_Case7271">
      <result>0</result>
      <start>1:06:34 PM</start>
      <end>1:08:19 PM</end>
      <log>
      </log>
      <screen>
      </screen>
    </testcase>
    <testcase name="DeleteAliasCancel_Case7281">
      <result>0</result>
      <start>1:08:21 PM</start>
      <end>1:12:39 PM</end>
      <log>
      </log>
      <screen>
      </screen>
    </testcase>
    <testcase name="DeleteNewAliasSave_Case7278">
      <result>0</result>
      <start>1:12:41 PM</start>
      <end>1:13:56 PM</end>
      <log>
      </log>
      <screen>
      </screen>
    </testcase>
    <testcase name="DeleteNewAliasSaveAdd_Case7279">
      <result>0</result>
      <start>1:13:59 PM</start>
      <end>1:15:19 PM</end>
      <log>
      </log>
      <screen>
      </screen>
    </testcase>
    <testcase name="EditNewAliasCancel_Case7282">
      <result>0</result>
      <start>1:15:21 PM</start>
      <end>1:16:52 PM</end>
      <log>
      </log>
      <screen>
      </screen>
    </testcase>
    <testcase name="EditNewAliasSave_Case7276">
      <result>0</result>
      <start>1:16:54 PM</start>
      <end>1:18:14 PM</end>
      <log>
      </log>
      <screen>
      </screen>
    </testcase>
    <testcase name="EditNewAliasSaveAdd_Case7277">
      <result>0</result>
      <start>1:18:16 PM</start>
      <end>1:19:39 PM</end>
      <log>
      </log>
      <screen>
      </screen>
    </testcase>
    <testcase name="FirstLoadingByDefault_Case7273">
      <result>0</result>
      <start>1:19:41 PM</start>
      <end>1:21:39 PM</end>
      <log>
      </log>
      <screen>
      </screen>
    </testcase>
    <testcase name="FontAliasHotkeys_Case7272">
      <result>0</result>
      <start>1:21:41 PM</start>
      <end>1:23:58 PM</end>
      <log>
      </log>
      <screen>
      </screen>
    </testcase>
    <testcase name="PositionToMeetYourInput_Case7285">
      <result>0</result>
      <start>1:24:00 PM</start>
      <end>1:25:15 PM</end>
      <log>
      </log>
      <screen>
      </screen>
    </testcase>
  </userstory>
  <userstory name="US6893">
    <testapp name="Prepress">
      <version>1.16.104.1</version>
      <server>
      </server>
      <profile>Integration</profile>
    </testapp>
    <testcase name="AddDuplicateAlias_Case7211">
      <result>0</result>
      <start>1:25:21 PM</start>
      <end>1:40:34 PM</end>
      <log>
      </log>
      <screen>
      </screen>
    </testcase>
    <testcase name="AddNewAliasCancel_Case7217">
      <result>0</result>
      <start>1:40:37 PM</start>
      <end>1:44:50 PM</end>
      <log>
      </log>
      <screen>
      </screen>
    </testcase>
    <testcase name="AddNewAliasSave_Case7207">
      <result>0</result>
      <start>1:44:53 PM</start>
      <end>1:49:10 PM</end>
      <log>
      </log>
      <screen>
      </screen>
    </testcase>
    <testcase name="AddNewAliasSaveAdd_Case7212">
      <result>0</result>
      <start>1:49:13 PM</start>
      <end>1:50:42 PM</end>
      <log>
      </log>
      <screen>
      </screen>
    </testcase>
    <testcase name="AliasCodeNotAssociated_Case7242">
      <result>0</result>
      <start>1:50:44 PM</start>
      <end>1:52:09 PM</end>
      <log>
      </log>
      <screen>
      </screen>
    </testcase>
    <testcase name="AliasCount_Case7220">
      <result>0</result>
      <start>1:52:12 PM</start>
      <end>1:53:36 PM</end>
      <log>
      </log>
      <screen>
      </screen>
    </testcase>
    <testcase name="DataGridFunctionality_Case7208">
      <result>0</result>
      <start>1:53:38 PM</start>
      <end>1:55:32 PM</end>
      <log>
      </log>
      <screen>
      </screen>
    </testcase>
    <testcase name="DeleteAliasCancel_Case7218">
      <result>0</result>
      <start>1:55:34 PM</start>
      <end>1:57:19 PM</end>
      <log>
      </log>
      <screen>
      </screen>
    </testcase>
    <testcase name="DeleteNewAliasSave_Case7215">
      <result>0</result>
      <start>1:57:21 PM</start>
      <end>1:58:45 PM</end>
      <log>
      </log>
      <screen>
      </screen>
    </testcase>
    <testcase name="DeleteNewAliasSaveAdd_Case7216">
      <result>0</result>
      <start>1:58:47 PM</start>
      <end>2:03:02 PM</end>
      <log>
      </log>
      <screen>
      </screen>
    </testcase>
    <testcase name="EditNewAliasCancel_Case7219">
      <result>0</result>
      <start>2:03:04 PM</start>
      <end>2:04:41 PM</end>
      <log>
      </log>
      <screen>
      </screen>
    </testcase>
    <testcase name="EditNewAliasSave_Case7213">
      <result>0</result>
      <start>2:04:44 PM</start>
      <end>2:06:11 PM</end>
      <log>
      </log>
      <screen>
      </screen>
    </testcase>
    <testcase name="EditNewAliasSaveAdd_Case7214">
      <result>0</result>
      <start>2:06:13 PM</start>
      <end>2:07:43 PM</end>
      <log>
      </log>
      <screen>
      </screen>
    </testcase>
    <testcase name="FirstLoadingByDefault_Case7210">
      <result>0</result>
      <start>2:07:45 PM</start>
      <end>2:10:07 PM</end>
      <log>
      </log>
      <screen>
      </screen>
    </testcase>
    <testcase name="FontAliasHotkeys_Case7209">
      <result>0</result>
      <start>2:10:09 PM</start>
      <end>2:12:29 PM</end>
      <log>
      </log>
      <screen>
      </screen>
    </testcase>
    <testcase name="PositionToMeetYourInput_Case7269">
      <result>0</result>
      <start>2:12:31 PM</start>
      <end>2:13:53 PM</end>
      <log>
      </log>
      <screen>
      </screen>
    </testcase>
  </userstory>
  <userstory name="US6894">
    <testapp name="Prepress">
      <version>1.16.104.1</version>
      <server>
      </server>
      <profile>Integration</profile>
    </testapp>
    <testcase name="AddDuplicateAlias_Case7444">
      <result>0</result>
      <start>2:13:59 PM</start>
      <end>2:21:13 PM</end>
      <log>
      </log>
      <screen>
      </screen>
    </testcase>
    <testcase name="AddNewAliasCancel_Case7450">
      <result>0</result>
      <start>2:21:16 PM</start>
      <end>2:22:53 PM</end>
      <log>
      </log>
      <screen>
      </screen>
    </testcase>
    <testcase name="AddNewAliasSave_Case7440">
      <result>0</result>
      <start>2:22:55 PM</start>
      <end>2:24:16 PM</end>
      <log>
      </log>
      <screen>
      </screen>
    </testcase>
    <testcase name="AddNewAliasSaveAdd_Case7445">
      <result>0</result>
      <start>2:24:18 PM</start>
      <end>2:25:41 PM</end>
      <log>
      </log>
      <screen>
      </screen>
    </testcase>
    <testcase name="AliasCodeNotAssociated_Case7454">
      <result>0</result>
      <start>2:25:43 PM</start>
      <end>2:27:03 PM</end>
      <log>
      </log>
      <screen>
      </screen>
    </testcase>
    <testcase name="AliasCount_Case7453">
      <result>0</result>
      <start>2:27:05 PM</start>
      <end>2:28:21 PM</end>
      <log>
      </log>
      <screen>
      </screen>
    </testcase>
    <testcase name="DataGridFunctionality_Case7441">
      <result>0</result>
      <start>2:28:24 PM</start>
      <end>2:30:04 PM</end>
      <log>
      </log>
      <screen>
      </screen>
    </testcase>
    <testcase name="DeleteAliasCancel_Case7451">
      <result>0</result>
      <start>2:30:06 PM</start>
      <end>2:31:39 PM</end>
      <log>
      </log>
      <screen>
      </screen>
    </testcase>
    <testcase name="DeleteNewAliasSave_Case7448">
      <result>0</result>
      <start>2:31:41 PM</start>
      <end>2:32:58 PM</end>
      <log>
      </log>
      <screen>
      </screen>
    </testcase>
    <testcase name="DeleteNewAliasSaveAdd_Case7449">
      <result>0</result>
      <start>2:33:00 PM</start>
      <end>2:34:20 PM</end>
      <log>
      </log>
      <screen>
      </screen>
    </testcase>
    <testcase name="EditNewAliasCancel_Case7452">
      <result>0</result>
      <start>2:34:22 PM</start>
      <end>2:35:51 PM</end>
      <log>
      </log>
      <screen>
      </screen>
    </testcase>
    <testcase name="EditNewAliasSave_Case7446">
      <result>0</result>
      <start>2:35:54 PM</start>
      <end>2:37:12 PM</end>
      <log>
      </log>
      <screen>
      </screen>
    </testcase>
    <testcase name="EditNewAliasSaveAdd_Case7447">
      <result>0</result>
      <start>2:37:14 PM</start>
      <end>2:38:35 PM</end>
      <log>
      </log>
      <screen>
      </screen>
    </testcase>
    <testcase name="FirstLoadingByDefault_Case7443">
      <result>0</result>
      <start>2:38:37 PM</start>
      <end>2:40:55 PM</end>
      <log>
      </log>
      <screen>
      </screen>
    </testcase>
    <testcase name="FontAliasHotkeys_Case7442">
      <result>0</result>
      <start>2:40:57 PM</start>
      <end>2:43:15 PM</end>
      <log>
      </log>
      <screen>
      </screen>
    </testcase>
    <testcase name="PositionToMeetYourInput_Case7455">
      <result>0</result>
      <start>2:43:17 PM</start>
      <end>2:44:29 PM</end>
      <log>
      </log>
      <screen>
      </screen>
    </testcase>
  </userstory>
  <userstory name="US6895">
    <testapp name="Prepress">
      <version>1.16.104.1</version>
      <server>
      </server>
      <profile>Integration</profile>
    </testapp>
    <testcase name="AddDuplicateAlias_Case7500">
      <result>0</result>
      <start>2:44:35 PM</start>
      <end>2:58:10 PM</end>
      <log>
      </log>
      <screen>
      </screen>
    </testcase>
    <testcase name="AddNewAliasCancel_Case7506">
      <result>0</result>
      <start>2:58:13 PM</start>
      <end>2:59:56 PM</end>
      <log>
      </log>
      <screen>
      </screen>
    </testcase>
    <testcase name="AddNewAliasSave_Case7496">
      <result>0</result>
      <start>2:59:59 PM</start>
      <end>3:03:24 PM</end>
      <log>
      </log>
      <screen>
      </screen>
    </testcase>
    <testcase name="AddNewAliasSaveAdd_Case7501">
      <result>0</result>
      <start>3:03:26 PM</start>
      <end>3:04:53 PM</end>
      <log>
      </log>
      <screen>
      </screen>
    </testcase>
    <testcase name="AliasCodeNotAssociated_Case7510">
      <result>0</result>
      <start>3:04:55 PM</start>
      <end>3:06:18 PM</end>
      <log>
      </log>
      <screen>
      </screen>
    </testcase>
    <testcase name="AliasCount_Case7509">
      <result>0</result>
      <start>3:06:20 PM</start>
      <end>3:07:38 PM</end>
      <log>
      </log>
      <screen>
      </screen>
    </testcase>
    <testcase name="AliasHotkeys_Case7498">
      <result>0</result>
      <start>3:07:40 PM</start>
      <end>3:09:55 PM</end>
      <log>
      </log>
      <screen>
      </screen>
    </testcase>
    <testcase name="DataGridFunctionality_Case7497">
      <result>0</result>
      <start>3:09:58 PM</start>
      <end>3:11:14 PM</end>
      <log>
      </log>
      <screen>
      </screen>
    </testcase>
    <testcase name="DeleteAliasCancel_Case7507">
      <result>0</result>
      <start>3:11:17 PM</start>
      <end>3:14:51 PM</end>
      <log>
      </log>
      <screen>
      </screen>
    </testcase>
    <testcase name="DeleteNewAliasSave_Case7504">
      <result>0</result>
      <start>3:14:54 PM</start>
      <end>3:16:10 PM</end>
      <log>
      </log>
      <screen>
      </screen>
    </testcase>
    <testcase name="DeleteNewAliasSaveAdd_Case7505">
      <result>0</result>
      <start>3:16:12 PM</start>
      <end>3:17:31 PM</end>
      <log>
      </log>
      <screen>
      </screen>
    </testcase>
    <testcase name="EditNewAliasCancel_Case7508">
      <result>0</result>
      <start>3:17:33 PM</start>
      <end>3:19:02 PM</end>
      <log>
      </log>
      <screen>
      </screen>
    </testcase>
    <testcase name="EditNewAliasSave_Case7502">
      <result>0</result>
      <start>3:19:04 PM</start>
      <end>3:20:21 PM</end>
      <log>
      </log>
      <screen>
      </screen>
    </testcase>
    <testcase name="EditNewAliasSaveAdd_Case7503">
      <result>0</result>
      <start>3:20:23 PM</start>
      <end>3:21:43 PM</end>
      <log>
      </log>
      <screen>
      </screen>
    </testcase>
    <testcase name="FirstLoadingByDefault_Case7499">
      <result>0</result>
      <start>3:21:45 PM</start>
      <end>3:23:03 PM</end>
      <log>
      </log>
      <screen>
      </screen>
    </testcase>
    <testcase name="PositionToMeetYourInput_Case7511">
      <result>0</result>
      <start>3:23:05 PM</start>
      <end>3:24:46 PM</end>
      <log>
      </log>
      <screen>
      </screen>
    </testcase>
  </userstory>
  <userstory name="US6896">
    <testapp name="Prepress">
      <version>1.16.104.1</version>
      <server>
      </server>
      <profile>Integration</profile>
    </testapp>
    <testcase name="AddDuplicateAlias_Case7524">
      <result>0</result>
      <start>3:24:51 PM</start>
      <end>3:36:04 PM</end>
      <log>
      </log>
      <screen>
      </screen>
    </testcase>
    <testcase name="AddNewAliasCancel_Case7530">
      <result>0</result>
      <start>3:36:07 PM</start>
      <end>3:41:57 PM</end>
      <log>
      </log>
      <screen>
      </screen>
    </testcase>
    <testcase name="AddNewAliasSave_Case7520">
      <result>0</result>
      <start>3:41:59 PM</start>
      <end>3:45:25 PM</end>
      <log>
      </log>
      <screen>
      </screen>
    </testcase>
    <testcase name="AddNewAliasSaveAdd_Case7525">
      <result>0</result>
      <start>3:45:27 PM</start>
      <end>3:48:48 PM</end>
      <log>
      </log>
      <screen>
      </screen>
    </testcase>
    <testcase name="AliasCodeNotAssociated_Case7534">
      <result>0</result>
      <start>3:48:51 PM</start>
      <end>3:50:15 PM</end>
      <log>
      </log>
      <screen>
      </screen>
    </testcase>
    <testcase name="AliasCount_Case7533">
      <result>0</result>
      <start>3:50:18 PM</start>
      <end>3:51:35 PM</end>
      <log>
      </log>
      <screen>
      </screen>
    </testcase>
    <testcase name="AliasHotkeys_Case7522">
      <result>0</result>
      <start>3:51:38 PM</start>
      <end>3:53:54 PM</end>
      <log>
      </log>
      <screen>
      </screen>
    </testcase>
    <testcase name="DataGridFunctionality_Case7521">
      <result>0</result>
      <start>3:53:56 PM</start>
      <end>3:55:10 PM</end>
      <log>
      </log>
      <screen>
      </screen>
    </testcase>
    <testcase name="DeleteAliasCancel_Case7531">
      <result>0</result>
      <start>3:55:12 PM</start>
      <end>3:56:43 PM</end>
      <log>
      </log>
      <screen>
      </screen>
    </testcase>
    <testcase name="DeleteNewAliasSave_Case7528">
      <result>0</result>
      <start>3:56:45 PM</start>
      <end>3:58:01 PM</end>
      <log>
      </log>
      <screen>
      </screen>
    </testcase>
    <testcase name="DeleteNewAliasSaveAdd_Case7529">
      <result>0</result>
      <start>3:58:03 PM</start>
      <end>3:59:21 PM</end>
      <log>
      </log>
      <screen>
      </screen>
    </testcase>
    <testcase name="EditNewAliasCancel_Case7532">
      <result>0</result>
      <start>3:59:23 PM</start>
      <end>4:00:52 PM</end>
      <log>
      </log>
      <screen>
      </screen>
    </testcase>
    <testcase name="EditNewAliasSave_Case7526">
      <result>0</result>
      <start>4:00:54 PM</start>
      <end>4:02:11 PM</end>
      <log>
      </log>
      <screen>
      </screen>
    </testcase>
    <testcase name="EditNewAliasSaveAdd_Case7527">
      <result>0</result>
      <start>4:02:13 PM</start>
      <end>4:03:31 PM</end>
      <log>
      </log>
      <screen>
      </screen>
    </testcase>
    <testcase name="FirstLoadingByDefault_Case7523">
      <result>0</result>
      <start>4:03:33 PM</start>
      <end>4:04:51 PM</end>
      <log>
      </log>
      <screen>
      </screen>
    </testcase>
    <testcase name="PositionToMeetYourInput_Case7535">
      <result>0</result>
      <start>4:04:53 PM</start>
      <end>4:06:30 PM</end>
      <log>
      </log>
      <screen>
      </screen>
    </testcase>
  </userstory>
  <userstory name="US4971">
    <testapp name="Prepress">
      <version>1.16.104.1</version>
      <server>
      </server>
      <profile>Integration</profile>
    </testapp>
    <testcase name="ActiveOffersOnlyChecked_5031">
      <result>0</result>
      <start>4:06:36 PM</start>
      <end>4:06:47 PM</end>
      <log>
      </log>
      <screen>
      </screen>
    </testcase>
    <testcase name="CancelButtonFunction_5036">
      <result>0</result>
      <start>4:06:50 PM</start>
      <end>4:07:01 PM</end>
      <log>
      </log>
      <screen>
      </screen>
    </testcase>
    <testcase name="DataGridFunctionality_5033">
      <result>0</result>
      <start>4:07:04 PM</start>
      <end>4:07:34 PM</end>
      <log>
      </log>
      <screen>
      </screen>
    </testcase>
    <testcase name="ExportDataGrid_5035">
      <result>1</result>
      <start>4:07:36 PM</start>
      <end>4:07:50 PM</end>
      <log>Microsoft.VisualStudio.TestTools.UITest.Extension.PlaybackFailureException: Cannot perform 'SetProperty of SelectedItem with value  2947 - Invitations by David's Bridal ' on the control. Additional Details: 
TechnologyName:  'MSAA'
Name:  'Title:'
ControlType:  'ComboBox'
 ---  System.Runtime.InteropServices.COMException: Exception from HRESULT: 0xF004F008
   at Microsoft.VisualStudio.TestTools.UITest.Playback.Engine.IScreenElement.SetValueAsComboBox String bstrNewValue, Int32 nSetValueAsComboBoxFlag 
   at Microsoft.VisualStudio.TestTools.UITest.Playback.ScreenElement.SetValueAsComboBoxInternal String value, SetValueAsComboBoxType setValueAsComboBoxType 
   at Microsoft.VisualStudio.TestTools.UITest.Playback.ScreenElement.SetValueAsComboBox String value, Boolean useEdit 
   at Microsoft.VisualStudio.TestTools.UITesting.WinPropertyProvider.SetComboBoxProperty String propertyName, Object value 
   at Microsoft.VisualStudio.TestTools.UITesting.WinPropertyProvider.SetPropertyValue UITestControl uiControl, String propertyName, Object value 
   at Microsoft.VisualStudio.TestTools.UITesting.UITestPropertyProvider.SetPropertyValueWrapper UITestControl uiControl, String propertyName, Object value 
   at Microsoft.VisualStudio.TestTools.UITesting.UITestControl.SetPropertyValue String propertyName, Object propertyValue 
   --- End of inner exception stack trace ---
   at Microsoft.VisualStudio.TestTools.UITesting.Playback.MapAndThrowComException COMException innerException, IPlaybackContext context 
   at Microsoft.VisualStudio.TestTools.UITesting.Playback.MapAndThrowException Exception exception, IPlaybackContext context 
   at Microsoft.VisualStudio.TestTools.UITesting.Playback.MapAndThrowException Exception exception, String actionName, UITestControl uiControl 
   at Microsoft.VisualStudio.TestTools.UITesting.Playback.MapAndThrowException Exception exception, String actionName, Object parameterValue, UITestControl uiControl 
   at Microsoft.VisualStudio.TestTools.UITesting.UITestControl.SetPropertyValue String propertyName, Object propertyValue 
   at Microsoft.VisualStudio.TestTools.UITesting.UITestControl.SetPropertyPrivate String propertyName, Object value 
   at Microsoft.VisualStudio.TestTools.UITesting.UITestControl.  c__DisplayClass3e. SetProperty b__3d  
   at Microsoft.VisualStudio.TestTools.UITesting.CodedUITestMethodInvoker.InvokeMethod T  Func`1 function, UITestControl control, Boolean firePlaybackErrorEvent, Boolean logAsAction 
   at Microsoft.VisualStudio.TestTools.UITesting.UITestControl.SetProperty String propertyName, Object value 
   at Microsoft.VisualStudio.TestTools.UITesting.WinControls.WinComboBox.set_SelectedItem String value 
   at TOG.WinUITest.PrepressMaintenance.Agents.TextMaintence.QcByTitleUI.SelectByTitle String title  in c:\WeiMing\Workspaces\TOG\Novatus\Development\Testing\NovatusWinUIAuto\PrepressMaintenanceWinUIAutoTest\PrepressAgents\Agents\ItemLayout\QcByTitleUI.cs:line 179
   at TOG.WinUITest.PrepressMaintenance.Agents.TextMaintence.QcByTitleUI.SelectTitleExportToTxt String title, String folderName  in c:\WeiMing\Workspaces\TOG\Novatus\Development\Testing\NovatusWinUIAuto\PrepressMaintenanceWinUIAutoTest\PrepressAgents\Agents\ItemLayout\QcByTitleUI.cs:line 261
   at TOG.WinUITest.PrepressMaintenance.TestCases.TextMaintence.US4971.ExportDataGrid_5035   in c:\WeiMing\Workspaces\TOG\Novatus\Development\Testing\NovatusWinUIAuto\PrepressMaintenanceWinUIAutoTest\TestCases\US4971.cs:line 313</log>
      <screen>C:\\NewTestPass\\Screenshot\\2019-10-15 04.07.50.png</screen>
    </testcase>
    <testcase name="PriveImageGenerated_5034">
      <result>0</result>
      <start>4:07:53 PM</start>
      <end>4:10:01 PM</end>
      <log>
      </log>
      <screen>
      </screen>
    </testcase>
    <testcase name="StopGenratingPreviewProcess_5037">
      <result>0</result>
      <start>4:10:04 PM</start>
      <end>4:10:33 PM</end>
      <log>
      </log>
      <screen>
      </screen>
    </testcase>
  </userstory>
  <userstory name="US5039">
    <testapp name="Prepress">
      <version>1.16.104.1</version>
      <server>
      </server>
      <profile>Integration</profile>
    </testapp>
    <testcase name="LaunchPreview_5681">
      <result>1</result>
      <start>4:10:39 PM</start>
      <end>4:16:22 PM</end>
      <log>System.Exception: Exception of type 'System.Exception' was thrown.
   at TOG.WinUITest.Common.AssertWaiting.WaitForControlExits UITestControl control  in c:\WeiMing\Workspaces\TOG\Novatus\Development\Testing\NovatusWinUIAuto\Utilities\AssertWaiting.cs:line 38
   at TOG.WinUITest.PrepressMaintenance.Agents.AgentUIBase.WaitForCurrentScreen UITestControl control  in c:\WeiMing\Workspaces\TOG\Novatus\Development\Testing\NovatusWinUIAuto\PrepressMaintenanceWinUIAutoTest\PrepressAgents\Agents\AgentUIBase.cs:line 72
   at TOG.WinUITest.PrepressMaintenance.Agents.TextMaintence.OfferGroupsUI.LanchPreviewAndSelectFolder String folderName, String itemName  in c:\WeiMing\Workspaces\TOG\Novatus\Development\Testing\NovatusWinUIAuto\PrepressMaintenanceWinUIAutoTest\PrepressAgents\Agents\ItemLayout\OfferGroupsUI.cs:line 169
   at TOG.WinUITest.PrepressMaintenance.Agents.TextMaintence.OfferGroupsUI.PrivateAndSaveWithINDD String folderName  in c:\WeiMing\Workspaces\TOG\Novatus\Development\Testing\NovatusWinUIAuto\PrepressMaintenanceWinUIAutoTest\PrepressAgents\Agents\ItemLayout\OfferGroupsUI.cs:line 147
   at TOG.WinUITest.PrepressMaintenance.TestCases.TextMaintence.US5039.LaunchPreview_5681   in c:\WeiMing\Workspaces\TOG\Novatus\Development\Testing\NovatusWinUIAuto\PrepressMaintenanceWinUIAutoTest\TestCases\US5039.cs:line 81</log>
      <screen>C:\\NewTestPass\\Screenshot\\2019-10-15 04.16.22.png</screen>
    </testcase>
  </userstory>
  <userstory name="US5231">
    <testapp name="Prepress">
      <version>1.16.104.1</version>
      <server>
      </server>
      <profile>Integration</profile>
    </testapp>
    <testcase name="AreaHelp_5742">
      <result>0</result>
      <start>4:16:30 PM</start>
      <end>4:17:04 PM</end>
      <log>
      </log>
      <screen>
      </screen>
    </testcase>
    <testcase name="DefaultsOfferAssociated_5746">
      <result>0</result>
      <start>4:17:06 PM</start>
      <end>4:18:30 PM</end>
      <log>
      </log>
      <screen>
      </screen>
    </testcase>
    <testcase name="DefaultsOfferHelp_5745">
      <result>0</result>
      <start>4:18:33 PM</start>
      <end>4:19:08 PM</end>
      <log>
      </log>
      <screen>
      </screen>
    </testcase>
    <testcase name="LayoutHelp_5743">
      <result>0</result>
      <start>4:19:10 PM</start>
      <end>4:19:36 PM</end>
      <log>
      </log>
      <screen>
      </screen>
    </testcase>
    <testcase name="MultipleHelp_5744">
      <result>0</result>
      <start>4:19:39 PM</start>
      <end>4:20:27 PM</end>
      <log>
      </log>
      <screen>
      </screen>
    </testcase>
    <testcase name="NoHelp_5739">
      <result>0</result>
      <start>4:20:30 PM</start>
      <end>4:21:09 PM</end>
      <log>
      </log>
      <screen>
      </screen>
    </testcase>
    <testcase name="OfferHelp_5740">
      <result>0</result>
      <start>4:21:11 PM</start>
      <end>4:21:38 PM</end>
      <log>
      </log>
      <screen>
      </screen>
    </testcase>
    <testcase name="PrductionHelp_5741">
      <result>0</result>
      <start>4:21:41 PM</start>
      <end>4:22:15 PM</end>
      <log>
      </log>
      <screen>
      </screen>
    </testcase>
  </userstory>
  <userstory name="US5227">
    <testapp name="Prepress">
      <version>1.16.104.1</version>
      <server>
      </server>
      <profile>Integration</profile>
    </testapp>
    <testcase name="CancelButtonFunction_5760">
      <result>0</result>
      <start>4:22:21 PM</start>
      <end>4:22:43 PM</end>
      <log>
      </log>
      <screen>
      </screen>
    </testcase>
    <testcase name="DataGridAdditionalFunction_5758">
      <result>0</result>
      <start>4:22:45 PM</start>
      <end>4:23:16 PM</end>
      <log>
      </log>
      <screen>
      </screen>
    </testcase>
    <testcase name="DataGridByShow_5757">
      <result>1</result>
      <start>4:23:18 PM</start>
      <end>4:24:14 PM</end>
      <log> br  Microsoft.VisualStudio.TestTools.UITest.Extension.UITestControlNotFoundException: The playback failed to find the control with the given search properties. Additional Details: 
TechnologyName:  'MSAA'
ControlType:  'Cell'
RowIndex:  '1'
ColumnIndex:  '4'
 ---  System.Runtime.InteropServices.COMException: Error HRESULT E_FAIL has been returned from a call to a COM component.
   at Microsoft.VisualStudio.TestTools.UITest.Playback.Engine.IScreenElement.FindAllDescendants String bstrQueryId, Object  pvarResKeys, Int32 cResKeys, Int32 nMaxDepth 
   at Microsoft.VisualStudio.TestTools.UITest.Playback.ScreenElement.FindAllScreenElement String queryId, Int32 depth, Boolean singleQueryId, Boolean throwException, Boolean resetSkipStep 
   at Microsoft.VisualStudio.TestTools.UITest.Playback.ScreenElement.FindScreenElement String queryId, Int32 depth, Boolean resetSkipStep 
   at Microsoft.VisualStudio.TestTools.UITesting.UITestControl.FindFirstDescendant String queryId, Int32 maxDepth, Int32  timeLeft 
   --- End of inner exception stack trace ---
   at Microsoft.VisualStudio.TestTools.UITesting.Playback.MapControlNotFoundException COMException ex, IPlaybackContext context 
   at Microsoft.VisualStudio.TestTools.UITesting.Playback.MapAndThrowComException COMException innerException, IPlaybackContext context 
   at Microsoft.VisualStudio.TestTools.UITesting.Playback.MapAndThrowException Exception exception, IPlaybackContext context 
   at Microsoft.VisualStudio.TestTools.UITesting.Playback.MapAndThrowException Exception exception, String queryId 
   at Microsoft.VisualStudio.TestTools.UITesting.UITestControl.FindFirstDescendant String queryId, Int32 maxDepth, Int32  timeLeft 
   at Microsoft.VisualStudio.TestTools.UITesting.SearchHelper.GetUITestControlRecursive Boolean useCache, Boolean alwaysSearch, ISearchArgument searchArg, IList`1 windowTitles, Int32  timeLeft 
   at Microsoft.VisualStudio.TestTools.UITesting.SearchHelper.GetElement Boolean useCache, ISearchArgument searchArg 
   at Microsoft.VisualStudio.TestTools.UITesting.SearchHelper.Search ISearchArgument searchArg 
   at Microsoft.VisualStudio.TestTools.UITesting.UITestControl.FindInternal  
   at Microsoft.VisualStudio.TestTools.UITesting.UITestControl. Find b__37  
   at Microsoft.VisualStudio.TestTools.UITesting.CodedUITestMethodInvoker.InvokeMethod T  Func`1 function, UITestControl control, Boolean firePlaybackErrorEvent, Boolean logAsAction 
   at Microsoft.VisualStudio.TestTools.UITesting.UITestControl.Find  
   at Microsoft.VisualStudio.TestTools.UITesting.WinControls.WinTable.GetCell Int32 rowIndex, Int32 columnIndex 
   at PrepressAgents.Utilities.DataGridUtilities.GetCell Int32 rowNum, Int32 cellNum  in c:\WeiMing\Workspaces\TOG\Novatus\Development\Testing\NovatusWinUIAuto\PrepressMaintenanceWinUIAutoTest\PrepressAgents\Utilities\DataGridUtilities.cs:line 53
   at PrepressAgents.Utilities.DataGridUtilities.ClickCell Int32 rowNum, Int32 cellNum  in c:\WeiMing\Workspaces\TOG\Novatus\Development\Testing\NovatusWinUIAuto\PrepressMaintenanceWinUIAutoTest\PrepressAgents\Utilities\DataGridUtilities.cs:line 166
   at PrepressAgents.Utilities.DataGridUtilities.ClickHeaderAndGetValue Int32 column, List`1 columnValue, List`1 sortList  in c:\WeiMing\Workspaces\TOG\Novatus\Development\Testing\NovatusWinUIAuto\PrepressMaintenanceWinUIAutoTest\PrepressAgents\Utilities\DataGridUtilities.cs:line 178
   at PrepressAgents.Utilities.DataGridUtilities.ClickHeaderAndSortAsc Int32 column  in c:\WeiMing\Workspaces\TOG\Novatus\Development\Testing\NovatusWinUIAuto\PrepressMaintenanceWinUIAutoTest\PrepressAgents\Utilities\DataGridUtilities.cs:line 192
   at PrepressAgents.Agents.ItemLayout.IncompleteOffersUI.SortByTitle Int32 column  in c:\WeiMing\Workspaces\TOG\Novatus\Development\Testing\NovatusWinUIAuto\PrepressMaintenanceWinUIAutoTest\PrepressAgents\Agents\ItemLayout\IncompleteOffersUI.cs:line 169
   at TOG.WinUITest.PrepressMaintenance.TestCases.ItemLayout.US5227.DataGridByShow_5757   in c:\WeiMing\Workspaces\TOG\Novatus\Development\Testing\NovatusWinUIAuto\PrepressMaintenanceWinUIAutoTest\TestCases\ItemLayout\US5227.cs:line 196</log>
      <screen>C:\\NewTestPass\\Screenshot\\2019-10-15 04.24.14.png</screen>
    </testcase>
    <testcase name="DataGridFilerBy_5756">
      <result>0</result>
      <start>4:24:17 PM</start>
      <end>4:24:41 PM</end>
      <log>
      </log>
      <screen>
      </screen>
    </testcase>
    <testcase name="DataGridLoaded_5755">
      <result>0</result>
      <start>4:24:44 PM</start>
      <end>4:24:59 PM</end>
      <log>
      </log>
      <screen>
      </screen>
    </testcase>
    <testcase name="ResultCanbeExported_5759">
      <result>0</result>
      <start>4:25:01 PM</start>
      <end>4:25:28 PM</end>
      <log>
      </log>
      <screen>
      </screen>
    </testcase>
    <testcase name="SuggestedAction_5761">
      <result>1</result>
      <start>4:25:32 PM</start>
      <end>4:26:33 PM</end>
      <log>Microsoft.VisualStudio.TestTools.UITest.Extension.UITestControlNotFoundException: The playback failed to find the control with the given search properties. Additional Details: 
TechnologyName:  'MSAA'
ControlType:  'Cell'
RowIndex:  '6'
ColumnIndex:  '3'
 ---  System.Runtime.InteropServices.COMException: Error HRESULT E_FAIL has been returned from a call to a COM component.
   at Microsoft.VisualStudio.TestTools.UITest.Playback.Engine.IScreenElement.FindAllDescendants String bstrQueryId, Object  pvarResKeys, Int32 cResKeys, Int32 nMaxDepth 
   at Microsoft.VisualStudio.TestTools.UITest.Playback.ScreenElement.FindAllScreenElement String queryId, Int32 depth, Boolean singleQueryId, Boolean throwException, Boolean resetSkipStep 
   at Microsoft.VisualStudio.TestTools.UITest.Playback.ScreenElement.FindScreenElement String queryId, Int32 depth, Boolean resetSkipStep 
   at Microsoft.VisualStudio.TestTools.UITesting.UITestControl.FindFirstDescendant String queryId, Int32 maxDepth, Int32  timeLeft 
   --- End of inner exception stack trace ---
   at Microsoft.VisualStudio.TestTools.UITesting.Playback.MapControlNotFoundException COMException ex, IPlaybackContext context 
   at Microsoft.VisualStudio.TestTools.UITesting.Playback.MapAndThrowComException COMException innerException, IPlaybackContext context 
   at Microsoft.VisualStudio.TestTools.UITesting.Playback.MapAndThrowException Exception exception, IPlaybackContext context 
   at Microsoft.VisualStudio.TestTools.UITesting.Playback.MapAndThrowException Exception exception, String queryId 
   at Microsoft.VisualStudio.TestTools.UITesting.UITestControl.FindFirstDescendant String queryId, Int32 maxDepth, Int32  timeLeft 
   at Microsoft.VisualStudio.TestTools.UITesting.SearchHelper.GetUITestControlRecursive Boolean useCache, Boolean alwaysSearch, ISearchArgument searchArg, IList`1 windowTitles, Int32  timeLeft 
   at Microsoft.VisualStudio.TestTools.UITesting.SearchHelper.GetElement Boolean useCache, ISearchArgument searchArg 
   at Microsoft.VisualStudio.TestTools.UITesting.SearchHelper.Search ISearchArgument searchArg 
   at Microsoft.VisualStudio.TestTools.UITesting.UITestControl.FindInternal  
   at Microsoft.VisualStudio.TestTools.UITesting.UITestControl. Find b__37  
   at Microsoft.VisualStudio.TestTools.UITesting.CodedUITestMethodInvoker.InvokeMethod T  Func`1 function, UITestControl control, Boolean firePlaybackErrorEvent, Boolean logAsAction 
   at Microsoft.VisualStudio.TestTools.UITesting.UITestControl.Find  
   at Microsoft.VisualStudio.TestTools.UITesting.WinControls.WinTable.GetCell Int32 rowIndex, Int32 columnIndex 
   at PrepressAgents.Utilities.DataGridUtilities.GetCell Int32 rowNum, Int32 cellNum  in c:\WeiMing\Workspaces\TOG\Novatus\Development\Testing\NovatusWinUIAuto\PrepressMaintenanceWinUIAutoTest\PrepressAgents\Utilities\DataGridUtilities.cs:line 53
   at PrepressAgents.Utilities.DataGridUtilities.ClickCell Int32 rowNum, Int32 cellNum  in c:\WeiMing\Workspaces\TOG\Novatus\Development\Testing\NovatusWinUIAuto\PrepressMaintenanceWinUIAutoTest\PrepressAgents\Utilities\DataGridUtilities.cs:line 166
   at TOG.WinUITest.PrepressMaintenance.Agents.TextMaintence.OfferGroupsUI.CleanDefault   in c:\WeiMing\Workspaces\TOG\Novatus\Development\Testing\NovatusWinUIAuto\PrepressMaintenanceWinUIAutoTest\PrepressAgents\Agents\ItemLayout\OfferGroupsUI.cs:line 373
   at TOG.WinUITest.PrepressMaintenance.TestCases.ItemLayout.US5227.SuggestedAction_5761   in c:\WeiMing\Workspaces\TOG\Novatus\Development\Testing\NovatusWinUIAuto\PrepressMaintenanceWinUIAutoTest\TestCases\ItemLayout\US5227.cs:line 519</log>
      <screen>C:\\NewTestPass\\Screenshot\\2019-10-15 04.26.32.png</screen>
    </testcase>
  </userstory>
  <userstory name="US6149">
    <testapp name="Prepress">
      <version>1.16.104.1</version>
      <server>
      </server>
      <profile>Integration</profile>
    </testapp>
    <testcase name="AliasCount_Case6730">
      <result>0</result>
      <start>4:26:39 PM</start>
      <end>4:27:56 PM</end>
      <log>
      </log>
      <screen>
      </screen>
    </testcase>
    <testcase name="ApplyDesWithChangesCancel_Case6296">
      <result>0</result>
      <start>4:27:58 PM</start>
      <end>4:28:51 PM</end>
      <log>
      </log>
      <screen>
      </screen>
    </testcase>
    <testcase name="ApplyDesWithChangesNo_Case6295">
      <result>0</result>
      <start>4:28:53 PM</start>
      <end>4:29:47 PM</end>
      <log>
      </log>
      <screen>
      </screen>
    </testcase>
    <testcase name="ApplyDesWithChangesYes_Case6294">
      <result>0</result>
      <start>4:29:50 PM</start>
      <end>4:30:46 PM</end>
      <log>
      </log>
      <screen>
      </screen>
    </testcase>
    <testcase name="DataGridFunctionality_Case6297">
      <result>0</result>
      <start>4:30:48 PM</start>
      <end>4:31:45 PM</end>
      <log>
      </log>
      <screen>
      </screen>
    </testcase>
    <testcase name="DesNoMoreThan70Characters_Case6299">
      <result>0</result>
      <start>4:31:47 PM</start>
      <end>4:32:41 PM</end>
      <log>
      </log>
      <screen>
      </screen>
    </testcase>
    <testcase name="DieCutSortCut_Case6303">
      <result>0</result>
      <start>4:32:43 PM</start>
      <end>4:33:59 PM</end>
      <log>
      </log>
      <screen>
      </screen>
    </testcase>
    <testcase name="FirstLoadingByDefault_Case6298">
      <result>0</result>
      <start>4:34:01 PM</start>
      <end>4:35:17 PM</end>
      <log>
      </log>
      <screen>
      </screen>
    </testcase>
    <testcase name="MaintainAlias_Case6291">
      <result>0</result>
      <start>4:35:19 PM</start>
      <end>4:36:14 PM</end>
      <log>
      </log>
      <screen>
      </screen>
    </testcase>
    <testcase name="PositionToMeetYourInput_Case6301">
      <result>0</result>
      <start>4:36:16 PM</start>
      <end>4:37:04 PM</end>
      <log>
      </log>
      <screen>
      </screen>
    </testcase>
    <testcase name="RemoveAlias_Case6292">
      <result>0</result>
      <start>4:37:07 PM</start>
      <end>4:38:27 PM</end>
      <log>
      </log>
      <screen>
      </screen>
    </testcase>
    <testcase name="SameAliasDescription_Case6293">
      <result>0</result>
      <start>4:38:30 PM</start>
      <end>4:39:26 PM</end>
      <log>
      </log>
      <screen>
      </screen>
    </testcase>
    <testcase name="SearchForWorksAsExpect_Caes6300">
      <result>0</result>
      <start>4:39:28 PM</start>
      <end>4:41:20 PM</end>
      <log>
      </log>
      <screen>
      </screen>
    </testcase>
  </userstory>
  <userstory name="US6150">
    <testapp name="Prepress">
      <version>1.16.104.1</version>
      <server>
      </server>
      <profile>Integration</profile>
    </testapp>
    <testcase name="AliasCount_Case6730">
      <result>0</result>
      <start>4:41:26 PM</start>
      <end>4:44:02 PM</end>
      <log>
      </log>
      <screen>
      </screen>
    </testcase>
    <testcase name="ApplyDesWithChangesCancel_Case6724">
      <result>0</result>
      <start>4:44:04 PM</start>
      <end>4:46:09 PM</end>
      <log>
      </log>
      <screen>
      </screen>
    </testcase>
    <testcase name="ApplyDesWithChangesNo_Case6723">
      <result>0</result>
      <start>4:46:11 PM</start>
      <end>4:48:43 PM</end>
      <log>
      </log>
      <screen>
      </screen>
    </testcase>
    <testcase name="ApplyDesWithChangesYes_Case6722">
      <result>0</result>
      <start>4:48:45 PM</start>
      <end>4:50:54 PM</end>
      <log>
      </log>
      <screen>
      </screen>
    </testcase>
    <testcase name="DataGridFunctionality_Case6725">
      <result>0</result>
      <start>4:50:56 PM</start>
      <end>4:51:49 PM</end>
      <log>
      </log>
      <screen>
      </screen>
    </testcase>
    <testcase name="DesNoMoreThan70Characters_Case6727">
      <result>0</result>
      <start>4:51:51 PM</start>
      <end>4:53:44 PM</end>
      <log>
      </log>
      <screen>
      </screen>
    </testcase>
    <testcase name="DieCutSortCut_Case6731">
      <result>0</result>
      <start>4:53:46 PM</start>
      <end>4:54:35 PM</end>
      <log>
      </log>
      <screen>
      </screen>
    </testcase>
    <testcase name="FirstLoadingByDefault_Case6726">
      <result>0</result>
      <start>4:54:38 PM</start>
      <end>4:56:54 PM</end>
      <log>
      </log>
      <screen>
      </screen>
    </testcase>
    <testcase name="MaintainAlias_Case6719">
      <result>0</result>
      <start>4:56:57 PM</start>
      <end>4:59:28 PM</end>
      <log>
      </log>
      <screen>
      </screen>
    </testcase>
    <testcase name="PositionToMeetYourInput_Case6729">
      <result>0</result>
      <start>4:59:31 PM</start>
      <end>5:00:18 PM</end>
      <log>
      </log>
      <screen>
      </screen>
    </testcase>
    <testcase name="RemoveAlias_Case6720">
      <result>1</result>
      <start>5:00:21 PM</start>
      <end>5:00:26 PM</end>
      <log>System.ArgumentOutOfRangeException: Length cannot be less than zero.
Parameter name: length
   at System.String.Substring Int32 startIndex, Int32 length 
   at TOG.WinUITest.PrepressMaintenance.Agents.MainUI.GetAppVersion String   part7  in c:\WeiMing\Workspaces\TOG\Novatus\Development\Testing\NovatusWinUIAuto\PrepressMaintenanceWinUIAutoTest\PrepressAgents\Agents\MainUI.cs:line 473
   at TOG.WinUITest.PrepressMaintenance.TestCases.Alias.US6150.RemoveAlias_Case6720   in c:\WeiMing\Workspaces\TOG\Novatus\Development\Testing\NovatusWinUIAuto\PrepressMaintenanceWinUIAutoTest\TestCases\Alias\US6150.cs:line 139</log>
      <screen>C:\\NewTestPass\\Screenshot\\2019-10-15 05.00.26.png</screen>
    </testcase>
    <testcase name="SameAliasDescription_Case6721">
      <result>0</result>
      <start>5:00:29 PM</start>
      <end>5:02:25 PM</end>
      <log>
      </log>
      <screen>
      </screen>
    </testcase>
    <testcase name="SearchForWorksAsExpect_Case6728">
      <result>0</result>
      <start>5:02:27 PM</start>
      <end>5:04:21 PM</end>
      <log>
      </log>
      <screen>
      </screen>
    </testcase>
  </userstory>
  <userstory name="Stock">
    <testapp name="Prepress">
      <version>1.16.104.1</version>
      <server>
      </server>
      <profile>Integration</profile>
    </testapp>
    <testcase name="AliasCount_Case6730">
      <result>0</result>
      <start>5:04:27 PM</start>
      <end>5:06:18 PM</end>
      <log>
      </log>
      <screen>
      </screen>
    </testcase>
    <testcase name="ApplyDesWithChangesCancel_Case6764">
      <result>0</result>
      <start>5:06:20 PM</start>
      <end>5:07:32 PM</end>
      <log>
      </log>
      <screen>
      </screen>
    </testcase>
    <testcase name="ApplyDesWithChangesNo_Case6763">
      <result>0</result>
      <start>5:07:34 PM</start>
      <end>5:08:47 PM</end>
      <log>
      </log>
      <screen>
      </screen>
    </testcase>
    <testcase name="ApplyDesWithChangesYes_Case6762">
      <result>0</result>
      <start>5:08:49 PM</start>
      <end>5:10:04 PM</end>
      <log>
      </log>
      <screen>
      </screen>
    </testcase>
    <testcase name="DataGridFunctionality_Case6765">
      <result>0</result>
      <start>5:10:06 PM</start>
      <end>5:11:02 PM</end>
      <log>
      </log>
      <screen>
      </screen>
    </testcase>
    <testcase name="DesNoMoreThan70Characters_Case6767">
      <result>0</result>
      <start>5:11:04 PM</start>
      <end>5:12:29 PM</end>
      <log>
      </log>
      <screen>
      </screen>
    </testcase>
    <testcase name="FirstLoadingByDefault_Case6766">
      <result>0</result>
      <start>5:12:31 PM</start>
      <end>5:13:46 PM</end>
      <log>
      </log>
      <screen>
      </screen>
    </testcase>
    <testcase name="MaintainAlias_Case6759">
      <result>0</result>
      <start>5:13:48 PM</start>
      <end>5:15:38 PM</end>
      <log>
      </log>
      <screen>
      </screen>
    </testcase>
    <testcase name="PositionToMeetYourInput_Case6769">
      <result>0</result>
      <start>5:15:41 PM</start>
      <end>5:17:22 PM</end>
      <log>
      </log>
      <screen>
      </screen>
    </testcase>
    <testcase name="RemoveAlias_Case6760">
      <result>0</result>
      <start>5:17:24 PM</start>
      <end>5:18:21 PM</end>
      <log>
      </log>
      <screen>
      </screen>
    </testcase>
    <testcase name="SameAliasDescription_Case6761">
      <result>0</result>
      <start>5:18:23 PM</start>
      <end>5:20:21 PM</end>
      <log>
      </log>
      <screen>
      </screen>
    </testcase>
    <testcase name="SearchForWorksAsExpect_Caes6768">
      <result>0</result>
      <start>5:20:23 PM</start>
      <end>5:22:48 PM</end>
      <log>
      </log>
      <screen>
      </screen>
    </testcase>
    <testcase name="StockortCut_Case6771">
      <result>0</result>
      <start>5:22:50 PM</start>
      <end>5:24:16 PM</end>
      <log>
      </log>
      <screen>
      </screen>
    </testcase>
  </userstory>
  <userstory name="US6152">
    <testapp name="Prepress">
      <version>1.16.104.1</version>
      <server>
      </server>
      <profile>Integration</profile>
    </testapp>
    <testcase name="AliasCount_Case6730">
      <result>0</result>
      <start>5:24:23 PM</start>
      <end>5:25:47 PM</end>
      <log>
      </log>
      <screen>
      </screen>
    </testcase>
    <testcase name="ApplyDesWithChangesCancel_Case6778">
      <result>0</result>
      <start>5:25:49 PM</start>
      <end>5:26:45 PM</end>
      <log>
      </log>
      <screen>
      </screen>
    </testcase>
    <testcase name="ApplyDesWithChangesNo_Case6777">
      <result>0</result>
      <start>5:26:48 PM</start>
      <end>5:27:42 PM</end>
      <log>
      </log>
      <screen>
      </screen>
    </testcase>
    <testcase name="ApplyDesWithChangesYes_Case6776">
      <result>0</result>
      <start>5:27:45 PM</start>
      <end>5:28:43 PM</end>
      <log>
      </log>
      <screen>
      </screen>
    </testcase>
    <testcase name="DataGridFunctionality_Case6779">
      <result>0</result>
      <start>5:28:45 PM</start>
      <end>5:29:39 PM</end>
      <log>
      </log>
      <screen>
      </screen>
    </testcase>
    <testcase name="DesNoMoreThan70Characters_Case6781">
      <result>0</result>
      <start>5:29:41 PM</start>
      <end>5:30:37 PM</end>
      <log>
      </log>
      <screen>
      </screen>
    </testcase>
    <testcase name="FirstLoadingByDefault_Case6780">
      <result>0</result>
      <start>5:30:40 PM</start>
      <end>5:31:28 PM</end>
      <log>
      </log>
      <screen>
      </screen>
    </testcase>
    <testcase name="MaintainAlias_Case6773">
      <result>0</result>
      <start>5:31:30 PM</start>
      <end>5:32:55 PM</end>
      <log>
      </log>
      <screen>
      </screen>
    </testcase>
    <testcase name="PositionToMeetYourInput_Case6783">
      <result>0</result>
      <start>5:32:57 PM</start>
      <end>5:34:11 PM</end>
      <log>
      </log>
      <screen>
      </screen>
    </testcase>
    <testcase name="RemoveAlias_Case6774">
      <result>0</result>
      <start>5:34:13 PM</start>
      <end>5:35:11 PM</end>
      <log>
      </log>
      <screen>
      </screen>
    </testcase>
    <testcase name="SameAliasDescription_Case6775">
      <result>0</result>
      <start>5:35:13 PM</start>
      <end>5:36:14 PM</end>
      <log>
      </log>
      <screen>
      </screen>
    </testcase>
    <testcase name="SearchForWorksAsExpect_Caes6782">
      <result>0</result>
      <start>5:36:16 PM</start>
      <end>5:37:41 PM</end>
      <log>
      </log>
      <screen>
      </screen>
    </testcase>
    <testcase name="StoredTextortCut_Case6785">
      <result>0</result>
      <start>5:37:43 PM</start>
      <end>5:38:36 PM</end>
      <log>
      </log>
      <screen>
      </screen>
    </testcase>
  </userstory>
  <userstory name="US6904">
    <testapp name="Prepress">
      <version>1.16.104.1</version>
      <server>
      </server>
      <profile>Integration</profile>
    </testapp>
    <testcase name="AddDuplicateAliasSave_Case7683">
      <result>0</result>
      <start>5:38:42 PM</start>
      <end>5:41:01 PM</end>
      <log>
      </log>
      <screen>
      </screen>
    </testcase>
    <testcase name="AddDuplicateAliasSaveAdd_Case7684">
      <result>0</result>
      <start>5:41:04 PM</start>
      <end>5:43:10 PM</end>
      <log>
      </log>
      <screen>
      </screen>
    </testcase>
    <testcase name="AddNewAliasCancel_Case7685">
      <result>0</result>
      <start>5:43:12 PM</start>
      <end>5:44:14 PM</end>
      <log>
      </log>
      <screen>
      </screen>
    </testcase>
    <testcase name="AddNewAliasSave_Case7682">
      <result>0</result>
      <start>5:44:17 PM</start>
      <end>5:44:59 PM</end>
      <log>
      </log>
      <screen>
      </screen>
    </testcase>
    <testcase name="AddNewAliasSaveAdd_Case7684">
      <result>0</result>
      <start>5:45:01 PM</start>
      <end>5:45:48 PM</end>
      <log>
      </log>
      <screen>
      </screen>
    </testcase>
  </userstory>
  <userstory name="US6905">
    <testapp name="Prepress">
      <version>1.16.104.1</version>
      <server>
      </server>
      <profile>Integration</profile>
    </testapp>
    <testcase name="AddDuplicateAliasSave_Case7524">
      <result>0</result>
      <start>5:45:54 PM</start>
      <end>5:48:14 PM</end>
      <log>
      </log>
      <screen>
      </screen>
    </testcase>
    <testcase name="AddDuplicateAliasSaveAdd_Case7529">
      <result>0</result>
      <start>5:48:17 PM</start>
      <end>5:50:37 PM</end>
      <log>
      </log>
      <screen>
      </screen>
    </testcase>
    <testcase name="AddNewAliasCancel_Case7530">
      <result>0</result>
      <start>5:50:40 PM</start>
      <end>5:51:34 PM</end>
      <log>
      </log>
      <screen>
      </screen>
    </testcase>
    <testcase name="AddNewAliasSave_Case7520">
      <result>0</result>
      <start>5:51:36 PM</start>
      <end>5:52:16 PM</end>
      <log>
      </log>
      <screen>
      </screen>
    </testcase>
    <testcase name="AddNewAliasSaveAdd_Case7525">
      <result>0</result>
      <start>5:52:19 PM</start>
      <end>5:53:03 PM</end>
      <log>
      </log>
      <screen>
      </screen>
    </testcase>
  </userstory>
  <userstory name="US6906">
    <testapp name="Prepress">
      <version>1.16.104.1</version>
      <server>
      </server>
      <profile>Integration</profile>
    </testapp>
    <testcase name="AddDuplicateAliasSave_Case7524">
      <result>0</result>
      <start>5:53:09 PM</start>
      <end>5:55:08 PM</end>
      <log>
      </log>
      <screen>
      </screen>
    </testcase>
    <testcase name="AddDuplicateAliasSaveAdd_Case7529">
      <result>0</result>
      <start>5:55:11 PM</start>
      <end>5:57:05 PM</end>
      <log>
      </log>
      <screen>
      </screen>
    </testcase>
    <testcase name="AddNewAliasCancel_Case7530">
      <result>1</result>
      <start>5:57:08 PM</start>
      <end>5:57:08 PM</end>
      <log>System.IndexOutOfRangeException: Index was outside the bounds of the array.
   at TOG.WinUITest.PrepressMaintenance.TestCases.AttributeGroup.US6906.AddNewAliasCancel_Case7530   in c:\WeiMing\Workspaces\TOG\Novatus\Development\Testing\NovatusWinUIAuto\PrepressMaintenanceWinUIAutoTest\TestCases\AttributeGroup\US6906.cs:line 493</log>
      <screen>C:\\NewTestPass\\Screenshot\\2019-10-15 05.57.08.png</screen>
    </testcase>
    <testcase name="AddNewAliasSave_Case7520">
      <result>0</result>
      <start>5:57:10 PM</start>
      <end>5:57:48 PM</end>
      <log>
      </log>
      <screen>
      </screen>
    </testcase>
    <testcase name="AddNewAliasSaveAdd_Case7525">
      <result>0</result>
      <start>5:57:51 PM</start>
      <end>5:58:34 PM</end>
      <log>
      </log>
      <screen>
      </screen>
    </testcase>
  </userstory>
  <userstory name="US6907">
    <testapp name="Prepress">
      <version>1.16.104.1</version>
      <server>
      </server>
      <profile>Integration</profile>
    </testapp>
    <testcase name="AddDuplicateAliasSave_Case7524">
      <result>0</result>
      <start>5:58:40 PM</start>
      <end>6:00:43 PM</end>
      <log>
      </log>
      <screen>
      </screen>
    </testcase>
    <testcase name="AddDuplicateAliasSaveAdd_Case7529">
      <result>0</result>
      <start>6:00:46 PM</start>
      <end>6:02:44 PM</end>
      <log>
      </log>
      <screen>
      </screen>
    </testcase>
    <testcase name="AddNewAliasCancel_Case7530">
      <result>0</result>
      <start>6:02:47 PM</start>
      <end>6:03:42 PM</end>
      <log>
      </log>
      <screen>
      </screen>
    </testcase>
    <testcase name="AddNewAliasSave_Case7520">
      <result>0</result>
      <start>6:03:45 PM</start>
      <end>6:04:25 PM</end>
      <log>
      </log>
      <screen>
      </screen>
    </testcase>
    <testcase name="AddNewAliasSaveAdd_Case7525">
      <result>0</result>
      <start>6:04:27 PM</start>
      <end>6:05:14 PM</end>
      <log>
      </log>
      <screen>
      </screen>
    </testcase>
  </userstory>
  <userstory name="US6908">
    <testapp name="Prepress">
      <version>1.16.104.1</version>
      <server>
      </server>
      <profile>Integration</profile>
    </testapp>
    <testcase name="AddDuplicateAliasSave_Case7524">
      <result>0</result>
      <start>6:05:20 PM</start>
      <end>6:07:34 PM</end>
      <log>
      </log>
      <screen>
      </screen>
    </testcase>
    <testcase name="AddDuplicateAliasSaveAdd_Case7529">
      <result>0</result>
      <start>6:07:36 PM</start>
      <end>6:09:44 PM</end>
      <log>
      </log>
      <screen>
      </screen>
    </testcase>
    <testcase name="AddNewAliasCancel_Case7530">
      <result>0</result>
      <start>6:09:46 PM</start>
      <end>6:10:50 PM</end>
      <log>
      </log>
      <screen>
      </screen>
    </testcase>
    <testcase name="AddNewAliasSave_Case7520">
      <result>0</result>
      <start>6:10:52 PM</start>
      <end>6:11:39 PM</end>
      <log>
      </log>
      <screen>
      </screen>
    </testcase>
    <testcase name="AddNewAliasSaveAdd_Case7525">
      <result>0</result>
      <start>6:11:41 PM</start>
      <end>6:12:32 PM</end>
      <log>
      </log>
      <screen>
      </screen>
    </testcase>
  </userstory>
  <userstory name="US5221">
    <testapp name="OrderEntry">
      <version> 4.19.255.1</version>
      <server>Development</server>
      <profile>Integration</profile>
    </testapp>
    <testapp name="Office">
      <version>
      </version>
      <server>Development</server>
      <profile>Integration</profile>
    </testapp>
    <testcase name="ChangeDevice_5793">
      <result>0</result>
      <start>6:12:36 PM</start>
      <end>6:28:20 PM</end>
      <log> br  Order number is:191006383 br  </log>
      <screen>
      </screen>
    </testcase>
  </userstory>
  <userstory name="US5040">
    <testapp name="OrderEntry">
      <version> 4.19.255.1</version>
      <server>Development</server>
      <profile>Integration</profile>
    </testapp>
    <testapp name="Office">
      <version>
      </version>
      <server>Development</server>
      <profile>Integration</profile>
    </testapp>
    <testcase name="NewMultiMediumFunctionality_Case6842">
      <result>1</result>
      <start>6:28:24 PM</start>
      <end>6:42:26 PM</end>
      <log> br  C:\\NewTestPass\\Screenshot\\2019-10-15 06.42.26.pngSystem.Exception: Barcode 19100638600001,Job status not PRD after 4 loops!
   at TOG.WinUITest.Common.Utilities.PJMUtilities.RerouteJobByStatus String barcode, String status, Int32 loopCounts  in c:\WeiMing\Workspaces\TOG\Novatus\Development\Testing\NovatusWinUIAuto\Utilities\Utilities\PJMUtilities.cs:line 76
   at TOG.WinUITest.OrderEntry.TestCases.US5040.NewMultiMediumFunctionality_Case6842   in c:\WeiMing\Workspaces\TOG\Novatus\Development\Testing\NovatusWinUIAuto\E2EWinUIAutoTest\TestCases\US5040.cs:line 188</log>
      <screen>
      </screen>
    </testcase>
  </userstory>
  <userstory name="US4846">
    <testapp name="OrderEntry">
      <version>
      </version>
      <server>Development</server>
      <profile>Integration</profile>
    </testapp>
    <testapp name="Office">
      <version> 1.19.287.1</version>
      <server>Development</server>
      <profile>Integration</profile>
    </testapp>
    <testcase name="AutoExtraCharges_Case4358">
      <result>1</result>
      <start>6:42:29 PM</start>
      <end>6:46:22 PM</end>
      <log>Microsoft.VisualStudio.TestTools.UITest.Extension.UITestControlNotFoundException: The playback failed to find the control with the given search properties. Additional Details: 
TechnologyName:  'MSAA'
ControlType:  'Table'
ControlName:  'dgrDetailBilling'
 ---  System.Runtime.InteropServices.COMException: Error HRESULT E_FAIL has been returned from a call to a COM component.
   at Microsoft.VisualStudio.TestTools.UITest.Playback.Engine.IRPFPlayback.FindAllScreenElements IScreenElement pScreenElementStart, String bstrQueryId, Object  pvarResKeys, Int32 cResKeys, Int32 nMaxDepth, Object    foundDescendants 
   at Microsoft.VisualStudio.TestTools.UITest.Playback.ScreenElement.FindTopLevelWindowHelper String queryId 
   at Microsoft.VisualStudio.TestTools.UITest.Playback.ScreenElement.FindFromPartialQueryId String queryId, Boolean resetSkipStep 
   at Microsoft.VisualStudio.TestTools.UITesting.UITestControl..ctor String queryId 
   --- End of inner exception stack trace ---
   at Microsoft.VisualStudio.TestTools.UITesting.Playback.MapControlNotFoundException COMException ex, IPlaybackContext context 
   at Microsoft.VisualStudio.TestTools.UITesting.Playback.MapAndThrowComException COMException innerException, IPlaybackContext context 
   at Microsoft.VisualStudio.TestTools.UITesting.Playback.MapAndThrowException Exception exception, IPlaybackContext context 
   at Microsoft.VisualStudio.TestTools.UITesting.Playback.MapAndThrowException Exception exception, String queryId 
   at Microsoft.VisualStudio.TestTools.UITesting.UITestControl..ctor String queryId 
   at Microsoft.VisualStudio.TestTools.UITesting.SearchHelper.SearchTopLevelWindow ISearchArgument topLevelSearchArg, String topLevelElementQueryId 
   at Microsoft.VisualStudio.TestTools.UITesting.SearchHelper.GetTitleUpdatedTopLevelWindow ISearchArgument topLevelSearchArg, String queryId, IList`1 windowTitles 
   at Microsoft.VisualStudio.TestTools.UITesting.SearchHelper.GetTopLevelElement Boolean useCache, Boolean useCacheOnly, ISearchArgument searchArg, IList`1 windowTitles, Int32  timeLeft 
   at Microsoft.VisualStudio.TestTools.UITesting.SearchHelper.GetElement Boolean useCache, ISearchArgument searchArg 
   at Microsoft.VisualStudio.TestTools.UITesting.SearchHelper.Search ISearchArgument searchArg 
   at Microsoft.VisualStudio.TestTools.UITesting.UITestControl.FindInternal  
   at Microsoft.VisualStudio.TestTools.UITesting.UITestControl. Find b__37  
   at Microsoft.VisualStudio.TestTools.UITesting.CodedUITestMethodInvoker.InvokeMethod T  Func`1 function, UITestControl control, Boolean firePlaybackErrorEvent, Boolean logAsAction 
   at Microsoft.VisualStudio.TestTools.UITesting.UITestControl.Find  
   at Microsoft.VisualStudio.TestTools.UITesting.UITestControl.GetPropertyPrivate String propertyName 
   at Microsoft.VisualStudio.TestTools.UITesting.UITestControl.  c__DisplayClass3b. GetProperty b__3a  
   at Microsoft.VisualStudio.TestTools.UITesting.CodedUITestMethodInvoker.InvokeMethod T  Func`1 function, UITestControl control, Boolean firePlaybackErrorEvent, Boolean logAsAction 
   at Microsoft.VisualStudio.TestTools.UITesting.UITestControl.GetProperty String propertyName 
   at Microsoft.VisualStudio.TestTools.UITesting.WinControls.WinTable.get_Cells  
   at TOG.WinUITest.Office.Agents.CustomerService.OrderDetailUI.FindChargesInTable String charges  in c:\WeiMing\Workspaces\TOG\Novatus\Development\Testing\NovatusWinUIAuto\NovatusOfficeAutoTest\OfficeAgents\CustomerService\OrderDetailUI.cs:line 327
   at TOG.WinUITest.E2E.TestCases.US4846.AutoExtraCharges_Case4358   in c:\WeiMing\Workspaces\TOG\Novatus\Development\Testing\NovatusWinUIAuto\E2EWinUIAutoTest\TestCases\US4846.cs:line 634</log>
      <screen>C:\\NewTestPass\\Screenshot\\2019-10-15 06.46.22.png</screen>
    </testcase>
    <testcase name="CustomerDiscountExcludeExtraCharge_Case8350">
      <result>0</result>
      <start>6:46:23 PM</start>
      <end>6:51:56 PM</end>
      <log>
      </log>
      <screen>
      </screen>
    </testcase>
    <testcase name="Keepsake_Case4906">
      <result>1</result>
      <start>6:51:57 PM</start>
      <end>6:59:23 PM</end>
      <log> br  file with 1 card, 1 envelope and 1 frame in it br  file with 1 card, 1 envelope and 2 frame in it br  file with 1 card, 2 envelope and 2 frame in it br  System.Threading.ThreadAbortException: Thread was being aborted.
   at TOG.WinUITest.E2E.TestCases.US4846.DropWithOneCardTwoEnvTwoFrame String fileName, DebugLog debugLog  in c:\WeiMing\Workspaces\TOG\Novatus\Development\Testing\NovatusWinUIAuto\E2EWinUIAutoTest\TestCases\US4846.cs:line 805
   at TOG.WinUITest.E2E.TestCases.US4846.Keepsake_Case4906   in c:\WeiMing\Workspaces\TOG\Novatus\Development\Testing\NovatusWinUIAuto\E2EWinUIAutoTest\TestCases\US4846.cs:line 676</log>
      <screen>C:\\NewTestPass\\Screenshot\\2019-10-15 06.59.23.png</screen>
    </testcase>
  </userstory>
  <userstory name="US4846">
    <testapp name="OrderEntry">
      <version>
      </version>
      <server>Development</server>
      <profile>Integration</profile>
    </testapp>
    <testapp name="Office">
      <version> 1.19.287.1</version>
      <server>Development</server>
      <profile>Integration</profile>
    </testapp>
    <testcase name="AutoExtraCharges_Case4358">
      <result>1</result>
      <start>10:36:04 PM</start>
      <end>10:39:56 PM</end>
      <log>Microsoft.VisualStudio.TestTools.UITest.Extension.UITestControlNotFoundException: The playback failed to find the control with the given search properties. Additional Details: 
TechnologyName:  'MSAA'
ControlType:  'Table'
ControlName:  'dgrDetailBilling'
 ---  System.Runtime.InteropServices.COMException: Error HRESULT E_FAIL has been returned from a call to a COM component.
   at Microsoft.VisualStudio.TestTools.UITest.Playback.Engine.IRPFPlayback.FindAllScreenElements IScreenElement pScreenElementStart, String bstrQueryId, Object  pvarResKeys, Int32 cResKeys, Int32 nMaxDepth, Object    foundDescendants 
   at Microsoft.VisualStudio.TestTools.UITest.Playback.ScreenElement.FindTopLevelWindowHelper String queryId 
   at Microsoft.VisualStudio.TestTools.UITest.Playback.ScreenElement.FindFromPartialQueryId String queryId, Boolean resetSkipStep 
   at Microsoft.VisualStudio.TestTools.UITesting.UITestControl..ctor String queryId 
   --- End of inner exception stack trace ---
   at Microsoft.VisualStudio.TestTools.UITesting.Playback.MapControlNotFoundException COMException ex, IPlaybackContext context 
   at Microsoft.VisualStudio.TestTools.UITesting.Playback.MapAndThrowComException COMException innerException, IPlaybackContext context 
   at Microsoft.VisualStudio.TestTools.UITesting.Playback.MapAndThrowException Exception exception, IPlaybackContext context 
   at Microsoft.VisualStudio.TestTools.UITesting.Playback.MapAndThrowException Exception exception, String queryId 
   at Microsoft.VisualStudio.TestTools.UITesting.UITestControl..ctor String queryId 
   at Microsoft.VisualStudio.TestTools.UITesting.SearchHelper.SearchTopLevelWindow ISearchArgument topLevelSearchArg, String topLevelElementQueryId 
   at Microsoft.VisualStudio.TestTools.UITesting.SearchHelper.GetTitleUpdatedTopLevelWindow ISearchArgument topLevelSearchArg, String queryId, IList`1 windowTitles 
   at Microsoft.VisualStudio.TestTools.UITesting.SearchHelper.GetTopLevelElement Boolean useCache, Boolean useCacheOnly, ISearchArgument searchArg, IList`1 windowTitles, Int32  timeLeft 
   at Microsoft.VisualStudio.TestTools.UITesting.SearchHelper.GetElement Boolean useCache, ISearchArgument searchArg 
   at Microsoft.VisualStudio.TestTools.UITesting.SearchHelper.Search ISearchArgument searchArg 
   at Microsoft.VisualStudio.TestTools.UITesting.UITestControl.FindInternal  
   at Microsoft.VisualStudio.TestTools.UITesting.UITestControl. Find b__37  
   at Microsoft.VisualStudio.TestTools.UITesting.CodedUITestMethodInvoker.InvokeMethod T  Func`1 function, UITestControl control, Boolean firePlaybackErrorEvent, Boolean logAsAction 
   at Microsoft.VisualStudio.TestTools.UITesting.UITestControl.Find  
   at Microsoft.VisualStudio.TestTools.UITesting.UITestControl.GetPropertyPrivate String propertyName 
   at Microsoft.VisualStudio.TestTools.UITesting.UITestControl.  c__DisplayClass3b. GetProperty b__3a  
   at Microsoft.VisualStudio.TestTools.UITesting.CodedUITestMethodInvoker.InvokeMethod T  Func`1 function, UITestControl control, Boolean firePlaybackErrorEvent, Boolean logAsAction 
   at Microsoft.VisualStudio.TestTools.UITesting.UITestControl.GetProperty String propertyName 
   at Microsoft.VisualStudio.TestTools.UITesting.WinControls.WinTable.get_Cells  
   at TOG.WinUITest.Office.Agents.CustomerService.OrderDetailUI.FindChargesInTable String charges  in c:\WeiMing\Workspaces\TOG\Novatus\Development\Testing\NovatusWinUIAuto\NovatusOfficeAutoTest\OfficeAgents\CustomerService\OrderDetailUI.cs:line 327
   at TOG.WinUITest.E2E.TestCases.US4846.AutoExtraCharges_Case4358   in c:\WeiMing\Workspaces\TOG\Novatus\Development\Testing\NovatusWinUIAuto\E2EWinUIAutoTest\TestCases\US4846.cs:line 634</log>
      <screen>C:\\NewTestPass\\Screenshot\\2019-10-15 10.39.56.png</screen>
    </testcase>
    <testcase name="CustomerDiscountExcludeExtraCharge_Case8350">
      <result>0</result>
      <start>10:39:56 PM</start>
      <end>10:45:01 PM</end>
      <log>
      </log>
      <screen>
      </screen>
    </testcase>
    <testcase name="Keepsake_Case4906">
      <result>1</result>
      <start>10:45:01 PM</start>
      <end>10:56:36 PM</end>
      <log> br  file with 1 card, 1 envelope and 1 frame in it br  file with 1 card, 1 envelope and 2 frame in it br  file with 1 card, 2 envelope and 2 frame in it br  System.Exception: C:\\NewTestPass\\Screenshot\\2019-10-15 10.48.52.png The playback failed to find the control with the given search properties. Additional Details: 
TechnologyName:  'MSAA'
ControlName:  'txtInvoice'
Instance:  '1'
ControlType:  'Window'
C:\\NewTestPass\\Screenshot\\2019-10-15 10.52.43.png The playback failed to find the control with the given search properties. Additional Details: 
TechnologyName:  'MSAA'
ControlName:  'txtInvoice'
Instance:  '1'
ControlType:  'Window'
C:\\NewTestPass\\Screenshot\\2019-10-15 10.56.36.png The playback failed to find the control with the given search properties. Additional Details: 
TechnologyName:  'MSAA'
ControlName:  'txtInvoice'
Instance:  '1'
ControlType:  'Window'

   at TOG.WinUITest.E2E.TestCases.US4846.Keepsake_Case4906   in c:\WeiMing\Workspaces\TOG\Novatus\Development\Testing\NovatusWinUIAuto\E2EWinUIAutoTest\TestCases\US4846.cs:line 679</log>
      <screen>C:\\NewTestPass\\Screenshot\\2019-10-15 10.56.36.png</screen>
    </testcase>
    <testcase name="LicenseID_Case8349">
      <result>0</result>
      <start>10:56:36 PM</start>
      <end>10:57:16 PM</end>
      <log>
      </log>
      <screen>
      </screen>
    </testcase>
    <testcase name="PaperCulturePackagingCharges_Case4370">
      <result>1</result>
      <start>10:57:16 PM</start>
      <end>11:27:17 PM</end>
      <log> br  Bill order with items PCSS1002,PCMM2000, ,for line case 1 br  C:\\NewTestPass\\Screenshot\\2019-10-15 11.03.00.pngSystem.Exception: Exception of type 'System.Exception' was thrown.
   at TOG.WinUITest.Common.AssertWaiting.WaitForControlExits UITestControl control  in c:\WeiMing\Workspaces\TOG\Novatus\Development\Testing\NovatusWinUIAuto\Utilities\AssertWaiting.cs:line 38
   at TOG.WinUITest.OrderEntry.Agents.AgentUIBase.WaitForCurrentScreen UITestControl control  in c:\WeiMing\Workspaces\TOG\Novatus\Development\Testing\NovatusWinUIAuto\OrderEntryWinUIAutoTest\OEAgents\AgentUIBase.cs:line 91
   at TOG.WinUITest.OrderEntry.Agents.OrderDetail.OrderSummaryUI.WaitOrderSummaryStep   in c:\WeiMing\Workspaces\TOG\Novatus\Development\Testing\NovatusWinUIAuto\OrderEntryWinUIAutoTest\OEAgents\OrderSummaryUI.cs:line 321
   at OEAgents.InitializeStepsForOEAgents.WaitOrderSummaryStep   in c:\WeiMing\Workspaces\TOG\Novatus\Development\Testing\NovatusWinUIAuto\OrderEntryWinUIAutoTest\OEAgents\InitializeStepsForOEAgents.cs:line 595
   at OEAgents.InitializeStepsForOEAgents.OrderSummary_SubmitOrder   in c:\WeiMing\Workspaces\TOG\Novatus\Development\Testing\NovatusWinUIAuto\OrderEntryWinUIAutoTest\OEAgents\InitializeStepsForOEAgents.cs:line 559
   at TOG.WinUITest.E2E.TestCases.US4846.BillOrderAndCheckInOffice List`1 newItems, DebugLog debugLog, Int32 expectCharge, Int32 caseNumber  in c:\WeiMing\Workspaces\TOG\Novatus\Development\Testing\NovatusWinUIAuto\E2EWinUIAutoTest\TestCases\US4846.cs:line 558 br  Bill order with items PC50001V,PC2024, ,for line case 2 br  C:\\NewTestPass\\Screenshot\\2019-10-15 11.08.19.pngSystem.Exception: Exception of type 'System.Exception' was thrown.
   at TOG.WinUITest.Common.AssertWaiting.WaitForControlExits UITestControl control  in c:\WeiMing\Workspaces\TOG\Novatus\Development\Testing\NovatusWinUIAuto\Utilities\AssertWaiting.cs:line 38
   at TOG.WinUITest.OrderEntry.Agents.AgentUIBase.WaitForCurrentScreen UITestControl control  in c:\WeiMing\Workspaces\TOG\Novatus\Development\Testing\NovatusWinUIAuto\OrderEntryWinUIAutoTest\OEAgents\AgentUIBase.cs:line 91
   at TOG.WinUITest.OrderEntry.Agents.OrderDetail.OrderSummaryUI.WaitOrderSummaryStep   in c:\WeiMing\Workspaces\TOG\Novatus\Development\Testing\NovatusWinUIAuto\OrderEntryWinUIAutoTest\OEAgents\OrderSummaryUI.cs:line 321
   at OEAgents.InitializeStepsForOEAgents.WaitOrderSummaryStep   in c:\WeiMing\Workspaces\TOG\Novatus\Development\Testing\NovatusWinUIAuto\OrderEntryWinUIAutoTest\OEAgents\InitializeStepsForOEAgents.cs:line 595
   at OEAgents.InitializeStepsForOEAgents.OrderSummary_SubmitOrder   in c:\WeiMing\Workspaces\TOG\Novatus\Development\Testing\NovatusWinUIAuto\OrderEntryWinUIAutoTest\OEAgents\InitializeStepsForOEAgents.cs:line 559
   at TOG.WinUITest.E2E.TestCases.US4846.BillOrderAndCheckInOffice List`1 newItems, DebugLog debugLog, Int32 expectCharge, Int32 caseNumber  in c:\WeiMing\Workspaces\TOG\Novatus\Development\Testing\NovatusWinUIAuto\E2EWinUIAutoTest\TestCases\US4846.cs:line 558 br  Bill order with items PC2024,PC50001V,PC2024, ,for line case 4 br  C:\\NewTestPass\\Screenshot\\2019-10-15 11.14.47.pngSystem.Exception: Exception of type 'System.Exception' was thrown.
   at TOG.WinUITest.Common.AssertWaiting.WaitForControlExits UITestControl control  in c:\WeiMing\Workspaces\TOG\Novatus\Development\Testing\NovatusWinUIAuto\Utilities\AssertWaiting.cs:line 38
   at TOG.WinUITest.OrderEntry.Agents.AgentUIBase.WaitForCurrentScreen UITestControl control  in c:\WeiMing\Workspaces\TOG\Novatus\Development\Testing\NovatusWinUIAuto\OrderEntryWinUIAutoTest\OEAgents\AgentUIBase.cs:line 91
   at TOG.WinUITest.OrderEntry.Agents.OrderDetail.OrderSummaryUI.WaitOrderSummaryStep   in c:\WeiMing\Workspaces\TOG\Novatus\Development\Testing\NovatusWinUIAuto\OrderEntryWinUIAutoTest\OEAgents\OrderSummaryUI.cs:line 321
   at OEAgents.InitializeStepsForOEAgents.WaitOrderSummaryStep   in c:\WeiMing\Workspaces\TOG\Novatus\Development\Testing\NovatusWinUIAuto\OrderEntryWinUIAutoTest\OEAgents\InitializeStepsForOEAgents.cs:line 595
   at OEAgents.InitializeStepsForOEAgents.OrderSummary_SubmitOrder   in c:\WeiMing\Workspaces\TOG\Novatus\Development\Testing\NovatusWinUIAuto\OrderEntryWinUIAutoTest\OEAgents\InitializeStepsForOEAgents.cs:line 559
   at TOG.WinUITest.E2E.TestCases.US4846.BillOrderAndCheckInOffice List`1 newItems, DebugLog debugLog, Int32 expectCharge, Int32 caseNumber  in c:\WeiMing\Workspaces\TOG\Novatus\Development\Testing\NovatusWinUIAuto\E2EWinUIAutoTest\TestCases\US4846.cs:line 558 br  Bill order with items PC50001V, ,for line case 5 br  C:\\NewTestPass\\Screenshot\\2019-10-15 11.19.14.pngSystem.Exception: Exception of type 'System.Exception' was thrown.
   at TOG.WinUITest.Common.AssertWaiting.WaitForControlExits UITestControl control  in c:\WeiMing\Workspaces\TOG\Novatus\Development\Testing\NovatusWinUIAuto\Utilities\AssertWaiting.cs:line 38
   at TOG.WinUITest.OrderEntry.Agents.AgentUIBase.WaitForCurrentScreen UITestControl control  in c:\WeiMing\Workspaces\TOG\Novatus\Development\Testing\NovatusWinUIAuto\OrderEntryWinUIAutoTest\OEAgents\AgentUIBase.cs:line 91
   at TOG.WinUITest.OrderEntry.Agents.OrderDetail.OrderSummaryUI.WaitOrderSummaryStep   in c:\WeiMing\Workspaces\TOG\Novatus\Development\Testing\NovatusWinUIAuto\OrderEntryWinUIAutoTest\OEAgents\OrderSummaryUI.cs:line 321
   at OEAgents.InitializeStepsForOEAgents.WaitOrderSummaryStep   in c:\WeiMing\Workspaces\TOG\Novatus\Development\Testing\NovatusWinUIAuto\OrderEntryWinUIAutoTest\OEAgents\InitializeStepsForOEAgents.cs:line 595
   at OEAgents.InitializeStepsForOEAgents.OrderSummary_SubmitOrder   in c:\WeiMing\Workspaces\TOG\Novatus\Development\Testing\NovatusWinUIAuto\OrderEntryWinUIAutoTest\OEAgents\InitializeStepsForOEAgents.cs:line 559
   at TOG.WinUITest.E2E.TestCases.US4846.BillOrderAndCheckInOffice List`1 newItems, DebugLog debugLog, Int32 expectCharge, Int32 caseNumber  in c:\WeiMing\Workspaces\TOG\Novatus\Development\Testing\NovatusWinUIAuto\E2EWinUIAutoTest\TestCases\US4846.cs:line 558 br  Bill order with items PCSTRING1, ,for line case 6 br  C:\\NewTestPass\\Screenshot\\2019-10-15 11.23.41.pngSystem.Exception: Exception of type 'System.Exception' was thrown.
   at TOG.WinUITest.Common.AssertWaiting.WaitForControlExits UITestControl control  in c:\WeiMing\Workspaces\TOG\Novatus\Development\Testing\NovatusWinUIAuto\Utilities\AssertWaiting.cs:line 38
   at TOG.WinUITest.OrderEntry.Agents.AgentUIBase.WaitForCurrentScreen UITestControl control  in c:\WeiMing\Workspaces\TOG\Novatus\Development\Testing\NovatusWinUIAuto\OrderEntryWinUIAutoTest\OEAgents\AgentUIBase.cs:line 91
   at TOG.WinUITest.OrderEntry.Agents.OrderDetail.OrderSummaryUI.WaitOrderSummaryStep   in c:\WeiMing\Workspaces\TOG\Novatus\Development\Testing\NovatusWinUIAuto\OrderEntryWinUIAutoTest\OEAgents\OrderSummaryUI.cs:line 321
   at OEAgents.InitializeStepsForOEAgents.WaitOrderSummaryStep   in c:\WeiMing\Workspaces\TOG\Novatus\Development\Testing\NovatusWinUIAuto\OrderEntryWinUIAutoTest\OEAgents\InitializeStepsForOEAgents.cs:line 595
   at OEAgents.InitializeStepsForOEAgents.OrderSummary_SubmitOrder   in c:\WeiMing\Workspaces\TOG\Novatus\Development\Testing\NovatusWinUIAuto\OrderEntryWinUIAutoTest\OEAgents\InitializeStepsForOEAgents.cs:line 559
   at TOG.WinUITest.E2E.TestCases.US4846.BillOrderAndCheckInOffice List`1 newItems, DebugLog debugLog, Int32 expectCharge, Int32 caseNumber  in c:\WeiMing\Workspaces\TOG\Novatus\Development\Testing\NovatusWinUIAuto\E2EWinUIAutoTest\TestCases\US4846.cs:line 558 br  C:\\NewTestPass\\Screenshot\\2019-10-15 11.27.16.pngMicrosoft.VisualStudio.TestTools.UITest.Extension.PlaybackCanceledException: Exception was thrown from the UITest module.
   at Microsoft.VisualStudio.TestTools.UITesting.Playback.MapAndThrowComException COMException innerException, IPlaybackContext context 
   at Microsoft.VisualStudio.TestTools.UITesting.Playback.MapAndThrowException Exception exception, IPlaybackContext context 
   at Microsoft.VisualStudio.TestTools.UITesting.Playback.MapAndThrowException Exception exception, String queryId 
   at Microsoft.VisualStudio.TestTools.UITesting.UITestControl..ctor String queryId 
   at Microsoft.VisualStudio.TestTools.UITesting.SearchHelper.SearchTopLevelWindow ISearchArgument topLevelSearchArg, String topLevelElementQueryId 
   at Microsoft.VisualStudio.TestTools.UITesting.SearchHelper.GetTitleUpdatedTopLevelWindow ISearchArgument topLevelSearchArg, String queryId, IList`1 windowTitles 
   at Microsoft.VisualStudio.TestTools.UITesting.SearchHelper.GetTopLevelElement Boolean useCache, Boolean useCacheOnly, ISearchArgument searchArg, IList`1 windowTitles, Int32  timeLeft 
   at Microsoft.VisualStudio.TestTools.UITesting.SearchHelper.GetElement Boolean useCache, ISearchArgument searchArg 
   at Microsoft.VisualStudio.TestTools.UITesting.SearchHelper.Search ISearchArgument searchArg 
   at Microsoft.VisualStudio.TestTools.UITesting.UITestControl.FindInternal  
   at Microsoft.VisualStudio.TestTools.UITesting.UITestControl. Find b__37  
   at Microsoft.VisualStudio.TestTools.UITesting.CodedUITestMethodInvoker.InvokeMethod T  Func`1 function, UITestControl control, Boolean firePlaybackErrorEvent, Boolean logAsAction 
   at Microsoft.VisualStudio.TestTools.UITesting.UITestControl.Find  
   at Microsoft.VisualStudio.TestTools.UITesting.UITestControl.GetPropertyPrivate String propertyName 
   at Microsoft.VisualStudio.TestTools.UITesting.UITestControl.GetPropertyOfType T  String propertyName 
   at Microsoft.VisualStudio.TestTools.UITesting.UITestControl.get_Exists  
   at TOG.WinUITest.OrderEntry.Agents.GetDialogByName.ClickOk   in c:\WeiMing\Workspaces\TOG\Novatus\Development\Testing\NovatusWinUIAuto\OrderEntryWinUIAutoTest\OEAgents\DialogWindow.cs:line 87
   at TOG.WinUITest.OrderEntry.Agents.ItemSummaryUI.SkipEmptyContainer Int32 items  in c:\WeiMing\Workspaces\TOG\Novatus\Development\Testing\NovatusWinUIAuto\OrderEntryWinUIAutoTest\OEAgents\ItemSummaryUI.cs:line 532
   at TOG.WinUITest.E2E.TestCases.US4846.BillOrderAndCheckInOffice List`1 newItems, DebugLog debugLog, Int32 expectCharge, Int32 caseNumber  in c:\WeiMing\Workspaces\TOG\Novatus\Development\Testing\NovatusWinUIAuto\E2EWinUIAutoTest\TestCases\US4846.cs:line 539 br  C:\\NewTestPass\\Screenshot\\2019-10-15 11.27.17.pngSystem.Exception: Exception of type 'System.Exception' was thrown.
   at TOG.WinUITest.E2E.TestCases.US4846.PaperCulturePackagingCharges_Case4370   in c:\WeiMing\Workspaces\TOG\Novatus\Development\Testing\NovatusWinUIAuto\E2EWinUIAutoTest\TestCases\US4846.cs:line 459</log>
      <screen>
      </screen>
    </testcase>
    <testcase name="ReworkOrderCheckBillingReport_Case8351">
      <result>0</result>
      <start>11:27:17 PM</start>
      <end>11:41:27 PM</end>
      <log>
      </log>
      <screen>
      </screen>
    </testcase>
  </userstory>
  <userstory name="US4238">
    <testapp name="OrderEntry">
      <version> 4.19.255.1</version>
      <server>Development</server>
      <profile>Integration</profile>
    </testapp>
    <testapp name="Office">
      <version>
      </version>
      <server>Development</server>
      <profile>Integration</profile>
    </testapp>
    <testcase name="DueDateUpdatedBasedOnRushCode_Case4883">
      <result>1</result>
      <start>11:41:31 PM</start>
      <end>11:42:23 PM</end>
      <log> br  Microsoft.VisualStudio.TestTools.UITest.Extension.ActionNotSupportedOnDisabledControlException: Cannot perform 'SetProperty of SelectedItem with value  Phone ' on the disabled or read-only control. Additional Details: 
TechnologyName:  'MSAA'
Name:  'Mode:'
ControlType:  'ComboBox'
 ---  System.Runtime.InteropServices.COMException: Exception from HRESULT: 0xF004F005
   at Microsoft.VisualStudio.TestTools.UITest.Playback.Engine.IScreenElement.SetValueAsComboBox String bstrNewValue, Int32 nSetValueAsComboBoxFlag 
   at Microsoft.VisualStudio.TestTools.UITest.Playback.ScreenElement.SetValueAsComboBoxInternal String value, SetValueAsComboBoxType setValueAsComboBoxType 
   at Microsoft.VisualStudio.TestTools.UITest.Playback.ScreenElement.SetValueAsComboBox String value, Boolean useEdit 
   at Microsoft.VisualStudio.TestTools.UITesting.WinPropertyProvider.SetComboBoxProperty String propertyName, Object value 
   at Microsoft.VisualStudio.TestTools.UITesting.WinPropertyProvider.SetPropertyValue UITestControl uiControl, String propertyName, Object value 
   at Microsoft.VisualStudio.TestTools.UITesting.UITestPropertyProvider.SetPropertyValueWrapper UITestControl uiControl, String propertyName, Object value 
   at Microsoft.VisualStudio.TestTools.UITesting.UITestControl.SetPropertyValue String propertyName, Object propertyValue 
   --- End of inner exception stack trace ---
   at Microsoft.VisualStudio.TestTools.UITesting.Playback.MapAndThrowComException COMException innerException, IPlaybackContext context 
   at Microsoft.VisualStudio.TestTools.UITesting.Playback.MapAndThrowException Exception exception, IPlaybackContext context 
   at Microsoft.VisualStudio.TestTools.UITesting.Playback.MapAndThrowException Exception exception, String actionName, UITestControl uiControl 
   at Microsoft.VisualStudio.TestTools.UITesting.Playback.MapAndThrowException Exception exception, String actionName, Object parameterValue, UITestControl uiControl 
   at Microsoft.VisualStudio.TestTools.UITesting.UITestControl.SetPropertyValue String propertyName, Object propertyValue 
   at Microsoft.VisualStudio.TestTools.UITesting.UITestControl.SetPropertyPrivate String propertyName, Object value 
   at Microsoft.VisualStudio.TestTools.UITesting.UITestControl.  c__DisplayClass3e. SetProperty b__3d  
   at Microsoft.VisualStudio.TestTools.UITesting.CodedUITestMethodInvoker.InvokeMethod T  Func`1 function, UITestControl control, Boolean firePlaybackErrorEvent, Boolean logAsAction 
   at Microsoft.VisualStudio.TestTools.UITesting.UITestControl.SetProperty String propertyName, Object value 
   at Microsoft.VisualStudio.TestTools.UITesting.WinControls.WinComboBox.set_SelectedItem String value 
   at TOG.WinUITest.OrderEntry.Agents.NewOrder.MessageBoardUI.TypeMessageBoard Int32 manageBy, String anserwedAs, String modeType  in c:\WeiMing\Workspaces\TOG\Novatus\Development\Testing\NovatusWinUIAuto\OrderEntryWinUIAutoTest\OEAgents\MessageBoardUI.cs:line 135
   at TOG.WinUITest.OrderEntry.TestCases.US4238.DueDateUpdatedBasedOnRushCode_Case4883   in c:\WeiMing\Workspaces\TOG\Novatus\Development\Testing\NovatusWinUIAuto\E2EWinUIAutoTest\TestCases\US4238.cs:line 145</log>
      <screen>C:\\NewTestPass\\Screenshot\\2019-10-15 11.42.23.png</screen>
    </testcase>
  </userstory>
  <userstory name="US3751">
    <testapp name="OrderEntry">
      <version> 4.19.255.1</version>
      <server>Development</server>
      <profile>Integration</profile>
    </testapp>
    <testapp name="Office">
      <version>
      </version>
      <server>Development</server>
      <profile>Integration</profile>
    </testapp>
    <testcase name="RemoveArtworkAfterSubmit_4644">
      <result>0</result>
      <start>11:42:25 PM</start>
      <end>11:47:57 PM</end>
      <log>OrderNumber: 191006426</log>
      <screen>
      </screen>
    </testcase>
    <testcase name="SharedArtworkInSuspend_4647">
      <result>0</result>
      <start>11:47:57 PM</start>
      <end>11:52:50 PM</end>
      <log>
      </log>
      <screen>
      </screen>
    </testcase>
    <testcase name="VerifyArtworkShared_4646">
      <result>0</result>
      <start>11:52:50 PM</start>
      <end>11:56:53 PM</end>
      <log>
      </log>
      <screen>
      </screen>
    </testcase>
  </userstory>
  <userstory name="US4771">
    <testapp name="OrderEntry">
      <version>
      </version>
      <server>Development</server>
      <profile>Integration</profile>
    </testapp>
    <testapp name="Office">
      <version>
      </version>
      <server>Development</server>
      <profile>Integration</profile>
    </testapp>
    <testcase name="BF1_ChargeShippingFalse_ShippingUpgradeTrue_Flat_UPSGround_Nocharge_5630">
      <result>1</result>
      <start>11:56:56 PM</start>
      <end>11:56:56 PM</end>
      <log> br  TOG.DataAccessHelpers.DB2.DB2HelperException: Data access error. ---  IBM.Data.DB2.iSeries.iDB2SQLErrorException: SQL0803 Duplicate key value specified.
   at IBM.Data.DB2.iSeries.iDB2Exception.throwDcException MpDcErrorInfo mpEI, MPConnection conn 
   at IBM.Data.DB2.iSeries.iDB2Command.reportDCError Int32 rc 
   at IBM.Data.DB2.iSeries.iDB2Command.execute  
   at IBM.Data.DB2.iSeries.iDB2Command.ExecuteNonQuery  
   at TOG.DataAccessHelpers.DB2.DB2Helper.ExecuteNonQuery String commandText 
   --- End of inner exception stack trace ---
   at TOG.DataAccessHelpers.DB2.DB2Helper.HandleException Exception ex 
   at TOG.DataAccessHelpers.DB2.DB2Helper.ExecuteNonQuery String commandText 
   at TOG.WinUITest.Common.Utilities.CustomerSettingUtil.AddThirdPartyFee String fee  in c:\WeiMing\Workspaces\TOG\Novatus\Development\Testing\NovatusWinUIAuto\Utilities\Utilities\CustomerSettingUtil.cs:line 234
   at TOG.WinUITest.E2E.TestCases.US4771.NoChargeShipping Boolean shippingCharge, Boolean shippingUpgrade, String shippingMethod, Boolean thirdPartyShipper, NewItem newItem, String methodName, DebugLog debugLog  in c:\WeiMing\Workspaces\TOG\Novatus\Development\Testing\NovatusWinUIAuto\E2EWinUIAutoTest\TestCases\US4771.cs:line 1106
   at TOG.WinUITest.E2E.TestCases.US4771.BF1_ChargeShippingFalse_ShippingUpgradeTrue_Flat_UPSGround_Nocharge_5630   in c:\WeiMing\Workspaces\TOG\Novatus\Development\Testing\NovatusWinUIAuto\E2EWinUIAutoTest\TestCases\US4771.cs:line 121</log>
      <screen>C:\\NewTestPass\\Screenshot\\2019-10-15 11.56.56.png</screen>
    </testcase>
    <testcase name="ChargeShippingToThirdParty">
      <result>0</result>
      <start>11:56:57 PM</start>
      <end>11:59:54 PM</end>
      <log> br   OrderNumber: 191006430</log>
      <screen>
      </screen>
    </testcase>
    <testcase name="BF11_ChargeShippingTrue_ShippingUpgradeTrue_Flat_OtherUPSGround_NoThirdParty_5655">
      <result>1</result>
      <start>11:59:55 PM</start>
      <end>12:02:18 AM</end>
      <log> br  Microsoft.VisualStudio.TestTools.UnitTesting.AssertFailedException: Assert.IsTrue failed. Actual:shipping price is 18.90, Expected: shipping flat rate 0.00,order detail in office
   at Microsoft.VisualStudio.TestTools.UnitTesting.Assert.HandleFailure String assertionName, String message 
   at Microsoft.VisualStudio.TestTools.UnitTesting.Assert.IsTrue Boolean condition, String message 
   at TOG.WinUITest.E2E.TestCases.US4771.ChargeFlatRateTitle Boolean shippingCharge, Boolean shippingUpgrade, String shippingMethod, Boolean thirdPartyShipper, NewItem newItem, String methodName, DebugLog debugLog  in c:\WeiMing\Workspaces\TOG\Novatus\Development\Testing\NovatusWinUIAuto\E2EWinUIAutoTest\TestCases\US4771.cs:line 1454
   at TOG.WinUITest.E2E.TestCases.US4771.BF11_ChargeShippingTrue_ShippingUpgradeTrue_Flat_OtherUPSGround_NoThirdParty_5655   in c:\WeiMing\Workspaces\TOG\Novatus\Development\Testing\NovatusWinUIAuto\E2EWinUIAutoTest\TestCases\US4771.cs:line 531</log>
      <screen>C:\\NewTestPass\\Screenshot\\2019-10-16 12.02.18.png</screen>
    </testcase>
    <testcase name="ChargeEstimatedWeight">
      <result>0</result>
      <start>12:02:18 AM</start>
      <end>12:04:48 AM</end>
      <log> br   OrderNumber: 191006436</log>
      <screen>
      </screen>
    </testcase>
    <testcase name="ChargeShippingToThirdParty">
      <result>0</result>
      <start>12:04:48 AM</start>
      <end>12:07:12 AM</end>
      <log> br   OrderNumber: 191006439</log>
      <screen>
      </screen>
    </testcase>
  </userstory>
  <userstory name="US4771">
    <testapp name="OrderEntry">
      <version> 4.19.255.1</version>
      <server>Development</server>
      <profile>Integration</profile>
    </testapp>
    <testapp name="Office">
      <version> 1.19.287.1</version>
      <server>Development</server>
      <profile>Integration</profile>
    </testapp>
    <testcase name="NoChargeShipping">
      <result>0</result>
      <start>3:53:41 AM</start>
      <end>3:56:09 AM</end>
      <log> br   OrderNumber: 191006450</log>
      <screen>
      </screen>
    </testcase>
    <testcase name="ChargeShippingToThirdParty">
      <result>0</result>
      <start>3:56:10 AM</start>
      <end>3:58:42 AM</end>
      <log> br   OrderNumber: 191006453</log>
      <screen>
      </screen>
    </testcase>
    <testcase name="BF11_ChargeShippingTrue_ShippingUpgradeTrue_Flat_OtherUPSGround_NoThirdParty_5655">
      <result>1</result>
      <start>3:58:42 AM</start>
      <end>4:01:05 AM</end>
      <log> br  Microsoft.VisualStudio.TestTools.UnitTesting.AssertFailedException: Assert.IsTrue failed. Actual:shipping price is 18.90, Expected: shipping flat rate 0.00,order detail in office
   at Microsoft.VisualStudio.TestTools.UnitTesting.Assert.HandleFailure String assertionName, String message 
   at Microsoft.VisualStudio.TestTools.UnitTesting.Assert.IsTrue Boolean condition, String message 
   at TOG.WinUITest.E2E.TestCases.US4771.ChargeFlatRateTitle Boolean shippingCharge, Boolean shippingUpgrade, String shippingMethod, Boolean thirdPartyShipper, NewItem newItem, String methodName, DebugLog debugLog  in c:\WeiMing\Workspaces\TOG\Novatus\Development\Testing\NovatusWinUIAuto\E2EWinUIAutoTest\TestCases\US4771.cs:line 1454
   at TOG.WinUITest.E2E.TestCases.US4771.BF11_ChargeShippingTrue_ShippingUpgradeTrue_Flat_OtherUPSGround_NoThirdParty_5655   in c:\WeiMing\Workspaces\TOG\Novatus\Development\Testing\NovatusWinUIAuto\E2EWinUIAutoTest\TestCases\US4771.cs:line 531</log>
      <screen>C:\\NewTestPass\\Screenshot\\2019-10-16 04.01.05.png</screen>
    </testcase>
    <testcase name="ChargeEstimatedWeight">
      <result>0</result>
      <start>4:01:05 AM</start>
      <end>4:03:35 AM</end>
      <log> br   OrderNumber: 191006459</log>
      <screen>
      </screen>
    </testcase>
    <testcase name="ChargeShippingToThirdParty">
      <result>0</result>
      <start>4:03:35 AM</start>
      <end>4:06:01 AM</end>
      <log> br   OrderNumber: 191006462</log>
      <screen>
      </screen>
    </testcase>
    <testcase name="ChargeShippingToThirdParty">
      <result>0</result>
      <start>4:06:01 AM</start>
      <end>4:08:26 AM</end>
      <log> br   OrderNumber: 191006465</log>
      <screen>
      </screen>
    </testcase>
    <testcase name="ChargeShippingToThirdParty">
      <result>0</result>
      <start>4:08:26 AM</start>
      <end>4:10:56 AM</end>
      <log> br   OrderNumber: 191006468</log>
      <screen>
      </screen>
    </testcase>
    <testcase name="ChargeShippingToThirdParty">
      <result>0</result>
      <start>4:10:56 AM</start>
      <end>4:13:28 AM</end>
      <log> br   OrderNumber: 191006471</log>
      <screen>
      </screen>
    </testcase>
    <testcase name="BF17_ChargeShippingTrue_ShippingUpgradeFalse_Flat_OtherUPSGround_NoThirdParty_5661">
      <result>1</result>
      <start>4:13:28 AM</start>
      <end>4:15:52 AM</end>
      <log> br  Microsoft.VisualStudio.TestTools.UnitTesting.AssertFailedException: Assert.IsTrue failed. Actual:shipping price is 18.90, Expected: shipping flat rate 0.00,order detail in office
   at Microsoft.VisualStudio.TestTools.UnitTesting.Assert.HandleFailure String assertionName, String message 
   at Microsoft.VisualStudio.TestTools.UnitTesting.Assert.IsTrue Boolean condition, String message 
   at TOG.WinUITest.E2E.TestCases.US4771.ChargeFlatRateTitle Boolean shippingCharge, Boolean shippingUpgrade, String shippingMethod, Boolean thirdPartyShipper, NewItem newItem, String methodName, DebugLog debugLog  in c:\WeiMing\Workspaces\TOG\Novatus\Development\Testing\NovatusWinUIAuto\E2EWinUIAutoTest\TestCases\US4771.cs:line 1454
   at TOG.WinUITest.E2E.TestCases.US4771.BF17_ChargeShippingTrue_ShippingUpgradeFalse_Flat_OtherUPSGround_NoThirdParty_5661   in c:\WeiMing\Workspaces\TOG\Novatus\Development\Testing\NovatusWinUIAuto\E2EWinUIAutoTest\TestCases\US4771.cs:line 777</log>
      <screen>C:\\NewTestPass\\Screenshot\\2019-10-16 04.15.52.png</screen>
    </testcase>
    <testcase name="ChargeEstimatedWeight">
      <result>0</result>
      <start>4:15:53 AM</start>
      <end>4:18:24 AM</end>
      <log> br   OrderNumber: 191006477</log>
      <screen>
      </screen>
    </testcase>
    <testcase name="NoChargeShipping">
      <result>0</result>
      <start>4:18:24 AM</start>
      <end>4:20:48 AM</end>
      <log> br   OrderNumber: 191006480</log>
      <screen>
      </screen>
    </testcase>
    <testcase name="NoChargeShipping">
      <result>0</result>
      <start>4:20:48 AM</start>
      <end>4:23:12 AM</end>
      <log> br   OrderNumber: 191006483</log>
      <screen>
      </screen>
    </testcase>
    <testcase name="NoChargeShipping">
      <result>0</result>
      <start>4:23:12 AM</start>
      <end>4:25:35 AM</end>
      <log> br   OrderNumber: 191006486</log>
      <screen>
      </screen>
    </testcase>
    <testcase name="NoChargeShipping">
      <result>0</result>
      <start>4:25:36 AM</start>
      <end>4:28:03 AM</end>
      <log> br   OrderNumber: 191006489</log>
      <screen>
      </screen>
    </testcase>
    <testcase name="NoChargeShipping">
      <result>0</result>
      <start>4:28:04 AM</start>
      <end>4:30:32 AM</end>
      <log> br   OrderNumber: 191006492</log>
      <screen>
      </screen>
    </testcase>
    <testcase name="NoChargeShipping">
      <result>0</result>
      <start>4:30:33 AM</start>
      <end>4:33:01 AM</end>
      <log> br   OrderNumber: 191006495</log>
      <screen>
      </screen>
    </testcase>
    <testcase name="ChargeShippingToThirdParty">
      <result>0</result>
      <start>4:33:01 AM</start>
      <end>4:35:34 AM</end>
      <log> br   OrderNumber: 191006498</log>
      <screen>
      </screen>
    </testcase>
    <testcase name="NoChargeShipping">
      <result>0</result>
      <start>4:35:34 AM</start>
      <end>4:38:03 AM</end>
      <log> br   OrderNumber: 191006501</log>
      <screen>
      </screen>
    </testcase>
    <testcase name="ChargeShippingToThirdParty">
      <result>0</result>
      <start>4:38:04 AM</start>
      <end>4:40:36 AM</end>
      <log> br   OrderNumber: 191006504</log>
      <screen>
      </screen>
    </testcase>
    <testcase name="BF5_ChargeShippingFalse_ShippingUpgradeTrue_Flat_OtherUPSGround_NoThirdParty_5634">
      <result>1</result>
      <start>4:40:36 AM</start>
      <end>4:43:03 AM</end>
      <log> br  Microsoft.VisualStudio.TestTools.UnitTesting.AssertFailedException: Assert.IsTrue failed. Actual:shipping price is 18.90, Expected: shipping flat rate 0.00,order detail in office
   at Microsoft.VisualStudio.TestTools.UnitTesting.Assert.HandleFailure String assertionName, String message 
   at Microsoft.VisualStudio.TestTools.UnitTesting.Assert.IsTrue Boolean condition, String message 
   at TOG.WinUITest.E2E.TestCases.US4771.ChargeFlatRateTitle Boolean shippingCharge, Boolean shippingUpgrade, String shippingMethod, Boolean thirdPartyShipper, NewItem newItem, String methodName, DebugLog debugLog  in c:\WeiMing\Workspaces\TOG\Novatus\Development\Testing\NovatusWinUIAuto\E2EWinUIAutoTest\TestCases\US4771.cs:line 1454
   at TOG.WinUITest.E2E.TestCases.US4771.BF5_ChargeShippingFalse_ShippingUpgradeTrue_Flat_OtherUPSGround_NoThirdParty_5634   in c:\WeiMing\Workspaces\TOG\Novatus\Development\Testing\NovatusWinUIAuto\E2EWinUIAutoTest\TestCases\US4771.cs:line 285</log>
      <screen>C:\\NewTestPass\\Screenshot\\2019-10-16 04.43.03.png</screen>
    </testcase>
    <testcase name="ChargeEstimatedWeight">
      <result>0</result>
      <start>4:43:03 AM</start>
      <end>4:45:37 AM</end>
      <log> br   OrderNumber: 191006510</log>
      <screen>
      </screen>
    </testcase>
    <testcase name="ChargeShippingToThirdParty">
      <result>0</result>
      <start>4:45:37 AM</start>
      <end>4:48:05 AM</end>
      <log> br   OrderNumber: 191006513</log>
      <screen>
      </screen>
    </testcase>
    <testcase name="ChargeShippingToThirdParty">
      <result>0</result>
      <start>4:48:06 AM</start>
      <end>4:50:35 AM</end>
      <log> br   OrderNumber: 191006516</log>
      <screen>
      </screen>
    </testcase>
    <testcase name="BF9_ChargeShippingTrue_ShippingUpgradeTrue_Flat_OtherUPSGround_ThirdParty_5638">
      <result>1</result>
      <start>4:50:35 AM</start>
      <end>4:53:04 AM</end>
      <log> br  System.FormatException: Input string was not in a correct format.
   at System.Number.StringToNumber String str, NumberStyles options, NumberBuffer  number, NumberFormatInfo info, Boolean parseDecimal 
   at System.Number.ParseDecimal String value, NumberStyles options, NumberFormatInfo numfmt 
   at System.Decimal.Parse String s 
   at TOG.WinUITest.Office.Agents.CustomerService.OrderDetailUI.GetShippingPrice   in c:\WeiMing\Workspaces\TOG\Novatus\Development\Testing\NovatusWinUIAuto\NovatusOfficeAutoTest\OfficeAgents\CustomerService\OrderDetailUI.cs:line 90
   at TOG.WinUITest.E2E.TestCases.US4771.ChargeShippingToThirdParty Boolean shippingCharge, Boolean shippingUpgrade, String shippingMethod, Boolean thirdPartyShipper, NewItem newItem, String methodName, DebugLog debugLog  in c:\WeiMing\Workspaces\TOG\Novatus\Development\Testing\NovatusWinUIAuto\E2EWinUIAutoTest\TestCases\US4771.cs:line 1319
   at TOG.WinUITest.E2E.TestCases.US4771.BF9_ChargeShippingTrue_ShippingUpgradeTrue_Flat_OtherUPSGround_ThirdParty_5638   in c:\WeiMing\Workspaces\TOG\Novatus\Development\Testing\NovatusWinUIAuto\E2EWinUIAutoTest\TestCases\US4771.cs:line 449</log>
      <screen>C:\\NewTestPass\\Screenshot\\2019-10-16 04.53.04.png</screen>
    </testcase>
    <testcase name="ChargeCODChecked_5720">
      <result>0</result>
      <start>4:53:04 AM</start>
      <end>4:55:16 AM</end>
      <log> br   OrderNumber: 191006522</log>
      <screen>
      </screen>
    </testcase>
    <testcase name="ChargeShippingChecked_5718">
      <result>0</result>
      <start>4:55:16 AM</start>
      <end>4:57:56 AM</end>
      <log> br  Customer Setup,Shipping checked False br  Customer Setup,Shipping upgrade True br  Customer Setup,Shipping account exits, remove it. br   OrderNumber: 191006525</log>
      <screen>
      </screen>
    </testcase>
    <testcase name="CODAndFlatRate_5838">
      <result>0</result>
      <start>4:57:56 AM</start>
      <end>5:02:34 AM</end>
      <log> br   OrderNumber: 191006528</log>
      <screen>
      </screen>
    </testcase>
    <testcase name="MultiShipmentWithThirdParty_5721">
      <result>1</result>
      <start>5:02:35 AM</start>
      <end>5:09:05 AM</end>
      <log> br  System.Exception: Exception of type 'System.Exception' was thrown.
   at TOG.WinUITest.Common.AssertWaiting.WaitForControlExits UITestControl control  in c:\WeiMing\Workspaces\TOG\Novatus\Development\Testing\NovatusWinUIAuto\Utilities\AssertWaiting.cs:line 38
   at TOG.WinUITest.OrderEntry.Agents.AgentUIBase.WaitForCurrentScreen UITestControl control  in c:\WeiMing\Workspaces\TOG\Novatus\Development\Testing\NovatusWinUIAuto\OrderEntryWinUIAutoTest\OEAgents\AgentUIBase.cs:line 91
   at TOG.WinUITest.OrderEntry.Agents.OrderDetail.OrderSummaryUI.WaitOrderSummaryStep   in c:\WeiMing\Workspaces\TOG\Novatus\Development\Testing\NovatusWinUIAuto\OrderEntryWinUIAutoTest\OEAgents\OrderSummaryUI.cs:line 321
   at TOG.WinUITest.E2E.TestCases.US4771.MultiShipmentWithThirdParty_5721   in c:\WeiMing\Workspaces\TOG\Novatus\Development\Testing\NovatusWinUIAuto\E2EWinUIAutoTest\TestCases\US4771.cs:line 2199</log>
      <screen>C:\\NewTestPass\\Screenshot\\2019-10-16 05.09.05.png</screen>
    </testcase>
    <testcase name="PBTLocalPickup_5733">
      <result>0</result>
      <start>5:09:05 AM</start>
      <end>5:13:32 AM</end>
      <log> br   OrderNumber: 191006532</log>
      <screen>
      </screen>
    </testcase>
  </userstory>
  <userstory name="US4515">
    <testapp name="OrderEntry">
      <version> 4.19.255.1</version>
      <server>Development</server>
      <profile>Integration</profile>
    </testapp>
    <testapp name="Office">
      <version> 1.19.287.1</version>
      <server>Development</server>
      <profile>Integration</profile>
    </testapp>
    <testcase name="PopupPromptsExits_Case6686">
      <result>0</result>
      <start>5:13:37 AM</start>
      <end>5:17:00 AM</end>
      <log>OrderNumber: 191006535</log>
      <screen>
      </screen>
    </testcase>
    <testcase name="PopupPromptsOrderThen60_Case6687">
      <result>0</result>
      <start>5:17:01 AM</start>
      <end>5:20:18 AM</end>
      <log>OrderNumber: 191006538</log>
      <screen>
      </screen>
    </testcase>
    <testcase name="ReversalDoneOnVoid_Case4886">
      <result>0</result>
      <start>5:20:18 AM</start>
      <end>5:24:08 AM</end>
      <log>OrderNumber: 191006541</log>
      <screen>
      </screen>
    </testcase>
  </userstory>
  <userstory name="US5983">
    <testapp name="OrderEntry">
      <version> 4.19.255.1</version>
      <server>Development</server>
      <profile>Integration</profile>
    </testapp>
    <testapp name="Office">
      <version> 1.19.287.1</version>
      <server>Development</server>
      <profile>Integration</profile>
    </testapp>
    <testcase name="AddManualRoute_2553">
      <result>0</result>
      <start>5:24:11 AM</start>
      <end>5:26:58 AM</end>
      <log>OrderNumber: 191006544</log>
      <screen>
      </screen>
    </testcase>
    <testcase name="AutomaticRoute_2558">
      <result>1</result>
      <start>5:26:59 AM</start>
      <end>5:44:05 AM</end>
      <log> br  Start BalanceExistsOverTitleAllow br  C:\\NewTestPass\\Screenshot\\2019-10-16 05.27.58.pngMicrosoft.VisualStudio.TestTools.UITest.Extension.UITestControlNotFoundException: The playback failed to find the control with the given search properties. Additional Details: 
TechnologyName:  'MSAA'
ControlName:  'tableLayoutPanel'
Instance:  '1'
ControlType:  'Window'
 ---  System.Runtime.InteropServices.COMException: Error HRESULT E_FAIL has been returned from a call to a COM component.
   at Microsoft.VisualStudio.TestTools.UITest.Playback.Engine.IRPFPlayback.FindAllScreenElements IScreenElement pScreenElementStart, String bstrQueryId, Object  pvarResKeys, Int32 cResKeys, Int32 nMaxDepth, Object    foundDescendants 
   at Microsoft.VisualStudio.TestTools.UITest.Playback.ScreenElement.FindTopLevelWindowHelper String queryId 
   at Microsoft.VisualStudio.TestTools.UITest.Playback.ScreenElement.FindFromPartialQueryId String queryId, Boolean resetSkipStep 
   at Microsoft.VisualStudio.TestTools.UITesting.UITestControl..ctor String queryId 
   --- End of inner exception stack trace ---
   at Microsoft.VisualStudio.TestTools.UITesting.Playback.MapControlNotFoundException COMException ex, IPlaybackContext context 
   at Microsoft.VisualStudio.TestTools.UITesting.Playback.MapAndThrowComException COMException innerException, IPlaybackContext context 
   at Microsoft.VisualStudio.TestTools.UITesting.Playback.MapAndThrowException Exception exception, IPlaybackContext context 
   at Microsoft.VisualStudio.TestTools.UITesting.Playback.MapAndThrowException Exception exception, String queryId 
   at Microsoft.VisualStudio.TestTools.UITesting.UITestControl..ctor String queryId 
   at Microsoft.VisualStudio.TestTools.UITesting.SearchHelper.SearchTopLevelWindow ISearchArgument topLevelSearchArg, String topLevelElementQueryId 
   at Microsoft.VisualStudio.TestTools.UITesting.SearchHelper.GetTitleUpdatedTopLevelWindow ISearchArgument topLevelSearchArg, String queryId, IList`1 windowTitles 
   at Microsoft.VisualStudio.TestTools.UITesting.SearchHelper.GetTopLevelElement Boolean useCache, Boolean useCacheOnly, ISearchArgument searchArg, IList`1 windowTitles, Int32  timeLeft 
   at Microsoft.VisualStudio.TestTools.UITesting.SearchHelper.GetElement Boolean useCache, ISearchArgument searchArg 
   at Microsoft.VisualStudio.TestTools.UITesting.SearchHelper.Search ISearchArgument searchArg 
   at Microsoft.VisualStudio.TestTools.UITesting.UITestControl.FindInternal  
   at Microsoft.VisualStudio.TestTools.UITesting.UITestControl. Find b__37  
   at Microsoft.VisualStudio.TestTools.UITesting.CodedUITestMethodInvoker.InvokeMethod T  Func`1 function, UITestControl control, Boolean firePlaybackErrorEvent, Boolean logAsAction 
   at Microsoft.VisualStudio.TestTools.UITesting.UITestControl.Find  
   at Microsoft.VisualStudio.TestTools.UITesting.UITestControl.GetPropertyPrivate String propertyName 
   at Microsoft.VisualStudio.TestTools.UITesting.UITestControl.  c__DisplayClass3b. GetProperty b__3a  
   at Microsoft.VisualStudio.TestTools.UITesting.CodedUITestMethodInvoker.InvokeMethod T  Func`1 function, UITestControl control, Boolean firePlaybackErrorEvent, Boolean logAsAction 
   at Microsoft.VisualStudio.TestTools.UITesting.UITestControl.GetProperty String propertyName 
   at Microsoft.VisualStudio.TestTools.UITesting.ALUtility.GetTechElementFromUITestControl UITestControl uiTestControl 
   at Microsoft.VisualStudio.TestTools.UITesting.ActionExecutorManager.GetActionExecutor UITestControl uiControl 
   at Microsoft.VisualStudio.TestTools.UITesting.Keyboard.SendKeysImplementation UITestControl control, String text, ModifierKeys modifierKeys, Boolean isEncoded, Boolean isUnicode 
   at Microsoft.VisualStudio.TestTools.UITesting.Keyboard.  c__DisplayClass2. SendKeys b__1  
   at Microsoft.VisualStudio.TestTools.UITesting.CodedUITestMethodInvoker.InvokeMethod T  Func`1 function, UITestControl control, Boolean firePlaybackErrorEvent, Boolean logAsAction 
   at Microsoft.VisualStudio.TestTools.UITesting.Keyboard.SendKeys UITestControl control, String text, ModifierKeys modifierKeys, Boolean isEncoded, Boolean isUnicode 
   at Microsoft.VisualStudio.TestTools.UITesting.Keyboard.SendKeys UITestControl control, String text 
   at TOG.WinUITest.OrderEntry.Agents.CustomerInfoUI.TypeTax String taxString  in c:\WeiMing\Workspaces\TOG\Novatus\Development\Testing\NovatusWinUIAuto\OrderEntryWinUIAutoTest\OEAgents\CustomerInfoUI.cs:line 41
   at TOG.WinUITest.OrderEntry.TestCases.US5983.BalanceExistsOverTitleAllow DebugLog debugLog  in c:\WeiMing\Workspaces\TOG\Novatus\Development\Testing\NovatusWinUIAuto\E2EWinUIAutoTest\TestCases\US5983.cs:line 739 br  Start CODRequiredRouteInOrderInfo br  End CODRequiredRouteInOrderInfo br  Start CreditCodeRoute br  C:\\NewTestPass\\Screenshot\\2019-10-16 05.34.24.pngMicrosoft.VisualStudio.TestTools.UnitTesting.AssertFailedException: Assert.IsTrue failed. Actual:participant not exits. Expected: participant:MN AR MN exits,participant search in order detail.
   at Microsoft.VisualStudio.TestTools.UnitTesting.Assert.HandleFailure String assertionName, String message 
   at Microsoft.VisualStudio.TestTools.UnitTesting.Assert.IsTrue Boolean condition, String message 
   at TOG.WinUITest.OrderEntry.TestCases.US5983.CreditCodeRoute OEDataSource oeDataSource, String participant, String orginalCredit, String changeCredit, DateTime istart, DebugLog debugLog  in c:\WeiMing\Workspaces\TOG\Novatus\Development\Testing\NovatusWinUIAuto\E2EWinUIAutoTest\TestCases\US5983.cs:line 380 br  Start CreditLimitRoute br  End CreditLimitRoute br  Start PORequiredRoute br  End PORequiredRoute br  Start CCRequiredRoute br  End CCRequiredRoute br  Start CODRequiredRouteInShipping br  C:\\NewTestPass\\Screenshot\\2019-10-16 05.44.05.pngMicrosoft.VisualStudio.TestTools.UITest.Extension.PlaybackFailureException: Cannot perform 'SetProperty of SelectedItem with value  Carlson Craft ' on the control. Additional Details: 
TechnologyName:  'MSAA'
ControlType:  'ComboBox'
 ---  System.Runtime.InteropServices.COMException: Exception from HRESULT: 0xF004F008
   at Microsoft.VisualStudio.TestTools.UITest.Playback.Engine.IScreenElement.SetValueAsComboBox String bstrNewValue, Int32 nSetValueAsComboBoxFlag 
   at Microsoft.VisualStudio.TestTools.UITest.Playback.ScreenElement.SetValueAsComboBoxInternal String value, SetValueAsComboBoxType setValueAsComboBoxType 
   at Microsoft.VisualStudio.TestTools.UITest.Playback.ScreenElement.SetValueAsComboBox String value, Boolean useEdit 
   at Microsoft.VisualStudio.TestTools.UITesting.WinPropertyProvider.SetComboBoxProperty String propertyName, Object value 
   at Microsoft.VisualStudio.TestTools.UITesting.WinPropertyProvider.SetPropertyValue UITestControl uiControl, String propertyName, Object value 
   at Microsoft.VisualStudio.TestTools.UITesting.UITestPropertyProvider.SetPropertyValueWrapper UITestControl uiControl, String propertyName, Object value 
   at Microsoft.VisualStudio.TestTools.UITesting.UITestControl.SetPropertyValue String propertyName, Object propertyValue 
   --- End of inner exception stack trace ---
   at Microsoft.VisualStudio.TestTools.UITesting.Playback.MapAndThrowComException COMException innerException, IPlaybackContext context 
   at Microsoft.VisualStudio.TestTools.UITesting.Playback.MapAndThrowException Exception exception, IPlaybackContext context 
   at Microsoft.VisualStudio.TestTools.UITesting.Playback.MapAndThrowException Exception exception, String actionName, UITestControl uiControl 
   at Microsoft.VisualStudio.TestTools.UITesting.Playback.MapAndThrowException Exception exception, String actionName, Object parameterValue, UITestControl uiControl 
   at Microsoft.VisualStudio.TestTools.UITesting.UITestControl.SetPropertyValue String propertyName, Object propertyValue 
   at Microsoft.VisualStudio.TestTools.UITesting.UITestControl.SetPropertyPrivate String propertyName, Object value 
   at Microsoft.VisualStudio.TestTools.UITesting.UITestControl.  c__DisplayClass3e. SetProperty b__3d  
   at Microsoft.VisualStudio.TestTools.UITesting.CodedUITestMethodInvoker.InvokeMethod T  Func`1 function, UITestControl control, Boolean firePlaybackErrorEvent, Boolean logAsAction 
   at Microsoft.VisualStudio.TestTools.UITesting.UITestControl.SetProperty String propertyName, Object value 
   at Microsoft.VisualStudio.TestTools.UITesting.WinControls.WinComboBox.set_SelectedItem String value 
   at TOG.WinUITest.Office.Agents.CustomerService.CusMaintainUI.SearchCustomer Int32 manage, String anserwedas, String customer  in c:\WeiMing\Workspaces\TOG\Novatus\Development\Testing\NovatusWinUIAuto\NovatusOfficeAutoTest\OfficeAgents\Maintenance\CusMaintainUI.cs:line 57
   at TOG.WinUITest.OrderEntry.TestCases.US5983.CODRequiredRouteInShipping OEDataSource oeDataSource, String participant, Boolean codRequired, String itemNumber, DateTime istart, DebugLog debugLog  in c:\WeiMing\Workspaces\TOG\Novatus\Development\Testing\NovatusWinUIAuto\E2EWinUIAutoTest\TestCases\US5983.cs:line 575 br  System.Exception: Exception of type 'System.Exception' was thrown.</log>
      <screen>
      </screen>
    </testcase>
    <testcase name="PNRFFTCorrect_2530">
      <result>1</result>
      <start>5:44:05 AM</start>
      <end>5:48:18 AM</end>
      <log>Microsoft.VisualStudio.TestTools.UnitTesting.AssertFailedException: Assert.IsTrue failed. Actual: item2 FFT Price is 0Expected:Price is 91.75,in detail billing tab,order detail
   at Microsoft.VisualStudio.TestTools.UnitTesting.Assert.HandleFailure String assertionName, String message 
   at Microsoft.VisualStudio.TestTools.UnitTesting.Assert.IsTrue Boolean condition, String message 
   at TOG.WinUITest.OrderEntry.TestCases.US5983.PNRFFTCorrect_2530   in c:\WeiMing\Workspaces\TOG\Novatus\Development\Testing\NovatusWinUIAuto\E2EWinUIAutoTest\TestCases\US5983.cs:line 253</log>
      <screen>C:\\NewTestPass\\Screenshot\\2019-10-16 05.48.18.png</screen>
    </testcase>
  </userstory>
  <userstory name="US2098_BillingReport">
    <testapp name="OrderEntry">
      <version> 4.19.255.1</version>
      <server>Development</server>
      <profile>Integration</profile>
    </testapp>
    <testapp name="Office">
      <version>
      </version>
      <server>Development</server>
      <profile>Integration</profile>
    </testapp>
    <testcase name="AdoptionAndOthers_4689">
      <result>0</result>
      <start>5:48:21 AM</start>
      <end>5:53:24 AM</end>
      <log>OrderNumber is: 191006560, Version=1,Parts=5 br  After Waiting for summary. br  After Select type for summary. br  Start type item number. br  </log>
      <screen>
      </screen>
    </testcase>
    <testcase name="BillEditOrder_4713">
      <result>0</result>
      <start>5:53:24 AM</start>
      <end>5:58:43 AM</end>
      <log>OrderNumber is: 191006562, Version=1,Parts=1</log>
      <screen>
      </screen>
    </testcase>
    <testcase name="BillingOthers_4698">
      <result>0</result>
      <start>5:58:43 AM</start>
      <end>6:01:17 AM</end>
      <log>OrderNumber is: 191006568, Version=1,Parts=3</log>
      <screen>
      </screen>
    </testcase>
    <testcase name="BillNoEditOrder_4712">
      <result>0</result>
      <start>6:01:17 AM</start>
      <end>6:07:40 AM</end>
      <log>OrderNumber is: 191006571, Version=1,Parts=2</log>
      <screen>
      </screen>
    </testcase>
    <testcase name="BillOnly_4688">
      <result>0</result>
      <start>6:07:40 AM</start>
      <end>6:11:05 AM</end>
      <log>OrderNumber is: 191006577, Version=1,Parts=4</log>
      <screen>
      </screen>
    </testcase>
    <testcase name="BlankStock_4692">
      <result>0</result>
      <start>6:11:05 AM</start>
      <end>6:14:04 AM</end>
      <log>OrderNumber is: 191006580, Version=1,Parts=5</log>
      <screen>
      </screen>
    </testcase>
    <testcase name="BlankStockOnly_4694">
      <result>0</result>
      <start>6:14:04 AM</start>
      <end>6:15:44 AM</end>
      <log>OrderNumber is: 191006583, Version=1,Parts=1</log>
      <screen>
      </screen>
    </testcase>
    <testcase name="BlankStockSample_4690">
      <result>0</result>
      <start>6:15:44 AM</start>
      <end>6:18:52 AM</end>
      <log>OrderNumber is: 191006586, Version=1,Parts=3</log>
      <screen>
      </screen>
    </testcase>
    <testcase name="NotVerifyLinesToChangeGroup_4703">
      <result>0</result>
      <start>6:18:52 AM</start>
      <end>6:24:56 AM</end>
      <log>OrderNumber is: 191006589, Version=2,Parts=2</log>
      <screen>
      </screen>
    </testcase>
    <testcase name="OrginCode_4699">
      <result>0</result>
      <start>6:24:56 AM</start>
      <end>6:27:09 AM</end>
      <log>OrderNumber is: 191006592, Version=1,Parts=3</log>
      <screen>
      </screen>
    </testcase>
    <testcase name="RecreateZeroRecord_4697">
      <result>0</result>
      <start>6:27:10 AM</start>
      <end>6:30:36 AM</end>
      <log>OrderNumber is: 191006595, Version=1,Parts=5</log>
      <screen>
      </screen>
    </testcase>
    <testcase name="ResumeSameDay_4715">
      <result>0</result>
      <start>6:30:36 AM</start>
      <end>6:33:27 AM</end>
      <log> br  Spend time compare,spend time is 00:01:51, real time is 00:05:47.3399071 br  </log>
      <screen>
      </screen>
    </testcase>
    <testcase name="RetrieveChangeQuantity_4709">
      <result>0</result>
      <start>6:33:27 AM</start>
      <end>6:38:57 AM</end>
      <log>OrderNumber is: 191006601, Version=2,Parts=3</log>
      <screen>
      </screen>
    </testcase>
    <testcase name="RetrieveEditBlankStock_4706">
      <result>0</result>
      <start>6:38:58 AM</start>
      <end>6:43:26 AM</end>
      <log>OrderNumber is: 191006604, Version=2,Parts=1</log>
      <screen>
      </screen>
    </testcase>
    <testcase name="RetrieveOrderLevelChange_4705">
      <result>0</result>
      <start>6:43:26 AM</start>
      <end>6:46:46 AM</end>
      <log>OrderNumber is: 191006607, Version=2,Parts=1</log>
      <screen>
      </screen>
    </testcase>
    <testcase name="RetrieveParentAndChilren_4708">
      <result>1</result>
      <start>6:46:47 AM</start>
      <end>6:50:26 AM</end>
      <log>Microsoft.VisualStudio.TestTools.UITest.Extension.UITestControlNotFoundException: The playback failed to find the control with the given search properties. Additional Details: 
TechnologyName:  'MSAA'
ControlName:  'btnContinue'
Instance:  '1'
ControlType:  'Window'
 ---  System.Runtime.InteropServices.COMException: Error HRESULT E_FAIL has been returned from a call to a COM component.
   at Microsoft.VisualStudio.TestTools.UITest.Playback.Engine.IRPFPlayback.FindAllScreenElements IScreenElement pScreenElementStart, String bstrQueryId, Object  pvarResKeys, Int32 cResKeys, Int32 nMaxDepth, Object    foundDescendants 
   at Microsoft.VisualStudio.TestTools.UITest.Playback.ScreenElement.FindTopLevelWindowHelper String queryId 
   at Microsoft.VisualStudio.TestTools.UITest.Playback.ScreenElement.FindFromPartialQueryId String queryId, Boolean resetSkipStep 
   at Microsoft.VisualStudio.TestTools.UITesting.UITestControl..ctor String queryId 
   --- End of inner exception stack trace ---
   at Microsoft.VisualStudio.TestTools.UITesting.Playback.MapControlNotFoundException COMException ex, IPlaybackContext context 
   at Microsoft.VisualStudio.TestTools.UITesting.Playback.MapAndThrowComException COMException innerException, IPlaybackContext context 
   at Microsoft.VisualStudio.TestTools.UITesting.Playback.MapAndThrowException Exception exception, IPlaybackContext context 
   at Microsoft.VisualStudio.TestTools.UITesting.Playback.MapAndThrowException Exception exception, String queryId 
   at Microsoft.VisualStudio.TestTools.UITesting.UITestControl..ctor String queryId 
   at Microsoft.VisualStudio.TestTools.UITesting.SearchHelper.SearchTopLevelWindow ISearchArgument topLevelSearchArg, String topLevelElementQueryId 
   at Microsoft.VisualStudio.TestTools.UITesting.SearchHelper.GetTitleUpdatedTopLevelWindow ISearchArgument topLevelSearchArg, String queryId, IList`1 windowTitles 
   at Microsoft.VisualStudio.TestTools.UITesting.SearchHelper.GetTopLevelElement Boolean useCache, Boolean useCacheOnly, ISearchArgument searchArg, IList`1 windowTitles, Int32  timeLeft 
   at Microsoft.VisualStudio.TestTools.UITesting.SearchHelper.GetElement Boolean useCache, ISearchArgument searchArg 
   at Microsoft.VisualStudio.TestTools.UITesting.SearchHelper.Search ISearchArgument searchArg 
   at Microsoft.VisualStudio.TestTools.UITesting.UITestControl.FindInternal  
   at Microsoft.VisualStudio.TestTools.UITesting.UITestControl. Find b__37  
   at Microsoft.VisualStudio.TestTools.UITesting.CodedUITestMethodInvoker.InvokeMethod T  Func`1 function, UITestControl control, Boolean firePlaybackErrorEvent, Boolean logAsAction 
   at Microsoft.VisualStudio.TestTools.UITesting.UITestControl.Find  
   at Microsoft.VisualStudio.TestTools.UITesting.UITestControl.GetPropertyPrivate String propertyName 
   at Microsoft.VisualStudio.TestTools.UITesting.UITestControl.  c__DisplayClass3b. GetProperty b__3a  
   at Microsoft.VisualStudio.TestTools.UITesting.CodedUITestMethodInvoker.InvokeMethod T  Func`1 function, UITestControl control, Boolean firePlaybackErrorEvent, Boolean logAsAction 
   at Microsoft.VisualStudio.TestTools.UITesting.UITestControl.GetProperty String propertyName 
   at Microsoft.VisualStudio.TestTools.UITesting.ALUtility.GetTechElementFromUITestControl UITestControl uiTestControl 
   at Microsoft.VisualStudio.TestTools.UITesting.ActionExecutorManager.GetActionExecutor UITestControl uiControl 
   at Microsoft.VisualStudio.TestTools.UITesting.Mouse.ClickImplementation UITestControl control, MouseButtons button, ModifierKeys modifierKeys, Point relativeCoordinate 
   at Microsoft.VisualStudio.TestTools.UITesting.Mouse.  c__DisplayClass6. Click b__5  
   at Microsoft.VisualStudio.TestTools.UITesting.CodedUITestMethodInvoker.InvokeMethod T  Func`1 function, UITestControl control, Boolean firePlaybackErrorEvent, Boolean logAsAction 
   at Microsoft.VisualStudio.TestTools.UITesting.Mouse.Click UITestControl control, MouseButtons button, ModifierKeys modifierKeys, Point relativeCoordinate 
   at Microsoft.VisualStudio.TestTools.UITesting.Mouse.Click UITestControl control 
   at TOG.WinUITest.OrderEntry.Agents.OrderDetail.ExtraChargesUI.ContinueNextStep   in c:\WeiMing\Workspaces\TOG\Novatus\Development\Testing\NovatusWinUIAuto\OrderEntryWinUIAutoTest\OEAgents\ExtraChargesUI.cs:line 35
   at TOG.WinUITest.OrderEntry.TestCases.US2098_BillingReport.RetrieveParentAndChilren_4708   in c:\WeiMing\Workspaces\TOG\Novatus\Development\Testing\NovatusWinUIAuto\OrderEntryWinUIAutoTest\TestCases\US2098_BillingReport.cs:line 2474</log>
      <screen>C:\\NewTestPass\\Screenshot\\2019-10-16 06.50.26.png</screen>
    </testcase>
    <testcase name="ReworkQuote_4714">
      <result>1</result>
      <start>6:50:26 AM</start>
      <end>6:51:58 AM</end>
      <log>Microsoft.VisualStudio.TestTools.UITest.Extension.FailedToPerformActionOnBlockedControlException: Another control is blocking the control. Please make the blocked control visible and retry the action. Additional Details: 
TechnologyName:  'MSAA'
Name:  'WR111'
Value:  '0'
ControlType:  'TreeItem'
 ---  System.Runtime.InteropServices.COMException: Exception from HRESULT: 0xF004F003
   at Microsoft.VisualStudio.TestTools.UITest.Playback.Engine.IScreenElement.MouseButtonClick Int32 x, Int32 y, Int32 nButton, Int32 fEnsureVisible, String bstrKeyModifiers 
   at Microsoft.VisualStudio.TestTools.UITest.Playback.ScreenElement.MouseButtonClick Int32 x, Int32 y, MouseButtons button, ModifierKeys modifierKeys, Int32 ensureVisible 
   at Microsoft.VisualStudio.TestTools.UITesting.UITestControl.Click MouseButtons button, ModifierKeys modifierKeys, Point relativeCoordinates 
   --- End of inner exception stack trace ---
   at Microsoft.VisualStudio.TestTools.UITesting.Playback.MapAndThrowComException COMException innerException, IPlaybackContext context 
   at Microsoft.VisualStudio.TestTools.UITesting.Playback.MapAndThrowException Exception exception, IPlaybackContext context 
   at Microsoft.VisualStudio.TestTools.UITesting.Playback.MapAndThrowException Exception exception, String actionName, UITestControl uiControl, Int32 X, Int32 Y 
   at Microsoft.VisualStudio.TestTools.UITesting.UITestControl.Click MouseButtons button, ModifierKeys modifierKeys, Point relativeCoordinates 
   at Microsoft.VisualStudio.TestTools.UITesting.UITestActionExecutorCore.Click UITestControl control, MouseButtons button, ModifierKeys modifierKeys, Point relativeCoordinate 
   at Microsoft.VisualStudio.TestTools.UITesting.Mouse.ClickImplementation UITestControl control, MouseButtons button, ModifierKeys modifierKeys, Point relativeCoordinate 
   at Microsoft.VisualStudio.TestTools.UITesting.Mouse.  c__DisplayClass6. Click b__5  
   at Microsoft.VisualStudio.TestTools.UITesting.CodedUITestMethodInvoker.InvokeMethod T  Func`1 function, UITestControl control, Boolean firePlaybackErrorEvent, Boolean logAsAction 
   at Microsoft.VisualStudio.TestTools.UITesting.Mouse.Click UITestControl control, MouseButtons button, ModifierKeys modifierKeys, Point relativeCoordinate 
   at Microsoft.VisualStudio.TestTools.UITesting.Mouse.Click UITestControl control 
   at TOG.WinUITest.OrderEntry.Agents.ItemDetailUI.ItemMoveNoText Int32 noteIndex  in c:\WeiMing\Workspaces\TOG\Novatus\Development\Testing\NovatusWinUIAuto\OrderEntryWinUIAutoTest\OEAgents\ItemDetailUI.cs:line 200
   at TOG.WinUITest.OrderEntry.TestCases.US2098_BillingReport.ReworkQuote_4714   in c:\WeiMing\Workspaces\TOG\Novatus\Development\Testing\NovatusWinUIAuto\OrderEntryWinUIAutoTest\TestCases\US2098_BillingReport.cs:line 2997</log>
      <screen>C:\\NewTestPass\\Screenshot\\2019-10-16 06.51.58.png</screen>
    </testcase>
    <testcase name="Texted_4693">
      <result>0</result>
      <start>6:51:58 AM</start>
      <end>6:57:32 AM</end>
      <log>OrderNumber is: 191006610, Version=1,Parts=6</log>
      <screen>
      </screen>
    </testcase>
    <testcase name="TitlePlacement_4691">
      <result>0</result>
      <start>6:57:33 AM</start>
      <end>6:59:46 AM</end>
      <log>OrderNumber is: 191006613, Version=1,Parts=1</log>
      <screen>
      </screen>
    </testcase>
    <testcase name="UserVerifyLinesChangeQuantity_4704">
      <result>0</result>
      <start>6:59:47 AM</start>
      <end>7:05:18 AM</end>
      <log>OrderNumber is: 191006616, Version=2,Parts=2</log>
      <screen>
      </screen>
    </testcase>
    <testcase name="VerifyLinesChangeQuantity_4702">
      <result>1</result>
      <start>7:05:18 AM</start>
      <end>7:07:44 AM</end>
      <log>Microsoft.VisualStudio.TestTools.UITest.Extension.UITestControlNotFoundException: The playback failed to find the control with the given search properties. Additional Details: 
TechnologyName:  'MSAA'
ControlType:  'Window'
ControlName:  'txtPersonalization'
 ---  System.Runtime.InteropServices.COMException: Error HRESULT E_FAIL has been returned from a call to a COM component.
   at Microsoft.VisualStudio.TestTools.UITest.Playback.Engine.IRPFPlayback.FindAllScreenElements IScreenElement pScreenElementStart, String bstrQueryId, Object  pvarResKeys, Int32 cResKeys, Int32 nMaxDepth, Object    foundDescendants 
   at Microsoft.VisualStudio.TestTools.UITest.Playback.ScreenElement.FindTopLevelWindowHelper String queryId 
   at Microsoft.VisualStudio.TestTools.UITest.Playback.ScreenElement.FindFromPartialQueryId String queryId, Boolean resetSkipStep 
   at Microsoft.VisualStudio.TestTools.UITesting.UITestControl..ctor String queryId 
   --- End of inner exception stack trace ---
   at Microsoft.VisualStudio.TestTools.UITesting.Playback.MapControlNotFoundException COMException ex, IPlaybackContext context 
   at Microsoft.VisualStudio.TestTools.UITesting.Playback.MapAndThrowComException COMException innerException, IPlaybackContext context 
   at Microsoft.VisualStudio.TestTools.UITesting.Playback.MapAndThrowException Exception exception, IPlaybackContext context 
   at Microsoft.VisualStudio.TestTools.UITesting.Playback.MapAndThrowException Exception exception, String queryId 
   at Microsoft.VisualStudio.TestTools.UITesting.UITestControl..ctor String queryId 
   at Microsoft.VisualStudio.TestTools.UITesting.SearchHelper.SearchTopLevelWindow ISearchArgument topLevelSearchArg, String topLevelElementQueryId 
   at Microsoft.VisualStudio.TestTools.UITesting.SearchHelper.GetTitleUpdatedTopLevelWindow ISearchArgument topLevelSearchArg, String queryId, IList`1 windowTitles 
   at Microsoft.VisualStudio.TestTools.UITesting.SearchHelper.GetTopLevelElement Boolean useCache, Boolean useCacheOnly, ISearchArgument searchArg, IList`1 windowTitles, Int32  timeLeft 
   at Microsoft.VisualStudio.TestTools.UITesting.SearchHelper.GetElement Boolean useCache, ISearchArgument searchArg 
   at Microsoft.VisualStudio.TestTools.UITesting.SearchHelper.Search ISearchArgument searchArg 
   at Microsoft.VisualStudio.TestTools.UITesting.UITestControl.FindInternal  
   at Microsoft.VisualStudio.TestTools.UITesting.UITestControl. Find b__37  
   at Microsoft.VisualStudio.TestTools.UITesting.CodedUITestMethodInvoker.InvokeMethod T  Func`1 function, UITestControl control, Boolean firePlaybackErrorEvent, Boolean logAsAction 
   at Microsoft.VisualStudio.TestTools.UITesting.UITestControl.Find  
   at Microsoft.VisualStudio.TestTools.UITesting.UITestControl.GetPropertyPrivate String propertyName 
   at Microsoft.VisualStudio.TestTools.UITesting.UITestControl.  c__DisplayClass3b. GetProperty b__3a  
   at Microsoft.VisualStudio.TestTools.UITesting.CodedUITestMethodInvoker.InvokeMethod T  Func`1 function, UITestControl control, Boolean firePlaybackErrorEvent, Boolean logAsAction 
   at Microsoft.VisualStudio.TestTools.UITesting.UITestControl.GetProperty String propertyName 
   at Microsoft.VisualStudio.TestTools.UITesting.ALUtility.GetTechElementFromUITestControl UITestControl uiTestControl 
   at Microsoft.VisualStudio.TestTools.UITesting.ActionExecutorManager.GetActionExecutor UITestControl uiControl 
   at Microsoft.VisualStudio.TestTools.UITesting.Keyboard.SendKeysImplementation UITestControl control, String text, ModifierKeys modifierKeys, Boolean isEncoded, Boolean isUnicode 
   at Microsoft.VisualStudio.TestTools.UITesting.Keyboard.  c__DisplayClass2. SendKeys b__1  
   at Microsoft.VisualStudio.TestTools.UITesting.CodedUITestMethodInvoker.InvokeMethod T  Func`1 function, UITestControl control, Boolean firePlaybackErrorEvent, Boolean logAsAction 
   at Microsoft.VisualStudio.TestTools.UITesting.Keyboard.SendKeys UITestControl control, String text, ModifierKeys modifierKeys, Boolean isEncoded, Boolean isUnicode 
   at Microsoft.VisualStudio.TestTools.UITesting.Keyboard.SendKeys UITestControl control, String text 
   at TOG.WinUITest.OrderEntry.Agents.PersonalizationWindow.typePersonalization String text  in c:\WeiMing\Workspaces\TOG\Novatus\Development\Testing\NovatusWinUIAuto\OrderEntryWinUIAutoTest\OEAgents\DialogWindow.cs:line 51
   at TOG.WinUITest.OrderEntry.Agents.ItemSummaryUI.AddItem NewItem newItem  in c:\WeiMing\Workspaces\TOG\Novatus\Development\Testing\NovatusWinUIAuto\OrderEntryWinUIAutoTest\OEAgents\ItemSummaryUI.cs:line 310
   at TOG.WinUITest.OrderEntry.TestCases.US2098_BillingReport.VerifyLinesChangeQuantity_4702   in c:\WeiMing\Workspaces\TOG\Novatus\Development\Testing\NovatusWinUIAuto\OrderEntryWinUIAutoTest\TestCases\US2098_BillingReport.cs:line 1532</log>
      <screen>C:\\NewTestPass\\Screenshot\\2019-10-16 07.07.44.png</screen>
    </testcase>
    <testcase name="VerifyOnlyCountLines_4700">
      <result>0</result>
      <start>7:07:44 AM</start>
      <end>7:12:18 AM</end>
      <log>OrderNumber is: 191006619, Version=2,Parts=1</log>
      <screen>
      </screen>
    </testcase>
    <testcase name="ZeroRecord_4696">
      <result>0</result>
      <start>7:12:18 AM</start>
      <end>7:17:01 AM</end>
      <log>OrderNumber is: 191006622, Version=1,Parts=4</log>
      <screen>
      </screen>
    </testcase>
  </userstory>
  <userstory name="US5086">
    <testapp name="OrderEntry">
      <version> 4.19.255.1</version>
      <server>Development</server>
      <profile>Integration</profile>
    </testapp>
    <testapp name="Office">
      <version> 1.19.287.1</version>
      <server>Development</server>
      <profile>Integration</profile>
    </testapp>
    <testcase name="PNRDisplaysForStock_5182">
      <result>0</result>
      <start>7:17:07 AM</start>
      <end>7:20:16 AM</end>
      <log>PNR price is: 0 stock upgrade is: 0</log>
      <screen>
      </screen>
    </testcase>
  </userstory>
  <userstory name="US5088">
    <testapp name="OrderEntry">
      <version> 4.19.255.1</version>
      <server>Development</server>
      <profile>Integration</profile>
    </testapp>
    <testapp name="Office">
      <version>
      </version>
      <server>Development</server>
      <profile>Integration</profile>
    </testapp>
    <testcase name="DiscountMerchandiseWindowPopup_5333">
      <result>1</result>
      <start>7:20:21 AM</start>
      <end>7:21:25 AM</end>
      <log>Microsoft.VisualStudio.TestTools.UITest.Extension.UITestControlNotFoundException: The playback failed to find the control with the given search properties. Additional Details: 
TechnologyName:  'MSAA'
ControlType:  'CheckBox'
Name:  'WROE30P'
 ---  System.Runtime.InteropServices.COMException: Error HRESULT E_FAIL has been returned from a call to a COM component.
   at Microsoft.VisualStudio.TestTools.UITest.Playback.Engine.IScreenElement.FindAllDescendants String bstrQueryId, Object  pvarResKeys, Int32 cResKeys, Int32 nMaxDepth 
   at Microsoft.VisualStudio.TestTools.UITest.Playback.ScreenElement.FindAllScreenElement String queryId, Int32 depth, Boolean singleQueryId, Boolean throwException, Boolean resetSkipStep 
   at Microsoft.VisualStudio.TestTools.UITest.Playback.ScreenElement.FindScreenElement String queryId, Int32 depth, Boolean resetSkipStep 
   at Microsoft.VisualStudio.TestTools.UITesting.UITestControl.FindFirstDescendant String queryId, Int32 maxDepth, Int32  timeLeft 
   --- End of inner exception stack trace ---
   at Microsoft.VisualStudio.TestTools.UITesting.Playback.MapControlNotFoundException COMException ex, IPlaybackContext context 
   at Microsoft.VisualStudio.TestTools.UITesting.Playback.MapAndThrowComException COMException innerException, IPlaybackContext context 
   at Microsoft.VisualStudio.TestTools.UITesting.Playback.MapAndThrowException Exception exception, IPlaybackContext context 
   at Microsoft.VisualStudio.TestTools.UITesting.Playback.MapAndThrowException Exception exception, String queryId 
   at Microsoft.VisualStudio.TestTools.UITesting.UITestControl.FindFirstDescendant String queryId, Int32 maxDepth, Int32  timeLeft 
   at Microsoft.VisualStudio.TestTools.UITesting.SearchHelper.GetElement Boolean useCache, ISearchArgument searchArg 
   at Microsoft.VisualStudio.TestTools.UITesting.SearchHelper.Search ISearchArgument searchArg 
   at Microsoft.VisualStudio.TestTools.UITesting.UITestControl.FindInternal  
   at Microsoft.VisualStudio.TestTools.UITesting.UITestControl. Find b__37  
   at Microsoft.VisualStudio.TestTools.UITesting.CodedUITestMethodInvoker.InvokeMethod T  Func`1 function, UITestControl control, Boolean firePlaybackErrorEvent, Boolean logAsAction 
   at Microsoft.VisualStudio.TestTools.UITesting.UITestControl.Find  
   at Microsoft.VisualStudio.TestTools.UITesting.UITestControl.GetPropertyPrivate String propertyName 
   at Microsoft.VisualStudio.TestTools.UITesting.UITestControl.  c__DisplayClass3b. GetProperty b__3a  
   at Microsoft.VisualStudio.TestTools.UITesting.CodedUITestMethodInvoker.InvokeMethod T  Func`1 function, UITestControl control, Boolean firePlaybackErrorEvent, Boolean logAsAction 
   at Microsoft.VisualStudio.TestTools.UITesting.UITestControl.GetProperty String propertyName 
   at Microsoft.VisualStudio.TestTools.UITesting.ALUtility.GetTechElementFromUITestControl UITestControl uiTestControl 
   at Microsoft.VisualStudio.TestTools.UITesting.ActionExecutorManager.GetActionExecutor UITestControl uiControl 
   at Microsoft.VisualStudio.TestTools.UITesting.Mouse.ClickImplementation UITestControl control, MouseButtons button, ModifierKeys modifierKeys, Point relativeCoordinate 
   at Microsoft.VisualStudio.TestTools.UITesting.Mouse.  c__DisplayClass6. Click b__5  
   at Microsoft.VisualStudio.TestTools.UITesting.CodedUITestMethodInvoker.InvokeMethod T  Func`1 function, UITestControl control, Boolean firePlaybackErrorEvent, Boolean logAsAction 
   at Microsoft.VisualStudio.TestTools.UITesting.Mouse.Click UITestControl control, MouseButtons button, ModifierKeys modifierKeys, Point relativeCoordinate 
   at Microsoft.VisualStudio.TestTools.UITesting.Mouse.Click UITestControl control 
   at TOG.WinUITest.OrderEntry.Agents.ItemDetailUI.SelectSubItem Int32 noteIndex, String subItemName, String subItemQuantity  in c:\WeiMing\Workspaces\TOG\Novatus\Development\Testing\NovatusWinUIAuto\OrderEntryWinUIAutoTest\OEAgents\ItemDetailUI.cs:line 327
   at TOG.WinUITest.OrderEntry.TestCases.US5088.DiscountMerchandiseWindowPopup_5333   in c:\WeiMing\Workspaces\TOG\Novatus\Development\Testing\NovatusWinUIAuto\OrderEntryWinUIAutoTest\TestCases\US5088.cs:line 155</log>
      <screen>C:\\NewTestPass\\Screenshot\\2019-10-16 07.21.25.png</screen>
    </testcase>
  </userstory>
  <userstory name="ARTestCases">
    <testapp name="OrderEntry">
      <version>
      </version>
      <server>Development</server>
      <profile>Integration</profile>
    </testapp>
    <testapp name="Office">
      <version> 1.19.287.1</version>
      <server>Development</server>
      <profile>Integration</profile>
    </testapp>
    <testcase name="Case9070_CreateDeleteCheckBatch">
      <result>0</result>
      <start>7:21:28 AM</start>
      <end>7:22:08 AM</end>
      <log>
      </log>
      <screen>
      </screen>
    </testcase>
    <testcase name="Case9074_ApplyCheckPaymentInCheckBatchAndVerifyPayment">
      <result>1</result>
      <start>7:22:09 AM</start>
      <end>7:22:30 AM</end>
      <log>Microsoft.VisualStudio.TestTools.UITest.Extension.PlaybackFailureException: Cannot perform 'Click' on the control. Additional Details: 
TechnologyName:  'MSAA'
ControlType:  'ComboBox'
 ---  System.Runtime.InteropServices.COMException: Error HRESULT E_FAIL has been returned from a call to a COM component.
   at Microsoft.VisualStudio.TestTools.UITest.Playback.Engine.IScreenElement.MouseButtonClick Int32 x, Int32 y, Int32 nButton, Int32 fEnsureVisible, String bstrKeyModifiers 
   at Microsoft.VisualStudio.TestTools.UITest.Playback.ScreenElement.MouseButtonClick Int32 x, Int32 y, MouseButtons button, ModifierKeys modifierKeys, Int32 ensureVisible 
   at Microsoft.VisualStudio.TestTools.UITesting.UITestControl.Click MouseButtons button, ModifierKeys modifierKeys, Point relativeCoordinates 
   --- End of inner exception stack trace ---
   at Microsoft.VisualStudio.TestTools.UITesting.Playback.MapAndThrowComException COMException innerException, IPlaybackContext context 
   at Microsoft.VisualStudio.TestTools.UITesting.Playback.MapAndThrowException Exception exception, IPlaybackContext context 
   at Microsoft.VisualStudio.TestTools.UITesting.Playback.MapAndThrowException Exception exception, String actionName, UITestControl uiControl, Int32 X, Int32 Y 
   at Microsoft.VisualStudio.TestTools.UITesting.UITestControl.Click MouseButtons button, ModifierKeys modifierKeys, Point relativeCoordinates 
   at Microsoft.VisualStudio.TestTools.UITesting.UITestActionExecutorCore.Click UITestControl control, MouseButtons button, ModifierKeys modifierKeys, Point relativeCoordinate 
   at Microsoft.VisualStudio.TestTools.UITesting.Mouse.ClickImplementation UITestControl control, MouseButtons button, ModifierKeys modifierKeys, Point relativeCoordinate 
   at Microsoft.VisualStudio.TestTools.UITesting.Mouse.  c__DisplayClass6. Click b__5  
   at Microsoft.VisualStudio.TestTools.UITesting.CodedUITestMethodInvoker.InvokeMethod T  Func`1 function, UITestControl control, Boolean firePlaybackErrorEvent, Boolean logAsAction 
   at Microsoft.VisualStudio.TestTools.UITesting.Mouse.Click UITestControl control, MouseButtons button, ModifierKeys modifierKeys, Point relativeCoordinate 
   at Microsoft.VisualStudio.TestTools.UITesting.Mouse.Click UITestControl control 
   at TOG.WinUITest.Office.Agents.CustomerService.TransRegUI.SelectMangeByAnsAs Int32 managedId, Int32 answeredId  in c:\WeiMing\Workspaces\TOG\Novatus\Development\Testing\NovatusWinUIAuto\NovatusOfficeAutoTest\OfficeAgents\AccountsReceivable\TransRegUI.cs:line 151
   at TOG.WinUITest.Office.TestCases.ARTestCases.Case9074_ApplyCheckPaymentInCheckBatchAndVerifyPayment   in c:\WeiMing\Workspaces\TOG\Novatus\Development\Testing\NovatusWinUIAuto\NovatusOfficeAutoTest\TestCases\ARTestCases.cs:line 119</log>
      <screen>C:\\NewTestPass\\Screenshot\\2019-10-16 07.22.30.png</screen>
    </testcase>
  </userstory>
  <userstory name="US5087">
    <testapp name="ItemMait">
      <version>
      </version>
      <server>Development</server>
      <profile>Integration</profile>
    </testapp>
    <testcase name="DataGridLoaded_5890">
      <result>0</result>
      <start>7:22:33 AM</start>
      <end>7:27:22 AM</end>
      <log>
      </log>
      <screen>
      </screen>
    </testcase>
    <testcase name="DataGridSort_8552">
      <result>0</result>
      <start>7:27:22 AM</start>
      <end>7:27:54 AM</end>
      <log>
      </log>
      <screen>
      </screen>
    </testcase>
    <testcase name="DieCutAssignedInLocation_5892">
      <result>0</result>
      <start>7:27:54 AM</start>
      <end>7:28:16 AM</end>
      <log>
      </log>
      <screen>
      </screen>
    </testcase>
    <testcase name="DieCutCancel_5896">
      <result>0</result>
      <start>7:28:16 AM</start>
      <end>7:28:39 AM</end>
      <log>
      </log>
      <screen>
      </screen>
    </testcase>
    <testcase name="DieCutMove_5893">
      <result>1</result>
      <start>7:28:40 AM</start>
      <end>7:29:00 AM</end>
      <log>Microsoft.VisualStudio.TestTools.UITest.Extension.PlaybackFailureException: Cannot perform 'SetProperty of SelectedItem with value  Nuart ' on the control. Additional Details: 
TechnologyName:  'MSAA'
ControlType:  'ComboBox'
 ---  System.Runtime.InteropServices.COMException: Exception from HRESULT: 0xF004F008
   at Microsoft.VisualStudio.TestTools.UITest.Playback.Engine.IScreenElement.SetValueAsComboBox String bstrNewValue, Int32 nSetValueAsComboBoxFlag 
   at Microsoft.VisualStudio.TestTools.UITest.Playback.ScreenElement.SetValueAsComboBoxInternal String value, SetValueAsComboBoxType setValueAsComboBoxType 
   at Microsoft.VisualStudio.TestTools.UITest.Playback.ScreenElement.SetValueAsComboBox String value, Boolean useEdit 
   at Microsoft.VisualStudio.TestTools.UITesting.WinPropertyProvider.SetComboBoxProperty String propertyName, Object value 
   at Microsoft.VisualStudio.TestTools.UITesting.WinPropertyProvider.SetPropertyValue UITestControl uiControl, String propertyName, Object value 
   at Microsoft.VisualStudio.TestTools.UITesting.UITestPropertyProvider.SetPropertyValueWrapper UITestControl uiControl, String propertyName, Object value 
   at Microsoft.VisualStudio.TestTools.UITesting.UITestControl.SetPropertyValue String propertyName, Object propertyValue 
   --- End of inner exception stack trace ---
   at Microsoft.VisualStudio.TestTools.UITesting.Playback.MapAndThrowComException COMException innerException, IPlaybackContext context 
   at Microsoft.VisualStudio.TestTools.UITesting.Playback.MapAndThrowException Exception exception, IPlaybackContext context 
   at Microsoft.VisualStudio.TestTools.UITesting.Playback.MapAndThrowException Exception exception, String actionName, UITestControl uiControl 
   at Microsoft.VisualStudio.TestTools.UITesting.Playback.MapAndThrowException Exception exception, String actionName, Object parameterValue, UITestControl uiControl 
   at Microsoft.VisualStudio.TestTools.UITesting.UITestControl.SetPropertyValue String propertyName, Object propertyValue 
   at Microsoft.VisualStudio.TestTools.UITesting.UITestControl.SetPropertyPrivate String propertyName, Object value 
   at Microsoft.VisualStudio.TestTools.UITesting.UITestControl.  c__DisplayClass3e. SetProperty b__3d  
   at Microsoft.VisualStudio.TestTools.UITesting.CodedUITestMethodInvoker.InvokeMethod T  Func`1 function, UITestControl control, Boolean firePlaybackErrorEvent, Boolean logAsAction 
   at Microsoft.VisualStudio.TestTools.UITesting.UITestControl.SetProperty String propertyName, Object value 
   at Microsoft.VisualStudio.TestTools.UITesting.WinControls.WinComboBox.set_SelectedItem String value 
   at ItemAgents.DieCutAddUI.SelectLoacation String location  in c:\WeiMing\Workspaces\TOG\Novatus\Development\Testing\NovatusWinUIAuto\ItemMaintenanceWinUIAutoTest\ItemAgents\DieCutAddUI.cs:line 52
   at TOG.WinUITest.OrderEntry.TestCases.US5087.DieCutMove_5893   in c:\WeiMing\Workspaces\TOG\Novatus\Development\Testing\NovatusWinUIAuto\ItemMaintenanceWinUIAutoTest\TestCases\US5087.cs:line 334</log>
      <screen>C:\\NewTestPass\\Screenshot\\2019-10-16 07.29.00.png</screen>
    </testcase>
    <testcase name="DieCutMultipule_5895">
      <result>1</result>
      <start>7:29:00 AM</start>
      <end>7:29:21 AM</end>
      <log>Microsoft.VisualStudio.TestTools.UITest.Extension.PlaybackFailureException: Cannot perform 'SetProperty of SelectedItem with value  Nuart ' on the control. Additional Details: 
TechnologyName:  'MSAA'
ControlType:  'ComboBox'
 ---  System.Runtime.InteropServices.COMException: Exception from HRESULT: 0xF004F008
   at Microsoft.VisualStudio.TestTools.UITest.Playback.Engine.IScreenElement.SetValueAsComboBox String bstrNewValue, Int32 nSetValueAsComboBoxFlag 
   at Microsoft.VisualStudio.TestTools.UITest.Playback.ScreenElement.SetValueAsComboBoxInternal String value, SetValueAsComboBoxType setValueAsComboBoxType 
   at Microsoft.VisualStudio.TestTools.UITest.Playback.ScreenElement.SetValueAsComboBox String value, Boolean useEdit 
   at Microsoft.VisualStudio.TestTools.UITesting.WinPropertyProvider.SetComboBoxProperty String propertyName, Object value 
   at Microsoft.VisualStudio.TestTools.UITesting.WinPropertyProvider.SetPropertyValue UITestControl uiControl, String propertyName, Object value 
   at Microsoft.VisualStudio.TestTools.UITesting.UITestPropertyProvider.SetPropertyValueWrapper UITestControl uiControl, String propertyName, Object value 
   at Microsoft.VisualStudio.TestTools.UITesting.UITestControl.SetPropertyValue String propertyName, Object propertyValue 
   --- End of inner exception stack trace ---
   at Microsoft.VisualStudio.TestTools.UITesting.Playback.MapAndThrowComException COMException innerException, IPlaybackContext context 
   at Microsoft.VisualStudio.TestTools.UITesting.Playback.MapAndThrowException Exception exception, IPlaybackContext context 
   at Microsoft.VisualStudio.TestTools.UITesting.Playback.MapAndThrowException Exception exception, String actionName, UITestControl uiControl 
   at Microsoft.VisualStudio.TestTools.UITesting.Playback.MapAndThrowException Exception exception, String actionName, Object parameterValue, UITestControl uiControl 
   at Microsoft.VisualStudio.TestTools.UITesting.UITestControl.SetPropertyValue String propertyName, Object propertyValue 
   at Microsoft.VisualStudio.TestTools.UITesting.UITestControl.SetPropertyPrivate String propertyName, Object value 
   at Microsoft.VisualStudio.TestTools.UITesting.UITestControl.  c__DisplayClass3e. SetProperty b__3d  
   at Microsoft.VisualStudio.TestTools.UITesting.CodedUITestMethodInvoker.InvokeMethod T  Func`1 function, UITestControl control, Boolean firePlaybackErrorEvent, Boolean logAsAction 
   at Microsoft.VisualStudio.TestTools.UITesting.UITestControl.SetProperty String propertyName, Object value 
   at Microsoft.VisualStudio.TestTools.UITesting.WinControls.WinComboBox.set_SelectedItem String value 
   at ItemAgents.DieCutAddUI.SelectLoacation String location  in c:\WeiMing\Workspaces\TOG\Novatus\Development\Testing\NovatusWinUIAuto\ItemMaintenanceWinUIAutoTest\ItemAgents\DieCutAddUI.cs:line 52
   at TOG.WinUITest.OrderEntry.TestCases.US5087.DieCutMultipule_5895   in c:\WeiMing\Workspaces\TOG\Novatus\Development\Testing\NovatusWinUIAuto\ItemMaintenanceWinUIAutoTest\TestCases\US5087.cs:line 455</log>
      <screen>C:\\NewTestPass\\Screenshot\\2019-10-16 07.29.21.png</screen>
    </testcase>
    <testcase name="DieCutSelectAll_5894">
      <result>0</result>
      <start>7:29:21 AM</start>
      <end>7:30:24 AM</end>
      <log>
      </log>
      <screen>
      </screen>
    </testcase>
  </userstory>
  <userstory name="US11520">
    <testapp name="OrderEntry">
      <version> 4.19.255.1</version>
      <server>Development</server>
      <profile>Integration</profile>
    </testapp>
    <testapp name="Office">
      <version>
      </version>
      <server>Development</server>
      <profile>Integration</profile>
    </testapp>
    <testcase name="CacheOptionMakeInactive_11537">
      <result>1</result>
      <start>7:30:28 AM</start>
      <end>7:31:17 AM</end>
      <log> br  C:\\NewTestPass\\Screenshot\\2019-10-16 07.31.17.pngMicrosoft.VisualStudio.TestTools.UITest.Extension.UITestControlNotFoundException: The playback failed to find the control with the given search properties. Additional Details: 
TechnologyName:  'MSAA'
ControlType:  'Window'
Name:  'Cancel Order?'
 ---  System.Runtime.InteropServices.COMException: Error HRESULT E_FAIL has been returned from a call to a COM component.
   at Microsoft.VisualStudio.TestTools.UITest.Playback.Engine.IRPFPlayback.FindAllScreenElements IScreenElement pScreenElementStart, String bstrQueryId, Object  pvarResKeys, Int32 cResKeys, Int32 nMaxDepth, Object    foundDescendants 
   at Microsoft.VisualStudio.TestTools.UITest.Playback.ScreenElement.FindTopLevelWindowHelper String queryId 
   at Microsoft.VisualStudio.TestTools.UITest.Playback.ScreenElement.FindFromPartialQueryId String queryId, Boolean resetSkipStep 
   at Microsoft.VisualStudio.TestTools.UITesting.UITestControl..ctor String queryId 
   --- End of inner exception stack trace ---
   at Microsoft.VisualStudio.TestTools.UITesting.Playback.MapControlNotFoundException COMException ex, IPlaybackContext context 
   at Microsoft.VisualStudio.TestTools.UITesting.Playback.MapAndThrowComException COMException innerException, IPlaybackContext context 
   at Microsoft.VisualStudio.TestTools.UITesting.Playback.MapAndThrowException Exception exception, IPlaybackContext context 
   at Microsoft.VisualStudio.TestTools.UITesting.Playback.MapAndThrowException Exception exception, String queryId 
   at Microsoft.VisualStudio.TestTools.UITesting.UITestControl..ctor String queryId 
   at Microsoft.VisualStudio.TestTools.UITesting.SearchHelper.SearchTopLevelWindow ISearchArgument topLevelSearchArg, String topLevelElementQueryId 
   at Microsoft.VisualStudio.TestTools.UITesting.SearchHelper.GetTitleUpdatedTopLevelWindow ISearchArgument topLevelSearchArg, String queryId, IList`1 windowTitles 
   at Microsoft.VisualStudio.TestTools.UITesting.SearchHelper.GetTopLevelElement Boolean useCache, Boolean useCacheOnly, ISearchArgument searchArg, IList`1 windowTitles, Int32  timeLeft 
   at Microsoft.VisualStudio.TestTools.UITesting.SearchHelper.GetElement Boolean useCache, ISearchArgument searchArg 
   at Microsoft.VisualStudio.TestTools.UITesting.SearchHelper.Search ISearchArgument searchArg 
   at Microsoft.VisualStudio.TestTools.UITesting.UITestControl.FindInternal  
   at Microsoft.VisualStudio.TestTools.UITesting.UITestControl. Find b__37  
   at Microsoft.VisualStudio.TestTools.UITesting.CodedUITestMethodInvoker.InvokeMethod T  Func`1 function, UITestControl control, Boolean firePlaybackErrorEvent, Boolean logAsAction 
   at Microsoft.VisualStudio.TestTools.UITesting.UITestControl.Find  
   at Microsoft.VisualStudio.TestTools.UITesting.UITestControl.GetPropertyPrivate String propertyName 
   at Microsoft.VisualStudio.TestTools.UITesting.UITestControl.  c__DisplayClass3b. GetProperty b__3a  
   at Microsoft.VisualStudio.TestTools.UITesting.CodedUITestMethodInvoker.InvokeMethod T  Func`1 function, UITestControl control, Boolean firePlaybackErrorEvent, Boolean logAsAction 
   at Microsoft.VisualStudio.TestTools.UITesting.UITestControl.GetProperty String propertyName 
   at Microsoft.VisualStudio.TestTools.UITesting.ALUtility.GetTechElementFromUITestControl UITestControl uiTestControl 
   at Microsoft.VisualStudio.TestTools.UITesting.ActionExecutorManager.GetActionExecutor UITestControl uiControl 
   at Microsoft.VisualStudio.TestTools.UITesting.Mouse.ClickImplementation UITestControl control, MouseButtons button, ModifierKeys modifierKeys, Point relativeCoordinate 
   at Microsoft.VisualStudio.TestTools.UITesting.Mouse.  c__DisplayClass6. Click b__5  
   at Microsoft.VisualStudio.TestTools.UITesting.CodedUITestMethodInvoker.InvokeMethod T  Func`1 function, UITestControl control, Boolean firePlaybackErrorEvent, Boolean logAsAction 
   at Microsoft.VisualStudio.TestTools.UITesting.Mouse.Click UITestControl control, MouseButtons button, ModifierKeys modifierKeys, Point relativeCoordinate 
   at Microsoft.VisualStudio.TestTools.UITesting.Mouse.Click UITestControl control 
   at TOG.WinUITest.OrderEntry.Agents.GetDialogByName.ClickYes   in c:\WeiMing\Workspaces\TOG\Novatus\Development\Testing\NovatusWinUIAuto\OrderEntryWinUIAutoTest\OEAgents\DialogWindow.cs:line 73
   at TOG.WinUITest.OrderEntry.TestCases.US11520.CacheOptionMakeInactive_11537   in c:\WeiMing\Workspaces\TOG\Novatus\Development\Testing\NovatusWinUIAuto\E2EWinUIAutoTest\TestCases\US11520.cs:line 203</log>
      <screen>
      </screen>
    </testcase>
    <testcase name="CheckListAnswerAs_11539">
      <result>0</result>
      <start>7:31:17 AM</start>
      <end>7:40:24 AM</end>
      <log> br  Managed and answered as: Marketing Maintenance Discount and Promo- Order Promotion Search  br  Exception exits br  Managed and answered as: Marketing Maintenance Discount and Promo- Order Promotion- Add br  Exception exits br  Managed and answered as: Marketing Maintenance Discount and Promo- Item Promotion br  Screen end br  Managed and answered as: Marketing Maintenance Discount and Promo- Item Promotion- Add- Next br  Screen end br  Managed by and answered as: Order Entry Message board br  Screen end br  Managed by and answered as: Order Entry Price quote br  Screen end br  Managed by and answered as:Novatus Office AR-  Cash Receiptes br  Screen end br  Managed by and answered as: Novatus Office AR- Collections br  Change to collections tab br  Screen end br  Managed by and answered as: Novatus Office AR-  Electronic Payments br  Screen end br  Managed by and answered as:Novatus Office AR-  Credit Debit Memos br  Screen end br  Managed by and answered as: Novatus Office AR-  PFS Rebates br  Screen end br  Managed by and answered as: Novatus Office AR-  Tranasction Register br  Screen end br  Managed by and answered as: Novatus Office Tranasction AR-  Register click Export br  Managed by and answered as: Novatus Office Tranasction AR-  Register click Title Sales br  Managed by and answered as: Novatus Office Tranasction AR-  Register click Sales Inquiry br  Managed by and answered as: Novatus Office Tranasction AR-  Register click Message br  Managed by and answered as: Novatus Office Tranasction AR-  Register click Memos br  Managed by and answered as: Novatus Office Tranasction AR-  Register click Cash br  Managed by and answered as: Novatus Office Tranasction AR-  Register click Ele Prints br  Not match at Check AS for MB code IAC,items in list not match, expected: 4,actual: 5 . br  Managed by and answered as:Novatus Office Maintenance- Customer Maintenance- Contact Merge br  Screen end br  Managed by and answered as: Novatus Office Maintenance- Customer Setup br  Screen end br  Managed by and answered as:Novatus Office Maintenance- Customer Maintenance- Customer Merge br  Screen end br  Managed by and answered as:Novatus Office Maintenance- Customer Maintenance- Override br  Screen end br  Managed by and answered as: Novatus Office Maintenance- Album Placement-  Market Plan br  Not match at Check AS for MB code IAC,items in list not match, expected: 4,actual: 1 . br  Managed by and answered as:Office Sales- Customer Title Sales br  Not match at Check AS for MB code IAC,items in list not match, expected: 4,actual: 3 . br  Managed by and answered as: Novatus Office Sales-  Sales Inquiry br  Screen end br  Managed by and answered as: Novatus Office Participate Search br  Screen end br  Managed by and answered as: Novatus Office Customer Service- Customer Search By Title br  Screen end br  Managed by and answered as: Novatus Office Customer Service- Messages br  Screen end br  Managed by and answered as:Novatus Office Customer Service- Order Register br  Screen end br  Managed by and answered as: Novatus Office Customer Service-  Price Quote br  Screen end br  Managed by and answered as:Brand Maintenance Brand- Brand br  Screen end br  Managed by and answered as:Brand Maintenance Brand- Brand- Add Answered As br  Screen end br  Managed by and answered as:Brand Maintenance Shipping Maintenance- Flat Rate Shipping Rates- Add br  Screen end br  Managed by only: Brand Maintenance- Shipping Maintenance- Customer Discount Shipping br  Exception exits br  Managed and answered as: Item Maintenance- Location Routing- Customer And State br  Screen end br  Managed and answered as: Item Maintenance- Location Routing- Customer And State, click State Generator br  Screen end br  Managed and answered as: Marketing Maintenance Discount and Promo- Order Promotion Search  br  Screen end br  Managed and answered as: Marketing Maintenance Discount and Promo- Order Promotion- Add br  Screen end br  Managed and answered as: Marketing Maintenance Discount and Promo- Item Promotion br  Screen end br  Managed and answered as: Marketing Maintenance Discount and Promo- Item Promotion- Add- Next br  Screen end br  </log>
      <screen>
      </screen>
    </testcase>
    <testcase name="CheckListManagedBy_11538">
      <result>0</result>
      <start>7:40:25 AM</start>
      <end>7:49:50 AM</end>
      <log> br  Managed by and answered as: Order Entry Message board br  Screen end br  Only Managed by: Order Entry Verification Queue br  Screen end br  Only Managed by: Order Entry retrieve. br  Screen end br  Managed by and answered as: Order Entry Price quote br  Screen end br  Only Managed by:Novatus Office AR-  Cash Receiptes, Batch Summary tab br  Screen end br  Only Managed by:Novatus Office AR- General Ledger - Search br  Screen end br  Only Managed by:Novatus Office AR- General Ledger - Search,Click Add br  Screen end br  Managed by and answered as:Novatus Office AR-  Cash Receiptes br  Screen end br  Managed by and answered as: Novatus Office AR- Collections br  Change to collections tab br  Screen end br  Managed by and answered as: Novatus Office AR-  Electronic Payments br  Screen end br  Managed by and answered as:Novatus Office AR-  Credit Debit Memos br  Screen end br  Managed by and answered as: Novatus Office AR-  PFS Rebates br  Screen end br  Managed by and answered as: Novatus Office AR-  Tranasction Register br  Screen end br  Managed by and answered as: Novatus Office Tranasction AR-  Register click Export br  Exception exits C:\\NewTestPass\\Screenshot\\2019-10-16 07.42.59.png br  Managed by only: Novatus Office Document-  Customer Document Archive br  Screen end br  Only Managed by:Novatus Office Document-  Master router - Assign Fax br  Screen end br  Only Managed by:Novatus Office Document-  Master router - View Status br  Screen end br  Managed by only: Novatus Office Document-  Production Group Document Archive br  Screen end br  Only Managed by:Novatus Office Document-  SpyView br  Screen end br  Managed by and answered as:: Novatus Office Document- Attach Documents-  Assign Document br  Screen end br  Managed by only:Novatus Office Maintenance- -Summary Billing - Group Search br  Screen end br  Managed by and answered as:Novatus Office Maintenance- Customer Maintenance- Contact Merge br  Screen end br  Managed by and answered as: Novatus Office Maintenance- Customer Setup br  Screen end br  Managed by and answered as:Novatus Office Maintenance- Customer Maintenance- Customer Merge br  Screen end br  Managed by and answered as:Novatus Office Maintenance- Customer Maintenance- Override br  Screen end br  Managed by and answered as: Novatus Office Maintenance- Album Placement-  Market Plan br  Screen end br  Managed by only: Novatus Office Sales-  Title Placement br  Screen end br  Only Managed by:Novatus Office Customer Service- Item Inventory br  Screen end br  Managed by and answered as:Office Sales- Customer Title Sales br  Screen end br  Managed by and answered as: Novatus Office Sales-  Sales Inquiry br  Screen end br  Only Managed by:Novatus Office Customer Service- Customer Search br  Screen end br  Only Managed by:Novatus Office Customer Service- Order Search br  Screen end br  Managed by only: Novatus Office Maintenance-  Summary Billing br  Screen end br  Managed by and answered as: Novatus Office Participate Search br  Screen end br  Managed by and answered as: Novatus Office Customer Service- Customer Search By Title br  Screen end br  Managed by and answered as: Novatus Office Customer Service- Messages br  Screen end br  Managed by and answered as:Novatus Office Customer Service- Order Register br  Screen end br  Managed by and answered as: Novatus Office Customer Service-  Price Quote br  Screen end br  Managed by and answered as:Brand Maintenance Brand- Brand br  Screen end br  Managed by and answered as:Brand Maintenance Brand- Brand- Add Answered As br  Screen end br  Managed by and answered as:Brand Maintenance Shipping Maintenance- Flat Rate Shipping Rates- Add br  Screen end br  Managed by only: Brand Maintenance- Shipping Maintenance- Managed By Shipping Service br  Screen end br  Managed by only: Brand Maintenance- Shipping Maintenance- Managed By Shipping Service- Add br  Screen end br  Managed by only: Brand Maintenance- Shipping Maintenance- Customer Discount Shipping br  Screen end br  Managed and answered as: Item Maintenance- Location Routing- Customer And State br  Screen end br  Managed and answered as: Item Maintenance- Location Routing- Customer And State, click State Generator br  Screen end br  Managed and answered as: Marketing Maintenance Discount and Promo- Order Promotion Search  br  Screen end br  Managed and answered as: Marketing Maintenance Discount and Promo- Order Promotion- Add br  Screen end br  Managed and answered as: Marketing Maintenance Discount and Promo- Item Promotion br  Screen end br  Managed and answered as: Marketing Maintenance Discount and Promo- Item Promotion- Add- Next br  Screen end br  </log>
      <screen>
      </screen>
    </testcase>
    <testcase name="CheckMBASNotChange_11831">
      <result>0</result>
      <start>7:49:50 AM</start>
      <end>7:51:05 AM</end>
      <log> br  Novatus Office Document-  AR Document Archive br  Screen end br  Managed by only: Novatus Office Document-  Sales Document Archive br  Screen end br  Only location: Novatus Office Maintenance- Calendar Maintenance br  Screen end br  Managed and answered as: Electronic Order Maintenance- Data Loaders- Converge Data Sender br  Not match at Check AS for MB code ART,items in list not match, expected: 4,actual: 2 . br  Managed and answered as: Electronic Order Maintenance- Data Loaders- Converge Item Maintenance br  Screen end br  </log>
      <screen>
      </screen>
    </testcase>
    <testcase name="PlatformCardDirectOrder_11830">
      <result>1</result>
      <start>7:51:06 AM</start>
      <end>7:51:55 AM</end>
      <log> br  Microsoft.VisualStudio.TestTools.UnitTesting.AssertFailedException: Assert.IsTrue failed. Search by order number,didn't get the result.
   at Microsoft.VisualStudio.TestTools.UnitTesting.Assert.HandleFailure String assertionName, String message 
   at Microsoft.VisualStudio.TestTools.UnitTesting.Assert.IsTrue Boolean condition, String message 
   at TOG.WinUITest.OrderEntry.TestCases.US11520.PlatformCardDirectOrder_11830   in c:\WeiMing\Workspaces\TOG\Novatus\Development\Testing\NovatusWinUIAuto\E2EWinUIAutoTest\TestCases\US11520.cs:line 925</log>
      <screen>C:\\NewTestPass\\Screenshot\\2019-10-16 07.51.55.png</screen>
    </testcase>
    <testcase name="ReselectMB_11540">
      <result>0</result>
      <start>7:51:55 AM</start>
      <end>8:15:21 AM</end>
      <log> br  Managed by and answered as: Novatus Office Tranasction AR-  Register click Export br  Managed by and answered as: Novatus Office Tranasction AR-  Register click Title Sales br  Managed by and answered as: Novatus Office Tranasction AR-  Register click Sales Inquiry br  Managed by and answered as: Novatus Office Tranasction AR-  Register click Message br  Managed by and answered as: Novatus Office Tranasction AR-  Register click Memos br  Managed by and answered as: Novatus Office Tranasction AR-  Register click Cash br  Managed by and answered as: Novatus Office Tranasction AR-  Register click Ele Prints br  Not match at Check AS for MB code NWF,items in list not match, expected: 1,actual: 5 . br  Managed by and answered as: Order Entry Message board br  Exception exits br  Managed by and answered as: Order Entry Price quote br  Exception exits br  Managed by and answered as:Novatus Office AR-  Cash Receiptes br  Screen end br  Managed by and answered as: Novatus Office AR- Collections br  Exception exits br  Managed by and answered as: Novatus Office AR-  Electronic Payments br  Exception exits br  Managed by and answered as:Novatus Office AR-  Credit Debit Memos br  Screen end br  Managed by and answered as: Novatus Office AR-  PFS Rebates br  Screen end br  Managed by and answered as: Novatus Office AR-  Tranasction Register br  Screen end br  Managed by and answered as: Novatus Office Tranasction AR-  Register click Export br  Managed by and answered as: Novatus Office Tranasction AR-  Register click Title Sales br  Managed by and answered as: Novatus Office Tranasction AR-  Register click Sales Inquiry br  Exception exits C:\\NewTestPass\\Screenshot\\2019-10-16 07.57.07.png br  Managed by and answered as:Novatus Office Maintenance- Customer Maintenance- Contact Merge br  Screen end br  Managed by and answered as: Novatus Office Maintenance- Customer Setup br  Screen end br  Managed by and answered as:Novatus Office Maintenance- Customer Maintenance- Customer Merge br  Exception exits br  Managed by and answered as:Novatus Office Maintenance- Customer Maintenance- Override br  Screen end br  Managed by and answered as: Novatus Office Maintenance- Album Placement-  Market Plan br  Not match at Check AS for MB code ,items in list not match, expected: 0,actual: 1 . br  Managed by and answered as:Office Sales- Customer Title Sales br  Screen end br  Managed by and answered as: Novatus Office Sales-  Sales Inquiry br  Screen end br  Managed by and answered as: Novatus Office Participate Search br  Screen end br  Managed by and answered as: Novatus Office Customer Service- Customer Search By Title br  Screen end br  Managed by and answered as: Novatus Office Customer Service- Messages br  Screen end br  Managed by and answered as:Novatus Office Customer Service- Order Register br  Screen end br  Managed by and answered as: Novatus Office Customer Service-  Price Quote br  Screen end br  Managed by and answered as:Brand Maintenance Brand- Brand br  Screen end br  Managed by and answered as:Brand Maintenance Brand- Brand- Add Answered As br  Exception exits br  Managed by and answered as:Brand Maintenance Shipping Maintenance- Flat Rate Shipping Rates- Add br  Screen end br  Managed by only: Brand Maintenance- Shipping Maintenance- Customer Discount Shipping br  Screen end br  Managed and answered as: Item Maintenance- Location Routing- Customer And State br  Screen end br  Managed and answered as: Item Maintenance- Location Routing- Customer And State, click State Generator br  Screen end br  Managed and answered as: Marketing Maintenance Discount and Promo- Order Promotion Search  br  Screen end br  Managed and answered as: Marketing Maintenance Discount and Promo- Order Promotion- Add br  Screen end br  Managed and answered as: Marketing Maintenance Discount and Promo- Item Promotion br  Screen end br  Managed and answered as: Marketing Maintenance Discount and Promo- Item Promotion- Add- Next br  Screen end br  </log>
      <screen>
      </screen>
    </testcase>
    <testcase name="SelectOnlyMBExites_11541">
      <result>0</result>
      <start>8:15:21 AM</start>
      <end>8:18:28 AM</end>
      <log> br  Managed by and answered as: Order Entry Message board br  Screen end br  Only Managed by: Order Entry Verification Queue br  Screen end br  Only Managed by: Order Entry retrieve. br  Screen end br  Managed by and answered as: Order Entry Price quote br  Screen end br  Only Managed by:Novatus Office AR-  Cash Receiptes, Batch Summary tab br  Screen end br  Only Managed by:Novatus Office AR- General Ledger - Search br  Screen end br  Only Managed by:Novatus Office AR- General Ledger - Search,Click Add br  Screen end br  Managed by only: Novatus Office Document-  Customer Document Archive br  Screen end br  Only Managed by:Novatus Office Document-  Master router - Assign Fax br  Screen end br  Only Managed by:Novatus Office Document-  Master router - View Status br  Screen end br  Managed by only: Novatus Office Document-  Production Group Document Archive br  Screen end br  Only Managed by:Novatus Office Document-  SpyView br  Screen end br  Managed by only:Novatus Office Maintenance- -Summary Billing - Group Search br  Screen end br  Managed by only: Novatus Office Sales-  Title Placement br  Screen end br  Only Managed by:Novatus Office Customer Service- Item Inventory br  Screen end br  Only Managed by:Novatus Office Customer Service- Customer Search br  Screen end br  Only Managed by:Novatus Office Customer Service- Order Search br  Screen end br  Managed by only: Novatus Office Maintenance-  Summary Billing br  Exception exits br  Managed by only: Brand Maintenance- Shipping Maintenance- Managed By Shipping Service br  Screen end br  Managed by only: Brand Maintenance- Shipping Maintenance- Managed By Shipping Service- Add br  Screen end br  </log>
      <screen>
      </screen>
    </testcase>
    <testcase name="SubmitOrderAndBack_11536">
      <result>0</result>
      <start>8:18:29 AM</start>
      <end>8:21:00 AM</end>
      <log> br  </log>
      <screen>
      </screen>
    </testcase>
    <testcase name="VerifyOthersStatusCode_11842">
      <result>0</result>
      <start>8:21:00 AM</start>
      <end>8:24:06 AM</end>
      <log> br  Managed and answered as: Marketing Maintenance Discount and Promo- Order Promotion Search  br  Screen end br  Managed by and answered as: Order Entry Message board br  Screen end br  Managed and answered as: Item Maintenance- Location Routing- Customer And State br  Screen end br  Managed by and answered as:Novatus Office AR-  Cash Receiptes br  Screen end br  Managed by and answered as:Brand Maintenance Brand- Brand br  Screen end br  Managed and answered as: Marketing Maintenance Discount and Promo- Order Promotion Search  br  Screen end br  </log>
      <screen>
      </screen>
    </testcase>
  </userstory>
  <userstory name="US13493">
    <testapp name="OrderEntry">
      <version> 4.19.255.1</version>
      <server>Development</server>
      <profile>Integration</profile>
    </testapp>
    <testapp name="Office">
      <version>
      </version>
      <server>Development</server>
      <profile>Integration</profile>
    </testapp>
    <testcase name="ChangeQty_13816">
      <result>0</result>
      <start>8:24:10 AM</start>
      <end>8:26:01 AM</end>
      <log>
      </log>
      <screen>
      </screen>
    </testcase>
    <testcase name="GetChgActivity_13829">
      <result>0</result>
      <start>8:26:01 AM</start>
      <end>8:29:15 AM</end>
      <log>
      </log>
      <screen>
      </screen>
    </testcase>
    <testcase name="GetChgWithPhn_13814">
      <result>0</result>
      <start>8:29:16 AM</start>
      <end>8:31:02 AM</end>
      <log>
      </log>
      <screen>
      </screen>
    </testcase>
    <testcase name="GetChgWithPhn_13826">
      <result>0</result>
      <start>8:31:02 AM</start>
      <end>8:32:49 AM</end>
      <log>
      </log>
      <screen>
      </screen>
    </testcase>
    <testcase name="ItemGroup_13817">
      <result>0</result>
      <start>8:32:49 AM</start>
      <end>8:34:31 AM</end>
      <log>
      </log>
      <screen>
      </screen>
    </testcase>
    <testcase name="ManualApplyChg_13819">
      <result>0</result>
      <start>8:34:31 AM</start>
      <end>8:36:28 AM</end>
      <log>
      </log>
      <screen>
      </screen>
    </testcase>
    <testcase name="NoChgWithFax_13820">
      <result>0</result>
      <start>8:36:28 AM</start>
      <end>8:38:14 AM</end>
      <log>
      </log>
      <screen>
      </screen>
    </testcase>
    <testcase name="NoChgWithInt_13818">
      <result>0</result>
      <start>8:38:14 AM</start>
      <end>8:40:03 AM</end>
      <log>
      </log>
      <screen>
      </screen>
    </testcase>
    <testcase name="NoChgWithInt_13821">
      <result>0</result>
      <start>8:40:03 AM</start>
      <end>8:41:45 AM</end>
      <log>
      </log>
      <screen>
      </screen>
    </testcase>
    <testcase name="NoChgWithQte_13825">
      <result>0</result>
      <start>8:41:45 AM</start>
      <end>8:43:32 AM</end>
      <log>
      </log>
      <screen>
      </screen>
    </testcase>
    <testcase name="OrderDelChg_13830">
      <result>0</result>
      <start>8:43:32 AM</start>
      <end>8:47:43 AM</end>
      <log>
      </log>
      <screen>
      </screen>
    </testcase>
    <testcase name="OverridPrice_13815">
      <result>0</result>
      <start>8:47:43 AM</start>
      <end>8:49:16 AM</end>
      <log>
      </log>
      <screen>
      </screen>
    </testcase>
    <testcase name="RetrieveWithFax_13823">
      <result>0</result>
      <start>8:49:16 AM</start>
      <end>8:52:28 AM</end>
      <log>
      </log>
      <screen>
      </screen>
    </testcase>
    <testcase name="RetrieveWithPhn_13822">
      <result>0</result>
      <start>8:52:28 AM</start>
      <end>8:55:36 AM</end>
      <log>
      </log>
      <screen>
      </screen>
    </testcase>
    <testcase name="ReworkWithFax_13824">
      <result>0</result>
      <start>8:55:36 AM</start>
      <end>8:58:49 AM</end>
      <log>
      </log>
      <screen>
      </screen>
    </testcase>
  </userstory>
</test>